[0.199s] Invoking command in '/home/unitree/imes-g1/build/livox_ros_driver2': CMAKE_PREFIX_PATH=${CMAKE_PREFIX_PATH}:/opt/ros/foxy /home/unitree/.local/bin/cmake /home/unitree/imes-g1/src/third_party/sensors/05Jun2025_livox_ros_driver2 -DAMENT_CMAKE_SYMLINK_INSTALL=1 -DCMAKE_INSTALL_PREFIX=/home/unitree/imes-g1/install/livox_ros_driver2
[1.263s] -- The C compiler identification is GNU 9.4.0
[1.264s] -- The CXX compiler identification is GNU 9.4.0
[1.264s] -- Detecting C compiler ABI info
[1.264s] -- Detecting C compiler ABI info - done
[1.264s] -- Check for working C compiler: /usr/bin/cc - skipped
[1.264s] -- Detecting C compile features
[1.264s] -- Detecting C compile features - done
[1.264s] -- Detecting CXX compiler ABI info
[1.411s] -- Detecting CXX compiler ABI info - done
[1.430s] -- Check for working CXX compiler: /usr/bin/c++ - skipped
[1.430s] -- Detecting CXX compile features
[1.431s] -- Detecting CXX compile features - done
[1.434s] -- livox_ros_driver2 version: 1.0.0
[1.442s] -- Found ament_cmake_auto: 0.9.12 (/opt/ros/foxy/share/ament_cmake_auto/cmake)
[1.515s] -- Found PythonInterp: /usr/bin/python3 (found suitable version "3.8.10", minimum required is "3") 
[1.515s] -- Using PYTHON_EXECUTABLE: /usr/bin/python3
[1.989s] -- Override CMake install command with custom implementation using symlinks instead of copying resources
[2.249s] -- Using all available rosidl_typesupport_c: rosidl_typesupport_fastrtps_c;rosidl_typesupport_introspection_c
[2.283s] -- Found rosidl_adapter: 1.3.1 (/opt/ros/foxy/share/rosidl_adapter/cmake)
[2.650s] -- Found OpenSSL: /usr/lib/aarch64-linux-gnu/libcrypto.so (found version "1.1.1f")  
[2.737s] -- Found FastRTPS: /opt/ros/foxy/include  
[2.934s] -- Using all available rosidl_typesupport_cpp: rosidl_typesupport_fastrtps_cpp;rosidl_typesupport_introspection_cpp
[3.125s] -- Found rmw_implementation_cmake: 1.0.4 (/opt/ros/foxy/share/rmw_implementation_cmake/cmake)
[3.129s] -- Using RMW implementation 'rmw_cyclonedds_cpp' as default
[3.131s] -- Performing Test CMAKE_HAVE_LIBC_PTHREAD
[3.245s] -- Performing Test CMAKE_HAVE_LIBC_PTHREAD - Failed
[3.245s] -- Looking for pthread_create in pthreads
[3.343s] -- Looking for pthread_create in pthreads - not found
[3.345s] -- Looking for pthread_create in pthread
[3.456s] -- Looking for pthread_create in pthread - found
[3.460s] -- Found Threads: TRUE  
[4.444s] -- Checking for module 'eigen3'
[4.484s] --   Found eigen3, version 3.3.7
[4.584s] -- Found Eigen: /usr/include/eigen3 (Required is at least version "3.1") 
[4.584s] -- Eigen found (include: /usr/include/eigen3, version: 3.3.7)
[4.721s] -- Found Boost: /usr/include (found suitable version "1.71.0", minimum required is "1.55.0") found components: system filesystem date_time iostreams regex 
[4.755s] -- Checking for module 'flann'
[4.806s] --   Found flann, version 1.9.1
[4.958s] -- Found FLANN: /usr/lib/aarch64-linux-gnu/libflann_cpp.so  
[5.019s] -- The imported target "vtkParseOGLExt" references the file
[5.019s]    "/usr/bin/vtkParseOGLExt-7.1"
[5.019s] but this file does not exist.  Possible reasons include:
[5.019s] * The file was deleted, renamed, or moved to another location.
[5.020s] * An install or uninstall procedure did not complete successfully.
[5.020s] * The installation package was faulty and contained
[5.020s]    "/usr/lib/cmake/vtk-7.1/VTKTargets.cmake"
[5.020s] but not all the files it references.
[5.020s] 
[5.021s] -- The imported target "vtkRenderingPythonTkWidgets" references the file
[5.021s]    "/usr/lib/aarch64-linux-gnu/libvtkRenderingPythonTkWidgets.so"
[5.021s] but this file does not exist.  Possible reasons include:
[5.021s] * The file was deleted, renamed, or moved to another location.
[5.021s] * An install or uninstall procedure did not complete successfully.
[5.021s] * The installation package was faulty and contained
[5.021s]    "/usr/lib/cmake/vtk-7.1/VTKTargets.cmake"
[5.021s] but not all the files it references.
[5.021s] 
[5.022s] -- The imported target "vtk" references the file
[5.022s]    "/usr/bin/vtk"
[5.022s] but this file does not exist.  Possible reasons include:
[5.022s] * The file was deleted, renamed, or moved to another location.
[5.022s] * An install or uninstall procedure did not complete successfully.
[5.022s] * The installation package was faulty and contained
[5.022s]    "/usr/lib/cmake/vtk-7.1/VTKTargets.cmake"
[5.022s] but not all the files it references.
[5.022s] 
[5.022s] -- The imported target "pvtk" references the file
[5.023s]    "/usr/bin/pvtk"
[5.023s] but this file does not exist.  Possible reasons include:
[5.023s] * The file was deleted, renamed, or moved to another location.
[5.023s] * An install or uninstall procedure did not complete successfully.
[5.023s] * The installation package was faulty and contained
[5.023s]    "/usr/lib/cmake/vtk-7.1/VTKTargets.cmake"
[5.023s] but not all the files it references.
[5.023s] 
[5.058s] -- Checking for module 'libusb-1.0'
[5.111s] --   Found libusb-1.0, version 1.0.23
[5.231s] [33mCMake Warning (dev) at /home/unitree/.local/lib/python3.8/site-packages/cmake/data/share/cmake-3.24/Modules/FindPackageHandleStandardArgs.cmake:438 (message):
[5.231s]   The package name passed to `find_package_handle_standard_args` (USB_10)
[5.231s]   does not match the name of the calling package (OpenNI).  This can lead to
[5.231s]   problems in calling code that expects `find_package` result variables
[5.231s]   (e.g., `_FOUND`) to follow a certain pattern.
[5.231s] Call Stack (most recent call first):
[5.231s]   /usr/lib/aarch64-linux-gnu/cmake/pcl/Modules/FindOpenNI.cmake:28 (find_package_handle_standard_args)
[5.232s]   /usr/lib/aarch64-linux-gnu/cmake/pcl/PCLConfig.cmake:179 (find_package)
[5.232s]   /usr/lib/aarch64-linux-gnu/cmake/pcl/PCLConfig.cmake:322 (find_openni)
[5.232s]   /usr/lib/aarch64-linux-gnu/cmake/pcl/PCLConfig.cmake:548 (find_external_library)
[5.232s]   CMakeLists.txt:38 (find_package)
[5.232s] This warning is for project developers.  Use -Wno-dev to suppress it.
[5.232s] [0m
[5.232s] -- Found USB_10: /usr/lib/aarch64-linux-gnu/libusb-1.0.so  
[5.403s] -- Found OpenNI: /usr/lib/libOpenNI.so  
[5.403s] -- OpenNI found (include: /usr/include/ni, lib: /usr/lib/libOpenNI.so)
[5.417s] [33mCMake Warning (dev) at /home/unitree/.local/lib/python3.8/site-packages/cmake/data/share/cmake-3.24/Modules/FindPackageHandleStandardArgs.cmake:438 (message):
[5.417s]   The package name passed to `find_package_handle_standard_args` (USB_10)
[5.417s]   does not match the name of the calling package (OpenNI2).  This can lead to
[5.417s]   problems in calling code that expects `find_package` result variables
[5.417s]   (e.g., `_FOUND`) to follow a certain pattern.
[5.417s] Call Stack (most recent call first):
[5.417s]   /usr/lib/aarch64-linux-gnu/cmake/pcl/Modules/FindOpenNI2.cmake:28 (find_package_handle_standard_args)
[5.418s]   /usr/lib/aarch64-linux-gnu/cmake/pcl/PCLConfig.cmake:193 (find_package)
[5.418s]   /usr/lib/aarch64-linux-gnu/cmake/pcl/PCLConfig.cmake:324 (find_openni2)
[5.418s]   /usr/lib/aarch64-linux-gnu/cmake/pcl/PCLConfig.cmake:548 (find_external_library)
[5.418s]   CMakeLists.txt:38 (find_package)
[5.418s] This warning is for project developers.  Use -Wno-dev to suppress it.
[5.418s] [0m
[5.591s] -- Found OpenNI2: /usr/lib/libOpenNI2.so  
[5.592s] -- OpenNI2 found (include: /usr/include/openni2, lib: /usr/lib/libOpenNI2.so)
[5.593s] [0m** WARNING ** io features related to pcap will be disabled[0m
[5.593s] [0m** WARNING ** io features related to png will be disabled[0m
[5.618s] [33mCMake Warning (dev) at /home/unitree/.local/lib/python3.8/site-packages/cmake/data/share/cmake-3.24/Modules/FindPackageHandleStandardArgs.cmake:438 (message):
[5.618s]   The package name passed to `find_package_handle_standard_args` (libusb-1.0)
[5.618s]   does not match the name of the calling package (PCL).  This can lead to
[5.618s]   problems in calling code that expects `find_package` result variables
[5.618s]   (e.g., `_FOUND`) to follow a certain pattern.
[5.619s] Call Stack (most recent call first):
[5.619s]   /usr/lib/aarch64-linux-gnu/cmake/pcl/PCLConfig.cmake:291 (find_package_handle_standard_args)
[5.619s]   /usr/lib/aarch64-linux-gnu/cmake/pcl/PCLConfig.cmake:338 (find_libusb)
[5.619s]   /usr/lib/aarch64-linux-gnu/cmake/pcl/PCLConfig.cmake:548 (find_external_library)
[5.619s]   CMakeLists.txt:38 (find_package)
[5.619s] This warning is for project developers.  Use -Wno-dev to suppress it.
[5.619s] [0m
[5.619s] -- Found libusb-1.0: /usr/include  
[5.620s] [0m** WARNING ** io features related to libusb-1.0 will be disabled[0m
[5.633s] [33mCMake Warning (dev) at /home/unitree/.local/lib/python3.8/site-packages/cmake/data/share/cmake-3.24/Modules/FindPackageHandleStandardArgs.cmake:438 (message):
[5.633s]   The package name passed to `find_package_handle_standard_args` (USB_10)
[5.633s]   does not match the name of the calling package (OpenNI).  This can lead to
[5.633s]   problems in calling code that expects `find_package` result variables
[5.634s]   (e.g., `_FOUND`) to follow a certain pattern.
[5.634s] Call Stack (most recent call first):
[5.634s]   /usr/lib/aarch64-linux-gnu/cmake/pcl/Modules/FindOpenNI.cmake:28 (find_package_handle_standard_args)
[5.634s]   /usr/lib/aarch64-linux-gnu/cmake/pcl/PCLConfig.cmake:179 (find_package)
[5.634s]   /usr/lib/aarch64-linux-gnu/cmake/pcl/PCLConfig.cmake:322 (find_openni)
[5.634s]   /usr/lib/aarch64-linux-gnu/cmake/pcl/PCLConfig.cmake:548 (find_external_library)
[5.634s]   CMakeLists.txt:38 (find_package)
[5.634s] This warning is for project developers.  Use -Wno-dev to suppress it.
[5.634s] [0m
[5.635s] -- OpenNI found (include: /usr/include/ni, lib: /usr/lib/libOpenNI.so)
[5.649s] [33mCMake Warning (dev) at /home/unitree/.local/lib/python3.8/site-packages/cmake/data/share/cmake-3.24/Modules/FindPackageHandleStandardArgs.cmake:438 (message):
[5.650s]   The package name passed to `find_package_handle_standard_args` (USB_10)
[5.650s]   does not match the name of the calling package (OpenNI2).  This can lead to
[5.650s]   problems in calling code that expects `find_package` result variables
[5.650s]   (e.g., `_FOUND`) to follow a certain pattern.
[5.650s] Call Stack (most recent call first):
[5.650s]   /usr/lib/aarch64-linux-gnu/cmake/pcl/Modules/FindOpenNI2.cmake:28 (find_package_handle_standard_args)
[5.650s]   /usr/lib/aarch64-linux-gnu/cmake/pcl/PCLConfig.cmake:193 (find_package)
[5.650s]   /usr/lib/aarch64-linux-gnu/cmake/pcl/PCLConfig.cmake:324 (find_openni2)
[5.650s]   /usr/lib/aarch64-linux-gnu/cmake/pcl/PCLConfig.cmake:548 (find_external_library)
[5.650s]   CMakeLists.txt:38 (find_package)
[5.651s] This warning is for project developers.  Use -Wno-dev to suppress it.
[5.651s] [0m
[5.652s] -- OpenNI2 found (include: /usr/include/openni2, lib: /usr/lib/libOpenNI2.so)
[5.723s] -- Found Qhull: optimized;/usr/lib/aarch64-linux-gnu/libqhull.so;debug;/usr/lib/aarch64-linux-gnu/libqhull.so  
[5.723s] -- QHULL found (include: /usr/include, lib: optimized;/usr/lib/aarch64-linux-gnu/libqhull.so;debug;/usr/lib/aarch64-linux-gnu/libqhull.so)
[5.738s] [33mCMake Warning (dev) at /home/unitree/.local/lib/python3.8/site-packages/cmake/data/share/cmake-3.24/Modules/FindPackageHandleStandardArgs.cmake:438 (message):
[5.738s]   The package name passed to `find_package_handle_standard_args` (USB_10)
[5.738s]   does not match the name of the calling package (OpenNI).  This can lead to
[5.738s]   problems in calling code that expects `find_package` result variables
[5.739s]   (e.g., `_FOUND`) to follow a certain pattern.
[5.739s] Call Stack (most recent call first):
[5.739s]   /usr/lib/aarch64-linux-gnu/cmake/pcl/Modules/FindOpenNI.cmake:28 (find_package_handle_standard_args)
[5.739s]   /usr/lib/aarch64-linux-gnu/cmake/pcl/PCLConfig.cmake:179 (find_package)
[5.739s]   /usr/lib/aarch64-linux-gnu/cmake/pcl/PCLConfig.cmake:322 (find_openni)
[5.739s]   /usr/lib/aarch64-linux-gnu/cmake/pcl/PCLConfig.cmake:548 (find_external_library)
[5.739s]   CMakeLists.txt:38 (find_package)
[5.739s] This warning is for project developers.  Use -Wno-dev to suppress it.
[5.739s] [0m
[5.741s] -- OpenNI found (include: /usr/include/ni, lib: /usr/lib/libOpenNI.so)
[5.763s] -- looking for PCL_COMMON
[5.767s] [33mCMake Warning (dev) at /home/unitree/.local/lib/python3.8/site-packages/cmake/data/share/cmake-3.24/Modules/FindPackageHandleStandardArgs.cmake:438 (message):
[5.767s]   The package name passed to `find_package_handle_standard_args` (PCL_COMMON)
[5.767s]   does not match the name of the calling package (PCL).  This can lead to
[5.767s]   problems in calling code that expects `find_package` result variables
[5.767s]   (e.g., `_FOUND`) to follow a certain pattern.
[5.768s] Call Stack (most recent call first):
[5.768s]   /usr/lib/aarch64-linux-gnu/cmake/pcl/PCLConfig.cmake:616 (find_package_handle_standard_args)
[5.768s]   CMakeLists.txt:38 (find_package)
[5.768s] This warning is for project developers.  Use -Wno-dev to suppress it.
[5.768s] [0m
[5.768s] -- Found PCL_COMMON: /usr/lib/aarch64-linux-gnu/libpcl_common.so  
[5.768s] -- looking for PCL_KDTREE
[5.772s] [33mCMake Warning (dev) at /home/unitree/.local/lib/python3.8/site-packages/cmake/data/share/cmake-3.24/Modules/FindPackageHandleStandardArgs.cmake:438 (message):
[5.772s]   The package name passed to `find_package_handle_standard_args` (PCL_KDTREE)
[5.772s]   does not match the name of the calling package (PCL).  This can lead to
[5.773s]   problems in calling code that expects `find_package` result variables
[5.773s]   (e.g., `_FOUND`) to follow a certain pattern.
[5.773s] Call Stack (most recent call first):
[5.773s]   /usr/lib/aarch64-linux-gnu/cmake/pcl/PCLConfig.cmake:616 (find_package_handle_standard_args)
[5.774s]   CMakeLists.txt:38 (find_package)
[5.774s] This warning is for project developers.  Use -Wno-dev to suppress it.
[5.774s] [0m
[5.775s] -- Found PCL_KDTREE: /usr/lib/aarch64-linux-gnu/libpcl_kdtree.so  
[5.776s] -- looking for PCL_OCTREE
[5.781s] [33mCMake Warning (dev) at /home/unitree/.local/lib/python3.8/site-packages/cmake/data/share/cmake-3.24/Modules/FindPackageHandleStandardArgs.cmake:438 (message):
[5.782s]   The package name passed to `find_package_handle_standard_args` (PCL_OCTREE)
[5.782s]   does not match the name of the calling package (PCL).  This can lead to
[5.782s]   problems in calling code that expects `find_package` result variables
[5.782s]   (e.g., `_FOUND`) to follow a certain pattern.
[5.782s] Call Stack (most recent call first):
[5.782s]   /usr/lib/aarch64-linux-gnu/cmake/pcl/PCLConfig.cmake:616 (find_package_handle_standard_args)
[5.782s]   CMakeLists.txt:38 (find_package)
[5.783s] This warning is for project developers.  Use -Wno-dev to suppress it.
[5.783s] [0m
[5.783s] -- Found PCL_OCTREE: /usr/lib/aarch64-linux-gnu/libpcl_octree.so  
[5.783s] -- looking for PCL_SEARCH
[5.786s] [33mCMake Warning (dev) at /home/unitree/.local/lib/python3.8/site-packages/cmake/data/share/cmake-3.24/Modules/FindPackageHandleStandardArgs.cmake:438 (message):
[5.786s]   The package name passed to `find_package_handle_standard_args` (PCL_SEARCH)
[5.786s]   does not match the name of the calling package (PCL).  This can lead to
[5.786s]   problems in calling code that expects `find_package` result variables
[5.786s]   (e.g., `_FOUND`) to follow a certain pattern.
[5.786s] Call Stack (most recent call first):
[5.786s]   /usr/lib/aarch64-linux-gnu/cmake/pcl/PCLConfig.cmake:616 (find_package_handle_standard_args)
[5.787s]   CMakeLists.txt:38 (find_package)
[5.787s] This warning is for project developers.  Use -Wno-dev to suppress it.
[5.787s] [0m
[5.787s] -- Found PCL_SEARCH: /usr/lib/aarch64-linux-gnu/libpcl_search.so  
[5.787s] -- looking for PCL_SAMPLE_CONSENSUS
[5.788s] [33mCMake Warning (dev) at /home/unitree/.local/lib/python3.8/site-packages/cmake/data/share/cmake-3.24/Modules/FindPackageHandleStandardArgs.cmake:438 (message):
[5.788s]   The package name passed to `find_package_handle_standard_args`
[5.789s]   (PCL_SAMPLE_CONSENSUS) does not match the name of the calling package
[5.789s]   (PCL).  This can lead to problems in calling code that expects
[5.789s]   `find_package` result variables (e.g., `_FOUND`) to follow a certain
[5.789s]   pattern.
[5.789s] Call Stack (most recent call first):
[5.789s]   /usr/lib/aarch64-linux-gnu/cmake/pcl/PCLConfig.cmake:616 (find_package_handle_standard_args)
[5.789s]   CMakeLists.txt:38 (find_package)
[5.790s] This warning is for project developers.  Use -Wno-dev to suppress it.
[5.790s] [0m
[5.790s] -- Found PCL_SAMPLE_CONSENSUS: /usr/lib/aarch64-linux-gnu/libpcl_sample_consensus.so  
[5.791s] -- looking for PCL_FILTERS
[5.791s] [33mCMake Warning (dev) at /home/unitree/.local/lib/python3.8/site-packages/cmake/data/share/cmake-3.24/Modules/FindPackageHandleStandardArgs.cmake:438 (message):
[5.791s]   The package name passed to `find_package_handle_standard_args`
[5.791s]   (PCL_FILTERS) does not match the name of the calling package (PCL).  This
[5.791s]   can lead to problems in calling code that expects `find_package` result
[5.792s]   variables (e.g., `_FOUND`) to follow a certain pattern.
[5.792s] Call Stack (most recent call first):
[5.792s]   /usr/lib/aarch64-linux-gnu/cmake/pcl/PCLConfig.cmake:616 (find_package_handle_standard_args)
[5.792s]   CMakeLists.txt:38 (find_package)
[5.792s] This warning is for project developers.  Use -Wno-dev to suppress it.
[5.792s] [0m
[5.792s] -- Found PCL_FILTERS: /usr/lib/aarch64-linux-gnu/libpcl_filters.so  
[5.793s] -- looking for PCL_2D
[5.793s] [33mCMake Warning (dev) at /home/unitree/.local/lib/python3.8/site-packages/cmake/data/share/cmake-3.24/Modules/FindPackageHandleStandardArgs.cmake:438 (message):
[5.793s]   The package name passed to `find_package_handle_standard_args` (PCL_2D)
[5.793s]   does not match the name of the calling package (PCL).  This can lead to
[5.793s]   problems in calling code that expects `find_package` result variables
[5.793s]   (e.g., `_FOUND`) to follow a certain pattern.
[5.793s] Call Stack (most recent call first):
[5.793s]   /usr/lib/aarch64-linux-gnu/cmake/pcl/PCLConfig.cmake:619 (find_package_handle_standard_args)
[5.794s]   CMakeLists.txt:38 (find_package)
[5.794s] This warning is for project developers.  Use -Wno-dev to suppress it.
[5.794s] [0m
[5.794s] -- Found PCL_2D: /usr/include/pcl-1.10  
[5.794s] -- looking for PCL_GEOMETRY
[5.794s] [33mCMake Warning (dev) at /home/unitree/.local/lib/python3.8/site-packages/cmake/data/share/cmake-3.24/Modules/FindPackageHandleStandardArgs.cmake:438 (message):
[5.794s]   The package name passed to `find_package_handle_standard_args`
[5.794s]   (PCL_GEOMETRY) does not match the name of the calling package (PCL).  This
[5.795s]   can lead to problems in calling code that expects `find_package` result
[5.795s]   variables (e.g., `_FOUND`) to follow a certain pattern.
[5.795s] Call Stack (most recent call first):
[5.795s]   /usr/lib/aarch64-linux-gnu/cmake/pcl/PCLConfig.cmake:619 (find_package_handle_standard_args)
[5.795s]   CMakeLists.txt:38 (find_package)
[5.795s] This warning is for project developers.  Use -Wno-dev to suppress it.
[5.795s] [0m
[5.795s] -- Found PCL_GEOMETRY: /usr/include/pcl-1.10  
[5.795s] -- looking for PCL_IO
[5.796s] [33mCMake Warning (dev) at /home/unitree/.local/lib/python3.8/site-packages/cmake/data/share/cmake-3.24/Modules/FindPackageHandleStandardArgs.cmake:438 (message):
[5.796s]   The package name passed to `find_package_handle_standard_args` (PCL_IO)
[5.796s]   does not match the name of the calling package (PCL).  This can lead to
[5.796s]   problems in calling code that expects `find_package` result variables
[5.796s]   (e.g., `_FOUND`) to follow a certain pattern.
[5.797s] Call Stack (most recent call first):
[5.797s]   /usr/lib/aarch64-linux-gnu/cmake/pcl/PCLConfig.cmake:616 (find_package_handle_standard_args)
[5.797s]   CMakeLists.txt:38 (find_package)
[5.797s] This warning is for project developers.  Use -Wno-dev to suppress it.
[5.797s] [0m
[5.797s] -- Found PCL_IO: /usr/lib/aarch64-linux-gnu/libpcl_io.so  
[5.797s] -- looking for PCL_FEATURES
[5.799s] [33mCMake Warning (dev) at /home/unitree/.local/lib/python3.8/site-packages/cmake/data/share/cmake-3.24/Modules/FindPackageHandleStandardArgs.cmake:438 (message):
[5.799s]   The package name passed to `find_package_handle_standard_args`
[5.799s]   (PCL_FEATURES) does not match the name of the calling package (PCL).  This
[5.799s]   can lead to problems in calling code that expects `find_package` result
[5.799s]   variables (e.g., `_FOUND`) to follow a certain pattern.
[5.799s] Call Stack (most recent call first):
[5.799s]   /usr/lib/aarch64-linux-gnu/cmake/pcl/PCLConfig.cmake:616 (find_package_handle_standard_args)
[5.799s]   CMakeLists.txt:38 (find_package)
[5.799s] This warning is for project developers.  Use -Wno-dev to suppress it.
[5.800s] [0m
[5.800s] -- Found PCL_FEATURES: /usr/lib/aarch64-linux-gnu/libpcl_features.so  
[5.800s] -- looking for PCL_ML
[5.801s] [33mCMake Warning (dev) at /home/unitree/.local/lib/python3.8/site-packages/cmake/data/share/cmake-3.24/Modules/FindPackageHandleStandardArgs.cmake:438 (message):
[5.801s]   The package name passed to `find_package_handle_standard_args` (PCL_ML)
[5.801s]   does not match the name of the calling package (PCL).  This can lead to
[5.802s]   problems in calling code that expects `find_package` result variables
[5.802s]   (e.g., `_FOUND`) to follow a certain pattern.
[5.802s] Call Stack (most recent call first):
[5.802s]   /usr/lib/aarch64-linux-gnu/cmake/pcl/PCLConfig.cmake:616 (find_package_handle_standard_args)
[5.802s]   CMakeLists.txt:38 (find_package)
[5.802s] This warning is for project developers.  Use -Wno-dev to suppress it.
[5.802s] [0m
[5.803s] -- Found PCL_ML: /usr/lib/aarch64-linux-gnu/libpcl_ml.so  
[5.803s] -- looking for PCL_SEGMENTATION
[5.804s] [33mCMake Warning (dev) at /home/unitree/.local/lib/python3.8/site-packages/cmake/data/share/cmake-3.24/Modules/FindPackageHandleStandardArgs.cmake:438 (message):
[5.804s]   The package name passed to `find_package_handle_standard_args`
[5.804s]   (PCL_SEGMENTATION) does not match the name of the calling package (PCL).
[5.804s]   This can lead to problems in calling code that expects `find_package`
[5.804s]   result variables (e.g., `_FOUND`) to follow a certain pattern.
[5.804s] Call Stack (most recent call first):
[5.805s]   /usr/lib/aarch64-linux-gnu/cmake/pcl/PCLConfig.cmake:616 (find_package_handle_standard_args)
[5.805s]   CMakeLists.txt:38 (find_package)
[5.805s] This warning is for project developers.  Use -Wno-dev to suppress it.
[5.805s] [0m
[5.805s] -- Found PCL_SEGMENTATION: /usr/lib/aarch64-linux-gnu/libpcl_segmentation.so  
[5.805s] -- looking for PCL_VISUALIZATION
[5.807s] [33mCMake Warning (dev) at /home/unitree/.local/lib/python3.8/site-packages/cmake/data/share/cmake-3.24/Modules/FindPackageHandleStandardArgs.cmake:438 (message):
[5.807s]   The package name passed to `find_package_handle_standard_args`
[5.807s]   (PCL_VISUALIZATION) does not match the name of the calling package (PCL).
[5.807s]   This can lead to problems in calling code that expects `find_package`
[5.807s]   result variables (e.g., `_FOUND`) to follow a certain pattern.
[5.807s] Call Stack (most recent call first):
[5.807s]   /usr/lib/aarch64-linux-gnu/cmake/pcl/PCLConfig.cmake:616 (find_package_handle_standard_args)
[5.807s]   CMakeLists.txt:38 (find_package)
[5.807s] This warning is for project developers.  Use -Wno-dev to suppress it.
[5.807s] [0m
[5.808s] -- Found PCL_VISUALIZATION: /usr/lib/aarch64-linux-gnu/libpcl_visualization.so  
[5.808s] -- looking for PCL_SURFACE
[5.810s] [33mCMake Warning (dev) at /home/unitree/.local/lib/python3.8/site-packages/cmake/data/share/cmake-3.24/Modules/FindPackageHandleStandardArgs.cmake:438 (message):
[5.810s]   The package name passed to `find_package_handle_standard_args`
[5.810s]   (PCL_SURFACE) does not match the name of the calling package (PCL).  This
[5.810s]   can lead to problems in calling code that expects `find_package` result
[5.810s]   variables (e.g., `_FOUND`) to follow a certain pattern.
[5.810s] Call Stack (most recent call first):
[5.810s]   /usr/lib/aarch64-linux-gnu/cmake/pcl/PCLConfig.cmake:616 (find_package_handle_standard_args)
[5.810s]   CMakeLists.txt:38 (find_package)
[5.811s] This warning is for project developers.  Use -Wno-dev to suppress it.
[5.811s] [0m
[5.811s] -- Found PCL_SURFACE: /usr/lib/aarch64-linux-gnu/libpcl_surface.so  
[5.811s] -- looking for PCL_REGISTRATION
[5.813s] [33mCMake Warning (dev) at /home/unitree/.local/lib/python3.8/site-packages/cmake/data/share/cmake-3.24/Modules/FindPackageHandleStandardArgs.cmake:438 (message):
[5.813s]   The package name passed to `find_package_handle_standard_args`
[5.814s]   (PCL_REGISTRATION) does not match the name of the calling package (PCL).
[5.814s]   This can lead to problems in calling code that expects `find_package`
[5.814s]   result variables (e.g., `_FOUND`) to follow a certain pattern.
[5.814s] Call Stack (most recent call first):
[5.814s]   /usr/lib/aarch64-linux-gnu/cmake/pcl/PCLConfig.cmake:616 (find_package_handle_standard_args)
[5.814s]   CMakeLists.txt:38 (find_package)
[5.814s] This warning is for project developers.  Use -Wno-dev to suppress it.
[5.814s] [0m
[5.814s] -- Found PCL_REGISTRATION: /usr/lib/aarch64-linux-gnu/libpcl_registration.so  
[5.814s] -- looking for PCL_KEYPOINTS
[5.816s] [33mCMake Warning (dev) at /home/unitree/.local/lib/python3.8/site-packages/cmake/data/share/cmake-3.24/Modules/FindPackageHandleStandardArgs.cmake:438 (message):
[5.817s]   The package name passed to `find_package_handle_standard_args`
[5.817s]   (PCL_KEYPOINTS) does not match the name of the calling package (PCL).  This
[5.817s]   can lead to problems in calling code that expects `find_package` result
[5.817s]   variables (e.g., `_FOUND`) to follow a certain pattern.
[5.817s] Call Stack (most recent call first):
[5.817s]   /usr/lib/aarch64-linux-gnu/cmake/pcl/PCLConfig.cmake:616 (find_package_handle_standard_args)
[5.817s]   CMakeLists.txt:38 (find_package)
[5.817s] This warning is for project developers.  Use -Wno-dev to suppress it.
[5.817s] [0m
[5.818s] -- Found PCL_KEYPOINTS: /usr/lib/aarch64-linux-gnu/libpcl_keypoints.so  
[5.818s] -- looking for PCL_TRACKING
[5.820s] [33mCMake Warning (dev) at /home/unitree/.local/lib/python3.8/site-packages/cmake/data/share/cmake-3.24/Modules/FindPackageHandleStandardArgs.cmake:438 (message):
[5.820s]   The package name passed to `find_package_handle_standard_args`
[5.820s]   (PCL_TRACKING) does not match the name of the calling package (PCL).  This
[5.820s]   can lead to problems in calling code that expects `find_package` result
[5.820s]   variables (e.g., `_FOUND`) to follow a certain pattern.
[5.821s] Call Stack (most recent call first):
[5.821s]   /usr/lib/aarch64-linux-gnu/cmake/pcl/PCLConfig.cmake:616 (find_package_handle_standard_args)
[5.821s]   CMakeLists.txt:38 (find_package)
[5.821s] This warning is for project developers.  Use -Wno-dev to suppress it.
[5.821s] [0m
[5.821s] -- Found PCL_TRACKING: /usr/lib/aarch64-linux-gnu/libpcl_tracking.so  
[5.821s] -- looking for PCL_RECOGNITION
[5.823s] [33mCMake Warning (dev) at /home/unitree/.local/lib/python3.8/site-packages/cmake/data/share/cmake-3.24/Modules/FindPackageHandleStandardArgs.cmake:438 (message):
[5.823s]   The package name passed to `find_package_handle_standard_args`
[5.823s]   (PCL_RECOGNITION) does not match the name of the calling package (PCL).
[5.823s]   This can lead to problems in calling code that expects `find_package`
[5.823s]   result variables (e.g., `_FOUND`) to follow a certain pattern.
[5.823s] Call Stack (most recent call first):
[5.823s]   /usr/lib/aarch64-linux-gnu/cmake/pcl/PCLConfig.cmake:616 (find_package_handle_standard_args)
[5.824s]   CMakeLists.txt:38 (find_package)
[5.824s] This warning is for project developers.  Use -Wno-dev to suppress it.
[5.824s] [0m
[5.824s] -- Found PCL_RECOGNITION: /usr/lib/aarch64-linux-gnu/libpcl_recognition.so  
[5.824s] -- looking for PCL_STEREO
[5.826s] [33mCMake Warning (dev) at /home/unitree/.local/lib/python3.8/site-packages/cmake/data/share/cmake-3.24/Modules/FindPackageHandleStandardArgs.cmake:438 (message):
[5.826s]   The package name passed to `find_package_handle_standard_args` (PCL_STEREO)
[5.826s]   does not match the name of the calling package (PCL).  This can lead to
[5.826s]   problems in calling code that expects `find_package` result variables
[5.827s]   (e.g., `_FOUND`) to follow a certain pattern.
[5.827s] Call Stack (most recent call first):
[5.827s]   /usr/lib/aarch64-linux-gnu/cmake/pcl/PCLConfig.cmake:616 (find_package_handle_standard_args)
[5.827s]   CMakeLists.txt:38 (find_package)
[5.827s] This warning is for project developers.  Use -Wno-dev to suppress it.
[5.827s] [0m
[5.827s] -- Found PCL_STEREO: /usr/lib/aarch64-linux-gnu/libpcl_stereo.so  
[5.827s] -- looking for PCL_APPS
[5.829s] [33mCMake Warning (dev) at /home/unitree/.local/lib/python3.8/site-packages/cmake/data/share/cmake-3.24/Modules/FindPackageHandleStandardArgs.cmake:438 (message):
[5.829s]   The package name passed to `find_package_handle_standard_args` (PCL_APPS)
[5.829s]   does not match the name of the calling package (PCL).  This can lead to
[5.829s]   problems in calling code that expects `find_package` result variables
[5.829s]   (e.g., `_FOUND`) to follow a certain pattern.
[5.829s] Call Stack (most recent call first):
[5.829s]   /usr/lib/aarch64-linux-gnu/cmake/pcl/PCLConfig.cmake:616 (find_package_handle_standard_args)
[5.830s]   CMakeLists.txt:38 (find_package)
[5.830s] This warning is for project developers.  Use -Wno-dev to suppress it.
[5.830s] [0m
[5.830s] -- Found PCL_APPS: /usr/lib/aarch64-linux-gnu/libpcl_apps.so  
[5.831s] -- looking for PCL_IN_HAND_SCANNER
[5.832s] -- Found PCL_IN_HAND_SCANNER: /usr/include/pcl-1.10  
[5.833s] -- looking for PCL_POINT_CLOUD_EDITOR
[5.834s] [33mCMake Warning (dev) at /home/unitree/.local/lib/python3.8/site-packages/cmake/data/share/cmake-3.24/Modules/FindPackageHandleStandardArgs.cmake:438 (message):
[5.835s]   The package name passed to `find_package_handle_standard_args`
[5.835s]   (PCL_IN_HAND_SCANNER) does not match the name of the calling package (PCL).
[5.836s]   This can lead to problems in calling code that expects `find_package`
[5.836s]   result variables (e.g., `_FOUND`) to follow a certain pattern.
[5.843s] Call Stack (most recent call first):
[5.843s]   /usr/lib/aarch64-linux-gnu/cmake/pcl/PCLConfig.cmake:619 (find_package_handle_standard_args)
[5.843s]   CMakeLists.txt:38 (find_package)
[5.844s] This warning is for project developers.  Use -Wno-dev to suppress it.
[5.844s] [0m
[5.844s] -- Found PCL_POINT_CLOUD_EDITOR: /usr/include/pcl-1.10  
[5.844s] [33mCMake Warning (dev) at /home/unitree/.local/lib/python3.8/site-packages/cmake/data/share/cmake-3.24/Modules/FindPackageHandleStandardArgs.cmake:438 (message):
[5.844s]   The package name passed to `find_package_handle_standard_args`
[5.844s]   (PCL_POINT_CLOUD_EDITOR) does not match the name of the calling package
[5.844s]   (PCL).  This can lead to problems in calling code that expects
[5.844s]   `find_package` result variables (e.g., `_FOUND`) to follow a certain
[5.844s]   pattern.
[5.845s] Call Stack (most recent call first):
[5.845s]   /usr/lib/aarch64-linux-gnu/cmake/pcl/PCLConfig.cmake:619 (find_package_handle_standard_args)
[5.845s]   CMakeLists.txt:38 (find_package)
[5.845s] This warning is for project developers.  Use -Wno-dev to suppress it.
[5.845s] [0m
[5.845s] -- looking for PCL_OUTOFCORE
[5.852s] [33mCMake Warning (dev) at /home/unitree/.local/lib/python3.8/site-packages/cmake/data/share/cmake-3.24/Modules/FindPackageHandleStandardArgs.cmake:438 (message):
[5.852s]   The package name passed to `find_package_handle_standard_args`
[5.852s]   (PCL_OUTOFCORE) does not match the name of the calling package (PCL).  This
[5.852s]   can lead to problems in calling code that expects `find_package` result
[5.853s]   variables (e.g., `_FOUND`) to follow a certain pattern.
[5.853s] Call Stack (most recent call first):
[5.853s]   /usr/lib/aarch64-linux-gnu/cmake/pcl/PCLConfig.cmake:616 (find_package_handle_standard_args)
[5.853s]   CMakeLists.txt:38 (find_package)
[5.853s] This warning is for project developers.  Use -Wno-dev to suppress it.
[5.853s] [0m
[5.853s] [33mCMake Warning (dev) at /home/unitree/.local/lib/python3.8/site-packages/cmake/data/share/cmake-3.24/Modules/FindPackageHandleStandardArgs.cmake:438 (message):
[5.853s]   The package name passed to `find_package_handle_standard_args` (PCL_PEOPLE)
[5.854s]   does not match the name of the calling package (PCL).  This can lead to
[5.854s]   problems in calling code that expects `find_package` result variables
[5.854s]   (e.g., `_FOUND`) to follow a certain pattern.
[5.854s] Call Stack (most recent call first):
[5.854s]   /usr/lib/aarch64-linux-gnu/cmake/pcl/PCLConfig.cmake:616 (find_package_handle_standard_args)
[5.854s]   CMakeLists.txt:38 (find_package)
[5.854s] This warning is for project developers.  Use -Wno-dev to suppress it.
[5.854s] [0m
[5.854s] -- Found PCL_OUTOFCORE: /usr/lib/aarch64-linux-gnu/libpcl_outofcore.so  
[5.855s] -- looking for PCL_PEOPLE
[5.855s] -- Found PCL_PEOPLE: /usr/lib/aarch64-linux-gnu/libpcl_people.so  
[5.855s] -- Found PCL: pcl_common;pcl_kdtree;pcl_octree;pcl_search;pcl_sample_consensus;pcl_filters;pcl_io;pcl_features;pcl_ml;pcl_segmentation;pcl_visualization;pcl_surface;pcl_registration;pcl_keypoints;pcl_tracking;pcl_recognition;pcl_stereo;pcl_apps;pcl_outofcore;pcl_people;/usr/lib/aarch64-linux-gnu/libboost_system.so;/usr/lib/aarch64-linux-gnu/libboost_filesystem.so;/usr/lib/aarch64-linux-gnu/libboost_date_time.so;/usr/lib/aarch64-linux-gnu/libboost_iostreams.so;/usr/lib/aarch64-linux-gnu/libboost_regex.so;optimized;/usr/lib/aarch64-linux-gnu/libqhull.so;debug;/usr/lib/aarch64-linux-gnu/libqhull.so;/usr/lib/libOpenNI.so;/usr/lib/libOpenNI2.so;vtkChartsCore;vtkCommonColor;vtkCommonCore;vtksys;vtkCommonDataModel;vtkCommonMath;vtkCommonMisc;vtkCommonSystem;vtkCommonTransforms;vtkCommonExecutionModel;vtkFiltersGeneral;vtkCommonComputationalGeometry;vtkFiltersCore;vtkInfovisCore;vtkFiltersExtraction;vtkFiltersStatistics;vtkImagingFourier;vtkImagingCore;vtkalglib;vtkRenderingContext2D;vtkRenderingCore;vtkFiltersGeometry;vtkFiltersSources;vtkRenderingFreeType;/usr/lib/aarch64-linux-gnu/libfreetype.so;/usr/lib/aarch64-linux-gnu/libz.so;vtkFiltersModeling;vtkImagingSources;vtkInteractionStyle;vtkInteractionWidgets;vtkFiltersHybrid;vtkImagingColor;vtkImagingGeneral;vtkImagingHybrid;vtkIOImage;vtkDICOMParser;vtkmetaio;/usr/lib/aarch64-linux-gnu/libjpeg.so;/usr/lib/aarch64-linux-gnu/libpng.so;/usr/lib/aarch64-linux-gnu/libtiff.so;vtkRenderingAnnotation;vtkRenderingVolume;vtkIOXML;vtkIOCore;vtkIOXMLParser;/usr/lib/aarch64-linux-gnu/libexpat.so;vtkIOGeometry;vtkIOLegacy;vtkIOPLY;vtkRenderingLOD;vtkViewsContext2D;vtkViewsCore;vtkRenderingContextOpenGL2;vtkRenderingOpenGL2;FLANN::FLANN  
[5.856s] -- Found PkgConfig: /usr/bin/pkg-config (found version "0.29.1") 
[5.857s] -- Checking for module 'apr-1'
[5.932s] --   Found apr-1, version 1.6.5
[6.079s] [0m/usr/include/apr-1.0[0m
[6.079s] [0mapr-1[0m
[6.143s] -- Found PythonInterp: /usr/bin/python3 (found version "3.8.10") 
[6.384s] -- Found ament_cmake_ros: 0.9.2 (/opt/ros/foxy/share/ament_cmake_ros/cmake)
[6.821s] -- Using all available rosidl_typesupport_c: rosidl_typesupport_fastrtps_c;rosidl_typesupport_introspection_c
[6.946s] -- Using all available rosidl_typesupport_cpp: rosidl_typesupport_fastrtps_cpp;rosidl_typesupport_introspection_cpp
[7.038s] -- Found PythonInterp: /usr/bin/python3 (found suitable version "3.8.10", minimum required is "3.5") 
[7.040s] -- Found python_cmake_module: 0.8.1 (/opt/ros/foxy/share/python_cmake_module/cmake)
[7.136s] -- Found PythonLibs: /usr/lib/aarch64-linux-gnu/libpython3.8.so (found suitable version "3.8.10", minimum required is "3.5") 
[7.143s] -- Using PYTHON_EXECUTABLE: /usr/bin/python3
[7.143s] -- Using PYTHON_INCLUDE_DIRS: /usr/include/python3.8
[7.143s] -- Using PYTHON_LIBRARIES: /usr/lib/aarch64-linux-gnu/libpython3.8.so
[7.225s] -- Found PythonExtra: .so  
[8.067s] -- Found ament_lint_auto: 0.9.8 (/opt/ros/foxy/share/ament_lint_auto/cmake)
[8.139s] -- Added test 'copyright' to check source files copyright and LICENSE
[8.148s] -- Added test 'cppcheck' to perform static code analysis on C / C++ code
[8.152s] -- Configured cppcheck include dirs: /home/unitree/imes-g1/src/third_party/sensors/05Jun2025_livox_ros_driver2/3rdparty;/home/unitree/imes-g1/src/third_party/sensors/05Jun2025_livox_ros_driver2/src
[8.152s] -- Configured cppcheck exclude dirs and/or files: 
[8.160s] -- Added test 'cpplint' to check C / C++ code against the Google style
[8.160s] -- Configured cpplint exclude dirs and/or files: 
[8.162s] -- Added test 'flake8' to check Python code syntax and style conventions
[8.166s] -- Added test 'lint_cmake' to check CMake code style
[8.168s] -- Added test 'pep257' to check Python code against some of the style conventions in PEP 257
[8.176s] -- Added test 'uncrustify' to check C / C++ code style
[8.176s] -- Configured uncrustify additional arguments: 
[8.178s] -- Added test 'xmllint' to check XML markup files
[8.188s] -- Configuring done
[8.337s] -- Generating done
[8.386s] -- Build files have been written to: /home/unitree/imes-g1/build/livox_ros_driver2
[8.463s] Invoked command in '/home/unitree/imes-g1/build/livox_ros_driver2' returned '0': CMAKE_PREFIX_PATH=${CMAKE_PREFIX_PATH}:/opt/ros/foxy /home/unitree/.local/bin/cmake /home/unitree/imes-g1/src/third_party/sensors/05Jun2025_livox_ros_driver2 -DAMENT_CMAKE_SYMLINK_INSTALL=1 -DCMAKE_INSTALL_PREFIX=/home/unitree/imes-g1/install/livox_ros_driver2
[8.485s] Invoking command in '/home/unitree/imes-g1/build/livox_ros_driver2': CMAKE_PREFIX_PATH=${CMAKE_PREFIX_PATH}:/opt/ros/foxy /home/unitree/.local/bin/cmake --build /home/unitree/imes-g1/build/livox_ros_driver2 -- -j8 -l8
[12.954s] [  1%] [34m[1mGenerating C++ code for ROS interfaces[0m
[12.954s] [  1%] Built target livox_interfaces2__cpp
[12.954s] [  3%] [32mBuilding CXX object CMakeFiles/livox_ros_driver2_node.dir/rclcpp_components/node_main_livox_ros_driver2_node.cpp.o[0m
[14.435s] [  5%] [32m[1mLinking CXX executable livox_ros_driver2_node[0m
[14.666s] [  5%] Built target livox_ros_driver2_node
[14.674s] [  7%] [34m[1mGenerating C++ introspection for ROS interfaces[0m
[15.322s] [  8%] [32mBuilding CXX object CMakeFiles/livox_interfaces2__rosidl_typesupport_introspection_cpp.dir/rosidl_typesupport_introspection_cpp/livox_ros_driver2/msg/detail/custom_point__type_support.cpp.o[0m
[15.834s] [ 10%] [32mBuilding CXX object CMakeFiles/livox_interfaces2__rosidl_typesupport_introspection_cpp.dir/rosidl_typesupport_introspection_cpp/livox_ros_driver2/msg/detail/custom_msg__type_support.cpp.o[0m
[16.461s] [ 12%] [32m[1mLinking CXX shared library liblivox_ros_driver2__rosidl_typesupport_introspection_cpp.so[0m
[16.578s] [ 12%] Built target livox_interfaces2__rosidl_typesupport_introspection_cpp
[16.586s] [ 14%] [34m[1mGenerating C++ type support for eProsima Fast-RTPS[0m
[17.255s] [ 15%] [32mBuilding CXX object CMakeFiles/livox_interfaces2__rosidl_typesupport_fastrtps_cpp.dir/rosidl_typesupport_fastrtps_cpp/livox_ros_driver2/msg/detail/dds_fastrtps/custom_point__type_support.cpp.o[0m
[18.009s] [ 17%] [32mBuilding CXX object CMakeFiles/livox_interfaces2__rosidl_typesupport_fastrtps_cpp.dir/rosidl_typesupport_fastrtps_cpp/livox_ros_driver2/msg/detail/dds_fastrtps/custom_msg__type_support.cpp.o[0m
[18.843s] [ 19%] [32m[1mLinking CXX shared library liblivox_ros_driver2__rosidl_typesupport_fastrtps_cpp.so[0m
[18.978s] [ 19%] Built target livox_interfaces2__rosidl_typesupport_fastrtps_cpp
[18.985s] [ 21%] [34m[1mGenerating C++ type support dispatch for ROS interfaces[0m
[19.591s] [ 22%] [32mBuilding CXX object CMakeFiles/livox_interfaces2__rosidl_typesupport_cpp.dir/rosidl_typesupport_cpp/livox_ros_driver2/msg/custom_point__type_support.cpp.o[0m
[20.090s] [ 24%] [32mBuilding CXX object CMakeFiles/livox_interfaces2__rosidl_typesupport_cpp.dir/rosidl_typesupport_cpp/livox_ros_driver2/msg/custom_msg__type_support.cpp.o[0m
[20.599s] [ 26%] [32m[1mLinking CXX shared library liblivox_ros_driver2__rosidl_typesupport_cpp.so[0m
[20.643s] [ 26%] Built target livox_interfaces2__rosidl_typesupport_cpp
[20.651s] [ 28%] [34m[1mGenerating C code for ROS interfaces[0m
[21.376s] [ 29%] [32mBuilding C object CMakeFiles/livox_interfaces2__rosidl_generator_c.dir/rosidl_generator_c/livox_ros_driver2/msg/detail/custom_point__functions.c.o[0m
[21.451s] [ 31%] [32mBuilding C object CMakeFiles/livox_interfaces2__rosidl_generator_c.dir/rosidl_generator_c/livox_ros_driver2/msg/detail/custom_msg__functions.c.o[0m
[21.530s] [ 33%] [32m[1mLinking C shared library liblivox_ros_driver2__rosidl_generator_c.so[0m
[21.571s] [ 33%] Built target livox_interfaces2__rosidl_generator_c
[21.579s] [ 35%] [34m[1mGenerating C type support for eProsima Fast-RTPS[0m
[22.248s] [ 36%] [32mBuilding CXX object CMakeFiles/livox_interfaces2__rosidl_typesupport_fastrtps_c.dir/rosidl_typesupport_fastrtps_c/livox_ros_driver2/msg/detail/custom_point__type_support_c.cpp.o[0m
[22.926s] [ 38%] [32mBuilding CXX object CMakeFiles/livox_interfaces2__rosidl_typesupport_fastrtps_c.dir/rosidl_typesupport_fastrtps_c/livox_ros_driver2/msg/detail/custom_msg__type_support_c.cpp.o[0m
[23.618s] [ 40%] [32m[1mLinking CXX shared library liblivox_ros_driver2__rosidl_typesupport_fastrtps_c.so[0m
[23.760s] [ 40%] Built target livox_interfaces2__rosidl_typesupport_fastrtps_c
[23.768s] [ 42%] [34m[1mGenerating C type support dispatch for ROS interfaces[0m
[24.365s] [ 43%] [32mBuilding CXX object CMakeFiles/livox_interfaces2__rosidl_typesupport_c.dir/rosidl_typesupport_c/livox_ros_driver2/msg/custom_point__type_support.cpp.o[0m
[24.412s] [ 45%] [32mBuilding CXX object CMakeFiles/livox_interfaces2__rosidl_typesupport_c.dir/rosidl_typesupport_c/livox_ros_driver2/msg/custom_msg__type_support.cpp.o[0m
[24.461s] [ 47%] [32m[1mLinking CXX shared library liblivox_ros_driver2__rosidl_typesupport_c.so[0m
[24.505s] [ 47%] Built target livox_interfaces2__rosidl_typesupport_c
[24.514s] [ 49%] [34m[1mGenerating C introspection for ROS interfaces[0m
[25.164s] [ 50%] [32mBuilding C object CMakeFiles/livox_interfaces2__rosidl_typesupport_introspection_c.dir/rosidl_typesupport_introspection_c/livox_ros_driver2/msg/detail/custom_point__type_support.c.o[0m
[25.216s] [ 52%] [32mBuilding C object CMakeFiles/livox_interfaces2__rosidl_typesupport_introspection_c.dir/rosidl_typesupport_introspection_c/livox_ros_driver2/msg/detail/custom_msg__type_support.c.o[0m
[25.272s] [ 54%] [32m[1mLinking C shared library liblivox_ros_driver2__rosidl_typesupport_introspection_c.so[0m
[25.304s] [ 54%] Built target livox_interfaces2__rosidl_typesupport_introspection_c
[25.321s] [ 54%] Built target livox_interfaces2
[25.339s] [ 56%] [34m[1mGenerating Python code for ROS interfaces[0m
[26.582s] [ 56%] Built target livox_interfaces2__py
[26.600s] [ 57%] [32mBuilding CXX object CMakeFiles/livox_ros_driver2.dir/src/livox_ros_driver2.cpp.o[0m
[37.620s] [ 59%] [32mBuilding CXX object CMakeFiles/livox_ros_driver2.dir/src/comm/ldq.cpp.o[0m
[38.579s] [ 61%] [32mBuilding CXX object CMakeFiles/livox_ros_driver2.dir/src/comm/comm.cpp.o[0m
[39.427s] [ 63%] [32mBuilding CXX object CMakeFiles/livox_ros_driver2.dir/src/comm/semaphore.cpp.o[0m
[39.812s] [ 64%] [32mBuilding CXX object CMakeFiles/livox_ros_driver2.dir/src/comm/lidar_imu_data_queue.cpp.o[0m
[39.976s] [ 66%] [32mBuilding CXX object CMakeFiles/livox_ros_driver2.dir/src/comm/cache_index.cpp.o[0m
[40.326s] [ 68%] [32mBuilding CXX object CMakeFiles/livox_ros_driver2.dir/src/comm/pub_handler.cpp.o[0m
[41.005s] [ 70%] [32mBuilding CXX object CMakeFiles/livox_ros_driver2.dir/src/parse_cfg_file/parse_cfg_file.cpp.o[0m
[42.014s] [ 71%] [32mBuilding CXX object CMakeFiles/livox_ros_driver2.dir/src/parse_cfg_file/parse_livox_lidar_cfg.cpp.o[0m
[42.298s] [ 75%] [32mBuilding CXX object CMakeFiles/livox_ros_driver2.dir/src/lds_lidar.cpp.o[0m
[42.299s] [ 75%] [32mBuilding CXX object CMakeFiles/livox_ros_driver2.dir/src/lds.cpp.o[0m
[42.425s] [ 77%] [32mBuilding CXX object CMakeFiles/livox_ros_driver2.dir/src/call_back/lidar_common_callback.cpp.o[0m
[43.356s] [ 78%] [32mBuilding CXX object CMakeFiles/livox_ros_driver2.dir/src/call_back/livox_lidar_callback.cpp.o[0m
[43.513s] [ 80%] [32mBuilding CXX object CMakeFiles/livox_ros_driver2.dir/src/driver_node.cpp.o[0m
[43.555s] [ 82%] [32mBuilding CXX object CMakeFiles/livox_ros_driver2.dir/src/lddc.cpp.o[0m
[61.781s] [ 84%] [32m[1mLinking CXX shared library liblivox_ros_driver2.so[0m
[63.207s] [ 84%] Built target livox_ros_driver2
[63.309s] [ 85%] [32mBuilding C object CMakeFiles/livox_interfaces2__python.dir/rosidl_generator_py/livox_ros_driver2/msg/_custom_point_s.c.o[0m
[63.341s] [ 87%] [32mBuilding C object CMakeFiles/livox_interfaces2__python.dir/rosidl_generator_py/livox_ros_driver2/msg/_custom_msg_s.c.o[0m
[63.706s] [ 89%] [32m[1mLinking C shared library rosidl_generator_py/livox_ros_driver2/liblivox_interfaces2__python.so[0m
[63.890s] [ 89%] Built target livox_interfaces2__python
[63.991s] [ 91%] [32mBuilding C object CMakeFiles/livox_ros_driver2__rosidl_typesupport_fastrtps_c__pyext.dir/rosidl_generator_py/livox_ros_driver2/_livox_ros_driver2_s.ep.rosidl_typesupport_fastrtps_c.c.o[0m
[64.026s] [ 92%] [32mBuilding C object CMakeFiles/livox_ros_driver2__rosidl_typesupport_introspection_c__pyext.dir/rosidl_generator_py/livox_ros_driver2/_livox_ros_driver2_s.ep.rosidl_typesupport_introspection_c.c.o[0m
[64.270s] [ 94%] [32m[1mLinking C shared library rosidl_generator_py/livox_ros_driver2/livox_ros_driver2_s__rosidl_typesupport_introspection_c.cpython-38-aarch64-linux-gnu.so[0m
[64.341s] [ 96%] [32m[1mLinking CXX shared library rosidl_generator_py/livox_ros_driver2/livox_ros_driver2_s__rosidl_typesupport_fastrtps_c.cpython-38-aarch64-linux-gnu.so[0m
[64.428s] [ 96%] Built target livox_ros_driver2__rosidl_typesupport_introspection_c__pyext
[64.530s] [ 98%] [32mBuilding C object CMakeFiles/livox_ros_driver2__rosidl_typesupport_c__pyext.dir/rosidl_generator_py/livox_ros_driver2/_livox_ros_driver2_s.ep.rosidl_typesupport_c.c.o[0m
[64.610s] [ 98%] Built target livox_ros_driver2__rosidl_typesupport_fastrtps_c__pyext
[64.850s] [100%] [32m[1mLinking C shared library rosidl_generator_py/livox_ros_driver2/livox_ros_driver2_s__rosidl_typesupport_c.cpython-38-aarch64-linux-gnu.so[0m
[64.994s] [100%] Built target livox_ros_driver2__rosidl_typesupport_c__pyext
[65.028s] Invoked command in '/home/unitree/imes-g1/build/livox_ros_driver2' returned '0': CMAKE_PREFIX_PATH=${CMAKE_PREFIX_PATH}:/opt/ros/foxy /home/unitree/.local/bin/cmake --build /home/unitree/imes-g1/build/livox_ros_driver2 -- -j8 -l8
[65.037s] Invoking command in '/home/unitree/imes-g1/build/livox_ros_driver2': CMAKE_PREFIX_PATH=${CMAKE_PREFIX_PATH}:/opt/ros/foxy /home/unitree/.local/bin/cmake --install /home/unitree/imes-g1/build/livox_ros_driver2
[65.207s] -- Install configuration: ""
[65.208s] -- Execute custom install script
[65.208s] -- Symlinking: /home/unitree/imes-g1/install/livox_ros_driver2/share/ament_index/resource_index/rosidl_interfaces/livox_ros_driver2
[65.232s] -- Symlinking: /home/unitree/imes-g1/install/livox_ros_driver2/include/livox_ros_driver2/msg/custom_msg.h
[65.254s] -- Symlinking: /home/unitree/imes-g1/install/livox_ros_driver2/include/livox_ros_driver2/msg/custom_point.h
[65.287s] -- Symlinking: /home/unitree/imes-g1/install/livox_ros_driver2/include/livox_ros_driver2/msg/detail/custom_msg__functions.h
[65.303s] -- Symlinking: /home/unitree/imes-g1/install/livox_ros_driver2/include/livox_ros_driver2/msg/detail/custom_msg__struct.h
[65.323s] -- Symlinking: /home/unitree/imes-g1/install/livox_ros_driver2/include/livox_ros_driver2/msg/detail/custom_msg__type_support.h
[65.351s] -- Symlinking: /home/unitree/imes-g1/install/livox_ros_driver2/include/livox_ros_driver2/msg/detail/custom_point__functions.h
[65.387s] -- Symlinking: /home/unitree/imes-g1/install/livox_ros_driver2/include/livox_ros_driver2/msg/detail/custom_point__struct.h
[65.410s] -- Symlinking: /home/unitree/imes-g1/install/livox_ros_driver2/include/livox_ros_driver2/msg/detail/custom_point__type_support.h
[65.427s] -- Symlinking: /home/unitree/imes-g1/install/livox_ros_driver2/include/livox_ros_driver2/msg/rosidl_generator_c__visibility_control.h
[65.466s] -- Symlinking: /home/unitree/imes-g1/install/livox_ros_driver2/share/livox_ros_driver2/environment/library_path.sh
[65.479s] -- Symlinking: /home/unitree/imes-g1/install/livox_ros_driver2/share/livox_ros_driver2/environment/library_path.dsv
[65.504s] -- Symlinking: /home/unitree/imes-g1/install/livox_ros_driver2/include/livox_ros_driver2/msg/detail/custom_msg__rosidl_typesupport_fastrtps_c.h
[65.535s] -- Symlinking: /home/unitree/imes-g1/install/livox_ros_driver2/include/livox_ros_driver2/msg/detail/custom_point__rosidl_typesupport_fastrtps_c.h
[65.551s] -- Symlinking: /home/unitree/imes-g1/install/livox_ros_driver2/include/livox_ros_driver2/msg/rosidl_typesupport_fastrtps_c__visibility_control.h
[65.568s] -- Symlinking: /home/unitree/imes-g1/install/livox_ros_driver2/lib/liblivox_ros_driver2__rosidl_typesupport_fastrtps_c.so
[65.591s] -- Symlinking: /home/unitree/imes-g1/install/livox_ros_driver2/include/livox_ros_driver2/msg/detail/custom_msg__rosidl_typesupport_fastrtps_cpp.hpp
[65.611s] -- Symlinking: /home/unitree/imes-g1/install/livox_ros_driver2/include/livox_ros_driver2/msg/detail/custom_point__rosidl_typesupport_fastrtps_cpp.hpp
[65.630s] -- Symlinking: /home/unitree/imes-g1/install/livox_ros_driver2/include/livox_ros_driver2/msg/rosidl_typesupport_fastrtps_cpp__visibility_control.h
[65.652s] -- Symlinking: /home/unitree/imes-g1/install/livox_ros_driver2/lib/liblivox_ros_driver2__rosidl_typesupport_fastrtps_cpp.so
[65.683s] -- Symlinking: /home/unitree/imes-g1/install/livox_ros_driver2/include/livox_ros_driver2/msg/detail/custom_msg__rosidl_typesupport_introspection_c.h
[65.707s] -- Symlinking: /home/unitree/imes-g1/install/livox_ros_driver2/include/livox_ros_driver2/msg/detail/custom_point__rosidl_typesupport_introspection_c.h
[65.727s] -- Symlinking: /home/unitree/imes-g1/install/livox_ros_driver2/include/livox_ros_driver2/msg/rosidl_typesupport_introspection_c__visibility_control.h
[65.751s] -- Symlinking: /home/unitree/imes-g1/install/livox_ros_driver2/include/livox_ros_driver2/msg/custom_msg.hpp
[65.779s] -- Symlinking: /home/unitree/imes-g1/install/livox_ros_driver2/include/livox_ros_driver2/msg/custom_point.hpp
[65.811s] -- Symlinking: /home/unitree/imes-g1/install/livox_ros_driver2/include/livox_ros_driver2/msg/detail/custom_msg__builder.hpp
[65.827s] -- Symlinking: /home/unitree/imes-g1/install/livox_ros_driver2/include/livox_ros_driver2/msg/detail/custom_msg__struct.hpp
[65.851s] -- Symlinking: /home/unitree/imes-g1/install/livox_ros_driver2/include/livox_ros_driver2/msg/detail/custom_msg__traits.hpp
[65.871s] -- Symlinking: /home/unitree/imes-g1/install/livox_ros_driver2/include/livox_ros_driver2/msg/detail/custom_msg__type_support.hpp
[65.907s] -- Symlinking: /home/unitree/imes-g1/install/livox_ros_driver2/include/livox_ros_driver2/msg/detail/custom_point__builder.hpp
[65.927s] -- Symlinking: /home/unitree/imes-g1/install/livox_ros_driver2/include/livox_ros_driver2/msg/detail/custom_point__struct.hpp
[65.943s] -- Symlinking: /home/unitree/imes-g1/install/livox_ros_driver2/include/livox_ros_driver2/msg/detail/custom_point__traits.hpp
[65.971s] -- Symlinking: /home/unitree/imes-g1/install/livox_ros_driver2/include/livox_ros_driver2/msg/detail/custom_point__type_support.hpp
[65.987s] -- Symlinking: /home/unitree/imes-g1/install/livox_ros_driver2/include/livox_ros_driver2/msg/rosidl_generator_cpp__visibility_control.hpp
[66.008s] -- Symlinking: /home/unitree/imes-g1/install/livox_ros_driver2/include/livox_ros_driver2/msg/detail/custom_msg__rosidl_typesupport_introspection_cpp.hpp
[66.027s] -- Symlinking: /home/unitree/imes-g1/install/livox_ros_driver2/include/livox_ros_driver2/msg/detail/custom_point__rosidl_typesupport_introspection_cpp.hpp
[66.051s] -- Symlinking: /home/unitree/imes-g1/install/livox_ros_driver2/share/livox_ros_driver2/environment/pythonpath.sh
[66.072s] -- Symlinking: /home/unitree/imes-g1/install/livox_ros_driver2/share/livox_ros_driver2/environment/pythonpath.dsv
[66.094s] -- Symlinking: /home/unitree/imes-g1/install/livox_ros_driver2/lib/python3.8/site-packages/livox_ros_driver2/__init__.py
[66.128s] -- Symlinking: /home/unitree/imes-g1/install/livox_ros_driver2/lib/python3.8/site-packages/livox_ros_driver2/msg/__init__.py
[66.143s] -- Symlinking: /home/unitree/imes-g1/install/livox_ros_driver2/lib/python3.8/site-packages/livox_ros_driver2/msg/_custom_msg.py
[66.170s] -- Symlinking: /home/unitree/imes-g1/install/livox_ros_driver2/lib/python3.8/site-packages/livox_ros_driver2/msg/_custom_point.py
[66.192s] -- Symlinking: /home/unitree/imes-g1/install/livox_ros_driver2/lib/python3.8/site-packages/livox_ros_driver2/livox_ros_driver2_s__rosidl_typesupport_fastrtps_c.cpython-38-aarch64-linux-gnu.so
[66.207s] -- Symlinking: /home/unitree/imes-g1/install/livox_ros_driver2/lib/python3.8/site-packages/livox_ros_driver2/livox_ros_driver2_s__rosidl_typesupport_introspection_c.cpython-38-aarch64-linux-gnu.so
[66.235s] -- Symlinking: /home/unitree/imes-g1/install/livox_ros_driver2/lib/python3.8/site-packages/livox_ros_driver2/livox_ros_driver2_s__rosidl_typesupport_c.cpython-38-aarch64-linux-gnu.so
[66.259s] -- Symlinking: /home/unitree/imes-g1/install/livox_ros_driver2/lib/liblivox_interfaces2__python.so
[66.306s] -- Symlinking: /home/unitree/imes-g1/install/livox_ros_driver2/share/livox_ros_driver2/msg/CustomPoint.idl
[66.319s] -- Symlinking: /home/unitree/imes-g1/install/livox_ros_driver2/share/livox_ros_driver2/msg/CustomMsg.idl
[66.350s] -- Symlinking: /home/unitree/imes-g1/install/livox_ros_driver2/share/livox_ros_driver2/msg/CustomPoint.msg
[66.364s] -- Symlinking: /home/unitree/imes-g1/install/livox_ros_driver2/share/livox_ros_driver2/msg/CustomMsg.msg
[66.379s] -- Symlinking: /home/unitree/imes-g1/install/livox_ros_driver2/lib/livox_ros_driver2/livox_ros_driver2_node
[66.395s] -- Symlinking: /home/unitree/imes-g1/install/livox_ros_driver2/lib/liblivox_ros_driver2.so
[66.412s] -- Symlinking: /home/unitree/imes-g1/install/livox_ros_driver2/share/livox_ros_driver2/config/HAP_config.json
[66.431s] -- Symlinking: /home/unitree/imes-g1/install/livox_ros_driver2/share/livox_ros_driver2/config/MID360_config.json
[66.455s] -- Symlinking: /home/unitree/imes-g1/install/livox_ros_driver2/share/livox_ros_driver2/config/display_point_cloud_ROS1.rviz
[66.487s] -- Symlinking: /home/unitree/imes-g1/install/livox_ros_driver2/share/livox_ros_driver2/config/display_point_cloud_ROS2.rviz
[66.515s] -- Symlinking: /home/unitree/imes-g1/install/livox_ros_driver2/share/livox_ros_driver2/config/mixed_HAP_MID360_config.json
[66.540s] -- Symlinking: /home/unitree/imes-g1/install/livox_ros_driver2/share/livox_ros_driver2/launch/msg_HAP_launch.py
[66.562s] -- Symlinking: /home/unitree/imes-g1/install/livox_ros_driver2/share/livox_ros_driver2/launch/msg_MID360_launch.py
[66.587s] -- Symlinking: /home/unitree/imes-g1/install/livox_ros_driver2/share/livox_ros_driver2/launch/rviz_HAP_launch.py
[66.603s] -- Symlinking: /home/unitree/imes-g1/install/livox_ros_driver2/share/livox_ros_driver2/launch/rviz_MID360_launch.py
[66.639s] -- Symlinking: /home/unitree/imes-g1/install/livox_ros_driver2/share/livox_ros_driver2/launch/rviz_mixed.py
[66.679s] -- Symlinking: /home/unitree/imes-g1/install/livox_ros_driver2/share/ament_index/resource_index/package_run_dependencies/livox_ros_driver2
[66.695s] -- Symlinking: /home/unitree/imes-g1/install/livox_ros_driver2/share/ament_index/resource_index/parent_prefix_path/livox_ros_driver2
[66.714s] -- Symlinking: /home/unitree/imes-g1/install/livox_ros_driver2/share/livox_ros_driver2/environment/ament_prefix_path.sh
[66.747s] -- Symlinking: /home/unitree/imes-g1/install/livox_ros_driver2/share/livox_ros_driver2/environment/ament_prefix_path.dsv
[66.759s] -- Symlinking: /home/unitree/imes-g1/install/livox_ros_driver2/share/livox_ros_driver2/environment/path.sh
[66.779s] -- Symlinking: /home/unitree/imes-g1/install/livox_ros_driver2/share/livox_ros_driver2/environment/path.dsv
[66.810s] -- Symlinking: /home/unitree/imes-g1/install/livox_ros_driver2/share/livox_ros_driver2/local_setup.bash
[66.831s] -- Symlinking: /home/unitree/imes-g1/install/livox_ros_driver2/share/livox_ros_driver2/local_setup.sh
[66.850s] -- Symlinking: /home/unitree/imes-g1/install/livox_ros_driver2/share/livox_ros_driver2/local_setup.zsh
[66.882s] -- Symlinking: /home/unitree/imes-g1/install/livox_ros_driver2/share/livox_ros_driver2/local_setup.dsv
[66.903s] -- Symlinking: /home/unitree/imes-g1/install/livox_ros_driver2/share/livox_ros_driver2/package.dsv
[66.927s] -- Symlinking: /home/unitree/imes-g1/install/livox_ros_driver2/share/ament_index/resource_index/packages/livox_ros_driver2
[66.955s] -- Symlinking: /home/unitree/imes-g1/install/livox_ros_driver2/share/ament_index/resource_index/rclcpp_components/livox_ros_driver2
[66.980s] -- Symlinking: /home/unitree/imes-g1/install/livox_ros_driver2/share/livox_ros_driver2/cmake/rosidl_cmake-extras.cmake
[67.007s] -- Symlinking: /home/unitree/imes-g1/install/livox_ros_driver2/share/livox_ros_driver2/cmake/ament_cmake_export_dependencies-extras.cmake
[67.031s] -- Symlinking: /home/unitree/imes-g1/install/livox_ros_driver2/share/livox_ros_driver2/cmake/ament_cmake_export_libraries-extras.cmake
[67.059s] -- Symlinking: /home/unitree/imes-g1/install/livox_ros_driver2/share/livox_ros_driver2/cmake/ament_cmake_export_targets-extras.cmake
[67.088s] -- Symlinking: /home/unitree/imes-g1/install/livox_ros_driver2/share/livox_ros_driver2/cmake/ament_cmake_export_include_directories-extras.cmake
[67.119s] -- Symlinking: /home/unitree/imes-g1/install/livox_ros_driver2/share/livox_ros_driver2/cmake/rosidl_cmake_export_typesupport_libraries-extras.cmake
[67.148s] -- Symlinking: /home/unitree/imes-g1/install/livox_ros_driver2/share/livox_ros_driver2/cmake/rosidl_cmake_export_typesupport_targets-extras.cmake
[67.174s] -- Symlinking: /home/unitree/imes-g1/install/livox_ros_driver2/share/livox_ros_driver2/cmake/livox_ros_driver2Config.cmake
[67.195s] -- Symlinking: /home/unitree/imes-g1/install/livox_ros_driver2/share/livox_ros_driver2/cmake/livox_ros_driver2Config-version.cmake
[67.215s] -- Symlinking: /home/unitree/imes-g1/install/livox_ros_driver2/share/livox_ros_driver2/package.xml
[67.242s] -- Installing: /home/unitree/imes-g1/install/livox_ros_driver2/lib/liblivox_ros_driver2__rosidl_generator_c.so
[67.243s] -- Set runtime path of "/home/unitree/imes-g1/install/livox_ros_driver2/lib/liblivox_ros_driver2__rosidl_generator_c.so" to ""
[67.243s] -- Installing: /home/unitree/imes-g1/install/livox_ros_driver2/lib/liblivox_ros_driver2__rosidl_typesupport_introspection_c.so
[67.243s] -- Set runtime path of "/home/unitree/imes-g1/install/livox_ros_driver2/lib/liblivox_ros_driver2__rosidl_typesupport_introspection_c.so" to ""
[67.244s] -- Installing: /home/unitree/imes-g1/install/livox_ros_driver2/lib/liblivox_ros_driver2__rosidl_typesupport_c.so
[67.244s] -- Set runtime path of "/home/unitree/imes-g1/install/livox_ros_driver2/lib/liblivox_ros_driver2__rosidl_typesupport_c.so" to ""
[67.244s] -- Installing: /home/unitree/imes-g1/install/livox_ros_driver2/lib/liblivox_ros_driver2__rosidl_typesupport_introspection_cpp.so
[67.245s] -- Set runtime path of "/home/unitree/imes-g1/install/livox_ros_driver2/lib/liblivox_ros_driver2__rosidl_typesupport_introspection_cpp.so" to ""
[67.245s] -- Installing: /home/unitree/imes-g1/install/livox_ros_driver2/lib/liblivox_ros_driver2__rosidl_typesupport_cpp.so
[67.245s] -- Set runtime path of "/home/unitree/imes-g1/install/livox_ros_driver2/lib/liblivox_ros_driver2__rosidl_typesupport_cpp.so" to ""
[67.410s] Compiling '/home/unitree/imes-g1/install/livox_ros_driver2/lib/python3.8/site-packages/livox_ros_driver2/__init__.py'...
[67.427s] -- Installing: /home/unitree/imes-g1/install/livox_ros_driver2/share/livox_ros_driver2/cmake/livox_interfaces2__rosidl_generator_cExport.cmake
[67.427s] -- Installing: /home/unitree/imes-g1/install/livox_ros_driver2/share/livox_ros_driver2/cmake/livox_interfaces2__rosidl_generator_cExport-noconfig.cmake
[67.427s] -- Installing: /home/unitree/imes-g1/install/livox_ros_driver2/share/livox_ros_driver2/cmake/livox_interfaces2__rosidl_typesupport_introspection_cExport.cmake
[67.427s] -- Installing: /home/unitree/imes-g1/install/livox_ros_driver2/share/livox_ros_driver2/cmake/livox_interfaces2__rosidl_typesupport_introspection_cExport-noconfig.cmake
[67.428s] -- Installing: /home/unitree/imes-g1/install/livox_ros_driver2/share/livox_ros_driver2/cmake/livox_interfaces2__rosidl_typesupport_cExport.cmake
[67.428s] -- Installing: /home/unitree/imes-g1/install/livox_ros_driver2/share/livox_ros_driver2/cmake/livox_interfaces2__rosidl_typesupport_cExport-noconfig.cmake
[67.428s] -- Installing: /home/unitree/imes-g1/install/livox_ros_driver2/share/livox_ros_driver2/cmake/livox_interfaces2__rosidl_generator_cppExport.cmake
[67.428s] -- Installing: /home/unitree/imes-g1/install/livox_ros_driver2/share/livox_ros_driver2/cmake/livox_interfaces2__rosidl_typesupport_introspection_cppExport.cmake
[67.428s] -- Installing: /home/unitree/imes-g1/install/livox_ros_driver2/share/livox_ros_driver2/cmake/livox_interfaces2__rosidl_typesupport_introspection_cppExport-noconfig.cmake
[67.428s] -- Installing: /home/unitree/imes-g1/install/livox_ros_driver2/share/livox_ros_driver2/cmake/livox_interfaces2__rosidl_typesupport_cppExport.cmake
[67.428s] -- Installing: /home/unitree/imes-g1/install/livox_ros_driver2/share/livox_ros_driver2/cmake/livox_interfaces2__rosidl_typesupport_cppExport-noconfig.cmake
[67.445s] Invoked command in '/home/unitree/imes-g1/build/livox_ros_driver2' returned '0': CMAKE_PREFIX_PATH=${CMAKE_PREFIX_PATH}:/opt/ros/foxy /home/unitree/.local/bin/cmake --install /home/unitree/imes-g1/build/livox_ros_driver2
