-- The C compiler identification is GNU 9.4.0
-- The CXX compiler identification is GNU 9.4.0
-- Detecting C compiler ABI info
-- Detecting C compiler ABI info - done
-- Check for working C compiler: /usr/bin/cc - skipped
-- Detecting C compile features
-- Detecting C compile features - done
-- Detecting CXX compiler ABI info
-- Detecting CXX compiler ABI info - done
-- Check for working CXX compiler: /usr/bin/c++ - skipped
-- Detecting CXX compile features
-- Detecting CXX compile features - done
-- Found ament_cmake: 0.9.12 (/opt/ros/foxy/share/ament_cmake/cmake)
-- Found PythonInterp: /usr/bin/python3 (found suitable version "3.8.10", minimum required is "3") 
-- Using PYTHON_EXECUTABLE: /usr/bin/python3
-- Override CMake install command with custom implementation using symlinks instead of copying resources
-- Configuring done
-- Generating done
-- Build files have been written to: /home/unitree/imes-g1/build/g1_viz
-- Install configuration: ""
-- Execute custom install script
-- Symlinking: /home/unitree/imes-g1/install/g1_viz/share/g1_viz/launch/view_robot.launch.py
-- Symlinking: /home/unitree/imes-g1/install/g1_viz/share/g1_viz/rviz/model.rviz
-- Symlinking: /home/unitree/imes-g1/install/g1_viz/share/g1_viz/rviz/robot.rviz
-- Symlinking: /home/unitree/imes-g1/install/g1_viz/share/ament_index/resource_index/package_run_dependencies/g1_viz
-- Symlinking: /home/unitree/imes-g1/install/g1_viz/share/ament_index/resource_index/parent_prefix_path/g1_viz
-- Symlinking: /home/unitree/imes-g1/install/g1_viz/share/g1_viz/environment/ament_prefix_path.sh
-- Symlinking: /home/unitree/imes-g1/install/g1_viz/share/g1_viz/environment/ament_prefix_path.dsv
-- Symlinking: /home/unitree/imes-g1/install/g1_viz/share/g1_viz/environment/path.sh
-- Symlinking: /home/unitree/imes-g1/install/g1_viz/share/g1_viz/environment/path.dsv
-- Symlinking: /home/unitree/imes-g1/install/g1_viz/share/g1_viz/local_setup.bash
-- Symlinking: /home/unitree/imes-g1/install/g1_viz/share/g1_viz/local_setup.sh
-- Symlinking: /home/unitree/imes-g1/install/g1_viz/share/g1_viz/local_setup.zsh
-- Symlinking: /home/unitree/imes-g1/install/g1_viz/share/g1_viz/local_setup.dsv
-- Symlinking: /home/unitree/imes-g1/install/g1_viz/share/g1_viz/package.dsv
-- Symlinking: /home/unitree/imes-g1/install/g1_viz/share/ament_index/resource_index/packages/g1_viz
-- Symlinking: /home/unitree/imes-g1/install/g1_viz/share/g1_viz/cmake/g1_vizConfig.cmake
-- Symlinking: /home/unitree/imes-g1/install/g1_viz/share/g1_viz/cmake/g1_vizConfig-version.cmake
-- Symlinking: /home/unitree/imes-g1/install/g1_viz/share/g1_viz/package.xml
