-- Found ament_cmake: 0.9.12 (/opt/ros/foxy/share/ament_cmake/cmake)
-- Using PYTHON_EXECUTABLE: /usr/bin/python3
-- Override CMake install command with custom implementation using symlinks instead of copying resources
-- Found ament_lint_auto: 0.9.8 (/opt/ros/foxy/share/ament_lint_auto/cmake)
-- Added test 'copyright' to check source files copyright and LICENSE
-- Added test 'flake8' to check Python code syntax and style conventions
-- Added test 'lint_cmake' to check CMake code style
-- Added test 'pep257' to check Python code against some of the style conventions in PEP 257
-- Added test 'xmllint' to check XML markup files
-- Configuring done
-- Generating done
-- Build files have been written to: /home/unitree/imes-g1/build/g1_depth_camera
-- Install configuration: ""
-- Execute custom install script
-- Up-to-date symlink: /home/unitree/imes-g1/install/g1_depth_camera/share/ament_index/resource_index/package_run_dependencies/g1_depth_camera
-- Up-to-date symlink: /home/unitree/imes-g1/install/g1_depth_camera/share/ament_index/resource_index/parent_prefix_path/g1_depth_camera
-- Up-to-date symlink: /home/unitree/imes-g1/install/g1_depth_camera/share/g1_depth_camera/environment/ament_prefix_path.sh
-- Up-to-date symlink: /home/unitree/imes-g1/install/g1_depth_camera/share/g1_depth_camera/environment/ament_prefix_path.dsv
-- Up-to-date symlink: /home/unitree/imes-g1/install/g1_depth_camera/share/g1_depth_camera/environment/path.sh
-- Up-to-date symlink: /home/unitree/imes-g1/install/g1_depth_camera/share/g1_depth_camera/environment/path.dsv
-- Up-to-date symlink: /home/unitree/imes-g1/install/g1_depth_camera/share/g1_depth_camera/local_setup.bash
-- Up-to-date symlink: /home/unitree/imes-g1/install/g1_depth_camera/share/g1_depth_camera/local_setup.sh
-- Up-to-date symlink: /home/unitree/imes-g1/install/g1_depth_camera/share/g1_depth_camera/local_setup.zsh
-- Up-to-date symlink: /home/unitree/imes-g1/install/g1_depth_camera/share/g1_depth_camera/local_setup.dsv
-- Symlinking: /home/unitree/imes-g1/install/g1_depth_camera/share/g1_depth_camera/package.dsv
-- Up-to-date symlink: /home/unitree/imes-g1/install/g1_depth_camera/share/ament_index/resource_index/packages/g1_depth_camera
-- Up-to-date symlink: /home/unitree/imes-g1/install/g1_depth_camera/share/g1_depth_camera/cmake/g1_depth_cameraConfig.cmake
-- Up-to-date symlink: /home/unitree/imes-g1/install/g1_depth_camera/share/g1_depth_camera/cmake/g1_depth_cameraConfig-version.cmake
-- Up-to-date symlink: /home/unitree/imes-g1/install/g1_depth_camera/share/g1_depth_camera/package.xml
-- Up-to-date symlink: /home/unitree/imes-g1/install/g1_depth_camera/share/g1_depth_camera/config/realsense_i.yaml
-- Up-to-date symlink: /home/unitree/imes-g1/install/g1_depth_camera/share/g1_depth_camera/launch/include/realsense_i.launch.py
-- Up-to-date symlink: /home/unitree/imes-g1/install/g1_depth_camera/share/g1_depth_camera/launch/system.launch.py
