[0.096s] Invoking command in '/home/unitree/imes-g1/build/g1_depth_camera': CMAKE_PREFIX_PATH=${CMAKE_PREFIX_PATH}:/opt/ros/foxy /home/unitree/.local/bin/cmake /home/unitree/imes-g1/src/ros/g1_depth_camera -DCMAKE_INSTALL_PREFIX=/home/unitree/imes-g1/install/g1_depth_camera
[0.834s] -- Found ament_cmake: 0.9.12 (/opt/ros/foxy/share/ament_cmake/cmake)
[0.834s] -- Using PYTHON_EXECUTABLE: /usr/bin/python3
[0.834s] -- Override CMake install command with custom implementation using symlinks instead of copying resources
[0.835s] -- Found ament_lint_auto: 0.9.8 (/opt/ros/foxy/share/ament_lint_auto/cmake)
[0.835s] -- Added test 'copyright' to check source files copyright and LICENSE
[0.835s] -- Added test 'flake8' to check Python code syntax and style conventions
[0.835s] -- Added test 'lint_cmake' to check CMake code style
[0.835s] -- Added test 'pep257' to check Python code against some of the style conventions in PEP 257
[0.842s] -- Added test 'xmllint' to check XML markup files
[0.843s] -- Configuring done
[0.851s] -- Generating done
[0.855s] -- Build files have been written to: /home/unitree/imes-g1/build/g1_depth_camera
[0.875s] Invoked command in '/home/unitree/imes-g1/build/g1_depth_camera' returned '0': CMAKE_PREFIX_PATH=${CMAKE_PREFIX_PATH}:/opt/ros/foxy /home/unitree/.local/bin/cmake /home/unitree/imes-g1/src/ros/g1_depth_camera -DCMAKE_INSTALL_PREFIX=/home/unitree/imes-g1/install/g1_depth_camera
[0.877s] Invoking command in '/home/unitree/imes-g1/build/g1_depth_camera': CMAKE_PREFIX_PATH=${CMAKE_PREFIX_PATH}:/opt/ros/foxy /home/unitree/.local/bin/cmake --build /home/unitree/imes-g1/build/g1_depth_camera -- -j8 -l8
[1.032s] Invoked command in '/home/unitree/imes-g1/build/g1_depth_camera' returned '0': CMAKE_PREFIX_PATH=${CMAKE_PREFIX_PATH}:/opt/ros/foxy /home/unitree/.local/bin/cmake --build /home/unitree/imes-g1/build/g1_depth_camera -- -j8 -l8
[1.038s] Invoking command in '/home/unitree/imes-g1/build/g1_depth_camera': CMAKE_PREFIX_PATH=${CMAKE_PREFIX_PATH}:/opt/ros/foxy /home/unitree/.local/bin/cmake --install /home/unitree/imes-g1/build/g1_depth_camera
[1.172s] -- Install configuration: ""
[1.172s] -- Execute custom install script
[1.172s] -- Up-to-date symlink: /home/unitree/imes-g1/install/g1_depth_camera/share/ament_index/resource_index/package_run_dependencies/g1_depth_camera
[1.172s] -- Up-to-date symlink: /home/unitree/imes-g1/install/g1_depth_camera/share/ament_index/resource_index/parent_prefix_path/g1_depth_camera
[1.173s] -- Up-to-date symlink: /home/unitree/imes-g1/install/g1_depth_camera/share/g1_depth_camera/environment/ament_prefix_path.sh
[1.173s] -- Up-to-date symlink: /home/unitree/imes-g1/install/g1_depth_camera/share/g1_depth_camera/environment/ament_prefix_path.dsv
[1.173s] -- Up-to-date symlink: /home/unitree/imes-g1/install/g1_depth_camera/share/g1_depth_camera/environment/path.sh
[1.173s] -- Up-to-date symlink: /home/unitree/imes-g1/install/g1_depth_camera/share/g1_depth_camera/environment/path.dsv
[1.173s] -- Up-to-date symlink: /home/unitree/imes-g1/install/g1_depth_camera/share/g1_depth_camera/local_setup.bash
[1.173s] -- Up-to-date symlink: /home/unitree/imes-g1/install/g1_depth_camera/share/g1_depth_camera/local_setup.sh
[1.173s] -- Up-to-date symlink: /home/unitree/imes-g1/install/g1_depth_camera/share/g1_depth_camera/local_setup.zsh
[1.173s] -- Up-to-date symlink: /home/unitree/imes-g1/install/g1_depth_camera/share/g1_depth_camera/local_setup.dsv
[1.173s] -- Symlinking: /home/unitree/imes-g1/install/g1_depth_camera/share/g1_depth_camera/package.dsv
[1.173s] -- Up-to-date symlink: /home/unitree/imes-g1/install/g1_depth_camera/share/ament_index/resource_index/packages/g1_depth_camera
[1.174s] -- Up-to-date symlink: /home/unitree/imes-g1/install/g1_depth_camera/share/g1_depth_camera/cmake/g1_depth_cameraConfig.cmake
[1.174s] -- Up-to-date symlink: /home/unitree/imes-g1/install/g1_depth_camera/share/g1_depth_camera/cmake/g1_depth_cameraConfig-version.cmake
[1.174s] -- Up-to-date symlink: /home/unitree/imes-g1/install/g1_depth_camera/share/g1_depth_camera/package.xml
[1.175s] -- Up-to-date symlink: /home/unitree/imes-g1/install/g1_depth_camera/share/g1_depth_camera/config/realsense_i.yaml
[1.177s] -- Up-to-date symlink: /home/unitree/imes-g1/install/g1_depth_camera/share/g1_depth_camera/launch/include/realsense_i.launch.py
[1.177s] -- Up-to-date symlink: /home/unitree/imes-g1/install/g1_depth_camera/share/g1_depth_camera/launch/system.launch.py
[1.222s] Invoked command in '/home/unitree/imes-g1/build/g1_depth_camera' returned '0': CMAKE_PREFIX_PATH=${CMAKE_PREFIX_PATH}:/opt/ros/foxy /home/unitree/.local/bin/cmake --install /home/unitree/imes-g1/build/g1_depth_camera
