-- Install configuration: ""
-- Execute custom install script
-- Up-to-date symlink: /home/unitree/imes-g1/install/g1_description/share/g1_description/launch/g1_23_description.launch.py
-- Up-to-date symlink: /home/unitree/imes-g1/install/g1_description/share/g1_description/launch/g1_29_description.launch.py
-- Up-to-date symlink: /home/unitree/imes-g1/install/g1_description/share/g1_description/launch/view_robot.launch.py
-- Up-to-date symlink: /home/unitree/imes-g1/install/g1_description/share/g1_description/meshes/dex_3/left_hand_index_0_link.STL
-- Up-to-date symlink: /home/unitree/imes-g1/install/g1_description/share/g1_description/meshes/dex_3/left_hand_index_1_link.STL
-- Up-to-date symlink: /home/unitree/imes-g1/install/g1_description/share/g1_description/meshes/dex_3/left_hand_middle_0_link.STL
-- Up-to-date symlink: /home/unitree/imes-g1/install/g1_description/share/g1_description/meshes/dex_3/left_hand_middle_1_link.STL
-- Up-to-date symlink: /home/unitree/imes-g1/install/g1_description/share/g1_description/meshes/dex_3/left_hand_palm_link.STL
-- Up-to-date symlink: /home/unitree/imes-g1/install/g1_description/share/g1_description/meshes/dex_3/left_hand_thumb_0_link.STL
-- Up-to-date symlink: /home/unitree/imes-g1/install/g1_description/share/g1_description/meshes/dex_3/left_hand_thumb_1_link.STL
-- Up-to-date symlink: /home/unitree/imes-g1/install/g1_description/share/g1_description/meshes/dex_3/left_hand_thumb_2_link.STL
-- Up-to-date symlink: /home/unitree/imes-g1/install/g1_description/share/g1_description/meshes/dex_3/right_hand_index_0_link.STL
-- Up-to-date symlink: /home/unitree/imes-g1/install/g1_description/share/g1_description/meshes/dex_3/right_hand_index_1_link.STL
-- Up-to-date symlink: /home/unitree/imes-g1/install/g1_description/share/g1_description/meshes/dex_3/right_hand_middle_0_link.STL
-- Up-to-date symlink: /home/unitree/imes-g1/install/g1_description/share/g1_description/meshes/dex_3/right_hand_middle_1_link.STL
-- Up-to-date symlink: /home/unitree/imes-g1/install/g1_description/share/g1_description/meshes/dex_3/right_hand_palm_link.STL
-- Up-to-date symlink: /home/unitree/imes-g1/install/g1_description/share/g1_description/meshes/dex_3/right_hand_thumb_0_link.STL
-- Up-to-date symlink: /home/unitree/imes-g1/install/g1_description/share/g1_description/meshes/dex_3/right_hand_thumb_1_link.STL
-- Up-to-date symlink: /home/unitree/imes-g1/install/g1_description/share/g1_description/meshes/dex_3/right_hand_thumb_2_link.STL
-- Up-to-date symlink: /home/unitree/imes-g1/install/g1_description/share/g1_description/meshes/g1/head_link.STL
-- Up-to-date symlink: /home/unitree/imes-g1/install/g1_description/share/g1_description/meshes/g1/left_ankle_pitch_link.STL
-- Up-to-date symlink: /home/unitree/imes-g1/install/g1_description/share/g1_description/meshes/g1/left_ankle_roll_link.STL
-- Up-to-date symlink: /home/unitree/imes-g1/install/g1_description/share/g1_description/meshes/g1/left_elbow_link.STL
-- Up-to-date symlink: /home/unitree/imes-g1/install/g1_description/share/g1_description/meshes/g1/left_hand_index_0_link.STL
-- Up-to-date symlink: /home/unitree/imes-g1/install/g1_description/share/g1_description/meshes/g1/left_hand_index_1_link.STL
-- Up-to-date symlink: /home/unitree/imes-g1/install/g1_description/share/g1_description/meshes/g1/left_hand_middle_0_link.STL
-- Up-to-date symlink: /home/unitree/imes-g1/install/g1_description/share/g1_description/meshes/g1/left_hand_middle_1_link.STL
-- Up-to-date symlink: /home/unitree/imes-g1/install/g1_description/share/g1_description/meshes/g1/left_hand_palm_link.STL
-- Up-to-date symlink: /home/unitree/imes-g1/install/g1_description/share/g1_description/meshes/g1/left_hand_thumb_0_link.STL
-- Up-to-date symlink: /home/unitree/imes-g1/install/g1_description/share/g1_description/meshes/g1/left_hand_thumb_1_link.STL
-- Up-to-date symlink: /home/unitree/imes-g1/install/g1_description/share/g1_description/meshes/g1/left_hand_thumb_2_link.STL
-- Up-to-date symlink: /home/unitree/imes-g1/install/g1_description/share/g1_description/meshes/g1/left_hip_pitch_link.STL
-- Up-to-date symlink: /home/unitree/imes-g1/install/g1_description/share/g1_description/meshes/g1/left_hip_roll_link.STL
-- Up-to-date symlink: /home/unitree/imes-g1/install/g1_description/share/g1_description/meshes/g1/left_hip_yaw_link.STL
-- Up-to-date symlink: /home/unitree/imes-g1/install/g1_description/share/g1_description/meshes/g1/left_knee_link.STL
-- Up-to-date symlink: /home/unitree/imes-g1/install/g1_description/share/g1_description/meshes/g1/left_rubber_hand.STL
-- Up-to-date symlink: /home/unitree/imes-g1/install/g1_description/share/g1_description/meshes/g1/left_shoulder_pitch_link.STL
-- Up-to-date symlink: /home/unitree/imes-g1/install/g1_description/share/g1_description/meshes/g1/left_shoulder_roll_link.STL
-- Up-to-date symlink: /home/unitree/imes-g1/install/g1_description/share/g1_description/meshes/g1/left_shoulder_yaw_link.STL
-- Up-to-date symlink: /home/unitree/imes-g1/install/g1_description/share/g1_description/meshes/g1/left_wrist_pitch_link.STL
-- Up-to-date symlink: /home/unitree/imes-g1/install/g1_description/share/g1_description/meshes/g1/left_wrist_roll_link.STL
-- Up-to-date symlink: /home/unitree/imes-g1/install/g1_description/share/g1_description/meshes/g1/left_wrist_roll_rubber_hand.STL
-- Up-to-date symlink: /home/unitree/imes-g1/install/g1_description/share/g1_description/meshes/g1/left_wrist_yaw_link.STL
-- Up-to-date symlink: /home/unitree/imes-g1/install/g1_description/share/g1_description/meshes/g1/logo_link.STL
-- Up-to-date symlink: /home/unitree/imes-g1/install/g1_description/share/g1_description/meshes/g1/pelvis.STL
-- Up-to-date symlink: /home/unitree/imes-g1/install/g1_description/share/g1_description/meshes/g1/pelvis_contour_link.STL
-- Up-to-date symlink: /home/unitree/imes-g1/install/g1_description/share/g1_description/meshes/g1/right_ankle_pitch_link.STL
-- Up-to-date symlink: /home/unitree/imes-g1/install/g1_description/share/g1_description/meshes/g1/right_ankle_roll_link.STL
-- Up-to-date symlink: /home/unitree/imes-g1/install/g1_description/share/g1_description/meshes/g1/right_elbow_link.STL
-- Up-to-date symlink: /home/unitree/imes-g1/install/g1_description/share/g1_description/meshes/g1/right_hand_index_0_link.STL
-- Up-to-date symlink: /home/unitree/imes-g1/install/g1_description/share/g1_description/meshes/g1/right_hand_index_1_link.STL
-- Up-to-date symlink: /home/unitree/imes-g1/install/g1_description/share/g1_description/meshes/g1/right_hand_middle_0_link.STL
-- Up-to-date symlink: /home/unitree/imes-g1/install/g1_description/share/g1_description/meshes/g1/right_hand_middle_1_link.STL
-- Up-to-date symlink: /home/unitree/imes-g1/install/g1_description/share/g1_description/meshes/g1/right_hand_palm_link.STL
-- Up-to-date symlink: /home/unitree/imes-g1/install/g1_description/share/g1_description/meshes/g1/right_hand_thumb_0_link.STL
-- Up-to-date symlink: /home/unitree/imes-g1/install/g1_description/share/g1_description/meshes/g1/right_hand_thumb_1_link.STL
-- Up-to-date symlink: /home/unitree/imes-g1/install/g1_description/share/g1_description/meshes/g1/right_hand_thumb_2_link.STL
-- Up-to-date symlink: /home/unitree/imes-g1/install/g1_description/share/g1_description/meshes/g1/right_hip_pitch_link.STL
-- Up-to-date symlink: /home/unitree/imes-g1/install/g1_description/share/g1_description/meshes/g1/right_hip_roll_link.STL
-- Up-to-date symlink: /home/unitree/imes-g1/install/g1_description/share/g1_description/meshes/g1/right_hip_yaw_link.STL
-- Up-to-date symlink: /home/unitree/imes-g1/install/g1_description/share/g1_description/meshes/g1/right_knee_link.STL
-- Up-to-date symlink: /home/unitree/imes-g1/install/g1_description/share/g1_description/meshes/g1/right_rubber_hand.STL
-- Up-to-date symlink: /home/unitree/imes-g1/install/g1_description/share/g1_description/meshes/g1/right_shoulder_pitch_link.STL
-- Up-to-date symlink: /home/unitree/imes-g1/install/g1_description/share/g1_description/meshes/g1/right_shoulder_roll_link.STL
-- Up-to-date symlink: /home/unitree/imes-g1/install/g1_description/share/g1_description/meshes/g1/right_shoulder_yaw_link.STL
-- Up-to-date symlink: /home/unitree/imes-g1/install/g1_description/share/g1_description/meshes/g1/right_wrist_pitch_link.STL
-- Up-to-date symlink: /home/unitree/imes-g1/install/g1_description/share/g1_description/meshes/g1/right_wrist_roll_link.STL
-- Up-to-date symlink: /home/unitree/imes-g1/install/g1_description/share/g1_description/meshes/g1/right_wrist_roll_rubber_hand.STL
-- Up-to-date symlink: /home/unitree/imes-g1/install/g1_description/share/g1_description/meshes/g1/right_wrist_yaw_link.STL
-- Up-to-date symlink: /home/unitree/imes-g1/install/g1_description/share/g1_description/meshes/g1/torso_constraint_L_link.STL
-- Up-to-date symlink: /home/unitree/imes-g1/install/g1_description/share/g1_description/meshes/g1/torso_constraint_L_rod_link.STL
-- Up-to-date symlink: /home/unitree/imes-g1/install/g1_description/share/g1_description/meshes/g1/torso_constraint_R_link.STL
-- Up-to-date symlink: /home/unitree/imes-g1/install/g1_description/share/g1_description/meshes/g1/torso_constraint_R_rod_link.STL
-- Up-to-date symlink: /home/unitree/imes-g1/install/g1_description/share/g1_description/meshes/g1/torso_link.STL
-- Up-to-date symlink: /home/unitree/imes-g1/install/g1_description/share/g1_description/meshes/g1/torso_link_23dof_rev_1_0.STL
-- Up-to-date symlink: /home/unitree/imes-g1/install/g1_description/share/g1_description/meshes/g1/torso_link_rev_1_0.STL
-- Up-to-date symlink: /home/unitree/imes-g1/install/g1_description/share/g1_description/meshes/g1/waist_constraint_L.STL
-- Up-to-date symlink: /home/unitree/imes-g1/install/g1_description/share/g1_description/meshes/g1/waist_constraint_R.STL
-- Up-to-date symlink: /home/unitree/imes-g1/install/g1_description/share/g1_description/meshes/g1/waist_roll_link.STL
-- Up-to-date symlink: /home/unitree/imes-g1/install/g1_description/share/g1_description/meshes/g1/waist_roll_link_rev_1_0.STL
-- Up-to-date symlink: /home/unitree/imes-g1/install/g1_description/share/g1_description/meshes/g1/waist_support_link.STL
-- Up-to-date symlink: /home/unitree/imes-g1/install/g1_description/share/g1_description/meshes/g1/waist_yaw_link.STL
-- Up-to-date symlink: /home/unitree/imes-g1/install/g1_description/share/g1_description/meshes/g1/waist_yaw_link_rev_1_0.STL
-- Up-to-date symlink: /home/unitree/imes-g1/install/g1_description/share/g1_description/xacro/accessories.xacro
-- Up-to-date symlink: /home/unitree/imes-g1/install/g1_description/share/g1_description/xacro/g1/dex3_1_l.urdf
-- Up-to-date symlink: /home/unitree/imes-g1/install/g1_description/share/g1_description/xacro/g1/dex3_1_r.urdf
-- Up-to-date symlink: /home/unitree/imes-g1/install/g1_description/share/g1_description/xacro/g1/g1_23dof.urdf
-- Up-to-date symlink: /home/unitree/imes-g1/install/g1_description/share/g1_description/xacro/g1/g1_23dof_rev_1_0.urdf
-- Up-to-date symlink: /home/unitree/imes-g1/install/g1_description/share/g1_description/xacro/g1/g1_29dof.urdf
-- Up-to-date symlink: /home/unitree/imes-g1/install/g1_description/share/g1_description/xacro/g1/g1_29dof_lock_waist.urdf
-- Up-to-date symlink: /home/unitree/imes-g1/install/g1_description/share/g1_description/xacro/g1/g1_29dof_lock_waist_rev_1_0.urdf
-- Up-to-date symlink: /home/unitree/imes-g1/install/g1_description/share/g1_description/xacro/g1/g1_29dof_rev_1_0.urdf
-- Up-to-date symlink: /home/unitree/imes-g1/install/g1_description/share/g1_description/xacro/g1/g1_29dof_with_hand.urdf
-- Up-to-date symlink: /home/unitree/imes-g1/install/g1_description/share/g1_description/xacro/g1/g1_29dof_with_hand_rev_1_0.urdf
-- Up-to-date symlink: /home/unitree/imes-g1/install/g1_description/share/g1_description/xacro/g1/g1_arm.ros2_control.xacro
-- Up-to-date symlink: /home/unitree/imes-g1/install/g1_description/share/g1_description/xacro/g1/g1_dual_arm.urdf
-- Up-to-date symlink: /home/unitree/imes-g1/install/g1_description/share/g1_description/xacro/g1_23.xacro
-- Up-to-date symlink: /home/unitree/imes-g1/install/g1_description/share/g1_description/xacro/g1_29.xacro
-- Up-to-date symlink: /home/unitree/imes-g1/install/g1_description/share/ament_index/resource_index/package_run_dependencies/g1_description
-- Up-to-date symlink: /home/unitree/imes-g1/install/g1_description/share/ament_index/resource_index/parent_prefix_path/g1_description
-- Up-to-date symlink: /home/unitree/imes-g1/install/g1_description/share/g1_description/environment/ament_prefix_path.sh
-- Up-to-date symlink: /home/unitree/imes-g1/install/g1_description/share/g1_description/environment/ament_prefix_path.dsv
-- Up-to-date symlink: /home/unitree/imes-g1/install/g1_description/share/g1_description/environment/path.sh
-- Up-to-date symlink: /home/unitree/imes-g1/install/g1_description/share/g1_description/environment/path.dsv
-- Up-to-date symlink: /home/unitree/imes-g1/install/g1_description/share/g1_description/local_setup.bash
-- Up-to-date symlink: /home/unitree/imes-g1/install/g1_description/share/g1_description/local_setup.sh
-- Up-to-date symlink: /home/unitree/imes-g1/install/g1_description/share/g1_description/local_setup.zsh
-- Up-to-date symlink: /home/unitree/imes-g1/install/g1_description/share/g1_description/local_setup.dsv
-- Symlinking: /home/unitree/imes-g1/install/g1_description/share/g1_description/package.dsv
-- Up-to-date symlink: /home/unitree/imes-g1/install/g1_description/share/ament_index/resource_index/packages/g1_description
-- Up-to-date symlink: /home/unitree/imes-g1/install/g1_description/share/g1_description/cmake/ament_cmake_export_dependencies-extras.cmake
-- Up-to-date symlink: /home/unitree/imes-g1/install/g1_description/share/g1_description/cmake/g1_descriptionConfig.cmake
-- Up-to-date symlink: /home/unitree/imes-g1/install/g1_description/share/g1_description/cmake/g1_descriptionConfig-version.cmake
-- Up-to-date symlink: /home/unitree/imes-g1/install/g1_description/share/g1_description/package.xml
