[0.021s] Invoking command in '/root/ros2_ws/imes-g1/src/ros/g1_platform/build/g1_platform': CMAKE_PREFIX_PATH=/opt/ros/foxy /usr/bin/cmake /root/ros2_ws/imes-g1/src/ros/g1_platform -DCMAKE_INSTALL_PREFIX=/root/ros2_ws/imes-g1/src/ros/g1_platform/install/g1_platform
[0.347s] -- The C compiler identification is GNU 9.4.0
[0.427s] -- The CXX compiler identification is GNU 9.4.0
[0.434s] -- Check for working C compiler: /usr/bin/cc
[0.502s] -- Check for working C compiler: /usr/bin/cc -- works
[0.504s] -- Detecting C compiler ABI info
[0.572s] -- Detecting C compiler ABI info - done
[0.583s] -- Detecting C compile features
[0.584s] -- Detecting C compile features - done
[0.586s] -- Check for working CXX compiler: /usr/bin/c++
[0.665s] -- Check for working CXX compiler: /usr/bin/c++ -- works
[0.666s] -- Detecting CXX compiler ABI info
[0.808s] -- Detecting CXX compiler ABI info - done
[0.822s] -- Detecting CXX compile features
[0.823s] -- Detecting CXX compile features - done
[0.829s] -- Found ament_cmake: 0.9.12 (/opt/ros/foxy/share/ament_cmake/cmake)
[0.850s] -- Found PythonInterp: /usr/bin/python3 (found suitable version "3.8.10", minimum required is "3") 
[0.850s] -- Using PYTHON_EXECUTABLE: /usr/bin/python3
[0.989s] -- Found rclcpp: 2.4.3 (/opt/ros/foxy/share/rclcpp/cmake)
[1.033s] -- Using all available rosidl_typesupport_c: rosidl_typesupport_fastrtps_c;rosidl_typesupport_introspection_c
[1.038s] -- Found rosidl_adapter: 1.3.1 (/opt/ros/foxy/share/rosidl_adapter/cmake)
[1.111s] -- Found OpenSSL: /usr/lib/x86_64-linux-gnu/libcrypto.so (found version "1.1.1f")  
[1.128s] -- Found FastRTPS: /opt/ros/foxy/include  
[1.189s] -- Using all available rosidl_typesupport_cpp: rosidl_typesupport_fastrtps_cpp;rosidl_typesupport_introspection_cpp
[1.246s] -- Found rmw_implementation_cmake: 1.0.4 (/opt/ros/foxy/share/rmw_implementation_cmake/cmake)
[1.248s] -- Using RMW implementation 'rmw_fastrtps_cpp' as default
[1.251s] -- Looking for pthread.h
[1.336s] -- Looking for pthread.h - found
[1.337s] -- Performing Test CMAKE_HAVE_LIBC_PTHREAD
[1.410s] -- Performing Test CMAKE_HAVE_LIBC_PTHREAD - Failed
[1.410s] -- Looking for pthread_create in pthreads
[1.469s] -- Looking for pthread_create in pthreads - not found
[1.469s] -- Looking for pthread_create in pthread
[1.540s] -- Looking for pthread_create in pthread - found
[1.541s] -- Found Threads: TRUE  
[1.761s] -- Found rclpy: 1.0.13 (/opt/ros/foxy/share/rclpy/cmake)
[1.761s] -- Found rclcpp_action: 2.4.3 (/opt/ros/foxy/share/rclcpp_action/cmake)
[1.847s] CMake Error at CMakeLists.txt:20 (find_package):
[1.847s]   By not providing "Findcontrol_msgs.cmake" in CMAKE_MODULE_PATH this project
[1.847s]   has asked CMake to find a package configuration file provided by
[1.847s]   "control_msgs", but CMake did not find one.
[1.847s] 
[1.847s]   Could not find a package configuration file provided by "control_msgs" with
[1.847s]   any of the following names:
[1.847s] 
[1.847s]     control_msgsConfig.cmake
[1.847s]     control_msgs-config.cmake
[1.847s] 
[1.847s]   Add the installation prefix of "control_msgs" to CMAKE_PREFIX_PATH or set
[1.847s]   "control_msgs_DIR" to a directory containing one of the above files.  If
[1.848s]   "control_msgs" provides a separate development package or SDK, be sure it
[1.848s]   has been installed.
[1.848s] 
[1.848s] 
[1.849s] -- Configuring incomplete, errors occurred!
[1.849s] See also "/root/ros2_ws/imes-g1/src/ros/g1_platform/build/g1_platform/CMakeFiles/CMakeOutput.log".
[1.849s] See also "/root/ros2_ws/imes-g1/src/ros/g1_platform/build/g1_platform/CMakeFiles/CMakeError.log".
[1.856s] Invoked command in '/root/ros2_ws/imes-g1/src/ros/g1_platform/build/g1_platform' returned '1': CMAKE_PREFIX_PATH=/opt/ros/foxy /usr/bin/cmake /root/ros2_ws/imes-g1/src/ros/g1_platform -DCMAKE_INSTALL_PREFIX=/root/ros2_ws/imes-g1/src/ros/g1_platform/install/g1_platform
