[0.259s] Invoking command in '/home/unitree/imes-g1/build/g1_lidar': CMAKE_PREFIX_PATH=${CMAKE_PREFIX_PATH}:/opt/ros/foxy /home/unitree/.local/bin/cmake --build /home/unitree/imes-g1/build/g1_lidar -- -j8 -l8
[0.478s] Invoked command in '/home/unitree/imes-g1/build/g1_lidar' returned '0': CMAKE_PREFIX_PATH=${CMAKE_PREFIX_PATH}:/opt/ros/foxy /home/unitree/.local/bin/cmake --build /home/unitree/imes-g1/build/g1_lidar -- -j8 -l8
[0.482s] Invoking command in '/home/unitree/imes-g1/build/g1_lidar': CMAKE_PREFIX_PATH=${CMAKE_PREFIX_PATH}:/opt/ros/foxy /home/unitree/.local/bin/cmake --install /home/unitree/imes-g1/build/g1_lidar
[0.553s] -- Install configuration: ""
[0.553s] -- Execute custom install script
[0.553s] -- Up-to-date symlink: /home/unitree/imes-g1/install/g1_lidar/share/ament_index/resource_index/package_run_dependencies/g1_lidar
[0.553s] -- Up-to-date symlink: /home/unitree/imes-g1/install/g1_lidar/share/ament_index/resource_index/parent_prefix_path/g1_lidar
[0.553s] -- Up-to-date symlink: /home/unitree/imes-g1/install/g1_lidar/share/g1_lidar/environment/ament_prefix_path.sh
[0.553s] -- Up-to-date symlink: /home/unitree/imes-g1/install/g1_lidar/share/g1_lidar/environment/ament_prefix_path.dsv
[0.553s] -- Up-to-date symlink: /home/unitree/imes-g1/install/g1_lidar/share/g1_lidar/environment/path.sh
[0.553s] -- Up-to-date symlink: /home/unitree/imes-g1/install/g1_lidar/share/g1_lidar/environment/path.dsv
[0.553s] -- Up-to-date symlink: /home/unitree/imes-g1/install/g1_lidar/share/g1_lidar/local_setup.bash
[0.553s] -- Up-to-date symlink: /home/unitree/imes-g1/install/g1_lidar/share/g1_lidar/local_setup.sh
[0.555s] -- Up-to-date symlink: /home/unitree/imes-g1/install/g1_lidar/share/g1_lidar/local_setup.zsh
[0.556s] -- Up-to-date symlink: /home/unitree/imes-g1/install/g1_lidar/share/g1_lidar/local_setup.dsv
[0.557s] -- Symlinking: /home/unitree/imes-g1/install/g1_lidar/share/g1_lidar/package.dsv
[0.558s] -- Up-to-date symlink: /home/unitree/imes-g1/install/g1_lidar/share/ament_index/resource_index/packages/g1_lidar
[0.558s] -- Up-to-date symlink: /home/unitree/imes-g1/install/g1_lidar/share/g1_lidar/cmake/g1_lidarConfig.cmake
[0.558s] -- Up-to-date symlink: /home/unitree/imes-g1/install/g1_lidar/share/g1_lidar/cmake/g1_lidarConfig-version.cmake
[0.558s] -- Up-to-date symlink: /home/unitree/imes-g1/install/g1_lidar/share/g1_lidar/package.xml
[0.559s] -- Up-to-date symlink: /home/unitree/imes-g1/install/g1_lidar/share/g1_lidar/config/fast_lio.yaml
[0.559s] -- Up-to-date symlink: /home/unitree/imes-g1/install/g1_lidar/share/g1_lidar/config/kiss_icp.yaml
[0.560s] -- Up-to-date symlink: /home/unitree/imes-g1/install/g1_lidar/share/g1_lidar/config/livox_mid360.json
[0.560s] -- Up-to-date symlink: /home/unitree/imes-g1/install/g1_lidar/share/g1_lidar/launch/2d_scanner.launch.py
[0.560s] -- Up-to-date symlink: /home/unitree/imes-g1/install/g1_lidar/share/g1_lidar/launch/fast_lio_odom.launch.py
[0.561s] -- Up-to-date symlink: /home/unitree/imes-g1/install/g1_lidar/share/g1_lidar/launch/kiss_lio.launch.py
[0.566s] -- Up-to-date symlink: /home/unitree/imes-g1/install/g1_lidar/share/g1_lidar/launch/livox_mid360.launch.py
[0.635s] Invoked command in '/home/unitree/imes-g1/build/g1_lidar' returned '0': CMAKE_PREFIX_PATH=${CMAKE_PREFIX_PATH}:/opt/ros/foxy /home/unitree/.local/bin/cmake --install /home/unitree/imes-g1/build/g1_lidar
