[0.087s] Invoking command in '/home/unitree/imes-g1/build/kiss_icp': CMAKE_PREFIX_PATH=${CMAKE_PREFIX_PATH}:/opt/ros/foxy /home/unitree/.local/bin/cmake --build /home/unitree/imes-g1/build/kiss_icp -- -j8 -l8
[0.203s] [ 14%] Built target kiss_icp_metrics
[0.204s] [ 28%] Built target kiss_icp_node
[0.205s] [ 71%] Built target kiss_icp_core
[0.231s] [ 85%] Built target kiss_icp_pipeline
[0.254s] [100%] Built target odometry_component
[0.502s] Invoked command in '/home/unitree/imes-g1/build/kiss_icp' returned '0': CMAKE_PREFIX_PATH=${CMAKE_PREFIX_PATH}:/opt/ros/foxy /home/unitree/.local/bin/cmake --build /home/unitree/imes-g1/build/kiss_icp -- -j8 -l8
[0.508s] Invoking command in '/home/unitree/imes-g1/build/kiss_icp': CMAKE_PREFIX_PATH=${CMAKE_PREFIX_PATH}:/opt/ros/foxy /home/unitree/.local/bin/cmake --install /home/unitree/imes-g1/build/kiss_icp
[0.566s] -- Install configuration: "Release"
[0.566s] -- Execute custom install script
[0.567s] -- Up-to-date symlink: /home/unitree/imes-g1/install/kiss_icp/lib/kiss_icp/kiss_icp_node
[0.567s] -- Up-to-date symlink: /home/unitree/imes-g1/install/kiss_icp/lib/libodometry_component.so
[0.567s] -- Up-to-date symlink: /home/unitree/imes-g1/install/kiss_icp/share/kiss_icp//launch/odometry.launch.py
[0.568s] -- Up-to-date symlink: /home/unitree/imes-g1/install/kiss_icp/share/kiss_icp//rviz/kiss_icp.rviz
[0.568s] -- Up-to-date symlink: /home/unitree/imes-g1/install/kiss_icp/share/kiss_icp//config/config.yaml
[0.569s] -- Up-to-date symlink: /home/unitree/imes-g1/install/kiss_icp/share/ament_index/resource_index/package_run_dependencies/kiss_icp
[0.574s] -- Up-to-date symlink: /home/unitree/imes-g1/install/kiss_icp/share/ament_index/resource_index/parent_prefix_path/kiss_icp
[0.575s] -- Up-to-date symlink: /home/unitree/imes-g1/install/kiss_icp/share/kiss_icp/environment/ament_prefix_path.sh
[0.575s] -- Up-to-date symlink: /home/unitree/imes-g1/install/kiss_icp/share/kiss_icp/environment/ament_prefix_path.dsv
[0.575s] -- Up-to-date symlink: /home/unitree/imes-g1/install/kiss_icp/share/kiss_icp/environment/path.sh
[0.575s] -- Up-to-date symlink: /home/unitree/imes-g1/install/kiss_icp/share/kiss_icp/environment/path.dsv
[0.575s] -- Up-to-date symlink: /home/unitree/imes-g1/install/kiss_icp/share/kiss_icp/local_setup.bash
[0.576s] -- Up-to-date symlink: /home/unitree/imes-g1/install/kiss_icp/share/kiss_icp/local_setup.sh
[0.576s] -- Up-to-date symlink: /home/unitree/imes-g1/install/kiss_icp/share/kiss_icp/local_setup.zsh
[0.576s] -- Up-to-date symlink: /home/unitree/imes-g1/install/kiss_icp/share/kiss_icp/local_setup.dsv
[0.576s] -- Symlinking: /home/unitree/imes-g1/install/kiss_icp/share/kiss_icp/package.dsv
[0.576s] -- Up-to-date symlink: /home/unitree/imes-g1/install/kiss_icp/share/ament_index/resource_index/packages/kiss_icp
[0.576s] -- Up-to-date symlink: /home/unitree/imes-g1/install/kiss_icp/share/ament_index/resource_index/rclcpp_components/kiss_icp
[0.576s] -- Up-to-date symlink: /home/unitree/imes-g1/install/kiss_icp/share/kiss_icp/cmake/kiss_icpConfig.cmake
[0.576s] -- Up-to-date symlink: /home/unitree/imes-g1/install/kiss_icp/share/kiss_icp/cmake/kiss_icpConfig-version.cmake
[0.576s] -- Up-to-date symlink: /home/unitree/imes-g1/install/kiss_icp/share/kiss_icp/package.xml
[0.601s] Invoked command in '/home/unitree/imes-g1/build/kiss_icp' returned '0': CMAKE_PREFIX_PATH=${CMAKE_PREFIX_PATH}:/opt/ros/foxy /home/unitree/.local/bin/cmake --install /home/unitree/imes-g1/build/kiss_icp
