[0.068s] Invoking command in '/home/unitree/imes-g1/build/unitree_hg': CONDA_PROMPT_MODIFIER=(base) /home/unitree/.local/bin/cmake --build /home/unitree/imes-g1/build/unitree_hg -- -j8 -l8
[0.211s] -- Configuring incomplete, errors occurred!
[0.212s] See also "/home/unitree/imes-g1/build/unitree_hg/CMakeFiles/CMakeOutput.log".
[0.212s] make: Warning: File 'Makefile' has modification time 1770219325 s in the future
[0.212s] [31mCMake Error at CMakeLists.txt:19 (find_package):
[0.212s]   By not providing "Findament_cmake.cmake" in CMAKE_MODULE_PATH this project
[0.212s]   has asked CMake to find a package configuration file provided by
[0.212s]   "ament_cmake", but CMake did not find one.
[0.212s] 
[0.213s]   Could not find a package configuration file provided by "ament_cmake" with
[0.213s]   any of the following names:
[0.214s] 
[0.215s]     ament_cmakeConfig.cmake
[0.215s]     ament_cmake-config.cmake
[0.216s] 
[0.217s]   Add the installation prefix of "ament_cmake" to CMAKE_PREFIX_PATH or set
[0.218s]   "ament_cmake_DIR" to a directory containing one of the above files.  If
[0.219s]   "ament_cmake" provides a separate development package or SDK, be sure it
[0.219s]   has been installed.
[0.219s] 
[0.219s] [0m
[0.219s] make: *** [Makefile:2893: cmake_check_build_system] Error 1
[0.292s] Invoked command in '/home/unitree/imes-g1/build/unitree_hg' returned '2': CONDA_PROMPT_MODIFIER=(base) /home/unitree/.local/bin/cmake --build /home/unitree/imes-g1/build/unitree_hg -- -j8 -l8
