[0.155s] Invoking command in '/home/unitree/imes-g1/build/livox_ros_driver2': CMAKE_PREFIX_PATH=${CMAKE_PREFIX_PATH}:/opt/ros/foxy /home/unitree/.local/bin/cmake --build /home/unitree/imes-g1/build/livox_ros_driver2 -- -j8 -l8
[0.296s] [  1%] Built target livox_interfaces2__cpp
[0.298s] [  8%] Built target livox_interfaces2__rosidl_generator_c
[0.307s] [ 12%] Built target livox_ros_driver2_node
[0.328s] [ 26%] Built target livox_interfaces2__rosidl_typesupport_introspection_c
[0.329s] [ 26%] Built target livox_interfaces2__rosidl_typesupport_c
[0.330s] [ 33%] Built target livox_interfaces2__rosidl_typesupport_introspection_cpp
[0.331s] [ 40%] Built target livox_interfaces2__rosidl_typesupport_cpp
[0.332s] [ 47%] Built target livox_interfaces2__rosidl_typesupport_fastrtps_cpp
[0.356s] [ 54%] Built target livox_interfaces2__rosidl_typesupport_fastrtps_c
[0.363s] [ 54%] Built target livox_interfaces2
[0.398s] [ 56%] Built target livox_interfaces2__py
[0.434s] [ 61%] Built target livox_interfaces2__python
[0.437s] [ 64%] Built target livox_ros_driver2__rosidl_typesupport_fastrtps_c__pyext
[0.437s] [ 68%] Built target livox_ros_driver2__rosidl_typesupport_introspection_c__pyext
[0.437s] [ 96%] Built target livox_ros_driver2
[0.438s] [100%] Built target livox_ros_driver2__rosidl_typesupport_c__pyext
[0.471s] Invoked command in '/home/unitree/imes-g1/build/livox_ros_driver2' returned '0': CMAKE_PREFIX_PATH=${CMAKE_PREFIX_PATH}:/opt/ros/foxy /home/unitree/.local/bin/cmake --build /home/unitree/imes-g1/build/livox_ros_driver2 -- -j8 -l8
[0.472s] Invoking command in '/home/unitree/imes-g1/build/livox_ros_driver2': CMAKE_PREFIX_PATH=${CMAKE_PREFIX_PATH}:/opt/ros/foxy /home/unitree/.local/bin/cmake --install /home/unitree/imes-g1/build/livox_ros_driver2
[0.510s] -- Install configuration: ""
[0.511s] -- Execute custom install script
[0.512s] -- Up-to-date symlink: /home/unitree/imes-g1/install/livox_ros_driver2/share/ament_index/resource_index/rosidl_interfaces/livox_ros_driver2
[0.512s] -- Up-to-date symlink: /home/unitree/imes-g1/install/livox_ros_driver2/include/livox_ros_driver2/msg/custom_msg.h
[0.513s] -- Up-to-date symlink: /home/unitree/imes-g1/install/livox_ros_driver2/include/livox_ros_driver2/msg/custom_point.h
[0.513s] -- Up-to-date symlink: /home/unitree/imes-g1/install/livox_ros_driver2/include/livox_ros_driver2/msg/detail/custom_msg__functions.h
[0.513s] -- Up-to-date symlink: /home/unitree/imes-g1/install/livox_ros_driver2/include/livox_ros_driver2/msg/detail/custom_msg__struct.h
[0.513s] -- Up-to-date symlink: /home/unitree/imes-g1/install/livox_ros_driver2/include/livox_ros_driver2/msg/detail/custom_msg__type_support.h
[0.514s] -- Up-to-date symlink: /home/unitree/imes-g1/install/livox_ros_driver2/include/livox_ros_driver2/msg/detail/custom_point__functions.h
[0.514s] -- Up-to-date symlink: /home/unitree/imes-g1/install/livox_ros_driver2/include/livox_ros_driver2/msg/detail/custom_point__struct.h
[0.514s] -- Up-to-date symlink: /home/unitree/imes-g1/install/livox_ros_driver2/include/livox_ros_driver2/msg/detail/custom_point__type_support.h
[0.514s] -- Up-to-date symlink: /home/unitree/imes-g1/install/livox_ros_driver2/include/livox_ros_driver2/msg/rosidl_generator_c__visibility_control.h
[0.514s] -- Up-to-date symlink: /home/unitree/imes-g1/install/livox_ros_driver2/share/livox_ros_driver2/environment/library_path.sh
[0.515s] -- Up-to-date symlink: /home/unitree/imes-g1/install/livox_ros_driver2/share/livox_ros_driver2/environment/library_path.dsv
[0.516s] -- Up-to-date symlink: /home/unitree/imes-g1/install/livox_ros_driver2/include/livox_ros_driver2/msg/detail/custom_msg__rosidl_typesupport_fastrtps_c.h
[0.516s] -- Up-to-date symlink: /home/unitree/imes-g1/install/livox_ros_driver2/include/livox_ros_driver2/msg/detail/custom_point__rosidl_typesupport_fastrtps_c.h
[0.516s] -- Up-to-date symlink: /home/unitree/imes-g1/install/livox_ros_driver2/include/livox_ros_driver2/msg/rosidl_typesupport_fastrtps_c__visibility_control.h
[0.516s] -- Up-to-date symlink: /home/unitree/imes-g1/install/livox_ros_driver2/lib/liblivox_ros_driver2__rosidl_typesupport_fastrtps_c.so
[0.520s] -- Up-to-date symlink: /home/unitree/imes-g1/install/livox_ros_driver2/include/livox_ros_driver2/msg/detail/custom_msg__rosidl_typesupport_fastrtps_cpp.hpp
[0.520s] -- Up-to-date symlink: /home/unitree/imes-g1/install/livox_ros_driver2/include/livox_ros_driver2/msg/detail/custom_point__rosidl_typesupport_fastrtps_cpp.hpp
[0.520s] -- Up-to-date symlink: /home/unitree/imes-g1/install/livox_ros_driver2/include/livox_ros_driver2/msg/rosidl_typesupport_fastrtps_cpp__visibility_control.h
[0.521s] -- Up-to-date symlink: /home/unitree/imes-g1/install/livox_ros_driver2/lib/liblivox_ros_driver2__rosidl_typesupport_fastrtps_cpp.so
[0.521s] -- Up-to-date symlink: /home/unitree/imes-g1/install/livox_ros_driver2/include/livox_ros_driver2/msg/detail/custom_msg__rosidl_typesupport_introspection_c.h
[0.521s] -- Up-to-date symlink: /home/unitree/imes-g1/install/livox_ros_driver2/include/livox_ros_driver2/msg/detail/custom_point__rosidl_typesupport_introspection_c.h
[0.521s] -- Up-to-date symlink: /home/unitree/imes-g1/install/livox_ros_driver2/include/livox_ros_driver2/msg/rosidl_typesupport_introspection_c__visibility_control.h
[0.521s] -- Up-to-date symlink: /home/unitree/imes-g1/install/livox_ros_driver2/include/livox_ros_driver2/msg/custom_msg.hpp
[0.521s] -- Up-to-date symlink: /home/unitree/imes-g1/install/livox_ros_driver2/include/livox_ros_driver2/msg/custom_point.hpp
[0.522s] -- Up-to-date symlink: /home/unitree/imes-g1/install/livox_ros_driver2/include/livox_ros_driver2/msg/detail/custom_msg__builder.hpp
[0.522s] -- Up-to-date symlink: /home/unitree/imes-g1/install/livox_ros_driver2/include/livox_ros_driver2/msg/detail/custom_msg__struct.hpp
[0.522s] -- Up-to-date symlink: /home/unitree/imes-g1/install/livox_ros_driver2/include/livox_ros_driver2/msg/detail/custom_msg__traits.hpp
[0.522s] -- Up-to-date symlink: /home/unitree/imes-g1/install/livox_ros_driver2/include/livox_ros_driver2/msg/detail/custom_msg__type_support.hpp
[0.522s] -- Up-to-date symlink: /home/unitree/imes-g1/install/livox_ros_driver2/include/livox_ros_driver2/msg/detail/custom_point__builder.hpp
[0.522s] -- Up-to-date symlink: /home/unitree/imes-g1/install/livox_ros_driver2/include/livox_ros_driver2/msg/detail/custom_point__struct.hpp
[0.522s] -- Up-to-date symlink: /home/unitree/imes-g1/install/livox_ros_driver2/include/livox_ros_driver2/msg/detail/custom_point__traits.hpp
[0.522s] -- Up-to-date symlink: /home/unitree/imes-g1/install/livox_ros_driver2/include/livox_ros_driver2/msg/detail/custom_point__type_support.hpp
[0.523s] -- Up-to-date symlink: /home/unitree/imes-g1/install/livox_ros_driver2/include/livox_ros_driver2/msg/rosidl_generator_cpp__visibility_control.hpp
[0.523s] -- Up-to-date symlink: /home/unitree/imes-g1/install/livox_ros_driver2/include/livox_ros_driver2/msg/detail/custom_msg__rosidl_typesupport_introspection_cpp.hpp
[0.523s] -- Up-to-date symlink: /home/unitree/imes-g1/install/livox_ros_driver2/include/livox_ros_driver2/msg/detail/custom_point__rosidl_typesupport_introspection_cpp.hpp
[0.523s] -- Up-to-date symlink: /home/unitree/imes-g1/install/livox_ros_driver2/share/livox_ros_driver2/environment/pythonpath.sh
[0.524s] -- Up-to-date symlink: /home/unitree/imes-g1/install/livox_ros_driver2/share/livox_ros_driver2/environment/pythonpath.dsv
[0.525s] -- Up-to-date symlink: /home/unitree/imes-g1/install/livox_ros_driver2/lib/python3.8/site-packages/livox_ros_driver2/__init__.py
[0.525s] -- Up-to-date symlink: /home/unitree/imes-g1/install/livox_ros_driver2/lib/python3.8/site-packages/livox_ros_driver2/msg/__init__.py
[0.525s] -- Up-to-date symlink: /home/unitree/imes-g1/install/livox_ros_driver2/lib/python3.8/site-packages/livox_ros_driver2/msg/_custom_msg.py
[0.525s] -- Up-to-date symlink: /home/unitree/imes-g1/install/livox_ros_driver2/lib/python3.8/site-packages/livox_ros_driver2/msg/_custom_point.py
[0.526s] -- Up-to-date symlink: /home/unitree/imes-g1/install/livox_ros_driver2/lib/python3.8/site-packages/livox_ros_driver2/livox_ros_driver2_s__rosidl_typesupport_fastrtps_c.cpython-38-aarch64-linux-gnu.so
[0.526s] -- Up-to-date symlink: /home/unitree/imes-g1/install/livox_ros_driver2/lib/python3.8/site-packages/livox_ros_driver2/livox_ros_driver2_s__rosidl_typesupport_introspection_c.cpython-38-aarch64-linux-gnu.so
[0.526s] -- Up-to-date symlink: /home/unitree/imes-g1/install/livox_ros_driver2/lib/python3.8/site-packages/livox_ros_driver2/livox_ros_driver2_s__rosidl_typesupport_c.cpython-38-aarch64-linux-gnu.so
[0.526s] -- Up-to-date symlink: /home/unitree/imes-g1/install/livox_ros_driver2/lib/liblivox_interfaces2__python.so
[0.526s] -- Up-to-date symlink: /home/unitree/imes-g1/install/livox_ros_driver2/share/livox_ros_driver2/msg/CustomPoint.idl
[0.526s] -- Up-to-date symlink: /home/unitree/imes-g1/install/livox_ros_driver2/share/livox_ros_driver2/msg/CustomMsg.idl
[0.526s] -- Up-to-date symlink: /home/unitree/imes-g1/install/livox_ros_driver2/share/livox_ros_driver2/msg/CustomPoint.msg
[0.527s] -- Up-to-date symlink: /home/unitree/imes-g1/install/livox_ros_driver2/share/livox_ros_driver2/msg/CustomMsg.msg
[0.529s] -- Up-to-date symlink: /home/unitree/imes-g1/install/livox_ros_driver2/lib/livox_ros_driver2/livox_ros_driver2_node
[0.529s] -- Up-to-date symlink: /home/unitree/imes-g1/install/livox_ros_driver2/lib/liblivox_ros_driver2.so
[0.529s] -- Up-to-date symlink: /home/unitree/imes-g1/install/livox_ros_driver2/share/livox_ros_driver2/config/HAP_config.json
[0.529s] -- Up-to-date symlink: /home/unitree/imes-g1/install/livox_ros_driver2/share/livox_ros_driver2/config/MID360_config.json
[0.529s] -- Up-to-date symlink: /home/unitree/imes-g1/install/livox_ros_driver2/share/livox_ros_driver2/config/display_point_cloud_ROS1.rviz
[0.530s] -- Up-to-date symlink: /home/unitree/imes-g1/install/livox_ros_driver2/share/livox_ros_driver2/config/display_point_cloud_ROS2.rviz
[0.530s] -- Up-to-date symlink: /home/unitree/imes-g1/install/livox_ros_driver2/share/livox_ros_driver2/config/mixed_HAP_MID360_config.json
[0.531s] -- Up-to-date symlink: /home/unitree/imes-g1/install/livox_ros_driver2/share/livox_ros_driver2/launch/msg_HAP_launch.py
[0.531s] -- Up-to-date symlink: /home/unitree/imes-g1/install/livox_ros_driver2/share/livox_ros_driver2/launch/msg_MID360_launch.py
[0.531s] -- Up-to-date symlink: /home/unitree/imes-g1/install/livox_ros_driver2/share/livox_ros_driver2/launch/rviz_HAP_launch.py
[0.531s] -- Up-to-date symlink: /home/unitree/imes-g1/install/livox_ros_driver2/share/livox_ros_driver2/launch/rviz_MID360_launch.py
[0.532s] -- Up-to-date symlink: /home/unitree/imes-g1/install/livox_ros_driver2/share/livox_ros_driver2/launch/rviz_mixed.py
[0.532s] -- Up-to-date symlink: /home/unitree/imes-g1/install/livox_ros_driver2/share/ament_index/resource_index/package_run_dependencies/livox_ros_driver2
[0.532s] -- Up-to-date symlink: /home/unitree/imes-g1/install/livox_ros_driver2/share/ament_index/resource_index/parent_prefix_path/livox_ros_driver2
[0.533s] -- Up-to-date symlink: /home/unitree/imes-g1/install/livox_ros_driver2/share/livox_ros_driver2/environment/ament_prefix_path.sh
[0.533s] -- Up-to-date symlink: /home/unitree/imes-g1/install/livox_ros_driver2/share/livox_ros_driver2/environment/ament_prefix_path.dsv
[0.533s] -- Up-to-date symlink: /home/unitree/imes-g1/install/livox_ros_driver2/share/livox_ros_driver2/environment/path.sh
[0.533s] -- Up-to-date symlink: /home/unitree/imes-g1/install/livox_ros_driver2/share/livox_ros_driver2/environment/path.dsv
[0.533s] -- Up-to-date symlink: /home/unitree/imes-g1/install/livox_ros_driver2/share/livox_ros_driver2/local_setup.bash
[0.533s] -- Up-to-date symlink: /home/unitree/imes-g1/install/livox_ros_driver2/share/livox_ros_driver2/local_setup.sh
[0.534s] -- Up-to-date symlink: /home/unitree/imes-g1/install/livox_ros_driver2/share/livox_ros_driver2/local_setup.zsh
[0.534s] -- Up-to-date symlink: /home/unitree/imes-g1/install/livox_ros_driver2/share/livox_ros_driver2/local_setup.dsv
[0.534s] -- Symlinking: /home/unitree/imes-g1/install/livox_ros_driver2/share/livox_ros_driver2/package.dsv
[0.547s] -- Up-to-date symlink: /home/unitree/imes-g1/install/livox_ros_driver2/share/ament_index/resource_index/packages/livox_ros_driver2
[0.547s] -- Up-to-date symlink: /home/unitree/imes-g1/install/livox_ros_driver2/share/ament_index/resource_index/rclcpp_components/livox_ros_driver2
[0.547s] -- Up-to-date symlink: /home/unitree/imes-g1/install/livox_ros_driver2/share/livox_ros_driver2/cmake/rosidl_cmake-extras.cmake
[0.547s] -- Up-to-date symlink: /home/unitree/imes-g1/install/livox_ros_driver2/share/livox_ros_driver2/cmake/ament_cmake_export_dependencies-extras.cmake
[0.548s] -- Up-to-date symlink: /home/unitree/imes-g1/install/livox_ros_driver2/share/livox_ros_driver2/cmake/ament_cmake_export_libraries-extras.cmake
[0.549s] -- Up-to-date symlink: /home/unitree/imes-g1/install/livox_ros_driver2/share/livox_ros_driver2/cmake/ament_cmake_export_targets-extras.cmake
[0.549s] -- Up-to-date symlink: /home/unitree/imes-g1/install/livox_ros_driver2/share/livox_ros_driver2/cmake/ament_cmake_export_include_directories-extras.cmake
[0.550s] -- Up-to-date symlink: /home/unitree/imes-g1/install/livox_ros_driver2/share/livox_ros_driver2/cmake/rosidl_cmake_export_typesupport_libraries-extras.cmake
[0.550s] -- Up-to-date symlink: /home/unitree/imes-g1/install/livox_ros_driver2/share/livox_ros_driver2/cmake/rosidl_cmake_export_typesupport_targets-extras.cmake
[0.550s] -- Up-to-date symlink: /home/unitree/imes-g1/install/livox_ros_driver2/share/livox_ros_driver2/cmake/livox_ros_driver2Config.cmake
[0.551s] -- Up-to-date symlink: /home/unitree/imes-g1/install/livox_ros_driver2/share/livox_ros_driver2/cmake/livox_ros_driver2Config-version.cmake
[0.551s] -- Up-to-date symlink: /home/unitree/imes-g1/install/livox_ros_driver2/share/livox_ros_driver2/package.xml
[0.551s] -- Up-to-date: /home/unitree/imes-g1/install/livox_ros_driver2/lib/liblivox_ros_driver2__rosidl_generator_c.so
[0.552s] -- Up-to-date: /home/unitree/imes-g1/install/livox_ros_driver2/lib/liblivox_ros_driver2__rosidl_typesupport_introspection_c.so
[0.552s] -- Up-to-date: /home/unitree/imes-g1/install/livox_ros_driver2/lib/liblivox_ros_driver2__rosidl_typesupport_c.so
[0.553s] -- Up-to-date: /home/unitree/imes-g1/install/livox_ros_driver2/lib/liblivox_ros_driver2__rosidl_typesupport_introspection_cpp.so
[0.553s] -- Up-to-date: /home/unitree/imes-g1/install/livox_ros_driver2/lib/liblivox_ros_driver2__rosidl_typesupport_cpp.so
[0.625s] -- Up-to-date: /home/unitree/imes-g1/install/livox_ros_driver2/share/livox_ros_driver2/cmake/livox_interfaces2__rosidl_generator_cExport.cmake
[0.626s] -- Up-to-date: /home/unitree/imes-g1/install/livox_ros_driver2/share/livox_ros_driver2/cmake/livox_interfaces2__rosidl_generator_cExport-noconfig.cmake
[0.626s] -- Up-to-date: /home/unitree/imes-g1/install/livox_ros_driver2/share/livox_ros_driver2/cmake/livox_interfaces2__rosidl_typesupport_introspection_cExport.cmake
[0.626s] -- Up-to-date: /home/unitree/imes-g1/install/livox_ros_driver2/share/livox_ros_driver2/cmake/livox_interfaces2__rosidl_typesupport_introspection_cExport-noconfig.cmake
[0.626s] -- Up-to-date: /home/unitree/imes-g1/install/livox_ros_driver2/share/livox_ros_driver2/cmake/livox_interfaces2__rosidl_typesupport_cExport.cmake
[0.626s] -- Up-to-date: /home/unitree/imes-g1/install/livox_ros_driver2/share/livox_ros_driver2/cmake/livox_interfaces2__rosidl_typesupport_cExport-noconfig.cmake
[0.626s] -- Up-to-date: /home/unitree/imes-g1/install/livox_ros_driver2/share/livox_ros_driver2/cmake/livox_interfaces2__rosidl_generator_cppExport.cmake
[0.626s] -- Up-to-date: /home/unitree/imes-g1/install/livox_ros_driver2/share/livox_ros_driver2/cmake/livox_interfaces2__rosidl_typesupport_introspection_cppExport.cmake
[0.627s] -- Up-to-date: /home/unitree/imes-g1/install/livox_ros_driver2/share/livox_ros_driver2/cmake/livox_interfaces2__rosidl_typesupport_introspection_cppExport-noconfig.cmake
[0.627s] -- Up-to-date: /home/unitree/imes-g1/install/livox_ros_driver2/share/livox_ros_driver2/cmake/livox_interfaces2__rosidl_typesupport_cppExport.cmake
[0.627s] -- Up-to-date: /home/unitree/imes-g1/install/livox_ros_driver2/share/livox_ros_driver2/cmake/livox_interfaces2__rosidl_typesupport_cppExport-noconfig.cmake
[0.641s] Invoked command in '/home/unitree/imes-g1/build/livox_ros_driver2' returned '0': CMAKE_PREFIX_PATH=${CMAKE_PREFIX_PATH}:/opt/ros/foxy /home/unitree/.local/bin/cmake --install /home/unitree/imes-g1/build/livox_ros_driver2
