[0.064s] Invoking command in '/home/unitree/imes-g1/build/g1_moveit_29dof': CMAKE_PREFIX_PATH=${CMAKE_PREFIX_PATH}:/opt/ros/foxy /home/unitree/.local/bin/cmake /home/unitree/imes-g1/src/ros/g1_moveit_29dof -DCMAKE_INSTALL_PREFIX=/home/unitree/imes-g1/install/g1_moveit_29dof
[0.149s] -- Found ament_cmake: 0.9.12 (/opt/ros/foxy/share/ament_cmake/cmake)
[0.198s] -- Using PYTHON_EXECUTABLE: /usr/bin/python3
[0.629s] -- Override CMake install command with custom implementation using symlinks instead of copying resources
[0.777s] -- Configuring done
[0.784s] -- Generating done
[0.788s] -- Build files have been written to: /home/unitree/imes-g1/build/g1_moveit_29dof
[0.816s] Invoked command in '/home/unitree/imes-g1/build/g1_moveit_29dof' returned '0': CMAKE_PREFIX_PATH=${CMAKE_PREFIX_PATH}:/opt/ros/foxy /home/unitree/.local/bin/cmake /home/unitree/imes-g1/src/ros/g1_moveit_29dof -DCMAKE_INSTALL_PREFIX=/home/unitree/imes-g1/install/g1_moveit_29dof
[0.818s] Invoking command in '/home/unitree/imes-g1/build/g1_moveit_29dof': CMAKE_PREFIX_PATH=${CMAKE_PREFIX_PATH}:/opt/ros/foxy /home/unitree/.local/bin/cmake --build /home/unitree/imes-g1/build/g1_moveit_29dof -- -j8 -l8
[0.987s] Invoked command in '/home/unitree/imes-g1/build/g1_moveit_29dof' returned '0': CMAKE_PREFIX_PATH=${CMAKE_PREFIX_PATH}:/opt/ros/foxy /home/unitree/.local/bin/cmake --build /home/unitree/imes-g1/build/g1_moveit_29dof -- -j8 -l8
[0.989s] Invoking command in '/home/unitree/imes-g1/build/g1_moveit_29dof': CMAKE_PREFIX_PATH=${CMAKE_PREFIX_PATH}:/opt/ros/foxy /home/unitree/.local/bin/cmake --install /home/unitree/imes-g1/build/g1_moveit_29dof
[1.092s] -- Install configuration: ""
[1.093s] -- Execute custom install script
[1.093s] -- Up-to-date symlink: /home/unitree/imes-g1/install/g1_moveit_29dof/share/ament_index/resource_index/package_run_dependencies/g1_moveit_29dof
[1.094s] -- Up-to-date symlink: /home/unitree/imes-g1/install/g1_moveit_29dof/share/ament_index/resource_index/parent_prefix_path/g1_moveit_29dof
[1.095s] -- Up-to-date symlink: /home/unitree/imes-g1/install/g1_moveit_29dof/share/g1_moveit_29dof/environment/ament_prefix_path.sh
[1.096s] -- Up-to-date symlink: /home/unitree/imes-g1/install/g1_moveit_29dof/share/g1_moveit_29dof/environment/ament_prefix_path.dsv
[1.099s] -- Up-to-date symlink: /home/unitree/imes-g1/install/g1_moveit_29dof/share/g1_moveit_29dof/environment/path.sh
[1.099s] -- Up-to-date symlink: /home/unitree/imes-g1/install/g1_moveit_29dof/share/g1_moveit_29dof/environment/path.dsv
[1.100s] -- Up-to-date symlink: /home/unitree/imes-g1/install/g1_moveit_29dof/share/g1_moveit_29dof/local_setup.bash
[1.104s] -- Up-to-date symlink: /home/unitree/imes-g1/install/g1_moveit_29dof/share/g1_moveit_29dof/local_setup.sh
[1.112s] -- Up-to-date symlink: /home/unitree/imes-g1/install/g1_moveit_29dof/share/g1_moveit_29dof/local_setup.zsh
[1.113s] -- Up-to-date symlink: /home/unitree/imes-g1/install/g1_moveit_29dof/share/g1_moveit_29dof/local_setup.dsv
[1.113s] -- Symlinking: /home/unitree/imes-g1/install/g1_moveit_29dof/share/g1_moveit_29dof/package.dsv
[1.123s] -- Up-to-date symlink: /home/unitree/imes-g1/install/g1_moveit_29dof/share/ament_index/resource_index/packages/g1_moveit_29dof
[1.124s] -- Up-to-date symlink: /home/unitree/imes-g1/install/g1_moveit_29dof/share/g1_moveit_29dof/cmake/g1_moveit_29dofConfig.cmake
[1.124s] -- Up-to-date symlink: /home/unitree/imes-g1/install/g1_moveit_29dof/share/g1_moveit_29dof/cmake/g1_moveit_29dofConfig-version.cmake
[1.131s] -- Up-to-date symlink: /home/unitree/imes-g1/install/g1_moveit_29dof/share/g1_moveit_29dof/package.xml
[1.133s] -- Up-to-date symlink: /home/unitree/imes-g1/install/g1_moveit_29dof/share/g1_moveit_29dof/config/g1_29.srdf
[1.133s] -- Up-to-date symlink: /home/unitree/imes-g1/install/g1_moveit_29dof/share/g1_moveit_29dof/config/initial_positions.yaml
[1.133s] -- Up-to-date symlink: /home/unitree/imes-g1/install/g1_moveit_29dof/share/g1_moveit_29dof/config/joint_limits.yaml
[1.134s] -- Up-to-date symlink: /home/unitree/imes-g1/install/g1_moveit_29dof/share/g1_moveit_29dof/config/kinematics.yaml
[1.134s] -- Up-to-date symlink: /home/unitree/imes-g1/install/g1_moveit_29dof/share/g1_moveit_29dof/config/moveit.rviz
[1.134s] -- Up-to-date symlink: /home/unitree/imes-g1/install/g1_moveit_29dof/share/g1_moveit_29dof/config/moveit_controllers.yaml
[1.134s] -- Up-to-date symlink: /home/unitree/imes-g1/install/g1_moveit_29dof/share/g1_moveit_29dof/config/moveit_teleop.rviz
[1.135s] -- Up-to-date symlink: /home/unitree/imes-g1/install/g1_moveit_29dof/share/g1_moveit_29dof/config/ompl_planning.yaml
[1.135s] -- Up-to-date symlink: /home/unitree/imes-g1/install/g1_moveit_29dof/share/g1_moveit_29dof/config/ros2_controllers.yaml
[1.142s] -- Up-to-date symlink: /home/unitree/imes-g1/install/g1_moveit_29dof/share/g1_moveit_29dof/launch/custom_moveit.launch.py
[1.142s] -- Up-to-date symlink: /home/unitree/imes-g1/install/g1_moveit_29dof/share/g1_moveit_29dof/launch/move_group.launch.py
[1.143s] -- Up-to-date symlink: /home/unitree/imes-g1/install/g1_moveit_29dof/share/g1_moveit_29dof/launch/moveit_fake.launch.py
[1.145s] -- Up-to-date symlink: /home/unitree/imes-g1/install/g1_moveit_29dof/share/g1_moveit_29dof/launch/moveit_gazebo.launch.py
[1.145s] -- Up-to-date symlink: /home/unitree/imes-g1/install/g1_moveit_29dof/share/g1_moveit_29dof/launch/moveit_rviz.launch.py
[1.145s] -- Up-to-date symlink: /home/unitree/imes-g1/install/g1_moveit_29dof/share/g1_moveit_29dof/launch/rsp.launch.py
[1.145s] -- Up-to-date symlink: /home/unitree/imes-g1/install/g1_moveit_29dof/share/g1_moveit_29dof/launch/spawn_controllers.launch.py
[1.149s] -- Up-to-date symlink: /home/unitree/imes-g1/install/g1_moveit_29dof/share/g1_moveit_29dof/launch/static_virtual_joint_tfs.launch.py
[1.150s] -- Up-to-date symlink: /home/unitree/imes-g1/install/g1_moveit_29dof/share/g1_moveit_29dof/launch/system_servo.launch.py
[1.150s] -- Up-to-date symlink: /home/unitree/imes-g1/install/g1_moveit_29dof/share/g1_moveit_29dof/launch/warehouse_db.launch.py
[1.151s] -- Up-to-date symlink: /home/unitree/imes-g1/install/g1_moveit_29dof/share/g1_moveit_29dof/config/g1_29.srdf
[1.151s] -- Up-to-date symlink: /home/unitree/imes-g1/install/g1_moveit_29dof/share/g1_moveit_29dof/config/initial_positions.yaml
[1.151s] -- Up-to-date symlink: /home/unitree/imes-g1/install/g1_moveit_29dof/share/g1_moveit_29dof/config/joint_limits.yaml
[1.151s] -- Up-to-date symlink: /home/unitree/imes-g1/install/g1_moveit_29dof/share/g1_moveit_29dof/config/kinematics.yaml
[1.151s] -- Up-to-date symlink: /home/unitree/imes-g1/install/g1_moveit_29dof/share/g1_moveit_29dof/config/moveit.rviz
[1.152s] -- Up-to-date symlink: /home/unitree/imes-g1/install/g1_moveit_29dof/share/g1_moveit_29dof/config/moveit_controllers.yaml
[1.152s] -- Up-to-date symlink: /home/unitree/imes-g1/install/g1_moveit_29dof/share/g1_moveit_29dof/config/moveit_teleop.rviz
[1.152s] -- Up-to-date symlink: /home/unitree/imes-g1/install/g1_moveit_29dof/share/g1_moveit_29dof/config/ompl_planning.yaml
[1.152s] -- Up-to-date symlink: /home/unitree/imes-g1/install/g1_moveit_29dof/share/g1_moveit_29dof/config/ros2_controllers.yaml
[1.152s] -- Up-to-date symlink: /home/unitree/imes-g1/install/g1_moveit_29dof/share/g1_moveit_29dof/.setup_assistant
[1.223s] Invoked command in '/home/unitree/imes-g1/build/g1_moveit_29dof' returned '0': CMAKE_PREFIX_PATH=${CMAKE_PREFIX_PATH}:/opt/ros/foxy /home/unitree/.local/bin/cmake --install /home/unitree/imes-g1/build/g1_moveit_29dof
