-- Found ament_cmake: 0.9.12 (/opt/ros/foxy/share/ament_cmake/cmake)
-- Using PYTHON_EXECUTABLE: /usr/bin/python3
-- Override CMake install command with custom implementation using symlinks instead of copying resources
-- Found rclcpp: 2.4.3 (/opt/ros/foxy/share/rclcpp/cmake)
-- Using all available rosidl_typesupport_c: rosidl_typesupport_fastrtps_c;rosidl_typesupport_introspection_c
-- Found rosidl_adapter: 1.3.1 (/opt/ros/foxy/share/rosidl_adapter/cmake)
-- Using all available rosidl_typesupport_cpp: rosidl_typesupport_fastrtps_cpp;rosidl_typesupport_introspection_cpp
-- Found rmw_implementation_cmake: 1.0.4 (/opt/ros/foxy/share/rmw_implementation_cmake/cmake)
-- Using RMW implementation 'rmw_cyclonedds_cpp' as default
-- Found rclpy: 1.0.13 (/opt/ros/foxy/share/rclpy/cmake)
-- Found geometry_msgs: 2.0.5 (/opt/ros/foxy/share/geometry_msgs/cmake)
-- Found sensor_msgs: 2.0.5 (/opt/ros/foxy/share/sensor_msgs/cmake)
-- Found visualization_msgs: 2.0.5 (/opt/ros/foxy/share/visualization_msgs/cmake)
-- Found g1_interface: 0.1.0 (/home/unitree/imes-g1/install/g1_interface/share/g1_interface/cmake)
-- Configuring done
-- Generating done
-- Build files have been written to: /home/unitree/imes-g1/build/g1_obstacle_avoidance
[35m[1mConsolidate compiler generated dependencies of target simple_obstacle_avoidance[0m
[100%] Built target simple_obstacle_avoidance
-- Install configuration: ""
-- Execute custom install script
-- Up-to-date symlink: /home/unitree/imes-g1/install/g1_obstacle_avoidance/lib/g1_obstacle_avoidance/simple_obstacle_avoidance
-- Up-to-date symlink: /home/unitree/imes-g1/install/g1_obstacle_avoidance/share/g1_obstacle_avoidance/launch/obstacle_avoidance.launch.py
-- Up-to-date symlink: /home/unitree/imes-g1/install/g1_obstacle_avoidance/share/ament_index/resource_index/package_run_dependencies/g1_obstacle_avoidance
-- Up-to-date symlink: /home/unitree/imes-g1/install/g1_obstacle_avoidance/share/ament_index/resource_index/parent_prefix_path/g1_obstacle_avoidance
-- Up-to-date symlink: /home/unitree/imes-g1/install/g1_obstacle_avoidance/share/g1_obstacle_avoidance/environment/ament_prefix_path.sh
-- Up-to-date symlink: /home/unitree/imes-g1/install/g1_obstacle_avoidance/share/g1_obstacle_avoidance/environment/ament_prefix_path.dsv
-- Up-to-date symlink: /home/unitree/imes-g1/install/g1_obstacle_avoidance/share/g1_obstacle_avoidance/environment/path.sh
-- Up-to-date symlink: /home/unitree/imes-g1/install/g1_obstacle_avoidance/share/g1_obstacle_avoidance/environment/path.dsv
-- Up-to-date symlink: /home/unitree/imes-g1/install/g1_obstacle_avoidance/share/g1_obstacle_avoidance/local_setup.bash
-- Up-to-date symlink: /home/unitree/imes-g1/install/g1_obstacle_avoidance/share/g1_obstacle_avoidance/local_setup.sh
-- Up-to-date symlink: /home/unitree/imes-g1/install/g1_obstacle_avoidance/share/g1_obstacle_avoidance/local_setup.zsh
-- Up-to-date symlink: /home/unitree/imes-g1/install/g1_obstacle_avoidance/share/g1_obstacle_avoidance/local_setup.dsv
-- Symlinking: /home/unitree/imes-g1/install/g1_obstacle_avoidance/share/g1_obstacle_avoidance/package.dsv
-- Up-to-date symlink: /home/unitree/imes-g1/install/g1_obstacle_avoidance/share/ament_index/resource_index/packages/g1_obstacle_avoidance
-- Up-to-date symlink: /home/unitree/imes-g1/install/g1_obstacle_avoidance/share/g1_obstacle_avoidance/cmake/g1_obstacle_avoidanceConfig.cmake
-- Up-to-date symlink: /home/unitree/imes-g1/install/g1_obstacle_avoidance/share/g1_obstacle_avoidance/cmake/g1_obstacle_avoidanceConfig-version.cmake
-- Up-to-date symlink: /home/unitree/imes-g1/install/g1_obstacle_avoidance/share/g1_obstacle_avoidance/package.xml
