[0.055s] Invoking command in '/home/unitree/imes-g1/build/g1_host': CMAKE_PREFIX_PATH=${CMAKE_PREFIX_PATH}:/opt/ros/foxy /home/unitree/.local/bin/cmake /home/unitree/imes-g1/src/ros/g1_host -DAMENT_CMAKE_SYMLINK_INSTALL=1 -DCMAKE_INSTALL_PREFIX=/home/unitree/imes-g1/install/g1_host
[1.277s] -- The C compiler identification is GNU 9.4.0
[1.277s] -- The CXX compiler identification is GNU 9.4.0
[1.277s] -- Detecting C compiler ABI info
[1.277s] -- Detecting C compiler ABI info - done
[1.278s] -- Check for working C compiler: /usr/bin/cc - skipped
[1.278s] -- Detecting C compile features
[1.278s] -- Detecting C compile features - done
[1.278s] -- Detecting CXX compiler ABI info
[1.278s] -- Detecting CXX compiler ABI info - done
[1.278s] -- Check for working CXX compiler: /usr/bin/c++ - skipped
[1.278s] -- Detecting CXX compile features
[1.278s] -- Detecting CXX compile features - done
[1.278s] -- Found ament_cmake: 0.9.12 (/opt/ros/foxy/share/ament_cmake/cmake)
[1.278s] -- Found PythonInterp: /usr/bin/python3 (found suitable version "3.8.10", minimum required is "3") 
[1.279s] -- Using PYTHON_EXECUTABLE: /usr/bin/python3
[1.279s] -- Override CMake install command with custom implementation using symlinks instead of copying resources
[1.279s] -- Found rclcpp: 2.4.3 (/opt/ros/foxy/share/rclcpp/cmake)
[1.279s] -- Using all available rosidl_typesupport_c: rosidl_typesupport_fastrtps_c;rosidl_typesupport_introspection_c
[1.279s] -- Found rosidl_adapter: 1.3.1 (/opt/ros/foxy/share/rosidl_adapter/cmake)
[1.438s] -- Found OpenSSL: /usr/lib/aarch64-linux-gnu/libcrypto.so (found version "1.1.1f")  
[1.526s] -- Found FastRTPS: /opt/ros/foxy/include  
[1.688s] -- Using all available rosidl_typesupport_cpp: rosidl_typesupport_fastrtps_cpp;rosidl_typesupport_introspection_cpp
[1.790s] -- Found rmw_implementation_cmake: 1.0.4 (/opt/ros/foxy/share/rmw_implementation_cmake/cmake)
[1.794s] -- Using RMW implementation 'rmw_cyclonedds_cpp' as default
[1.795s] -- Performing Test CMAKE_HAVE_LIBC_PTHREAD
[1.894s] -- Performing Test CMAKE_HAVE_LIBC_PTHREAD - Failed
[1.894s] -- Looking for pthread_create in pthreads
[1.975s] -- Looking for pthread_create in pthreads - not found
[1.975s] -- Looking for pthread_create in pthread
[2.091s] -- Looking for pthread_create in pthread - found
[2.091s] -- Found Threads: TRUE  
[2.388s] -- Found rclpy: 1.0.13 (/opt/ros/foxy/share/rclpy/cmake)
[3.827s] -- Configuring done
[3.838s] -- Generating done
[3.881s] -- Build files have been written to: /home/unitree/imes-g1/build/g1_host
[3.946s] Invoked command in '/home/unitree/imes-g1/build/g1_host' returned '0': CMAKE_PREFIX_PATH=${CMAKE_PREFIX_PATH}:/opt/ros/foxy /home/unitree/.local/bin/cmake /home/unitree/imes-g1/src/ros/g1_host -DAMENT_CMAKE_SYMLINK_INSTALL=1 -DCMAKE_INSTALL_PREFIX=/home/unitree/imes-g1/install/g1_host
[3.948s] Invoking command in '/home/unitree/imes-g1/build/g1_host': CMAKE_PREFIX_PATH=${CMAKE_PREFIX_PATH}:/opt/ros/foxy /home/unitree/.local/bin/cmake --build /home/unitree/imes-g1/build/g1_host -- -j8 -l8
[12.801s] Invoked command in '/home/unitree/imes-g1/build/g1_host' returned '0': CMAKE_PREFIX_PATH=${CMAKE_PREFIX_PATH}:/opt/ros/foxy /home/unitree/.local/bin/cmake --build /home/unitree/imes-g1/build/g1_host -- -j8 -l8
[12.803s] Invoking command in '/home/unitree/imes-g1/build/g1_host': CMAKE_PREFIX_PATH=${CMAKE_PREFIX_PATH}:/opt/ros/foxy /home/unitree/.local/bin/cmake --install /home/unitree/imes-g1/build/g1_host
[13.092s] -- Install configuration: ""
[13.093s] -- Execute custom install script
[13.093s] -- Symlinking: /home/unitree/imes-g1/install/g1_host/share/g1_host/environment/pythonpath.sh
[13.093s] -- Symlinking: /home/unitree/imes-g1/install/g1_host/share/g1_host/environment/pythonpath.dsv
[13.096s] -- Symlinking: /home/unitree/imes-g1/install/g1_host/lib/python3.8/site-packages/g1_host/__init__.py
[13.115s] -- Symlinking: /home/unitree/imes-g1/install/g1_host/lib/python3.8/site-packages/g1_host/libjoypy.py
[13.150s] -- Symlinking: /home/unitree/imes-g1/install/g1_host/lib/g1_host/logitech_f710
[13.158s] -- Symlinking: /home/unitree/imes-g1/install/g1_host/share/g1_host/config/host_control.yaml
[13.174s] -- Symlinking: /home/unitree/imes-g1/install/g1_host/share/g1_host/config/teleop_control.yaml
[13.195s] -- Symlinking: /home/unitree/imes-g1/install/g1_host/share/g1_host/launch/joy_teleop.launch.py
[13.222s] -- Symlinking: /home/unitree/imes-g1/install/g1_host/share/ament_index/resource_index/package_run_dependencies/g1_host
[13.254s] -- Symlinking: /home/unitree/imes-g1/install/g1_host/share/ament_index/resource_index/parent_prefix_path/g1_host
[13.286s] -- Symlinking: /home/unitree/imes-g1/install/g1_host/share/g1_host/environment/ament_prefix_path.sh
[13.308s] -- Symlinking: /home/unitree/imes-g1/install/g1_host/share/g1_host/environment/ament_prefix_path.dsv
[13.335s] -- Symlinking: /home/unitree/imes-g1/install/g1_host/share/g1_host/environment/path.sh
[13.358s] -- Symlinking: /home/unitree/imes-g1/install/g1_host/share/g1_host/environment/path.dsv
[13.398s] -- Symlinking: /home/unitree/imes-g1/install/g1_host/share/g1_host/local_setup.bash
[13.425s] -- Symlinking: /home/unitree/imes-g1/install/g1_host/share/g1_host/local_setup.sh
[13.450s] -- Symlinking: /home/unitree/imes-g1/install/g1_host/share/g1_host/local_setup.zsh
[13.490s] -- Symlinking: /home/unitree/imes-g1/install/g1_host/share/g1_host/local_setup.dsv
[13.506s] -- Symlinking: /home/unitree/imes-g1/install/g1_host/share/g1_host/package.dsv
[13.534s] -- Symlinking: /home/unitree/imes-g1/install/g1_host/share/ament_index/resource_index/packages/g1_host
[13.555s] -- Symlinking: /home/unitree/imes-g1/install/g1_host/share/g1_host/cmake/g1_hostConfig.cmake
[13.574s] -- Symlinking: /home/unitree/imes-g1/install/g1_host/share/g1_host/cmake/g1_hostConfig-version.cmake
[13.600s] -- Symlinking: /home/unitree/imes-g1/install/g1_host/share/g1_host/package.xml
[13.885s] Listing '/home/unitree/imes-g1/install/g1_host/lib/python3.8/site-packages/g1_host'...
[13.885s] Compiling '/home/unitree/imes-g1/install/g1_host/lib/python3.8/site-packages/g1_host/__init__.py'...
[13.885s] Compiling '/home/unitree/imes-g1/install/g1_host/lib/python3.8/site-packages/g1_host/libjoypy.py'...
[13.973s] Invoked command in '/home/unitree/imes-g1/build/g1_host' returned '0': CMAKE_PREFIX_PATH=${CMAKE_PREFIX_PATH}:/opt/ros/foxy /home/unitree/.local/bin/cmake --install /home/unitree/imes-g1/build/g1_host
