[0.091s] Invoking command in '/home/unitree/imes-g1/build/unitree_hg': CMAKE_PREFIX_PATH=${CMAKE_PREFIX_PATH}:/opt/ros/foxy /home/unitree/.local/bin/cmake /home/unitree/imes-g1/src/third_party/unitree/12Aug2025_unitree_ros2/cyclonedds_ws/src/unitree/unitree_hg -DAMENT_CMAKE_SYMLINK_INSTALL=1 -DCMAKE_INSTALL_PREFIX=/home/unitree/imes-g1/install/unitree_hg
[0.247s] -- The C compiler identification is GNU 9.4.0
[0.352s] -- The CXX compiler identification is GNU 9.4.0
[0.369s] -- Detecting C compiler ABI info
[0.478s] -- Detecting C compiler ABI info - done
[0.491s] -- Check for working C compiler: /usr/bin/cc - skipped
[0.492s] -- Detecting C compile features
[0.493s] -- Detecting C compile features - done
[0.499s] -- Detecting CXX compiler ABI info
[0.625s] -- Detecting CXX compiler ABI info - done
[0.639s] -- Check for working CXX compiler: /usr/bin/c++ - skipped
[0.640s] -- Detecting CXX compile features
[0.643s] -- Detecting CXX compile features - done
[0.648s] -- Found ament_cmake: 0.9.12 (/opt/ros/foxy/share/ament_cmake/cmake)
[0.701s] -- Found PythonInterp: /usr/bin/python3 (found suitable version "3.8.10", minimum required is "3") 
[0.701s] -- Using PYTHON_EXECUTABLE: /usr/bin/python3
[1.126s] -- Override CMake install command with custom implementation using symlinks instead of copying resources
[1.178s] -- Found geometry_msgs: 2.0.5 (/opt/ros/foxy/share/geometry_msgs/cmake)
[1.236s] -- Using all available rosidl_typesupport_c: rosidl_typesupport_fastrtps_c;rosidl_typesupport_introspection_c
[1.248s] -- Found rosidl_adapter: 1.3.1 (/opt/ros/foxy/share/rosidl_adapter/cmake)
[1.425s] -- Found OpenSSL: /usr/lib/aarch64-linux-gnu/libcrypto.so (found version "1.1.1f")  
[1.487s] -- Found FastRTPS: /opt/ros/foxy/include  
[1.639s] -- Using all available rosidl_typesupport_cpp: rosidl_typesupport_fastrtps_cpp;rosidl_typesupport_introspection_cpp
[1.781s] -- Found rosidl_default_generators: 1.0.1 (/opt/ros/foxy/share/rosidl_default_generators/cmake)
[1.804s] -- Found rosidl_generator_dds_idl: 0.7.1 (/opt/ros/foxy/share/rosidl_generator_dds_idl/cmake)
[1.854s] -- Found PythonInterp: /usr/bin/python3 (found version "3.8.10") 
[2.283s] -- Found ament_cmake_ros: 0.9.2 (/opt/ros/foxy/share/ament_cmake_ros/cmake)
[2.727s] -- Using all available rosidl_typesupport_c: rosidl_typesupport_fastrtps_c;rosidl_typesupport_introspection_c
[2.903s] -- Using all available rosidl_typesupport_cpp: rosidl_typesupport_fastrtps_cpp;rosidl_typesupport_introspection_cpp
[2.958s] -- Found PythonInterp: /usr/bin/python3 (found suitable version "3.8.10", minimum required is "3.5") 
[2.962s] -- Found python_cmake_module: 0.8.1 (/opt/ros/foxy/share/python_cmake_module/cmake)
[3.021s] -- Found PythonLibs: /usr/lib/aarch64-linux-gnu/libpython3.8.so (found suitable version "3.8.10", minimum required is "3.5") 
[3.022s] -- Using PYTHON_EXECUTABLE: /usr/bin/python3
[3.022s] -- Using PYTHON_INCLUDE_DIRS: /usr/include/python3.8
[3.022s] -- Using PYTHON_LIBRARIES: /usr/lib/aarch64-linux-gnu/libpython3.8.so
[3.065s] -- Found PythonExtra: .so  
[3.788s] -- Found ament_lint_auto: 0.9.8 (/opt/ros/foxy/share/ament_lint_auto/cmake)
[3.838s] -- Added test 'copyright' to check source files copyright and LICENSE
[3.843s] -- Added test 'lint_cmake' to check CMake code style
[3.846s] -- Added test 'xmllint' to check XML markup files
[3.855s] -- Configuring done
[3.981s] -- Generating done
[4.006s] -- Build files have been written to: /home/unitree/imes-g1/build/unitree_hg
[4.103s] Invoked command in '/home/unitree/imes-g1/build/unitree_hg' returned '0': CMAKE_PREFIX_PATH=${CMAKE_PREFIX_PATH}:/opt/ros/foxy /home/unitree/.local/bin/cmake /home/unitree/imes-g1/src/third_party/unitree/12Aug2025_unitree_ros2/cyclonedds_ws/src/unitree/unitree_hg -DAMENT_CMAKE_SYMLINK_INSTALL=1 -DCMAKE_INSTALL_PREFIX=/home/unitree/imes-g1/install/unitree_hg
[4.105s] Invoking command in '/home/unitree/imes-g1/build/unitree_hg': CMAKE_PREFIX_PATH=${CMAKE_PREFIX_PATH}:/opt/ros/foxy /home/unitree/.local/bin/cmake --build /home/unitree/imes-g1/build/unitree_hg -- -j8 -l8
[4.652s] [  1%] [34m[1mGenerating DDS interfaces[0m
[4.652s] [  2%] [34m[1mGenerating C code for ROS interfaces[0m
[4.652s] [  2%] [34m[1mGenerating C++ code for ROS interfaces[0m
[6.244s] [  2%] Built target unitree_hg__dds_connext_idl
[8.236s] [  2%] Built target unitree_hg__cpp
[8.277s] [  3%] [34m[1mGenerating C++ introspection for ROS interfaces[0m
[8.286s] [  4%] [34m[1mGenerating C++ type support dispatch for ROS interfaces[0m
[8.311s] [  5%] [34m[1mGenerating C++ type support for eProsima Fast-RTPS[0m
[8.748s] [  6%] [32mBuilding C object CMakeFiles/unitree_hg__rosidl_generator_c.dir/rosidl_generator_c/unitree_hg/msg/detail/bms_cmd__functions.c.o[0m
[8.776s] [  7%] [32mBuilding C object CMakeFiles/unitree_hg__rosidl_generator_c.dir/rosidl_generator_c/unitree_hg/msg/detail/hand_cmd__functions.c.o[0m
[8.776s] [  7%] [32mBuilding C object CMakeFiles/unitree_hg__rosidl_generator_c.dir/rosidl_generator_c/unitree_hg/msg/detail/bms_state__functions.c.o[0m
[8.776s] [  8%] [32mBuilding C object CMakeFiles/unitree_hg__rosidl_generator_c.dir/rosidl_generator_c/unitree_hg/msg/detail/hand_state__functions.c.o[0m
[8.792s] [  9%] [32mBuilding C object CMakeFiles/unitree_hg__rosidl_generator_c.dir/rosidl_generator_c/unitree_hg/msg/detail/imu_state__functions.c.o[0m
[9.044s] [ 10%] [32mBuilding C object CMakeFiles/unitree_hg__rosidl_generator_c.dir/rosidl_generator_c/unitree_hg/msg/detail/low_cmd__functions.c.o[0m
[9.113s] [ 11%] [32mBuilding C object CMakeFiles/unitree_hg__rosidl_generator_c.dir/rosidl_generator_c/unitree_hg/msg/detail/low_state__functions.c.o[0m
[9.162s] [ 12%] [32mBuilding C object CMakeFiles/unitree_hg__rosidl_generator_c.dir/rosidl_generator_c/unitree_hg/msg/detail/main_board_state__functions.c.o[0m
[9.201s] [ 13%] [32mBuilding C object CMakeFiles/unitree_hg__rosidl_generator_c.dir/rosidl_generator_c/unitree_hg/msg/detail/motor_cmd__functions.c.o[0m
[9.238s] [ 14%] [32mBuilding C object CMakeFiles/unitree_hg__rosidl_generator_c.dir/rosidl_generator_c/unitree_hg/msg/detail/motor_state__functions.c.o[0m
[9.332s] [ 15%] [32mBuilding C object CMakeFiles/unitree_hg__rosidl_generator_c.dir/rosidl_generator_c/unitree_hg/msg/detail/press_sensor_state__functions.c.o[0m
[9.576s] [ 16%] [32m[1mLinking C shared library libunitree_hg__rosidl_generator_c.so[0m
[9.813s] [ 16%] Built target unitree_hg__rosidl_generator_c
[9.893s] [ 16%] [34m[1mGenerating C introspection for ROS interfaces[0m
[9.916s] [ 16%] [34m[1mGenerating C type support dispatch for ROS interfaces[0m
[10.975s] [ 17%] [32mBuilding CXX object CMakeFiles/unitree_hg__rosidl_typesupport_cpp.dir/rosidl_typesupport_cpp/unitree_hg/msg/bms_cmd__type_support.cpp.o[0m
[10.988s] [ 18%] [32mBuilding CXX object CMakeFiles/unitree_hg__rosidl_typesupport_cpp.dir/rosidl_typesupport_cpp/unitree_hg/msg/bms_state__type_support.cpp.o[0m
[10.995s] [ 18%] [32mBuilding CXX object CMakeFiles/unitree_hg__rosidl_typesupport_cpp.dir/rosidl_typesupport_cpp/unitree_hg/msg/hand_cmd__type_support.cpp.o[0m
[11.018s] [ 19%] [32mBuilding CXX object CMakeFiles/unitree_hg__rosidl_typesupport_cpp.dir/rosidl_typesupport_cpp/unitree_hg/msg/hand_state__type_support.cpp.o[0m
[12.062s] [ 20%] [32mBuilding CXX object CMakeFiles/unitree_hg__rosidl_typesupport_introspection_cpp.dir/rosidl_typesupport_introspection_cpp/unitree_hg/msg/detail/bms_cmd__type_support.cpp.o[0m
[12.476s] [ 21%] [32mBuilding CXX object CMakeFiles/unitree_hg__rosidl_typesupport_fastrtps_cpp.dir/rosidl_typesupport_fastrtps_cpp/unitree_hg/msg/detail/dds_fastrtps/bms_cmd__type_support.cpp.o[0m
[12.552s] [ 22%] [32mBuilding CXX object CMakeFiles/unitree_hg__rosidl_typesupport_cpp.dir/rosidl_typesupport_cpp/unitree_hg/msg/imu_state__type_support.cpp.o[0m
[12.708s] [ 23%] [32mBuilding CXX object CMakeFiles/unitree_hg__rosidl_typesupport_cpp.dir/rosidl_typesupport_cpp/unitree_hg/msg/low_cmd__type_support.cpp.o[0m
[12.800s] [ 24%] [32mBuilding CXX object CMakeFiles/unitree_hg__rosidl_typesupport_cpp.dir/rosidl_typesupport_cpp/unitree_hg/msg/low_state__type_support.cpp.o[0m
[12.826s] [ 25%] [32mBuilding CXX object CMakeFiles/unitree_hg__rosidl_typesupport_cpp.dir/rosidl_typesupport_cpp/unitree_hg/msg/main_board_state__type_support.cpp.o[0m
[13.112s] [ 26%] [32mBuilding CXX object CMakeFiles/unitree_hg__rosidl_typesupport_c.dir/rosidl_typesupport_c/unitree_hg/msg/bms_cmd__type_support.cpp.o[0m
[13.324s] [ 27%] [32mBuilding CXX object CMakeFiles/unitree_hg__rosidl_typesupport_c.dir/rosidl_typesupport_c/unitree_hg/msg/bms_state__type_support.cpp.o[0m
[13.396s] [ 28%] [32mBuilding CXX object CMakeFiles/unitree_hg__rosidl_typesupport_introspection_cpp.dir/rosidl_typesupport_introspection_cpp/unitree_hg/msg/detail/bms_state__type_support.cpp.o[0m
[13.576s] [ 29%] [32mBuilding CXX object CMakeFiles/unitree_hg__rosidl_typesupport_c.dir/rosidl_typesupport_c/unitree_hg/msg/hand_cmd__type_support.cpp.o[0m
[13.788s] [ 30%] [32mBuilding CXX object CMakeFiles/unitree_hg__rosidl_typesupport_c.dir/rosidl_typesupport_c/unitree_hg/msg/hand_state__type_support.cpp.o[0m
[14.020s] [ 31%] [32mBuilding CXX object CMakeFiles/unitree_hg__rosidl_typesupport_c.dir/rosidl_typesupport_c/unitree_hg/msg/imu_state__type_support.cpp.o[0m
[14.028s] [ 32%] [32mBuilding C object CMakeFiles/unitree_hg__rosidl_typesupport_introspection_c.dir/rosidl_typesupport_introspection_c/unitree_hg/msg/detail/bms_cmd__type_support.c.o[0m
[14.240s] [ 33%] [32mBuilding CXX object CMakeFiles/unitree_hg__rosidl_typesupport_c.dir/rosidl_typesupport_c/unitree_hg/msg/low_cmd__type_support.cpp.o[0m
[14.263s] [ 34%] [32mBuilding CXX object CMakeFiles/unitree_hg__rosidl_typesupport_cpp.dir/rosidl_typesupport_cpp/unitree_hg/msg/motor_cmd__type_support.cpp.o[0m
[14.263s] [ 35%] [32mBuilding C object CMakeFiles/unitree_hg__rosidl_typesupport_introspection_c.dir/rosidl_typesupport_introspection_c/unitree_hg/msg/detail/bms_state__type_support.c.o[0m
[14.420s] [ 36%] [32mBuilding CXX object CMakeFiles/unitree_hg__rosidl_typesupport_c.dir/rosidl_typesupport_c/unitree_hg/msg/low_state__type_support.cpp.o[0m
[14.436s] [ 37%] [32mBuilding CXX object CMakeFiles/unitree_hg__rosidl_typesupport_cpp.dir/rosidl_typesupport_cpp/unitree_hg/msg/motor_state__type_support.cpp.o[0m
[14.448s] [ 38%] [32mBuilding CXX object CMakeFiles/unitree_hg__rosidl_typesupport_c.dir/rosidl_typesupport_c/unitree_hg/msg/main_board_state__type_support.cpp.o[0m
[14.460s] [ 39%] [32mBuilding C object CMakeFiles/unitree_hg__rosidl_typesupport_introspection_c.dir/rosidl_typesupport_introspection_c/unitree_hg/msg/detail/hand_cmd__type_support.c.o[0m
[14.508s] [ 40%] [32mBuilding CXX object CMakeFiles/unitree_hg__rosidl_typesupport_cpp.dir/rosidl_typesupport_cpp/unitree_hg/msg/press_sensor_state__type_support.cpp.o[0m
[14.660s] [ 40%] [32mBuilding CXX object CMakeFiles/unitree_hg__rosidl_typesupport_c.dir/rosidl_typesupport_c/unitree_hg/msg/motor_cmd__type_support.cpp.o[0m
[14.664s] [ 41%] [32mBuilding CXX object CMakeFiles/unitree_hg__rosidl_typesupport_c.dir/rosidl_typesupport_c/unitree_hg/msg/motor_state__type_support.cpp.o[0m
[14.741s] [ 42%] [32mBuilding C object CMakeFiles/unitree_hg__rosidl_typesupport_introspection_c.dir/rosidl_typesupport_introspection_c/unitree_hg/msg/detail/hand_state__type_support.c.o[0m
[14.848s] [ 43%] [32mBuilding CXX object CMakeFiles/unitree_hg__rosidl_typesupport_c.dir/rosidl_typesupport_c/unitree_hg/msg/press_sensor_state__type_support.cpp.o[0m
[14.873s] [ 44%] [32mBuilding C object CMakeFiles/unitree_hg__rosidl_typesupport_introspection_c.dir/rosidl_typesupport_introspection_c/unitree_hg/msg/detail/imu_state__type_support.c.o[0m
[14.972s] [ 45%] [32mBuilding C object CMakeFiles/unitree_hg__rosidl_typesupport_introspection_c.dir/rosidl_typesupport_introspection_c/unitree_hg/msg/detail/low_cmd__type_support.c.o[0m
[15.021s] [ 46%] [32m[1mLinking CXX shared library libunitree_hg__rosidl_typesupport_c.so[0m
[15.050s] [ 47%] [32mBuilding C object CMakeFiles/unitree_hg__rosidl_typesupport_introspection_c.dir/rosidl_typesupport_introspection_c/unitree_hg/msg/detail/low_state__type_support.c.o[0m
[15.050s] [ 48%] [32mBuilding CXX object CMakeFiles/unitree_hg__rosidl_typesupport_fastrtps_cpp.dir/rosidl_typesupport_fastrtps_cpp/unitree_hg/msg/detail/dds_fastrtps/bms_state__type_support.cpp.o[0m
[15.192s] [ 49%] [32mBuilding C object CMakeFiles/unitree_hg__rosidl_typesupport_introspection_c.dir/rosidl_typesupport_introspection_c/unitree_hg/msg/detail/main_board_state__type_support.c.o[0m
[15.204s] [ 49%] Built target unitree_hg__rosidl_typesupport_c
[15.211s] [ 49%] [32mBuilding CXX object CMakeFiles/unitree_hg__rosidl_typesupport_introspection_cpp.dir/rosidl_typesupport_introspection_cpp/unitree_hg/msg/detail/hand_cmd__type_support.cpp.o[0m
[15.235s] [ 50%] [32mBuilding C object CMakeFiles/unitree_hg__rosidl_typesupport_introspection_c.dir/rosidl_typesupport_introspection_c/unitree_hg/msg/detail/motor_cmd__type_support.c.o[0m
[15.236s] [ 50%] [32mBuilding CXX object CMakeFiles/unitree_hg__rosidl_typesupport_introspection_cpp.dir/rosidl_typesupport_introspection_cpp/unitree_hg/msg/detail/hand_state__type_support.cpp.o[0m
[15.357s] [ 51%] [32mBuilding C object CMakeFiles/unitree_hg__rosidl_typesupport_introspection_c.dir/rosidl_typesupport_introspection_c/unitree_hg/msg/detail/motor_state__type_support.c.o[0m
[15.438s] [ 52%] [32mBuilding C object CMakeFiles/unitree_hg__rosidl_typesupport_introspection_c.dir/rosidl_typesupport_introspection_c/unitree_hg/msg/detail/press_sensor_state__type_support.c.o[0m
[15.542s] [ 52%] [32mBuilding CXX object CMakeFiles/unitree_hg__rosidl_typesupport_fastrtps_cpp.dir/rosidl_typesupport_fastrtps_cpp/unitree_hg/msg/detail/dds_fastrtps/hand_cmd__type_support.cpp.o[0m
[15.612s] [ 53%] [32m[1mLinking C shared library libunitree_hg__rosidl_typesupport_introspection_c.so[0m
[15.784s] [ 53%] Built target unitree_hg__rosidl_typesupport_introspection_c
[15.816s] [ 54%] [32mBuilding CXX object CMakeFiles/unitree_hg__rosidl_typesupport_fastrtps_cpp.dir/rosidl_typesupport_fastrtps_cpp/unitree_hg/msg/detail/dds_fastrtps/hand_state__type_support.cpp.o[0m
[15.984s] [ 55%] [32mBuilding CXX object CMakeFiles/unitree_hg__rosidl_typesupport_fastrtps_cpp.dir/rosidl_typesupport_fastrtps_cpp/unitree_hg/msg/detail/dds_fastrtps/imu_state__type_support.cpp.o[0m
[16.104s] [ 56%] [32mBuilding CXX object CMakeFiles/unitree_hg__rosidl_typesupport_fastrtps_cpp.dir/rosidl_typesupport_fastrtps_cpp/unitree_hg/msg/detail/dds_fastrtps/low_cmd__type_support.cpp.o[0m
[16.324s] [ 57%] [32m[1mLinking CXX shared library libunitree_hg__rosidl_typesupport_cpp.so[0m
[16.609s] [ 57%] Built target unitree_hg__rosidl_typesupport_cpp
[16.643s] [ 58%] [32mBuilding CXX object CMakeFiles/unitree_hg__rosidl_typesupport_fastrtps_cpp.dir/rosidl_typesupport_fastrtps_cpp/unitree_hg/msg/detail/dds_fastrtps/low_state__type_support.cpp.o[0m
[17.308s] [ 59%] [32mBuilding CXX object CMakeFiles/unitree_hg__rosidl_typesupport_introspection_cpp.dir/rosidl_typesupport_introspection_cpp/unitree_hg/msg/detail/imu_state__type_support.cpp.o[0m
[17.964s] [ 60%] [32mBuilding CXX object CMakeFiles/unitree_hg__rosidl_typesupport_fastrtps_cpp.dir/rosidl_typesupport_fastrtps_cpp/unitree_hg/msg/detail/dds_fastrtps/main_board_state__type_support.cpp.o[0m
[18.112s] [ 61%] [32mBuilding CXX object CMakeFiles/unitree_hg__rosidl_typesupport_introspection_cpp.dir/rosidl_typesupport_introspection_cpp/unitree_hg/msg/detail/low_cmd__type_support.cpp.o[0m
[18.500s] [ 62%] [32mBuilding CXX object CMakeFiles/unitree_hg__rosidl_typesupport_fastrtps_cpp.dir/rosidl_typesupport_fastrtps_cpp/unitree_hg/msg/detail/dds_fastrtps/motor_cmd__type_support.cpp.o[0m
[18.636s] [ 63%] [32mBuilding CXX object CMakeFiles/unitree_hg__rosidl_typesupport_fastrtps_cpp.dir/rosidl_typesupport_fastrtps_cpp/unitree_hg/msg/detail/dds_fastrtps/motor_state__type_support.cpp.o[0m
[18.820s] [ 64%] [32mBuilding CXX object CMakeFiles/unitree_hg__rosidl_typesupport_fastrtps_cpp.dir/rosidl_typesupport_fastrtps_cpp/unitree_hg/msg/detail/dds_fastrtps/press_sensor_state__type_support.cpp.o[0m
[18.975s] [ 65%] [32mBuilding CXX object CMakeFiles/unitree_hg__rosidl_typesupport_introspection_cpp.dir/rosidl_typesupport_introspection_cpp/unitree_hg/msg/detail/low_state__type_support.cpp.o[0m
[19.240s] [ 66%] [32mBuilding CXX object CMakeFiles/unitree_hg__rosidl_typesupport_introspection_cpp.dir/rosidl_typesupport_introspection_cpp/unitree_hg/msg/detail/main_board_state__type_support.cpp.o[0m
[19.520s] [ 67%] [32mBuilding CXX object CMakeFiles/unitree_hg__rosidl_typesupport_introspection_cpp.dir/rosidl_typesupport_introspection_cpp/unitree_hg/msg/detail/motor_cmd__type_support.cpp.o[0m
[19.987s] [ 68%] [32mBuilding CXX object CMakeFiles/unitree_hg__rosidl_typesupport_introspection_cpp.dir/rosidl_typesupport_introspection_cpp/unitree_hg/msg/detail/motor_state__type_support.cpp.o[0m
[20.512s] [ 69%] [32mBuilding CXX object CMakeFiles/unitree_hg__rosidl_typesupport_introspection_cpp.dir/rosidl_typesupport_introspection_cpp/unitree_hg/msg/detail/press_sensor_state__type_support.cpp.o[0m
[21.768s] [ 70%] [32m[1mLinking CXX shared library libunitree_hg__rosidl_typesupport_fastrtps_cpp.so[0m
[22.432s] [ 70%] Built target unitree_hg__rosidl_typesupport_fastrtps_cpp
[22.772s] [ 71%] [32m[1mLinking CXX shared library libunitree_hg__rosidl_typesupport_introspection_cpp.so[0m
[23.325s] [ 71%] Built target unitree_hg__rosidl_typesupport_introspection_cpp
[23.388s] [ 71%] [34m[1mGenerating C type support for eProsima Fast-RTPS[0m
[26.072s] [ 72%] [32mBuilding CXX object CMakeFiles/unitree_hg__rosidl_typesupport_fastrtps_c.dir/rosidl_typesupport_fastrtps_c/unitree_hg/msg/detail/bms_cmd__type_support_c.cpp.o[0m
[26.900s] [ 73%] [32mBuilding CXX object CMakeFiles/unitree_hg__rosidl_typesupport_fastrtps_c.dir/rosidl_typesupport_fastrtps_c/unitree_hg/msg/detail/main_board_state__type_support_c.cpp.o[0m
[27.675s] [ 73%] [32mBuilding CXX object CMakeFiles/unitree_hg__rosidl_typesupport_fastrtps_c.dir/rosidl_typesupport_fastrtps_c/unitree_hg/msg/detail/motor_cmd__type_support_c.cpp.o[0m
[28.347s] [ 74%] [32mBuilding CXX object CMakeFiles/unitree_hg__rosidl_typesupport_fastrtps_c.dir/rosidl_typesupport_fastrtps_c/unitree_hg/msg/detail/motor_state__type_support_c.cpp.o[0m
[29.030s] [ 75%] [32mBuilding CXX object CMakeFiles/unitree_hg__rosidl_typesupport_fastrtps_c.dir/rosidl_typesupport_fastrtps_c/unitree_hg/msg/detail/press_sensor_state__type_support_c.cpp.o[0m
[29.689s] [ 76%] [32mBuilding CXX object CMakeFiles/unitree_hg__rosidl_typesupport_fastrtps_c.dir/rosidl_typesupport_fastrtps_c/unitree_hg/msg/detail/low_state__type_support_c.cpp.o[0m
[30.372s] [ 77%] [32mBuilding CXX object CMakeFiles/unitree_hg__rosidl_typesupport_fastrtps_c.dir/rosidl_typesupport_fastrtps_c/unitree_hg/msg/detail/low_cmd__type_support_c.cpp.o[0m
[31.050s] [ 78%] [32mBuilding CXX object CMakeFiles/unitree_hg__rosidl_typesupport_fastrtps_c.dir/rosidl_typesupport_fastrtps_c/unitree_hg/msg/detail/imu_state__type_support_c.cpp.o[0m
[31.802s] [ 79%] [32mBuilding CXX object CMakeFiles/unitree_hg__rosidl_typesupport_fastrtps_c.dir/rosidl_typesupport_fastrtps_c/unitree_hg/msg/detail/hand_state__type_support_c.cpp.o[0m
[32.490s] [ 80%] [32mBuilding CXX object CMakeFiles/unitree_hg__rosidl_typesupport_fastrtps_c.dir/rosidl_typesupport_fastrtps_c/unitree_hg/msg/detail/hand_cmd__type_support_c.cpp.o[0m
[33.166s] [ 81%] [32mBuilding CXX object CMakeFiles/unitree_hg__rosidl_typesupport_fastrtps_c.dir/rosidl_typesupport_fastrtps_c/unitree_hg/msg/detail/bms_state__type_support_c.cpp.o[0m
[33.837s] [ 82%] [32m[1mLinking CXX shared library libunitree_hg__rosidl_typesupport_fastrtps_c.so[0m
[34.012s] [ 82%] Built target unitree_hg__rosidl_typesupport_fastrtps_c
[34.052s] [ 82%] Built target unitree_hg
[34.076s] [ 83%] [34m[1mGenerating Python code for ROS interfaces[0m
[36.800s] [ 83%] Built target unitree_hg__py
[36.818s] [ 84%] [32mBuilding C object CMakeFiles/unitree_hg__python.dir/rosidl_generator_py/unitree_hg/msg/_bms_cmd_s.c.o[0m
[37.004s] [ 85%] [32mBuilding C object CMakeFiles/unitree_hg__python.dir/rosidl_generator_py/unitree_hg/msg/_main_board_state_s.c.o[0m
[37.205s] [ 86%] [32mBuilding C object CMakeFiles/unitree_hg__python.dir/rosidl_generator_py/unitree_hg/msg/_motor_cmd_s.c.o[0m
[37.366s] [ 87%] [32mBuilding C object CMakeFiles/unitree_hg__python.dir/rosidl_generator_py/unitree_hg/msg/_motor_state_s.c.o[0m
[37.550s] [ 88%] [32mBuilding C object CMakeFiles/unitree_hg__python.dir/rosidl_generator_py/unitree_hg/msg/_press_sensor_state_s.c.o[0m
[37.720s] [ 88%] [32mBuilding C object CMakeFiles/unitree_hg__python.dir/rosidl_generator_py/unitree_hg/msg/_low_state_s.c.o[0m
[37.905s] [ 89%] [32mBuilding C object CMakeFiles/unitree_hg__python.dir/rosidl_generator_py/unitree_hg/msg/_low_cmd_s.c.o[0m
[38.084s] [ 90%] [32mBuilding C object CMakeFiles/unitree_hg__python.dir/rosidl_generator_py/unitree_hg/msg/_imu_state_s.c.o[0m
[38.269s] [ 91%] [32mBuilding C object CMakeFiles/unitree_hg__python.dir/rosidl_generator_py/unitree_hg/msg/_hand_state_s.c.o[0m
[38.453s] [ 92%] [32mBuilding C object CMakeFiles/unitree_hg__python.dir/rosidl_generator_py/unitree_hg/msg/_hand_cmd_s.c.o[0m
[38.607s] [ 93%] [32mBuilding C object CMakeFiles/unitree_hg__python.dir/rosidl_generator_py/unitree_hg/msg/_bms_state_s.c.o[0m
[38.800s] [ 94%] [32m[1mLinking C shared library rosidl_generator_py/unitree_hg/libunitree_hg__python.so[0m
[38.866s] [ 94%] Built target unitree_hg__python
[38.886s] [ 95%] [32mBuilding C object CMakeFiles/unitree_hg__rosidl_typesupport_fastrtps_c__pyext.dir/rosidl_generator_py/unitree_hg/_unitree_hg_s.ep.rosidl_typesupport_fastrtps_c.c.o[0m
[39.083s] [ 96%] [32m[1mLinking CXX shared library rosidl_generator_py/unitree_hg/unitree_hg_s__rosidl_typesupport_fastrtps_c.cpython-38-aarch64-linux-gnu.so[0m
[39.181s] [ 96%] Built target unitree_hg__rosidl_typesupport_fastrtps_c__pyext
[39.197s] [ 97%] [32mBuilding C object CMakeFiles/unitree_hg__rosidl_typesupport_c__pyext.dir/rosidl_generator_py/unitree_hg/_unitree_hg_s.ep.rosidl_typesupport_c.c.o[0m
[39.386s] [ 98%] [32m[1mLinking C shared library rosidl_generator_py/unitree_hg/unitree_hg_s__rosidl_typesupport_c.cpython-38-aarch64-linux-gnu.so[0m
[39.433s] [ 98%] Built target unitree_hg__rosidl_typesupport_c__pyext
[39.451s] [ 99%] [32mBuilding C object CMakeFiles/unitree_hg__rosidl_typesupport_introspection_c__pyext.dir/rosidl_generator_py/unitree_hg/_unitree_hg_s.ep.rosidl_typesupport_introspection_c.c.o[0m
[39.647s] [100%] [32m[1mLinking C shared library rosidl_generator_py/unitree_hg/unitree_hg_s__rosidl_typesupport_introspection_c.cpython-38-aarch64-linux-gnu.so[0m
[39.695s] [100%] Built target unitree_hg__rosidl_typesupport_introspection_c__pyext
[39.720s] Invoked command in '/home/unitree/imes-g1/build/unitree_hg' returned '0': CMAKE_PREFIX_PATH=${CMAKE_PREFIX_PATH}:/opt/ros/foxy /home/unitree/.local/bin/cmake --build /home/unitree/imes-g1/build/unitree_hg -- -j8 -l8
[39.728s] Invoking command in '/home/unitree/imes-g1/build/unitree_hg': CMAKE_PREFIX_PATH=${CMAKE_PREFIX_PATH}:/opt/ros/foxy /home/unitree/.local/bin/cmake --install /home/unitree/imes-g1/build/unitree_hg
[39.794s] -- Install configuration: ""
[39.795s] -- Execute custom install script
[39.796s] -- Symlinking: /home/unitree/imes-g1/install/unitree_hg/share/ament_index/resource_index/rosidl_interfaces/unitree_hg
[39.803s] -- Symlinking: /home/unitree/imes-g1/install/unitree_hg/include/unitree_hg/msg/bms_cmd.h
[39.808s] -- Symlinking: /home/unitree/imes-g1/install/unitree_hg/include/unitree_hg/msg/bms_state.h
[39.814s] -- Symlinking: /home/unitree/imes-g1/install/unitree_hg/include/unitree_hg/msg/detail/bms_cmd__functions.h
[39.819s] -- Symlinking: /home/unitree/imes-g1/install/unitree_hg/include/unitree_hg/msg/detail/bms_cmd__struct.h
[39.824s] -- Symlinking: /home/unitree/imes-g1/install/unitree_hg/include/unitree_hg/msg/detail/bms_cmd__type_support.h
[39.829s] -- Symlinking: /home/unitree/imes-g1/install/unitree_hg/include/unitree_hg/msg/detail/bms_state__functions.h
[39.834s] -- Symlinking: /home/unitree/imes-g1/install/unitree_hg/include/unitree_hg/msg/detail/bms_state__struct.h
[39.839s] -- Symlinking: /home/unitree/imes-g1/install/unitree_hg/include/unitree_hg/msg/detail/bms_state__type_support.h
[39.844s] -- Symlinking: /home/unitree/imes-g1/install/unitree_hg/include/unitree_hg/msg/detail/hand_cmd__functions.h
[39.849s] -- Symlinking: /home/unitree/imes-g1/install/unitree_hg/include/unitree_hg/msg/detail/hand_cmd__struct.h
[39.854s] -- Symlinking: /home/unitree/imes-g1/install/unitree_hg/include/unitree_hg/msg/detail/hand_cmd__type_support.h
[39.859s] -- Symlinking: /home/unitree/imes-g1/install/unitree_hg/include/unitree_hg/msg/detail/hand_state__functions.h
[39.865s] -- Symlinking: /home/unitree/imes-g1/install/unitree_hg/include/unitree_hg/msg/detail/hand_state__struct.h
[39.870s] -- Symlinking: /home/unitree/imes-g1/install/unitree_hg/include/unitree_hg/msg/detail/hand_state__type_support.h
[39.875s] -- Symlinking: /home/unitree/imes-g1/install/unitree_hg/include/unitree_hg/msg/detail/imu_state__functions.h
[39.880s] -- Symlinking: /home/unitree/imes-g1/install/unitree_hg/include/unitree_hg/msg/detail/imu_state__struct.h
[39.885s] -- Symlinking: /home/unitree/imes-g1/install/unitree_hg/include/unitree_hg/msg/detail/imu_state__type_support.h
[39.890s] -- Symlinking: /home/unitree/imes-g1/install/unitree_hg/include/unitree_hg/msg/detail/low_cmd__functions.h
[39.895s] -- Symlinking: /home/unitree/imes-g1/install/unitree_hg/include/unitree_hg/msg/detail/low_cmd__struct.h
[39.899s] -- Symlinking: /home/unitree/imes-g1/install/unitree_hg/include/unitree_hg/msg/detail/low_cmd__type_support.h
[39.905s] -- Symlinking: /home/unitree/imes-g1/install/unitree_hg/include/unitree_hg/msg/detail/low_state__functions.h
[39.909s] -- Symlinking: /home/unitree/imes-g1/install/unitree_hg/include/unitree_hg/msg/detail/low_state__struct.h
[39.914s] -- Symlinking: /home/unitree/imes-g1/install/unitree_hg/include/unitree_hg/msg/detail/low_state__type_support.h
[39.919s] -- Symlinking: /home/unitree/imes-g1/install/unitree_hg/include/unitree_hg/msg/detail/main_board_state__functions.h
[39.924s] -- Symlinking: /home/unitree/imes-g1/install/unitree_hg/include/unitree_hg/msg/detail/main_board_state__struct.h
[39.929s] -- Symlinking: /home/unitree/imes-g1/install/unitree_hg/include/unitree_hg/msg/detail/main_board_state__type_support.h
[39.934s] -- Symlinking: /home/unitree/imes-g1/install/unitree_hg/include/unitree_hg/msg/detail/motor_cmd__functions.h
[39.939s] -- Symlinking: /home/unitree/imes-g1/install/unitree_hg/include/unitree_hg/msg/detail/motor_cmd__struct.h
[39.944s] -- Symlinking: /home/unitree/imes-g1/install/unitree_hg/include/unitree_hg/msg/detail/motor_cmd__type_support.h
[39.949s] -- Symlinking: /home/unitree/imes-g1/install/unitree_hg/include/unitree_hg/msg/detail/motor_state__functions.h
[39.954s] -- Symlinking: /home/unitree/imes-g1/install/unitree_hg/include/unitree_hg/msg/detail/motor_state__struct.h
[39.958s] -- Symlinking: /home/unitree/imes-g1/install/unitree_hg/include/unitree_hg/msg/detail/motor_state__type_support.h
[39.963s] -- Symlinking: /home/unitree/imes-g1/install/unitree_hg/include/unitree_hg/msg/detail/press_sensor_state__functions.h
[39.968s] -- Symlinking: /home/unitree/imes-g1/install/unitree_hg/include/unitree_hg/msg/detail/press_sensor_state__struct.h
[39.973s] -- Symlinking: /home/unitree/imes-g1/install/unitree_hg/include/unitree_hg/msg/detail/press_sensor_state__type_support.h
[39.978s] -- Symlinking: /home/unitree/imes-g1/install/unitree_hg/include/unitree_hg/msg/hand_cmd.h
[39.983s] -- Symlinking: /home/unitree/imes-g1/install/unitree_hg/include/unitree_hg/msg/hand_state.h
[39.988s] -- Symlinking: /home/unitree/imes-g1/install/unitree_hg/include/unitree_hg/msg/imu_state.h
[39.992s] -- Symlinking: /home/unitree/imes-g1/install/unitree_hg/include/unitree_hg/msg/low_cmd.h
[39.997s] -- Symlinking: /home/unitree/imes-g1/install/unitree_hg/include/unitree_hg/msg/low_state.h
[40.002s] -- Symlinking: /home/unitree/imes-g1/install/unitree_hg/include/unitree_hg/msg/main_board_state.h
[40.007s] -- Symlinking: /home/unitree/imes-g1/install/unitree_hg/include/unitree_hg/msg/motor_cmd.h
[40.012s] -- Symlinking: /home/unitree/imes-g1/install/unitree_hg/include/unitree_hg/msg/motor_state.h
[40.016s] -- Symlinking: /home/unitree/imes-g1/install/unitree_hg/include/unitree_hg/msg/press_sensor_state.h
[40.021s] -- Symlinking: /home/unitree/imes-g1/install/unitree_hg/include/unitree_hg/msg/rosidl_generator_c__visibility_control.h
[40.027s] -- Symlinking: /home/unitree/imes-g1/install/unitree_hg/share/unitree_hg/environment/library_path.sh
[40.031s] -- Symlinking: /home/unitree/imes-g1/install/unitree_hg/share/unitree_hg/environment/library_path.dsv
[40.037s] -- Symlinking: /home/unitree/imes-g1/install/unitree_hg/include/unitree_hg/msg/detail/bms_cmd__rosidl_typesupport_fastrtps_c.h
[40.043s] -- Symlinking: /home/unitree/imes-g1/install/unitree_hg/include/unitree_hg/msg/detail/bms_state__rosidl_typesupport_fastrtps_c.h
[40.047s] -- Symlinking: /home/unitree/imes-g1/install/unitree_hg/include/unitree_hg/msg/detail/hand_cmd__rosidl_typesupport_fastrtps_c.h
[40.052s] -- Symlinking: /home/unitree/imes-g1/install/unitree_hg/include/unitree_hg/msg/detail/hand_state__rosidl_typesupport_fastrtps_c.h
[40.057s] -- Symlinking: /home/unitree/imes-g1/install/unitree_hg/include/unitree_hg/msg/detail/imu_state__rosidl_typesupport_fastrtps_c.h
[40.062s] -- Symlinking: /home/unitree/imes-g1/install/unitree_hg/include/unitree_hg/msg/detail/low_cmd__rosidl_typesupport_fastrtps_c.h
[40.067s] -- Symlinking: /home/unitree/imes-g1/install/unitree_hg/include/unitree_hg/msg/detail/low_state__rosidl_typesupport_fastrtps_c.h
[40.072s] -- Symlinking: /home/unitree/imes-g1/install/unitree_hg/include/unitree_hg/msg/detail/main_board_state__rosidl_typesupport_fastrtps_c.h
[40.077s] -- Symlinking: /home/unitree/imes-g1/install/unitree_hg/include/unitree_hg/msg/detail/motor_cmd__rosidl_typesupport_fastrtps_c.h
[40.082s] -- Symlinking: /home/unitree/imes-g1/install/unitree_hg/include/unitree_hg/msg/detail/motor_state__rosidl_typesupport_fastrtps_c.h
[40.087s] -- Symlinking: /home/unitree/imes-g1/install/unitree_hg/include/unitree_hg/msg/detail/press_sensor_state__rosidl_typesupport_fastrtps_c.h
[40.092s] -- Symlinking: /home/unitree/imes-g1/install/unitree_hg/include/unitree_hg/msg/rosidl_typesupport_fastrtps_c__visibility_control.h
[40.097s] -- Symlinking: /home/unitree/imes-g1/install/unitree_hg/lib/libunitree_hg__rosidl_typesupport_fastrtps_c.so
[40.104s] -- Symlinking: /home/unitree/imes-g1/install/unitree_hg/include/unitree_hg/msg/detail/bms_cmd__rosidl_typesupport_fastrtps_cpp.hpp
[40.109s] -- Symlinking: /home/unitree/imes-g1/install/unitree_hg/include/unitree_hg/msg/detail/bms_state__rosidl_typesupport_fastrtps_cpp.hpp
[40.114s] -- Symlinking: /home/unitree/imes-g1/install/unitree_hg/include/unitree_hg/msg/detail/hand_cmd__rosidl_typesupport_fastrtps_cpp.hpp
[40.119s] -- Symlinking: /home/unitree/imes-g1/install/unitree_hg/include/unitree_hg/msg/detail/hand_state__rosidl_typesupport_fastrtps_cpp.hpp
[40.124s] -- Symlinking: /home/unitree/imes-g1/install/unitree_hg/include/unitree_hg/msg/detail/imu_state__rosidl_typesupport_fastrtps_cpp.hpp
[40.130s] -- Symlinking: /home/unitree/imes-g1/install/unitree_hg/include/unitree_hg/msg/detail/low_cmd__rosidl_typesupport_fastrtps_cpp.hpp
[40.135s] -- Symlinking: /home/unitree/imes-g1/install/unitree_hg/include/unitree_hg/msg/detail/low_state__rosidl_typesupport_fastrtps_cpp.hpp
[40.140s] -- Symlinking: /home/unitree/imes-g1/install/unitree_hg/include/unitree_hg/msg/detail/main_board_state__rosidl_typesupport_fastrtps_cpp.hpp
[40.145s] -- Symlinking: /home/unitree/imes-g1/install/unitree_hg/include/unitree_hg/msg/detail/motor_cmd__rosidl_typesupport_fastrtps_cpp.hpp
[40.151s] -- Symlinking: /home/unitree/imes-g1/install/unitree_hg/include/unitree_hg/msg/detail/motor_state__rosidl_typesupport_fastrtps_cpp.hpp
[40.157s] -- Symlinking: /home/unitree/imes-g1/install/unitree_hg/include/unitree_hg/msg/detail/press_sensor_state__rosidl_typesupport_fastrtps_cpp.hpp
[40.162s] -- Symlinking: /home/unitree/imes-g1/install/unitree_hg/include/unitree_hg/msg/rosidl_typesupport_fastrtps_cpp__visibility_control.h
[40.168s] -- Symlinking: /home/unitree/imes-g1/install/unitree_hg/lib/libunitree_hg__rosidl_typesupport_fastrtps_cpp.so
[40.174s] -- Symlinking: /home/unitree/imes-g1/install/unitree_hg/include/unitree_hg/msg/detail/bms_cmd__rosidl_typesupport_introspection_c.h
[40.179s] -- Symlinking: /home/unitree/imes-g1/install/unitree_hg/include/unitree_hg/msg/detail/bms_state__rosidl_typesupport_introspection_c.h
[40.184s] -- Symlinking: /home/unitree/imes-g1/install/unitree_hg/include/unitree_hg/msg/detail/hand_cmd__rosidl_typesupport_introspection_c.h
[40.189s] -- Symlinking: /home/unitree/imes-g1/install/unitree_hg/include/unitree_hg/msg/detail/hand_state__rosidl_typesupport_introspection_c.h
[40.195s] -- Symlinking: /home/unitree/imes-g1/install/unitree_hg/include/unitree_hg/msg/detail/imu_state__rosidl_typesupport_introspection_c.h
[40.200s] -- Symlinking: /home/unitree/imes-g1/install/unitree_hg/include/unitree_hg/msg/detail/low_cmd__rosidl_typesupport_introspection_c.h
[40.205s] -- Symlinking: /home/unitree/imes-g1/install/unitree_hg/include/unitree_hg/msg/detail/low_state__rosidl_typesupport_introspection_c.h
[40.210s] -- Symlinking: /home/unitree/imes-g1/install/unitree_hg/include/unitree_hg/msg/detail/main_board_state__rosidl_typesupport_introspection_c.h
[40.216s] -- Symlinking: /home/unitree/imes-g1/install/unitree_hg/include/unitree_hg/msg/detail/motor_cmd__rosidl_typesupport_introspection_c.h
[40.221s] -- Symlinking: /home/unitree/imes-g1/install/unitree_hg/include/unitree_hg/msg/detail/motor_state__rosidl_typesupport_introspection_c.h
[40.226s] -- Symlinking: /home/unitree/imes-g1/install/unitree_hg/include/unitree_hg/msg/detail/press_sensor_state__rosidl_typesupport_introspection_c.h
[40.232s] -- Symlinking: /home/unitree/imes-g1/install/unitree_hg/include/unitree_hg/msg/rosidl_typesupport_introspection_c__visibility_control.h
[40.238s] -- Symlinking: /home/unitree/imes-g1/install/unitree_hg/include/unitree_hg/msg/bms_cmd.hpp
[40.243s] -- Symlinking: /home/unitree/imes-g1/install/unitree_hg/include/unitree_hg/msg/bms_state.hpp
[40.249s] -- Symlinking: /home/unitree/imes-g1/install/unitree_hg/include/unitree_hg/msg/detail/bms_cmd__builder.hpp
[40.259s] -- Symlinking: /home/unitree/imes-g1/install/unitree_hg/include/unitree_hg/msg/detail/bms_cmd__struct.hpp
[40.265s] -- Symlinking: /home/unitree/imes-g1/install/unitree_hg/include/unitree_hg/msg/detail/bms_cmd__traits.hpp
[40.270s] -- Symlinking: /home/unitree/imes-g1/install/unitree_hg/include/unitree_hg/msg/detail/bms_cmd__type_support.hpp
[40.275s] -- Symlinking: /home/unitree/imes-g1/install/unitree_hg/include/unitree_hg/msg/detail/bms_state__builder.hpp
[40.280s] -- Symlinking: /home/unitree/imes-g1/install/unitree_hg/include/unitree_hg/msg/detail/bms_state__struct.hpp
[40.285s] -- Symlinking: /home/unitree/imes-g1/install/unitree_hg/include/unitree_hg/msg/detail/bms_state__traits.hpp
[40.290s] -- Symlinking: /home/unitree/imes-g1/install/unitree_hg/include/unitree_hg/msg/detail/bms_state__type_support.hpp
[40.296s] -- Symlinking: /home/unitree/imes-g1/install/unitree_hg/include/unitree_hg/msg/detail/hand_cmd__builder.hpp
[40.301s] -- Symlinking: /home/unitree/imes-g1/install/unitree_hg/include/unitree_hg/msg/detail/hand_cmd__struct.hpp
[40.306s] -- Symlinking: /home/unitree/imes-g1/install/unitree_hg/include/unitree_hg/msg/detail/hand_cmd__traits.hpp
[40.312s] -- Symlinking: /home/unitree/imes-g1/install/unitree_hg/include/unitree_hg/msg/detail/hand_cmd__type_support.hpp
[40.317s] -- Symlinking: /home/unitree/imes-g1/install/unitree_hg/include/unitree_hg/msg/detail/hand_state__builder.hpp
[40.322s] -- Symlinking: /home/unitree/imes-g1/install/unitree_hg/include/unitree_hg/msg/detail/hand_state__struct.hpp
[40.327s] -- Symlinking: /home/unitree/imes-g1/install/unitree_hg/include/unitree_hg/msg/detail/hand_state__traits.hpp
[40.333s] -- Symlinking: /home/unitree/imes-g1/install/unitree_hg/include/unitree_hg/msg/detail/hand_state__type_support.hpp
[40.338s] -- Symlinking: /home/unitree/imes-g1/install/unitree_hg/include/unitree_hg/msg/detail/imu_state__builder.hpp
[40.344s] -- Symlinking: /home/unitree/imes-g1/install/unitree_hg/include/unitree_hg/msg/detail/imu_state__struct.hpp
[40.350s] -- Symlinking: /home/unitree/imes-g1/install/unitree_hg/include/unitree_hg/msg/detail/imu_state__traits.hpp
[40.355s] -- Symlinking: /home/unitree/imes-g1/install/unitree_hg/include/unitree_hg/msg/detail/imu_state__type_support.hpp
[40.361s] -- Symlinking: /home/unitree/imes-g1/install/unitree_hg/include/unitree_hg/msg/detail/low_cmd__builder.hpp
[40.367s] -- Symlinking: /home/unitree/imes-g1/install/unitree_hg/include/unitree_hg/msg/detail/low_cmd__struct.hpp
[40.372s] -- Symlinking: /home/unitree/imes-g1/install/unitree_hg/include/unitree_hg/msg/detail/low_cmd__traits.hpp
[40.378s] -- Symlinking: /home/unitree/imes-g1/install/unitree_hg/include/unitree_hg/msg/detail/low_cmd__type_support.hpp
[40.384s] -- Symlinking: /home/unitree/imes-g1/install/unitree_hg/include/unitree_hg/msg/detail/low_state__builder.hpp
[40.390s] -- Symlinking: /home/unitree/imes-g1/install/unitree_hg/include/unitree_hg/msg/detail/low_state__struct.hpp
[40.396s] -- Symlinking: /home/unitree/imes-g1/install/unitree_hg/include/unitree_hg/msg/detail/low_state__traits.hpp
[40.401s] -- Symlinking: /home/unitree/imes-g1/install/unitree_hg/include/unitree_hg/msg/detail/low_state__type_support.hpp
[40.407s] -- Symlinking: /home/unitree/imes-g1/install/unitree_hg/include/unitree_hg/msg/detail/main_board_state__builder.hpp
[40.413s] -- Symlinking: /home/unitree/imes-g1/install/unitree_hg/include/unitree_hg/msg/detail/main_board_state__struct.hpp
[40.417s] -- Symlinking: /home/unitree/imes-g1/install/unitree_hg/include/unitree_hg/msg/detail/main_board_state__traits.hpp
[40.423s] -- Symlinking: /home/unitree/imes-g1/install/unitree_hg/include/unitree_hg/msg/detail/main_board_state__type_support.hpp
[40.429s] -- Symlinking: /home/unitree/imes-g1/install/unitree_hg/include/unitree_hg/msg/detail/motor_cmd__builder.hpp
[40.434s] -- Symlinking: /home/unitree/imes-g1/install/unitree_hg/include/unitree_hg/msg/detail/motor_cmd__struct.hpp
[40.440s] -- Symlinking: /home/unitree/imes-g1/install/unitree_hg/include/unitree_hg/msg/detail/motor_cmd__traits.hpp
[40.447s] -- Symlinking: /home/unitree/imes-g1/install/unitree_hg/include/unitree_hg/msg/detail/motor_cmd__type_support.hpp
[40.453s] -- Symlinking: /home/unitree/imes-g1/install/unitree_hg/include/unitree_hg/msg/detail/motor_state__builder.hpp
[40.458s] -- Symlinking: /home/unitree/imes-g1/install/unitree_hg/include/unitree_hg/msg/detail/motor_state__struct.hpp
[40.463s] -- Symlinking: /home/unitree/imes-g1/install/unitree_hg/include/unitree_hg/msg/detail/motor_state__traits.hpp
[40.468s] -- Symlinking: /home/unitree/imes-g1/install/unitree_hg/include/unitree_hg/msg/detail/motor_state__type_support.hpp
[40.472s] -- Symlinking: /home/unitree/imes-g1/install/unitree_hg/include/unitree_hg/msg/detail/press_sensor_state__builder.hpp
[40.477s] -- Symlinking: /home/unitree/imes-g1/install/unitree_hg/include/unitree_hg/msg/detail/press_sensor_state__struct.hpp
[40.482s] -- Symlinking: /home/unitree/imes-g1/install/unitree_hg/include/unitree_hg/msg/detail/press_sensor_state__traits.hpp
[40.487s] -- Symlinking: /home/unitree/imes-g1/install/unitree_hg/include/unitree_hg/msg/detail/press_sensor_state__type_support.hpp
[40.492s] -- Symlinking: /home/unitree/imes-g1/install/unitree_hg/include/unitree_hg/msg/hand_cmd.hpp
[40.497s] -- Symlinking: /home/unitree/imes-g1/install/unitree_hg/include/unitree_hg/msg/hand_state.hpp
[40.502s] -- Symlinking: /home/unitree/imes-g1/install/unitree_hg/include/unitree_hg/msg/imu_state.hpp
[40.507s] -- Symlinking: /home/unitree/imes-g1/install/unitree_hg/include/unitree_hg/msg/low_cmd.hpp
[40.512s] -- Symlinking: /home/unitree/imes-g1/install/unitree_hg/include/unitree_hg/msg/low_state.hpp
[40.517s] -- Symlinking: /home/unitree/imes-g1/install/unitree_hg/include/unitree_hg/msg/main_board_state.hpp
[40.522s] -- Symlinking: /home/unitree/imes-g1/install/unitree_hg/include/unitree_hg/msg/motor_cmd.hpp
[40.527s] -- Symlinking: /home/unitree/imes-g1/install/unitree_hg/include/unitree_hg/msg/motor_state.hpp
[40.532s] -- Symlinking: /home/unitree/imes-g1/install/unitree_hg/include/unitree_hg/msg/press_sensor_state.hpp
[40.537s] -- Symlinking: /home/unitree/imes-g1/install/unitree_hg/include/unitree_hg/msg/rosidl_generator_cpp__visibility_control.hpp
[40.543s] -- Symlinking: /home/unitree/imes-g1/install/unitree_hg/include/unitree_hg/msg/detail/bms_cmd__rosidl_typesupport_introspection_cpp.hpp
[40.548s] -- Symlinking: /home/unitree/imes-g1/install/unitree_hg/include/unitree_hg/msg/detail/bms_state__rosidl_typesupport_introspection_cpp.hpp
[40.553s] -- Symlinking: /home/unitree/imes-g1/install/unitree_hg/include/unitree_hg/msg/detail/hand_cmd__rosidl_typesupport_introspection_cpp.hpp
[40.558s] -- Symlinking: /home/unitree/imes-g1/install/unitree_hg/include/unitree_hg/msg/detail/hand_state__rosidl_typesupport_introspection_cpp.hpp
[40.563s] -- Symlinking: /home/unitree/imes-g1/install/unitree_hg/include/unitree_hg/msg/detail/imu_state__rosidl_typesupport_introspection_cpp.hpp
[40.568s] -- Symlinking: /home/unitree/imes-g1/install/unitree_hg/include/unitree_hg/msg/detail/low_cmd__rosidl_typesupport_introspection_cpp.hpp
[40.574s] -- Symlinking: /home/unitree/imes-g1/install/unitree_hg/include/unitree_hg/msg/detail/low_state__rosidl_typesupport_introspection_cpp.hpp
[40.579s] -- Symlinking: /home/unitree/imes-g1/install/unitree_hg/include/unitree_hg/msg/detail/main_board_state__rosidl_typesupport_introspection_cpp.hpp
[40.584s] -- Symlinking: /home/unitree/imes-g1/install/unitree_hg/include/unitree_hg/msg/detail/motor_cmd__rosidl_typesupport_introspection_cpp.hpp
[40.589s] -- Symlinking: /home/unitree/imes-g1/install/unitree_hg/include/unitree_hg/msg/detail/motor_state__rosidl_typesupport_introspection_cpp.hpp
[40.594s] -- Symlinking: /home/unitree/imes-g1/install/unitree_hg/include/unitree_hg/msg/detail/press_sensor_state__rosidl_typesupport_introspection_cpp.hpp
[40.600s] -- Symlinking: /home/unitree/imes-g1/install/unitree_hg/share/unitree_hg/environment/pythonpath.sh
[40.605s] -- Symlinking: /home/unitree/imes-g1/install/unitree_hg/share/unitree_hg/environment/pythonpath.dsv
[40.610s] -- Symlinking: /home/unitree/imes-g1/install/unitree_hg/lib/python3.8/site-packages/unitree_hg/__init__.py
[40.616s] -- Symlinking: /home/unitree/imes-g1/install/unitree_hg/lib/python3.8/site-packages/unitree_hg/msg/__init__.py
[40.622s] -- Symlinking: /home/unitree/imes-g1/install/unitree_hg/lib/python3.8/site-packages/unitree_hg/msg/_bms_cmd.py
[40.627s] -- Symlinking: /home/unitree/imes-g1/install/unitree_hg/lib/python3.8/site-packages/unitree_hg/msg/_bms_state.py
[40.632s] -- Symlinking: /home/unitree/imes-g1/install/unitree_hg/lib/python3.8/site-packages/unitree_hg/msg/_hand_cmd.py
[40.637s] -- Symlinking: /home/unitree/imes-g1/install/unitree_hg/lib/python3.8/site-packages/unitree_hg/msg/_hand_state.py
[40.642s] -- Symlinking: /home/unitree/imes-g1/install/unitree_hg/lib/python3.8/site-packages/unitree_hg/msg/_imu_state.py
[40.647s] -- Symlinking: /home/unitree/imes-g1/install/unitree_hg/lib/python3.8/site-packages/unitree_hg/msg/_low_cmd.py
[40.653s] -- Symlinking: /home/unitree/imes-g1/install/unitree_hg/lib/python3.8/site-packages/unitree_hg/msg/_low_state.py
[40.658s] -- Symlinking: /home/unitree/imes-g1/install/unitree_hg/lib/python3.8/site-packages/unitree_hg/msg/_main_board_state.py
[40.663s] -- Symlinking: /home/unitree/imes-g1/install/unitree_hg/lib/python3.8/site-packages/unitree_hg/msg/_motor_cmd.py
[40.668s] -- Symlinking: /home/unitree/imes-g1/install/unitree_hg/lib/python3.8/site-packages/unitree_hg/msg/_motor_state.py
[40.673s] -- Symlinking: /home/unitree/imes-g1/install/unitree_hg/lib/python3.8/site-packages/unitree_hg/msg/_press_sensor_state.py
[40.679s] -- Symlinking: /home/unitree/imes-g1/install/unitree_hg/lib/python3.8/site-packages/unitree_hg/unitree_hg_s__rosidl_typesupport_fastrtps_c.cpython-38-aarch64-linux-gnu.so
[40.684s] -- Symlinking: /home/unitree/imes-g1/install/unitree_hg/lib/python3.8/site-packages/unitree_hg/unitree_hg_s__rosidl_typesupport_introspection_c.cpython-38-aarch64-linux-gnu.so
[40.689s] -- Symlinking: /home/unitree/imes-g1/install/unitree_hg/lib/python3.8/site-packages/unitree_hg/unitree_hg_s__rosidl_typesupport_c.cpython-38-aarch64-linux-gnu.so
[40.695s] -- Symlinking: /home/unitree/imes-g1/install/unitree_hg/lib/libunitree_hg__python.so
[40.700s] -- Symlinking: /home/unitree/imes-g1/install/unitree_hg/share/unitree_hg/msg/BmsCmd.idl
[40.705s] -- Symlinking: /home/unitree/imes-g1/install/unitree_hg/share/unitree_hg/msg/BmsState.idl
[40.710s] -- Symlinking: /home/unitree/imes-g1/install/unitree_hg/share/unitree_hg/msg/HandCmd.idl
[40.715s] -- Symlinking: /home/unitree/imes-g1/install/unitree_hg/share/unitree_hg/msg/HandState.idl
[40.720s] -- Symlinking: /home/unitree/imes-g1/install/unitree_hg/share/unitree_hg/msg/IMUState.idl
[40.725s] -- Symlinking: /home/unitree/imes-g1/install/unitree_hg/share/unitree_hg/msg/LowCmd.idl
[40.730s] -- Symlinking: /home/unitree/imes-g1/install/unitree_hg/share/unitree_hg/msg/LowState.idl
[40.735s] -- Symlinking: /home/unitree/imes-g1/install/unitree_hg/share/unitree_hg/msg/MainBoardState.idl
[40.741s] -- Symlinking: /home/unitree/imes-g1/install/unitree_hg/share/unitree_hg/msg/MotorCmd.idl
[40.746s] -- Symlinking: /home/unitree/imes-g1/install/unitree_hg/share/unitree_hg/msg/MotorState.idl
[40.752s] -- Symlinking: /home/unitree/imes-g1/install/unitree_hg/share/unitree_hg/msg/PressSensorState.idl
[40.757s] -- Symlinking: /home/unitree/imes-g1/install/unitree_hg/share/unitree_hg/msg/BmsCmd.msg
[40.763s] -- Symlinking: /home/unitree/imes-g1/install/unitree_hg/share/unitree_hg/msg/BmsState.msg
[40.768s] -- Symlinking: /home/unitree/imes-g1/install/unitree_hg/share/unitree_hg/msg/HandCmd.msg
[40.773s] -- Symlinking: /home/unitree/imes-g1/install/unitree_hg/share/unitree_hg/msg/HandState.msg
[40.779s] -- Symlinking: /home/unitree/imes-g1/install/unitree_hg/share/unitree_hg/msg/IMUState.msg
[40.784s] -- Symlinking: /home/unitree/imes-g1/install/unitree_hg/share/unitree_hg/msg/LowCmd.msg
[40.789s] -- Symlinking: /home/unitree/imes-g1/install/unitree_hg/share/unitree_hg/msg/LowState.msg
[40.794s] -- Symlinking: /home/unitree/imes-g1/install/unitree_hg/share/unitree_hg/msg/MainBoardState.msg
[40.800s] -- Symlinking: /home/unitree/imes-g1/install/unitree_hg/share/unitree_hg/msg/MotorCmd.msg
[40.805s] -- Symlinking: /home/unitree/imes-g1/install/unitree_hg/share/unitree_hg/msg/MotorState.msg
[40.810s] -- Symlinking: /home/unitree/imes-g1/install/unitree_hg/share/unitree_hg/msg/PressSensorState.msg
[40.816s] -- Symlinking: /home/unitree/imes-g1/install/unitree_hg/share/unitree_hg/msg/dds_connext/BmsCmd_.idl
[40.821s] -- Symlinking: /home/unitree/imes-g1/install/unitree_hg/share/unitree_hg/msg/dds_connext/BmsState_.idl
[40.826s] -- Symlinking: /home/unitree/imes-g1/install/unitree_hg/share/unitree_hg/msg/dds_connext/HandCmd_.idl
[40.831s] -- Symlinking: /home/unitree/imes-g1/install/unitree_hg/share/unitree_hg/msg/dds_connext/HandState_.idl
[40.836s] -- Symlinking: /home/unitree/imes-g1/install/unitree_hg/share/unitree_hg/msg/dds_connext/IMUState_.idl
[40.841s] -- Symlinking: /home/unitree/imes-g1/install/unitree_hg/share/unitree_hg/msg/dds_connext/LowCmd_.idl
[40.846s] -- Symlinking: /home/unitree/imes-g1/install/unitree_hg/share/unitree_hg/msg/dds_connext/LowState_.idl
[40.851s] -- Symlinking: /home/unitree/imes-g1/install/unitree_hg/share/unitree_hg/msg/dds_connext/MainBoardState_.idl
[40.857s] -- Symlinking: /home/unitree/imes-g1/install/unitree_hg/share/unitree_hg/msg/dds_connext/MotorCmd_.idl
[40.862s] -- Symlinking: /home/unitree/imes-g1/install/unitree_hg/share/unitree_hg/msg/dds_connext/MotorState_.idl
[40.868s] -- Symlinking: /home/unitree/imes-g1/install/unitree_hg/share/unitree_hg/msg/dds_connext/PressSensorState_.idl
[40.873s] -- Symlinking: /home/unitree/imes-g1/install/unitree_hg/share/ament_index/resource_index/package_run_dependencies/unitree_hg
[40.879s] -- Symlinking: /home/unitree/imes-g1/install/unitree_hg/share/ament_index/resource_index/parent_prefix_path/unitree_hg
[40.885s] -- Symlinking: /home/unitree/imes-g1/install/unitree_hg/share/unitree_hg/environment/ament_prefix_path.sh
[40.891s] -- Symlinking: /home/unitree/imes-g1/install/unitree_hg/share/unitree_hg/environment/ament_prefix_path.dsv
[40.896s] -- Symlinking: /home/unitree/imes-g1/install/unitree_hg/share/unitree_hg/environment/path.sh
[40.901s] -- Symlinking: /home/unitree/imes-g1/install/unitree_hg/share/unitree_hg/environment/path.dsv
[40.906s] -- Symlinking: /home/unitree/imes-g1/install/unitree_hg/share/unitree_hg/local_setup.bash
[40.911s] -- Symlinking: /home/unitree/imes-g1/install/unitree_hg/share/unitree_hg/local_setup.sh
[40.917s] -- Symlinking: /home/unitree/imes-g1/install/unitree_hg/share/unitree_hg/local_setup.zsh
[40.922s] -- Symlinking: /home/unitree/imes-g1/install/unitree_hg/share/unitree_hg/local_setup.dsv
[40.928s] -- Symlinking: /home/unitree/imes-g1/install/unitree_hg/share/unitree_hg/package.dsv
[40.933s] -- Symlinking: /home/unitree/imes-g1/install/unitree_hg/share/ament_index/resource_index/packages/unitree_hg
[40.938s] -- Symlinking: /home/unitree/imes-g1/install/unitree_hg/share/unitree_hg/cmake/rosidl_cmake-extras.cmake
[40.944s] -- Symlinking: /home/unitree/imes-g1/install/unitree_hg/share/unitree_hg/cmake/ament_cmake_export_dependencies-extras.cmake
[40.949s] -- Symlinking: /home/unitree/imes-g1/install/unitree_hg/share/unitree_hg/cmake/ament_cmake_export_libraries-extras.cmake
[40.954s] -- Symlinking: /home/unitree/imes-g1/install/unitree_hg/share/unitree_hg/cmake/ament_cmake_export_targets-extras.cmake
[40.959s] -- Symlinking: /home/unitree/imes-g1/install/unitree_hg/share/unitree_hg/cmake/ament_cmake_export_include_directories-extras.cmake
[40.964s] -- Symlinking: /home/unitree/imes-g1/install/unitree_hg/share/unitree_hg/cmake/rosidl_cmake_export_typesupport_libraries-extras.cmake
[40.968s] -- Symlinking: /home/unitree/imes-g1/install/unitree_hg/share/unitree_hg/cmake/rosidl_cmake_export_typesupport_targets-extras.cmake
[40.973s] -- Symlinking: /home/unitree/imes-g1/install/unitree_hg/share/unitree_hg/cmake/unitree_hgConfig.cmake
[40.978s] -- Symlinking: /home/unitree/imes-g1/install/unitree_hg/share/unitree_hg/cmake/unitree_hgConfig-version.cmake
[40.983s] -- Symlinking: /home/unitree/imes-g1/install/unitree_hg/share/unitree_hg/package.xml
[40.988s] -- Installing: /home/unitree/imes-g1/install/unitree_hg/lib/libunitree_hg__rosidl_generator_c.so
[40.989s] -- Set runtime path of "/home/unitree/imes-g1/install/unitree_hg/lib/libunitree_hg__rosidl_generator_c.so" to ""
[40.989s] -- Installing: /home/unitree/imes-g1/install/unitree_hg/lib/libunitree_hg__rosidl_typesupport_introspection_c.so
[40.989s] -- Set runtime path of "/home/unitree/imes-g1/install/unitree_hg/lib/libunitree_hg__rosidl_typesupport_introspection_c.so" to ""
[40.989s] -- Installing: /home/unitree/imes-g1/install/unitree_hg/lib/libunitree_hg__rosidl_typesupport_c.so
[40.990s] -- Set runtime path of "/home/unitree/imes-g1/install/unitree_hg/lib/libunitree_hg__rosidl_typesupport_c.so" to ""
[40.990s] -- Installing: /home/unitree/imes-g1/install/unitree_hg/lib/libunitree_hg__rosidl_typesupport_introspection_cpp.so
[40.991s] -- Set runtime path of "/home/unitree/imes-g1/install/unitree_hg/lib/libunitree_hg__rosidl_typesupport_introspection_cpp.so" to ""
[40.991s] -- Installing: /home/unitree/imes-g1/install/unitree_hg/lib/libunitree_hg__rosidl_typesupport_cpp.so
[40.991s] -- Set runtime path of "/home/unitree/imes-g1/install/unitree_hg/lib/libunitree_hg__rosidl_typesupport_cpp.so" to ""
[41.058s] Compiling '/home/unitree/imes-g1/install/unitree_hg/lib/python3.8/site-packages/unitree_hg/__init__.py'...
[41.070s] -- Installing: /home/unitree/imes-g1/install/unitree_hg/share/unitree_hg/cmake/unitree_hg__rosidl_generator_cExport.cmake
[41.070s] -- Installing: /home/unitree/imes-g1/install/unitree_hg/share/unitree_hg/cmake/unitree_hg__rosidl_generator_cExport-noconfig.cmake
[41.071s] -- Installing: /home/unitree/imes-g1/install/unitree_hg/share/unitree_hg/cmake/unitree_hg__rosidl_typesupport_introspection_cExport.cmake
[41.071s] -- Installing: /home/unitree/imes-g1/install/unitree_hg/share/unitree_hg/cmake/unitree_hg__rosidl_typesupport_introspection_cExport-noconfig.cmake
[41.071s] -- Installing: /home/unitree/imes-g1/install/unitree_hg/share/unitree_hg/cmake/unitree_hg__rosidl_typesupport_cExport.cmake
[41.071s] -- Installing: /home/unitree/imes-g1/install/unitree_hg/share/unitree_hg/cmake/unitree_hg__rosidl_typesupport_cExport-noconfig.cmake
[41.072s] -- Installing: /home/unitree/imes-g1/install/unitree_hg/share/unitree_hg/cmake/unitree_hg__rosidl_generator_cppExport.cmake
[41.072s] -- Installing: /home/unitree/imes-g1/install/unitree_hg/share/unitree_hg/cmake/unitree_hg__rosidl_typesupport_introspection_cppExport.cmake
[41.072s] -- Installing: /home/unitree/imes-g1/install/unitree_hg/share/unitree_hg/cmake/unitree_hg__rosidl_typesupport_introspection_cppExport-noconfig.cmake
[41.072s] -- Installing: /home/unitree/imes-g1/install/unitree_hg/share/unitree_hg/cmake/unitree_hg__rosidl_typesupport_cppExport.cmake
[41.073s] -- Installing: /home/unitree/imes-g1/install/unitree_hg/share/unitree_hg/cmake/unitree_hg__rosidl_typesupport_cppExport-noconfig.cmake
[41.112s] Invoked command in '/home/unitree/imes-g1/build/unitree_hg' returned '0': CMAKE_PREFIX_PATH=${CMAKE_PREFIX_PATH}:/opt/ros/foxy /home/unitree/.local/bin/cmake --install /home/unitree/imes-g1/build/unitree_hg
