2026-02-08 16:42:47,647  ERROR     PySide6 is required – install via 'pip install pyside6 pyqtgraph'
2026-02-08 16:42:47,647  ERROR     PySide6 is required for run_geoff_gui.py – install with:
    pip install pyside6 pyqtgraph
2026-02-08 16:45:11,578  INFO      No OpenGL_accelerate module loaded: No module named 'OpenGL_accelerate'
2026-02-08 16:45:11,857  ERROR     [run_geoff_gui] Tele-op disabled:
2026-02-08 16:45:11,857  ERROR     No module named 'hanger_boot_sequence'
2026-02-08 16:45:12,026  ERROR     [run_geoff_gui] Arm control disabled:
2026-02-08 16:45:12,034  ERROR     'NoneType' object has no attribute '_ref'
2026-02-08 16:45:12,035  ERROR     [run_geoff_gui] Dex3 hand control disabled:
2026-02-08 16:45:12,035  ERROR     No module named 'unitree_sdk2py.dex3'
2026-02-08 16:45:12,035  ERROR     [run_geoff_stack] RealSense receiver disabled:
2026-02-08 16:45:12,036  ERROR     No module named 'gi'
2026-02-08 16:45:12,097  INFO      [ChannelFactory] create domain error. msg:
2026-02-08 16:45:12,127  INFO      Occurred upon initialisation of a cyclonedds.domain.Domain
2026-02-08 16:45:12,131  ERROR     [run_geoff_gui] Battery monitor disabled:
2026-02-08 16:45:12,133  ERROR     Could not subscribe to any battery SOC topic
2026-02-08 16:45:13,858  INFO      [INFO] livox2_python unavailable (
2026-02-08 16:45:13,858  INFO      liblivox_lidar_sdk shared library not found.  Build & install Livox-SDK2 first (see wrapper docstring).
2026-02-08 16:45:13,858  INFO      ) – falling back to SDK1.
2026-02-08 16:45:13,858  ERROR     [run_geoff_gui] SLAM thread disabled:
2026-02-08 16:45:13,858  ERROR     No module named 'livox_python'
2026-02-08 16:45:42,265  INFO      No OpenGL_accelerate module loaded: No module named 'OpenGL_accelerate'
2026-02-08 16:45:42,420  ERROR     [run_geoff_gui] Tele-op disabled:
2026-02-08 16:45:42,420  ERROR     No module named 'hanger_boot_sequence'
2026-02-08 16:45:42,581  ERROR     [run_geoff_gui] Arm control disabled:
2026-02-08 16:45:42,588  ERROR     'NoneType' object has no attribute '_ref'
2026-02-08 16:45:42,588  ERROR     [run_geoff_gui] Dex3 hand control disabled:
2026-02-08 16:45:42,588  ERROR     No module named 'unitree_sdk2py.dex3'
2026-02-08 16:45:42,589  ERROR     [run_geoff_stack] RealSense receiver disabled:
2026-02-08 16:45:42,589  ERROR     No module named 'gi'
2026-02-08 16:45:45,048  INFO      [INFO] livox2_python unavailable (
2026-02-08 16:45:45,048  INFO      liblivox_lidar_sdk shared library not found.  Build & install Livox-SDK2 first (see wrapper docstring).
2026-02-08 16:45:45,048  INFO      ) – falling back to SDK1.
2026-02-08 16:45:45,048  ERROR     [run_geoff_gui] SLAM thread disabled:
2026-02-08 16:45:45,048  ERROR     No module named 'livox_python'
2026-02-08 16:45:58,296  INFO      [run_geoff_gui] Damp request – SDK unavailable
2026-02-09 10:03:16,043  INFO      No OpenGL_accelerate module loaded: No module named 'OpenGL_accelerate'
2026-02-09 10:03:16,273  ERROR     [run_geoff_gui] Tele-op disabled:
2026-02-09 10:03:16,273  ERROR     No module named 'hanger_boot_sequence'
2026-02-09 10:03:16,456  ERROR     [run_geoff_gui] Arm control disabled:
2026-02-09 10:03:16,457  ERROR     'NoneType' object has no attribute '_ref'
2026-02-09 10:03:16,457  ERROR     [run_geoff_gui] Dex3 hand control disabled:
2026-02-09 10:03:16,457  ERROR     No module named 'unitree_sdk2py.dex3'
2026-02-09 10:03:16,458  ERROR     [run_geoff_stack] RealSense receiver disabled:
2026-02-09 10:03:16,458  ERROR     No module named 'gi'
2026-02-09 10:03:19,440  INFO      [INFO] livox2_python unavailable (
2026-02-09 10:03:19,441  INFO      liblivox_lidar_sdk shared library not found.  Build & install Livox-SDK2 first (see wrapper docstring).
2026-02-09 10:03:19,441  INFO      ) – falling back to SDK1.
2026-02-09 10:03:19,444  ERROR     [run_geoff_gui] SLAM thread disabled:
2026-02-09 10:03:19,444  ERROR     Could not locate Livox shared library (liblivox_sdk.so / LivoxSdk.dll). Build the Livox-SDK first, or add its folder to LD_LIBRARY_PATH / PATH.
2026-02-09 10:12:48,232  INFO      No OpenGL_accelerate module loaded: No module named 'OpenGL_accelerate'
2026-02-09 10:12:48,563  ERROR     [run_geoff_gui] Arm control disabled:
2026-02-09 10:12:48,568  ERROR     'NoneType' object has no attribute '_ref'
2026-02-09 10:12:48,569  ERROR     [run_geoff_gui] Dex3 hand control disabled:
2026-02-09 10:12:48,569  ERROR     No module named 'unitree_sdk2py.dex3'
2026-02-09 10:12:48,570  ERROR     [run_geoff_stack] RealSense receiver disabled:
2026-02-09 10:12:48,573  ERROR     No module named 'gi'
2026-02-09 10:12:48,643  ERROR     [run_geoff_gui] Keyboard controller disabled:
2026-02-09 10:12:48,645  ERROR     No module named 'hanger_boot_sequence'
2026-02-09 10:12:50,499  INFO      [INFO] livox2_python unavailable (
2026-02-09 10:12:50,499  INFO      liblivox_lidar_sdk shared library not found.  Build & install Livox-SDK2 first (see wrapper docstring).
2026-02-09 10:12:50,499  INFO      ) – falling back to SDK1.
2026-02-09 10:12:50,500  ERROR     [run_geoff_gui] SLAM thread disabled:
2026-02-09 10:12:50,500  ERROR     Could not locate Livox shared library (liblivox_sdk.so / LivoxSdk.dll). Build the Livox-SDK first, or add its folder to LD_LIBRARY_PATH / PATH.
2026-02-09 10:12:58,675  INFO      [run_geoff_gui] Damp request – SDK unavailable
2026-02-09 10:12:59,159  INFO      [run_geoff_gui] Damp request – SDK unavailable
2026-02-09 10:13:01,650  INFO      [run_geoff_gui] Damp request – SDK unavailable
2026-02-09 10:13:04,024  INFO      [run_geoff_gui] Damp request – SDK unavailable
2026-02-09 10:13:04,163  INFO      [run_geoff_gui] Damp request – SDK unavailable
2026-02-09 10:13:04,296  INFO      [run_geoff_gui] Damp request – SDK unavailable
2026-02-09 10:13:04,551  INFO      [run_geoff_gui] Damp request – SDK unavailable
2026-02-09 10:13:04,691  INFO      [run_geoff_gui] Damp request – SDK unavailable
2026-02-09 10:13:04,883  INFO      [run_geoff_gui] Damp request – SDK unavailable
2026-02-09 10:13:07,239  INFO      [run_geoff_gui] Damp request – SDK unavailable
2026-02-09 10:13:07,414  INFO      [run_geoff_gui] Damp request – SDK unavailable
2026-02-09 10:13:10,132  ERROR     Traceback (most recent call last):
2026-02-09 10:13:10,132  ERROR       File "/home/ag/academy/academy_content/ef_ws/g1/scripts/unsorted/run_geoff_gui_input.py", line 2405, in _on_quit
2026-02-09 10:13:10,133  ERROR     self._drive_timer.stop()
2026-02-09 10:13:10,133  ERROR     ^
2026-02-09 10:13:10,133  ERROR     ^
2026-02-09 10:13:10,133  ERROR     ^
2026-02-09 10:13:10,133  ERROR     ^
2026-02-09 10:13:10,133  ERROR     ^
2026-02-09 10:13:10,134  ERROR     ^
2026-02-09 10:13:10,134  ERROR     ^
2026-02-09 10:13:10,134  ERROR     ^
2026-02-09 10:13:10,134  ERROR     ^
2026-02-09 10:13:10,134  ERROR     ^
2026-02-09 10:13:10,134  ERROR     ^
2026-02-09 10:13:10,134  ERROR     ^
2026-02-09 10:13:10,134  ERROR     ^
2026-02-09 10:13:10,134  ERROR     ^
2026-02-09 10:13:10,134  ERROR     ^
2026-02-09 10:13:10,134  ERROR     ^
2026-02-09 10:13:10,134  ERROR     ^
2026-02-09 10:13:10,135  ERROR     AttributeError
2026-02-09 10:13:10,135  ERROR     :
2026-02-09 10:13:10,135  ERROR     'GeoffWindow' object has no attribute '_drive_timer'
2026-02-09 10:47:33,570  INFO      No OpenGL_accelerate module loaded: No module named 'OpenGL_accelerate'
2026-02-09 10:47:34,662  INFO      Robot already in balanced stand (FSM 200, mode 0) – skipping boot sequence.
2026-02-09 10:47:34,877  ERROR     [run_geoff_gui] Dex3 hand control disabled:
2026-02-09 10:47:34,877  ERROR     No module named 'unitree_sdk2py.dex3'
2026-02-09 10:47:34,878  ERROR     [run_geoff_stack] RealSense receiver disabled:
2026-02-09 10:47:34,944  ERROR     No module named 'gi'
2026-02-09 10:47:38,274  INFO      [INFO] livox2_python unavailable (
2026-02-09 10:47:38,274  INFO      liblivox_lidar_sdk shared library not found.  Build & install Livox-SDK2 first (see wrapper docstring).
2026-02-09 10:47:38,274  INFO      ) – falling back to SDK1.
2026-02-09 10:47:38,276  ERROR     [run_geoff_gui] SLAM thread disabled:
2026-02-09 10:47:38,276  ERROR     Could not locate Livox shared library (liblivox_sdk.so / LivoxSdk.dll). Build the Livox-SDK first, or add its folder to LD_LIBRARY_PATH / PATH.
2026-02-09 10:49:47,048  INFO      No OpenGL_accelerate module loaded: No module named 'OpenGL_accelerate'
2026-02-09 10:49:48,074  INFO      Robot already in balanced stand (FSM 200, mode 0) – skipping boot sequence.
2026-02-09 10:49:48,295  ERROR     [run_geoff_gui] Dex3 hand control disabled:
2026-02-09 10:49:48,295  ERROR     No module named 'unitree_sdk2py.dex3'
2026-02-09 10:49:50,391  INFO      [INFO] livox2_python unavailable (
2026-02-09 10:49:50,392  INFO      liblivox_lidar_sdk shared library not found.  Build & install Livox-SDK2 first (see wrapper docstring).
2026-02-09 10:49:50,392  INFO      ) – falling back to SDK1.
2026-02-09 19:30:35,465  INFO      No OpenGL_accelerate module loaded: No module named 'OpenGL_accelerate'
2026-02-09 19:30:36,580  INFO      Robot already in balanced stand (FSM 200, mode 0) – skipping boot sequence.
2026-02-09 19:30:36,797  ERROR     [run_geoff_gui] Dex3 hand control disabled:
2026-02-09 19:30:36,797  ERROR     No module named 'unitree_sdk2py.dex3'
2026-02-09 19:30:40,120  INFO      [INFO] livox2_python unavailable (
2026-02-09 19:30:40,120  INFO      liblivox_lidar_sdk shared library not found.  Build & install Livox-SDK2 first (see wrapper docstring).
2026-02-09 19:30:40,120  INFO      ) – falling back to SDK1.
2026-02-09 19:38:43,609  INFO      No OpenGL_accelerate module loaded: No module named 'OpenGL_accelerate'
2026-02-09 19:38:44,640  INFO      Robot already in balanced stand (FSM 200, mode 0) – skipping boot sequence.
2026-02-09 19:38:44,855  ERROR     [run_geoff_gui] Dex3 hand control disabled:
2026-02-09 19:38:44,856  ERROR     No module named 'unitree_sdk2py.dex3'
2026-02-09 19:38:47,711  INFO      [INFO] livox2_python unavailable (
2026-02-09 19:38:47,711  INFO      liblivox_lidar_sdk shared library not found.  Build & install Livox-SDK2 first (see wrapper docstring).
2026-02-09 19:38:47,711  INFO      ) – falling back to SDK1.
2026-02-09 19:38:55,541  ERROR     [run_geoff_gui] Arm inference failed:
2026-02-09 19:38:55,545  ERROR     No module named 'data.inference_arm'
2026-02-09 19:38:55,552  ERROR     [run_geoff_gui] Arm inference failed:
2026-02-09 19:38:55,553  ERROR     No module named 'data.inference_arm'
2026-02-13 19:49:42,983  ERROR     PySide6 is required – install via 'pip install pyside6 pyqtgraph'
2026-02-13 19:49:42,984  ERROR     PySide6 is required for run_geoff_gui.py – install with:
    pip install pyside6 pyqtgraph
2026-02-13 19:51:46,199  INFO      No OpenGL_accelerate module loaded: No module named 'OpenGL_accelerate'
2026-02-13 19:51:47,420  INFO      [ChannelFactory] create domain error. msg:
2026-02-13 19:51:47,420  INFO      Occurred upon initialisation of a cyclonedds.domain.Domain
2026-02-13 19:51:47,420  ERROR     [run_geoff_gui] Tele-op disabled:
2026-02-13 19:51:47,420  ERROR     channel factory init error.
2026-02-13 19:51:47,460  ERROR     [run_geoff_gui] Arm control disabled:
2026-02-13 19:51:47,476  ERROR     'NoneType' object has no attribute '_ref'
2026-02-13 19:51:47,492  ERROR     [run_geoff_gui] Dex3 hand control disabled:
2026-02-13 19:51:47,493  ERROR     No module named 'unitree_sdk2py.dex3'
2026-02-13 19:51:47,581  INFO      [ChannelFactory] create domain error. msg:
2026-02-13 19:51:47,625  INFO      Occurred upon initialisation of a cyclonedds.domain.Domain
2026-02-13 19:51:47,639  ERROR     [run_geoff_gui] Battery monitor disabled:
2026-02-13 19:51:47,640  ERROR     Could not subscribe to any battery SOC topic
2026-02-13 19:51:47,641  ERROR     [run_geoff_gui] SLAM thread disabled:
2026-02-13 19:51:47,643  ERROR     No module named 'open3d'
2026-02-13 19:51:47,662  ERROR     [run_geoff_stack] RealSense receiver disabled:
2026-02-13 19:51:47,666  ERROR     cannot import name '_gi' from partially initialized module 'gi' (most likely due to a circular import) (/usr/lib/python3/dist-packages/gi/__init__.py)
2026-02-13 22:04:27,942  INFO      No OpenGL_accelerate module loaded: No module named 'OpenGL_accelerate'
2026-02-13 22:04:28,453  INFO      [ChannelFactory] create domain error. msg:
2026-02-13 22:04:28,453  INFO      Occurred upon initialisation of a cyclonedds.domain.Domain
2026-02-13 22:04:28,453  ERROR     [run_geoff_gui] Tele-op disabled:
2026-02-13 22:04:28,453  ERROR     channel factory init error.
2026-02-13 22:04:28,512  ERROR     [run_geoff_gui] Arm control disabled:
2026-02-13 22:04:28,525  ERROR     'NoneType' object has no attribute '_ref'
2026-02-13 22:04:28,526  ERROR     [run_geoff_gui] Dex3 hand control disabled:
2026-02-13 22:04:28,526  ERROR     No module named 'unitree_sdk2py.dex3'
2026-02-13 22:04:28,534  INFO      [ChannelFactory] create domain error. msg:
2026-02-13 22:04:28,646  INFO      Occurred upon initialisation of a cyclonedds.domain.Domain
2026-02-13 22:04:28,656  ERROR     [run_geoff_gui] Battery monitor disabled:
2026-02-13 22:04:28,657  ERROR     Could not subscribe to any battery SOC topic
