[0.105s] Invoking command in '/home/unitree/imes-g1/build/unitree_api': CONDA_PROMPT_MODIFIER=(base) /home/unitree/.local/bin/cmake --build /home/unitree/imes-g1/build/unitree_api -- -j8 -l8
[0.197s] make: Warning: File 'Makefile' has modification time 1770115985 s in the future
[0.275s] -- Configuring incomplete, errors occurred!
[0.275s] See also "/home/unitree/imes-g1/build/unitree_api/CMakeFiles/CMakeOutput.log".
[0.275s] [31mCMake Error at CMakeLists.txt:19 (find_package):
[0.275s]   By not providing "Findament_cmake.cmake" in CMAKE_MODULE_PATH this project
[0.275s]   has asked CMake to find a package configuration file provided by
[0.275s]   "ament_cmake", but CMake did not find one.
[0.275s] 
[0.275s]   Could not find a package configuration file provided by "ament_cmake" with
[0.275s]   any of the following names:
[0.276s] 
[0.276s]     ament_cmakeConfig.cmake
[0.276s]     ament_cmake-config.cmake
[0.276s] 
[0.276s]   Add the installation prefix of "ament_cmake" to CMAKE_PREFIX_PATH or set
[0.276s]   "ament_cmake_DIR" to a directory containing one of the above files.  If
[0.276s]   "ament_cmake" provides a separate development package or SDK, be sure it
[0.276s]   has been installed.
[0.276s] 
[0.276s] [0m
[0.277s] make: *** [Makefile:2245: cmake_check_build_system] Error 1
