[0.069s] Invoking command in '/home/unitree/imes-g1/build/g1_interface': CONDA_PROMPT_MODIFIER=(base) /home/unitree/.local/bin/cmake --build /home/unitree/imes-g1/build/g1_interface -- -j8 -l8
[0.178s] make: Warning: File 'Makefile' has modification time 1770219324 s in the future
[0.199s] [31mCMake Error at CMakeLists.txt:18 (find_package):
[0.223s]   By not providing "Findament_cmake.cmake" in CMAKE_MODULE_PATH this project
[0.224s]   has asked CMake to find a package configuration file provided by
[0.224s]   "ament_cmake", but CMake did not find one.
[0.224s] 
[0.224s]   Could not find a package configuration file provided by "ament_cmake" with
[0.225s]   any of the following names:
[0.225s] 
[0.225s]     ament_cmakeConfig.cmake
[0.225s]     ament_cmake-config.cmake
[0.225s] 
[0.225s]   Add the installation prefix of "ament_cmake" to CMAKE_PREFIX_PATH or set
[0.225s]   "ament_cmake_DIR" to a directory containing one of the above files.  If
[0.225s]   "ament_cmake" provides a separate development package or SDK, be sure it
[0.225s]   has been installed.
[0.225s] 
[0.226s] [0m
[0.226s] -- Configuring incomplete, errors occurred!
[0.226s] See also "/home/unitree/imes-g1/build/g1_interface/CMakeFiles/CMakeOutput.log".
[0.228s] make: *** [Makefile:1151: cmake_check_build_system] Error 1
[0.254s] Invoked command in '/home/unitree/imes-g1/build/g1_interface' returned '2': CONDA_PROMPT_MODIFIER=(base) /home/unitree/.local/bin/cmake --build /home/unitree/imes-g1/build/g1_interface -- -j8 -l8
