-- Found ament_cmake: 0.9.12 (/opt/ros/foxy/share/ament_cmake/cmake)
-- Found PythonInterp: /usr/bin/python3 (found suitable version "3.8.10", minimum required is "3") 
-- Using PYTHON_EXECUTABLE: /usr/bin/python3
-- Override CMake install command with custom implementation using symlinks instead of copying resources
-- Found std_srvs: 2.0.5 (/opt/ros/foxy/share/std_srvs/cmake)
-- Using all available rosidl_typesupport_c: rosidl_typesupport_fastrtps_c;rosidl_typesupport_introspection_c
-- Found rosidl_adapter: 1.3.1 (/opt/ros/foxy/share/rosidl_adapter/cmake)
-- Using all available rosidl_typesupport_cpp: rosidl_typesupport_fastrtps_cpp;rosidl_typesupport_introspection_cpp
-- Found rosidl_default_generators: 1.0.1 (/opt/ros/foxy/share/rosidl_default_generators/cmake)
-- Found PythonInterp: /usr/bin/python3 (found version "3.8.10") 
-- Found ament_cmake_ros: 0.9.2 (/opt/ros/foxy/share/ament_cmake_ros/cmake)
-- Using all available rosidl_typesupport_c: rosidl_typesupport_fastrtps_c;rosidl_typesupport_introspection_c
-- Using all available rosidl_typesupport_cpp: rosidl_typesupport_fastrtps_cpp;rosidl_typesupport_introspection_cpp
-- Found PythonInterp: /usr/bin/python3 (found suitable version "3.8.10", minimum required is "3.5") 
-- Found python_cmake_module: 0.8.1 (/opt/ros/foxy/share/python_cmake_module/cmake)
-- Using PYTHON_EXECUTABLE: /usr/bin/python3
-- Using PYTHON_INCLUDE_DIRS: /usr/include/python3.8
-- Using PYTHON_LIBRARIES: /usr/lib/aarch64-linux-gnu/libpython3.8.so
-- Configuring done
-- Generating done
-- Build files have been written to: /home/unitree/imes-g1/build/g1_interface
[35m[1mConsolidate compiler generated dependencies of target g1_interface__rosidl_generator_c[0m
[  2%] Built target g1_interface__cpp
[35m[1mConsolidate compiler generated dependencies of target g1_interface__rosidl_typesupport_cpp[0m
[ 12%] Built target g1_interface__rosidl_generator_c
[35m[1mConsolidate compiler generated dependencies of target g1_interface__rosidl_typesupport_fastrtps_cpp[0m
[35m[1mConsolidate compiler generated dependencies of target g1_interface__rosidl_typesupport_introspection_cpp[0m
[35m[1mConsolidate compiler generated dependencies of target g1_interface__rosidl_typesupport_introspection_c[0m
[ 23%] Built target g1_interface__rosidl_typesupport_cpp
[35m[1mConsolidate compiler generated dependencies of target g1_interface__rosidl_typesupport_c[0m
[ 34%] Built target g1_interface__rosidl_typesupport_fastrtps_cpp
[ 44%] Built target g1_interface__rosidl_typesupport_introspection_cpp
[ 55%] Built target g1_interface__rosidl_typesupport_introspection_c
[ 65%] Built target g1_interface__rosidl_typesupport_c
[35m[1mConsolidate compiler generated dependencies of target g1_interface__rosidl_typesupport_fastrtps_c[0m
[ 76%] Built target g1_interface__rosidl_typesupport_fastrtps_c
[ 76%] Built target g1_interface
[ 78%] Built target g1_interface__py
[35m[1mConsolidate compiler generated dependencies of target g1_interface__python[0m
[ 87%] Built target g1_interface__python
[35m[1mConsolidate compiler generated dependencies of target g1_interface__rosidl_typesupport_introspection_c__pyext[0m
[35m[1mConsolidate compiler generated dependencies of target g1_interface__rosidl_typesupport_fastrtps_c__pyext[0m
[35m[1mConsolidate compiler generated dependencies of target g1_interface__rosidl_typesupport_c__pyext[0m
[100%] Built target g1_interface__rosidl_typesupport_fastrtps_c__pyext
[100%] Built target g1_interface__rosidl_typesupport_c__pyext
[100%] Built target g1_interface__rosidl_typesupport_introspection_c__pyext
-- Install configuration: ""
-- Execute custom install script
-- Up-to-date symlink: /home/unitree/imes-g1/install/g1_interface/share/ament_index/resource_index/rosidl_interfaces/g1_interface
-- Up-to-date symlink: /home/unitree/imes-g1/install/g1_interface/include/g1_interface/msg/rosidl_generator_c__visibility_control.h
-- Up-to-date symlink: /home/unitree/imes-g1/install/g1_interface/include/g1_interface/srv/detail/g1_light__functions.h
-- Up-to-date symlink: /home/unitree/imes-g1/install/g1_interface/include/g1_interface/srv/detail/g1_light__struct.h
-- Up-to-date symlink: /home/unitree/imes-g1/install/g1_interface/include/g1_interface/srv/detail/g1_light__type_support.h
-- Up-to-date symlink: /home/unitree/imes-g1/install/g1_interface/include/g1_interface/srv/detail/g1_modes__functions.h
-- Up-to-date symlink: /home/unitree/imes-g1/install/g1_interface/include/g1_interface/srv/detail/g1_modes__struct.h
-- Up-to-date symlink: /home/unitree/imes-g1/install/g1_interface/include/g1_interface/srv/detail/g1_modes__type_support.h
-- Up-to-date symlink: /home/unitree/imes-g1/install/g1_interface/include/g1_interface/srv/detail/g1_volume__functions.h
-- Up-to-date symlink: /home/unitree/imes-g1/install/g1_interface/include/g1_interface/srv/detail/g1_volume__struct.h
-- Up-to-date symlink: /home/unitree/imes-g1/install/g1_interface/include/g1_interface/srv/detail/g1_volume__type_support.h
-- Up-to-date symlink: /home/unitree/imes-g1/install/g1_interface/include/g1_interface/srv/g1_light.h
-- Up-to-date symlink: /home/unitree/imes-g1/install/g1_interface/include/g1_interface/srv/g1_modes.h
-- Up-to-date symlink: /home/unitree/imes-g1/install/g1_interface/include/g1_interface/srv/g1_volume.h
-- Up-to-date symlink: /home/unitree/imes-g1/install/g1_interface/share/g1_interface/environment/library_path.sh
-- Up-to-date symlink: /home/unitree/imes-g1/install/g1_interface/share/g1_interface/environment/library_path.dsv
-- Up-to-date symlink: /home/unitree/imes-g1/install/g1_interface/include/g1_interface/msg/rosidl_typesupport_fastrtps_c__visibility_control.h
-- Up-to-date symlink: /home/unitree/imes-g1/install/g1_interface/include/g1_interface/srv/detail/g1_light__rosidl_typesupport_fastrtps_c.h
-- Up-to-date symlink: /home/unitree/imes-g1/install/g1_interface/include/g1_interface/srv/detail/g1_modes__rosidl_typesupport_fastrtps_c.h
-- Up-to-date symlink: /home/unitree/imes-g1/install/g1_interface/include/g1_interface/srv/detail/g1_volume__rosidl_typesupport_fastrtps_c.h
-- Up-to-date symlink: /home/unitree/imes-g1/install/g1_interface/lib/libg1_interface__rosidl_typesupport_fastrtps_c.so
-- Up-to-date symlink: /home/unitree/imes-g1/install/g1_interface/include/g1_interface/msg/rosidl_typesupport_fastrtps_cpp__visibility_control.h
-- Up-to-date symlink: /home/unitree/imes-g1/install/g1_interface/include/g1_interface/srv/detail/g1_light__rosidl_typesupport_fastrtps_cpp.hpp
-- Up-to-date symlink: /home/unitree/imes-g1/install/g1_interface/include/g1_interface/srv/detail/g1_modes__rosidl_typesupport_fastrtps_cpp.hpp
-- Up-to-date symlink: /home/unitree/imes-g1/install/g1_interface/include/g1_interface/srv/detail/g1_volume__rosidl_typesupport_fastrtps_cpp.hpp
-- Up-to-date symlink: /home/unitree/imes-g1/install/g1_interface/lib/libg1_interface__rosidl_typesupport_fastrtps_cpp.so
-- Up-to-date symlink: /home/unitree/imes-g1/install/g1_interface/include/g1_interface/msg/rosidl_typesupport_introspection_c__visibility_control.h
-- Up-to-date symlink: /home/unitree/imes-g1/install/g1_interface/include/g1_interface/srv/detail/g1_light__rosidl_typesupport_introspection_c.h
-- Up-to-date symlink: /home/unitree/imes-g1/install/g1_interface/include/g1_interface/srv/detail/g1_modes__rosidl_typesupport_introspection_c.h
-- Up-to-date symlink: /home/unitree/imes-g1/install/g1_interface/include/g1_interface/srv/detail/g1_volume__rosidl_typesupport_introspection_c.h
-- Up-to-date symlink: /home/unitree/imes-g1/install/g1_interface/include/g1_interface/msg/rosidl_generator_cpp__visibility_control.hpp
-- Up-to-date symlink: /home/unitree/imes-g1/install/g1_interface/include/g1_interface/srv/detail/g1_light__builder.hpp
-- Up-to-date symlink: /home/unitree/imes-g1/install/g1_interface/include/g1_interface/srv/detail/g1_light__struct.hpp
-- Up-to-date symlink: /home/unitree/imes-g1/install/g1_interface/include/g1_interface/srv/detail/g1_light__traits.hpp
-- Up-to-date symlink: /home/unitree/imes-g1/install/g1_interface/include/g1_interface/srv/detail/g1_light__type_support.hpp
-- Up-to-date symlink: /home/unitree/imes-g1/install/g1_interface/include/g1_interface/srv/detail/g1_modes__builder.hpp
-- Up-to-date symlink: /home/unitree/imes-g1/install/g1_interface/include/g1_interface/srv/detail/g1_modes__struct.hpp
-- Up-to-date symlink: /home/unitree/imes-g1/install/g1_interface/include/g1_interface/srv/detail/g1_modes__traits.hpp
-- Up-to-date symlink: /home/unitree/imes-g1/install/g1_interface/include/g1_interface/srv/detail/g1_modes__type_support.hpp
-- Up-to-date symlink: /home/unitree/imes-g1/install/g1_interface/include/g1_interface/srv/detail/g1_volume__builder.hpp
-- Up-to-date symlink: /home/unitree/imes-g1/install/g1_interface/include/g1_interface/srv/detail/g1_volume__struct.hpp
-- Up-to-date symlink: /home/unitree/imes-g1/install/g1_interface/include/g1_interface/srv/detail/g1_volume__traits.hpp
-- Up-to-date symlink: /home/unitree/imes-g1/install/g1_interface/include/g1_interface/srv/detail/g1_volume__type_support.hpp
-- Up-to-date symlink: /home/unitree/imes-g1/install/g1_interface/include/g1_interface/srv/g1_light.hpp
-- Up-to-date symlink: /home/unitree/imes-g1/install/g1_interface/include/g1_interface/srv/g1_modes.hpp
-- Up-to-date symlink: /home/unitree/imes-g1/install/g1_interface/include/g1_interface/srv/g1_volume.hpp
-- Up-to-date symlink: /home/unitree/imes-g1/install/g1_interface/include/g1_interface/srv/detail/g1_light__rosidl_typesupport_introspection_cpp.hpp
-- Up-to-date symlink: /home/unitree/imes-g1/install/g1_interface/include/g1_interface/srv/detail/g1_modes__rosidl_typesupport_introspection_cpp.hpp
-- Up-to-date symlink: /home/unitree/imes-g1/install/g1_interface/include/g1_interface/srv/detail/g1_volume__rosidl_typesupport_introspection_cpp.hpp
-- Up-to-date symlink: /home/unitree/imes-g1/install/g1_interface/share/g1_interface/environment/pythonpath.sh
-- Up-to-date symlink: /home/unitree/imes-g1/install/g1_interface/share/g1_interface/environment/pythonpath.dsv
-- Up-to-date symlink: /home/unitree/imes-g1/install/g1_interface/lib/python3.8/site-packages/g1_interface/__init__.py
-- Up-to-date symlink: /home/unitree/imes-g1/install/g1_interface/lib/python3.8/site-packages/g1_interface/srv/__init__.py
-- Up-to-date symlink: /home/unitree/imes-g1/install/g1_interface/lib/python3.8/site-packages/g1_interface/srv/_g1_light.py
-- Up-to-date symlink: /home/unitree/imes-g1/install/g1_interface/lib/python3.8/site-packages/g1_interface/srv/_g1_modes.py
-- Up-to-date symlink: /home/unitree/imes-g1/install/g1_interface/lib/python3.8/site-packages/g1_interface/srv/_g1_volume.py
-- Up-to-date symlink: /home/unitree/imes-g1/install/g1_interface/lib/python3.8/site-packages/g1_interface/g1_interface_s__rosidl_typesupport_fastrtps_c.cpython-38-aarch64-linux-gnu.so
-- Up-to-date symlink: /home/unitree/imes-g1/install/g1_interface/lib/python3.8/site-packages/g1_interface/g1_interface_s__rosidl_typesupport_introspection_c.cpython-38-aarch64-linux-gnu.so
-- Up-to-date symlink: /home/unitree/imes-g1/install/g1_interface/lib/python3.8/site-packages/g1_interface/g1_interface_s__rosidl_typesupport_c.cpython-38-aarch64-linux-gnu.so
-- Up-to-date symlink: /home/unitree/imes-g1/install/g1_interface/lib/libg1_interface__python.so
-- Up-to-date symlink: /home/unitree/imes-g1/install/g1_interface/share/g1_interface/srv/G1Modes.idl
-- Up-to-date symlink: /home/unitree/imes-g1/install/g1_interface/share/g1_interface/srv/G1Light.idl
-- Up-to-date symlink: /home/unitree/imes-g1/install/g1_interface/share/g1_interface/srv/G1Volume.idl
-- Up-to-date symlink: /home/unitree/imes-g1/install/g1_interface/share/g1_interface/srv/G1Modes.srv
-- Up-to-date symlink: /home/unitree/imes-g1/install/g1_interface/share/g1_interface/srv/G1Modes_Request.msg
-- Up-to-date symlink: /home/unitree/imes-g1/install/g1_interface/share/g1_interface/srv/G1Modes_Response.msg
-- Up-to-date symlink: /home/unitree/imes-g1/install/g1_interface/share/g1_interface/srv/G1Light.srv
-- Up-to-date symlink: /home/unitree/imes-g1/install/g1_interface/share/g1_interface/srv/G1Light_Request.msg
-- Up-to-date symlink: /home/unitree/imes-g1/install/g1_interface/share/g1_interface/srv/G1Light_Response.msg
-- Up-to-date symlink: /home/unitree/imes-g1/install/g1_interface/share/g1_interface/srv/G1Volume.srv
-- Up-to-date symlink: /home/unitree/imes-g1/install/g1_interface/share/g1_interface/srv/G1Volume_Request.msg
-- Up-to-date symlink: /home/unitree/imes-g1/install/g1_interface/share/g1_interface/srv/G1Volume_Response.msg
-- Up-to-date symlink: /home/unitree/imes-g1/install/g1_interface/share/ament_index/resource_index/package_run_dependencies/g1_interface
-- Up-to-date symlink: /home/unitree/imes-g1/install/g1_interface/share/ament_index/resource_index/parent_prefix_path/g1_interface
-- Up-to-date symlink: /home/unitree/imes-g1/install/g1_interface/share/g1_interface/environment/ament_prefix_path.sh
-- Up-to-date symlink: /home/unitree/imes-g1/install/g1_interface/share/g1_interface/environment/ament_prefix_path.dsv
-- Up-to-date symlink: /home/unitree/imes-g1/install/g1_interface/share/g1_interface/environment/path.sh
-- Up-to-date symlink: /home/unitree/imes-g1/install/g1_interface/share/g1_interface/environment/path.dsv
-- Up-to-date symlink: /home/unitree/imes-g1/install/g1_interface/share/g1_interface/local_setup.bash
-- Up-to-date symlink: /home/unitree/imes-g1/install/g1_interface/share/g1_interface/local_setup.sh
-- Up-to-date symlink: /home/unitree/imes-g1/install/g1_interface/share/g1_interface/local_setup.zsh
-- Up-to-date symlink: /home/unitree/imes-g1/install/g1_interface/share/g1_interface/local_setup.dsv
-- Symlinking: /home/unitree/imes-g1/install/g1_interface/share/g1_interface/package.dsv
-- Up-to-date symlink: /home/unitree/imes-g1/install/g1_interface/share/ament_index/resource_index/packages/g1_interface
-- Up-to-date symlink: /home/unitree/imes-g1/install/g1_interface/share/g1_interface/cmake/rosidl_cmake-extras.cmake
-- Up-to-date symlink: /home/unitree/imes-g1/install/g1_interface/share/g1_interface/cmake/ament_cmake_export_dependencies-extras.cmake
-- Up-to-date symlink: /home/unitree/imes-g1/install/g1_interface/share/g1_interface/cmake/ament_cmake_export_libraries-extras.cmake
-- Up-to-date symlink: /home/unitree/imes-g1/install/g1_interface/share/g1_interface/cmake/ament_cmake_export_targets-extras.cmake
-- Up-to-date symlink: /home/unitree/imes-g1/install/g1_interface/share/g1_interface/cmake/ament_cmake_export_include_directories-extras.cmake
-- Up-to-date symlink: /home/unitree/imes-g1/install/g1_interface/share/g1_interface/cmake/rosidl_cmake_export_typesupport_libraries-extras.cmake
-- Up-to-date symlink: /home/unitree/imes-g1/install/g1_interface/share/g1_interface/cmake/rosidl_cmake_export_typesupport_targets-extras.cmake
-- Up-to-date symlink: /home/unitree/imes-g1/install/g1_interface/share/g1_interface/cmake/g1_interfaceConfig.cmake
-- Up-to-date symlink: /home/unitree/imes-g1/install/g1_interface/share/g1_interface/cmake/g1_interfaceConfig-version.cmake
-- Up-to-date symlink: /home/unitree/imes-g1/install/g1_interface/share/g1_interface/package.xml
-- Up-to-date: /home/unitree/imes-g1/install/g1_interface/lib/libg1_interface__rosidl_generator_c.so
-- Up-to-date: /home/unitree/imes-g1/install/g1_interface/lib/libg1_interface__rosidl_typesupport_introspection_c.so
-- Up-to-date: /home/unitree/imes-g1/install/g1_interface/lib/libg1_interface__rosidl_typesupport_c.so
-- Up-to-date: /home/unitree/imes-g1/install/g1_interface/lib/libg1_interface__rosidl_typesupport_introspection_cpp.so
-- Up-to-date: /home/unitree/imes-g1/install/g1_interface/lib/libg1_interface__rosidl_typesupport_cpp.so
Compiling '/home/unitree/imes-g1/install/g1_interface/lib/python3.8/site-packages/g1_interface/__init__.py'...
-- Up-to-date: /home/unitree/imes-g1/install/g1_interface/share/g1_interface/cmake/g1_interface__rosidl_generator_cExport.cmake
-- Up-to-date: /home/unitree/imes-g1/install/g1_interface/share/g1_interface/cmake/g1_interface__rosidl_generator_cExport-noconfig.cmake
-- Up-to-date: /home/unitree/imes-g1/install/g1_interface/share/g1_interface/cmake/g1_interface__rosidl_typesupport_introspection_cExport.cmake
-- Up-to-date: /home/unitree/imes-g1/install/g1_interface/share/g1_interface/cmake/g1_interface__rosidl_typesupport_introspection_cExport-noconfig.cmake
-- Up-to-date: /home/unitree/imes-g1/install/g1_interface/share/g1_interface/cmake/g1_interface__rosidl_typesupport_cExport.cmake
-- Up-to-date: /home/unitree/imes-g1/install/g1_interface/share/g1_interface/cmake/g1_interface__rosidl_typesupport_cExport-noconfig.cmake
-- Up-to-date: /home/unitree/imes-g1/install/g1_interface/share/g1_interface/cmake/g1_interface__rosidl_generator_cppExport.cmake
-- Up-to-date: /home/unitree/imes-g1/install/g1_interface/share/g1_interface/cmake/g1_interface__rosidl_typesupport_introspection_cppExport.cmake
-- Up-to-date: /home/unitree/imes-g1/install/g1_interface/share/g1_interface/cmake/g1_interface__rosidl_typesupport_introspection_cppExport-noconfig.cmake
-- Up-to-date: /home/unitree/imes-g1/install/g1_interface/share/g1_interface/cmake/g1_interface__rosidl_typesupport_cppExport.cmake
-- Up-to-date: /home/unitree/imes-g1/install/g1_interface/share/g1_interface/cmake/g1_interface__rosidl_typesupport_cppExport-noconfig.cmake
