[0.122s] Invoking command in '/home/unitree/imes-g1/build/g1_interface': CMAKE_PREFIX_PATH=${CMAKE_PREFIX_PATH}:/opt/ros/foxy /home/unitree/.local/bin/cmake /home/unitree/imes-g1/src/ros/g1_interface -DCMAKE_INSTALL_PREFIX=/home/unitree/imes-g1/install/g1_interface
[0.240s] -- Found ament_cmake: 0.9.12 (/opt/ros/foxy/share/ament_cmake/cmake)
[0.293s] -- Found PythonInterp: /usr/bin/python3 (found suitable version "3.8.10", minimum required is "3") 
[0.293s] -- Using PYTHON_EXECUTABLE: /usr/bin/python3
[0.750s] -- Override CMake install command with custom implementation using symlinks instead of copying resources
[0.769s] -- Found std_srvs: 2.0.5 (/opt/ros/foxy/share/std_srvs/cmake)
[0.816s] -- Using all available rosidl_typesupport_c: rosidl_typesupport_fastrtps_c;rosidl_typesupport_introspection_c
[0.826s] -- Found rosidl_adapter: 1.3.1 (/opt/ros/foxy/share/rosidl_adapter/cmake)
[1.086s] -- Using all available rosidl_typesupport_cpp: rosidl_typesupport_fastrtps_cpp;rosidl_typesupport_introspection_cpp
[1.133s] -- Found rosidl_default_generators: 1.0.1 (/opt/ros/foxy/share/rosidl_default_generators/cmake)
[1.209s] -- Found PythonInterp: /usr/bin/python3 (found version "3.8.10") 
[1.494s] -- Found ament_cmake_ros: 0.9.2 (/opt/ros/foxy/share/ament_cmake_ros/cmake)
[1.732s] -- Using all available rosidl_typesupport_c: rosidl_typesupport_fastrtps_c;rosidl_typesupport_introspection_c
[1.753s] -- Using all available rosidl_typesupport_cpp: rosidl_typesupport_fastrtps_cpp;rosidl_typesupport_introspection_cpp
[1.815s] -- Found PythonInterp: /usr/bin/python3 (found suitable version "3.8.10", minimum required is "3.5") 
[1.815s] -- Found python_cmake_module: 0.8.1 (/opt/ros/foxy/share/python_cmake_module/cmake)
[1.871s] -- Using PYTHON_EXECUTABLE: /usr/bin/python3
[1.871s] -- Using PYTHON_INCLUDE_DIRS: /usr/include/python3.8
[1.871s] -- Using PYTHON_LIBRARIES: /usr/lib/aarch64-linux-gnu/libpython3.8.so
[1.930s] -- Configuring done
[2.011s] -- Generating done
[2.032s] -- Build files have been written to: /home/unitree/imes-g1/build/g1_interface
[2.065s] Invoked command in '/home/unitree/imes-g1/build/g1_interface' returned '0': CMAKE_PREFIX_PATH=${CMAKE_PREFIX_PATH}:/opt/ros/foxy /home/unitree/.local/bin/cmake /home/unitree/imes-g1/src/ros/g1_interface -DCMAKE_INSTALL_PREFIX=/home/unitree/imes-g1/install/g1_interface
[2.067s] Invoking command in '/home/unitree/imes-g1/build/g1_interface': CMAKE_PREFIX_PATH=${CMAKE_PREFIX_PATH}:/opt/ros/foxy /home/unitree/.local/bin/cmake --build /home/unitree/imes-g1/build/g1_interface -- -j8 -l8
[2.183s] [35m[1mConsolidate compiler generated dependencies of target g1_interface__rosidl_generator_c[0m
[2.203s] [  2%] Built target g1_interface__cpp
[2.217s] [35m[1mConsolidate compiler generated dependencies of target g1_interface__rosidl_typesupport_cpp[0m
[2.225s] [ 12%] Built target g1_interface__rosidl_generator_c
[2.237s] [35m[1mConsolidate compiler generated dependencies of target g1_interface__rosidl_typesupport_fastrtps_cpp[0m
[2.241s] [35m[1mConsolidate compiler generated dependencies of target g1_interface__rosidl_typesupport_introspection_cpp[0m
[2.251s] [35m[1mConsolidate compiler generated dependencies of target g1_interface__rosidl_typesupport_introspection_c[0m
[2.260s] [ 23%] Built target g1_interface__rosidl_typesupport_cpp
[2.261s] [35m[1mConsolidate compiler generated dependencies of target g1_interface__rosidl_typesupport_c[0m
[2.268s] [ 34%] Built target g1_interface__rosidl_typesupport_fastrtps_cpp
[2.277s] [ 44%] Built target g1_interface__rosidl_typesupport_introspection_cpp
[2.283s] [ 55%] Built target g1_interface__rosidl_typesupport_introspection_c
[2.290s] [ 65%] Built target g1_interface__rosidl_typesupport_c
[2.295s] [35m[1mConsolidate compiler generated dependencies of target g1_interface__rosidl_typesupport_fastrtps_c[0m
[2.310s] [ 76%] Built target g1_interface__rosidl_typesupport_fastrtps_c
[2.324s] [ 76%] Built target g1_interface
[2.338s] [ 78%] Built target g1_interface__py
[2.347s] [35m[1mConsolidate compiler generated dependencies of target g1_interface__python[0m
[2.364s] [ 87%] Built target g1_interface__python
[2.373s] [35m[1mConsolidate compiler generated dependencies of target g1_interface__rosidl_typesupport_introspection_c__pyext[0m
[2.373s] [35m[1mConsolidate compiler generated dependencies of target g1_interface__rosidl_typesupport_fastrtps_c__pyext[0m
[2.373s] [35m[1mConsolidate compiler generated dependencies of target g1_interface__rosidl_typesupport_c__pyext[0m
[2.386s] [100%] Built target g1_interface__rosidl_typesupport_fastrtps_c__pyext
[2.386s] [100%] Built target g1_interface__rosidl_typesupport_c__pyext
[2.386s] [100%] Built target g1_interface__rosidl_typesupport_introspection_c__pyext
[2.408s] Invoked command in '/home/unitree/imes-g1/build/g1_interface' returned '0': CMAKE_PREFIX_PATH=${CMAKE_PREFIX_PATH}:/opt/ros/foxy /home/unitree/.local/bin/cmake --build /home/unitree/imes-g1/build/g1_interface -- -j8 -l8
[2.415s] Invoking command in '/home/unitree/imes-g1/build/g1_interface': CMAKE_PREFIX_PATH=${CMAKE_PREFIX_PATH}:/opt/ros/foxy /home/unitree/.local/bin/cmake --install /home/unitree/imes-g1/build/g1_interface
[2.482s] -- Install configuration: ""
[2.482s] -- Execute custom install script
[2.484s] -- Up-to-date symlink: /home/unitree/imes-g1/install/g1_interface/share/ament_index/resource_index/rosidl_interfaces/g1_interface
[2.485s] -- Up-to-date symlink: /home/unitree/imes-g1/install/g1_interface/include/g1_interface/msg/rosidl_generator_c__visibility_control.h
[2.485s] -- Up-to-date symlink: /home/unitree/imes-g1/install/g1_interface/include/g1_interface/srv/detail/g1_light__functions.h
[2.485s] -- Up-to-date symlink: /home/unitree/imes-g1/install/g1_interface/include/g1_interface/srv/detail/g1_light__struct.h
[2.486s] -- Up-to-date symlink: /home/unitree/imes-g1/install/g1_interface/include/g1_interface/srv/detail/g1_light__type_support.h
[2.486s] -- Up-to-date symlink: /home/unitree/imes-g1/install/g1_interface/include/g1_interface/srv/detail/g1_modes__functions.h
[2.486s] -- Up-to-date symlink: /home/unitree/imes-g1/install/g1_interface/include/g1_interface/srv/detail/g1_modes__struct.h
[2.487s] -- Up-to-date symlink: /home/unitree/imes-g1/install/g1_interface/include/g1_interface/srv/detail/g1_modes__type_support.h
[2.487s] -- Up-to-date symlink: /home/unitree/imes-g1/install/g1_interface/include/g1_interface/srv/detail/g1_volume__functions.h
[2.487s] -- Up-to-date symlink: /home/unitree/imes-g1/install/g1_interface/include/g1_interface/srv/detail/g1_volume__struct.h
[2.487s] -- Up-to-date symlink: /home/unitree/imes-g1/install/g1_interface/include/g1_interface/srv/detail/g1_volume__type_support.h
[2.488s] -- Up-to-date symlink: /home/unitree/imes-g1/install/g1_interface/include/g1_interface/srv/g1_light.h
[2.488s] -- Up-to-date symlink: /home/unitree/imes-g1/install/g1_interface/include/g1_interface/srv/g1_modes.h
[2.488s] -- Up-to-date symlink: /home/unitree/imes-g1/install/g1_interface/include/g1_interface/srv/g1_volume.h
[2.489s] -- Up-to-date symlink: /home/unitree/imes-g1/install/g1_interface/share/g1_interface/environment/library_path.sh
[2.489s] -- Up-to-date symlink: /home/unitree/imes-g1/install/g1_interface/share/g1_interface/environment/library_path.dsv
[2.490s] -- Up-to-date symlink: /home/unitree/imes-g1/install/g1_interface/include/g1_interface/msg/rosidl_typesupport_fastrtps_c__visibility_control.h
[2.490s] -- Up-to-date symlink: /home/unitree/imes-g1/install/g1_interface/include/g1_interface/srv/detail/g1_light__rosidl_typesupport_fastrtps_c.h
[2.491s] -- Up-to-date symlink: /home/unitree/imes-g1/install/g1_interface/include/g1_interface/srv/detail/g1_modes__rosidl_typesupport_fastrtps_c.h
[2.491s] -- Up-to-date symlink: /home/unitree/imes-g1/install/g1_interface/include/g1_interface/srv/detail/g1_volume__rosidl_typesupport_fastrtps_c.h
[2.491s] -- Up-to-date symlink: /home/unitree/imes-g1/install/g1_interface/lib/libg1_interface__rosidl_typesupport_fastrtps_c.so
[2.492s] -- Up-to-date symlink: /home/unitree/imes-g1/install/g1_interface/include/g1_interface/msg/rosidl_typesupport_fastrtps_cpp__visibility_control.h
[2.492s] -- Up-to-date symlink: /home/unitree/imes-g1/install/g1_interface/include/g1_interface/srv/detail/g1_light__rosidl_typesupport_fastrtps_cpp.hpp
[2.493s] -- Up-to-date symlink: /home/unitree/imes-g1/install/g1_interface/include/g1_interface/srv/detail/g1_modes__rosidl_typesupport_fastrtps_cpp.hpp
[2.493s] -- Up-to-date symlink: /home/unitree/imes-g1/install/g1_interface/include/g1_interface/srv/detail/g1_volume__rosidl_typesupport_fastrtps_cpp.hpp
[2.496s] -- Up-to-date symlink: /home/unitree/imes-g1/install/g1_interface/lib/libg1_interface__rosidl_typesupport_fastrtps_cpp.so
[2.497s] -- Up-to-date symlink: /home/unitree/imes-g1/install/g1_interface/include/g1_interface/msg/rosidl_typesupport_introspection_c__visibility_control.h
[2.497s] -- Up-to-date symlink: /home/unitree/imes-g1/install/g1_interface/include/g1_interface/srv/detail/g1_light__rosidl_typesupport_introspection_c.h
[2.497s] -- Up-to-date symlink: /home/unitree/imes-g1/install/g1_interface/include/g1_interface/srv/detail/g1_modes__rosidl_typesupport_introspection_c.h
[2.498s] -- Up-to-date symlink: /home/unitree/imes-g1/install/g1_interface/include/g1_interface/srv/detail/g1_volume__rosidl_typesupport_introspection_c.h
[2.498s] -- Up-to-date symlink: /home/unitree/imes-g1/install/g1_interface/include/g1_interface/msg/rosidl_generator_cpp__visibility_control.hpp
[2.499s] -- Up-to-date symlink: /home/unitree/imes-g1/install/g1_interface/include/g1_interface/srv/detail/g1_light__builder.hpp
[2.499s] -- Up-to-date symlink: /home/unitree/imes-g1/install/g1_interface/include/g1_interface/srv/detail/g1_light__struct.hpp
[2.499s] -- Up-to-date symlink: /home/unitree/imes-g1/install/g1_interface/include/g1_interface/srv/detail/g1_light__traits.hpp
[2.500s] -- Up-to-date symlink: /home/unitree/imes-g1/install/g1_interface/include/g1_interface/srv/detail/g1_light__type_support.hpp
[2.500s] -- Up-to-date symlink: /home/unitree/imes-g1/install/g1_interface/include/g1_interface/srv/detail/g1_modes__builder.hpp
[2.500s] -- Up-to-date symlink: /home/unitree/imes-g1/install/g1_interface/include/g1_interface/srv/detail/g1_modes__struct.hpp
[2.500s] -- Up-to-date symlink: /home/unitree/imes-g1/install/g1_interface/include/g1_interface/srv/detail/g1_modes__traits.hpp
[2.501s] -- Up-to-date symlink: /home/unitree/imes-g1/install/g1_interface/include/g1_interface/srv/detail/g1_modes__type_support.hpp
[2.501s] -- Up-to-date symlink: /home/unitree/imes-g1/install/g1_interface/include/g1_interface/srv/detail/g1_volume__builder.hpp
[2.501s] -- Up-to-date symlink: /home/unitree/imes-g1/install/g1_interface/include/g1_interface/srv/detail/g1_volume__struct.hpp
[2.501s] -- Up-to-date symlink: /home/unitree/imes-g1/install/g1_interface/include/g1_interface/srv/detail/g1_volume__traits.hpp
[2.502s] -- Up-to-date symlink: /home/unitree/imes-g1/install/g1_interface/include/g1_interface/srv/detail/g1_volume__type_support.hpp
[2.502s] -- Up-to-date symlink: /home/unitree/imes-g1/install/g1_interface/include/g1_interface/srv/g1_light.hpp
[2.502s] -- Up-to-date symlink: /home/unitree/imes-g1/install/g1_interface/include/g1_interface/srv/g1_modes.hpp
[2.503s] -- Up-to-date symlink: /home/unitree/imes-g1/install/g1_interface/include/g1_interface/srv/g1_volume.hpp
[2.503s] -- Up-to-date symlink: /home/unitree/imes-g1/install/g1_interface/include/g1_interface/srv/detail/g1_light__rosidl_typesupport_introspection_cpp.hpp
[2.504s] -- Up-to-date symlink: /home/unitree/imes-g1/install/g1_interface/include/g1_interface/srv/detail/g1_modes__rosidl_typesupport_introspection_cpp.hpp
[2.504s] -- Up-to-date symlink: /home/unitree/imes-g1/install/g1_interface/include/g1_interface/srv/detail/g1_volume__rosidl_typesupport_introspection_cpp.hpp
[2.504s] -- Up-to-date symlink: /home/unitree/imes-g1/install/g1_interface/share/g1_interface/environment/pythonpath.sh
[2.505s] -- Up-to-date symlink: /home/unitree/imes-g1/install/g1_interface/share/g1_interface/environment/pythonpath.dsv
[2.505s] -- Up-to-date symlink: /home/unitree/imes-g1/install/g1_interface/lib/python3.8/site-packages/g1_interface/__init__.py
[2.506s] -- Up-to-date symlink: /home/unitree/imes-g1/install/g1_interface/lib/python3.8/site-packages/g1_interface/srv/__init__.py
[2.506s] -- Up-to-date symlink: /home/unitree/imes-g1/install/g1_interface/lib/python3.8/site-packages/g1_interface/srv/_g1_light.py
[2.507s] -- Up-to-date symlink: /home/unitree/imes-g1/install/g1_interface/lib/python3.8/site-packages/g1_interface/srv/_g1_modes.py
[2.507s] -- Up-to-date symlink: /home/unitree/imes-g1/install/g1_interface/lib/python3.8/site-packages/g1_interface/srv/_g1_volume.py
[2.507s] -- Up-to-date symlink: /home/unitree/imes-g1/install/g1_interface/lib/python3.8/site-packages/g1_interface/g1_interface_s__rosidl_typesupport_fastrtps_c.cpython-38-aarch64-linux-gnu.so
[2.508s] -- Up-to-date symlink: /home/unitree/imes-g1/install/g1_interface/lib/python3.8/site-packages/g1_interface/g1_interface_s__rosidl_typesupport_introspection_c.cpython-38-aarch64-linux-gnu.so
[2.508s] -- Up-to-date symlink: /home/unitree/imes-g1/install/g1_interface/lib/python3.8/site-packages/g1_interface/g1_interface_s__rosidl_typesupport_c.cpython-38-aarch64-linux-gnu.so
[2.509s] -- Up-to-date symlink: /home/unitree/imes-g1/install/g1_interface/lib/libg1_interface__python.so
[2.509s] -- Up-to-date symlink: /home/unitree/imes-g1/install/g1_interface/share/g1_interface/srv/G1Modes.idl
[2.510s] -- Up-to-date symlink: /home/unitree/imes-g1/install/g1_interface/share/g1_interface/srv/G1Light.idl
[2.510s] -- Up-to-date symlink: /home/unitree/imes-g1/install/g1_interface/share/g1_interface/srv/G1Volume.idl
[2.510s] -- Up-to-date symlink: /home/unitree/imes-g1/install/g1_interface/share/g1_interface/srv/G1Modes.srv
[2.511s] -- Up-to-date symlink: /home/unitree/imes-g1/install/g1_interface/share/g1_interface/srv/G1Modes_Request.msg
[2.511s] -- Up-to-date symlink: /home/unitree/imes-g1/install/g1_interface/share/g1_interface/srv/G1Modes_Response.msg
[2.512s] -- Up-to-date symlink: /home/unitree/imes-g1/install/g1_interface/share/g1_interface/srv/G1Light.srv
[2.512s] -- Up-to-date symlink: /home/unitree/imes-g1/install/g1_interface/share/g1_interface/srv/G1Light_Request.msg
[2.512s] -- Up-to-date symlink: /home/unitree/imes-g1/install/g1_interface/share/g1_interface/srv/G1Light_Response.msg
[2.512s] -- Up-to-date symlink: /home/unitree/imes-g1/install/g1_interface/share/g1_interface/srv/G1Volume.srv
[2.513s] -- Up-to-date symlink: /home/unitree/imes-g1/install/g1_interface/share/g1_interface/srv/G1Volume_Request.msg
[2.513s] -- Up-to-date symlink: /home/unitree/imes-g1/install/g1_interface/share/g1_interface/srv/G1Volume_Response.msg
[2.513s] -- Up-to-date symlink: /home/unitree/imes-g1/install/g1_interface/share/ament_index/resource_index/package_run_dependencies/g1_interface
[2.514s] -- Up-to-date symlink: /home/unitree/imes-g1/install/g1_interface/share/ament_index/resource_index/parent_prefix_path/g1_interface
[2.514s] -- Up-to-date symlink: /home/unitree/imes-g1/install/g1_interface/share/g1_interface/environment/ament_prefix_path.sh
[2.515s] -- Up-to-date symlink: /home/unitree/imes-g1/install/g1_interface/share/g1_interface/environment/ament_prefix_path.dsv
[2.515s] -- Up-to-date symlink: /home/unitree/imes-g1/install/g1_interface/share/g1_interface/environment/path.sh
[2.515s] -- Up-to-date symlink: /home/unitree/imes-g1/install/g1_interface/share/g1_interface/environment/path.dsv
[2.515s] -- Up-to-date symlink: /home/unitree/imes-g1/install/g1_interface/share/g1_interface/local_setup.bash
[2.516s] -- Up-to-date symlink: /home/unitree/imes-g1/install/g1_interface/share/g1_interface/local_setup.sh
[2.516s] -- Up-to-date symlink: /home/unitree/imes-g1/install/g1_interface/share/g1_interface/local_setup.zsh
[2.516s] -- Up-to-date symlink: /home/unitree/imes-g1/install/g1_interface/share/g1_interface/local_setup.dsv
[2.517s] -- Symlinking: /home/unitree/imes-g1/install/g1_interface/share/g1_interface/package.dsv
[2.524s] -- Up-to-date symlink: /home/unitree/imes-g1/install/g1_interface/share/ament_index/resource_index/packages/g1_interface
[2.524s] -- Up-to-date symlink: /home/unitree/imes-g1/install/g1_interface/share/g1_interface/cmake/rosidl_cmake-extras.cmake
[2.524s] -- Up-to-date symlink: /home/unitree/imes-g1/install/g1_interface/share/g1_interface/cmake/ament_cmake_export_dependencies-extras.cmake
[2.525s] -- Up-to-date symlink: /home/unitree/imes-g1/install/g1_interface/share/g1_interface/cmake/ament_cmake_export_libraries-extras.cmake
[2.525s] -- Up-to-date symlink: /home/unitree/imes-g1/install/g1_interface/share/g1_interface/cmake/ament_cmake_export_targets-extras.cmake
[2.525s] -- Up-to-date symlink: /home/unitree/imes-g1/install/g1_interface/share/g1_interface/cmake/ament_cmake_export_include_directories-extras.cmake
[2.526s] -- Up-to-date symlink: /home/unitree/imes-g1/install/g1_interface/share/g1_interface/cmake/rosidl_cmake_export_typesupport_libraries-extras.cmake
[2.526s] -- Up-to-date symlink: /home/unitree/imes-g1/install/g1_interface/share/g1_interface/cmake/rosidl_cmake_export_typesupport_targets-extras.cmake
[2.527s] -- Up-to-date symlink: /home/unitree/imes-g1/install/g1_interface/share/g1_interface/cmake/g1_interfaceConfig.cmake
[2.527s] -- Up-to-date symlink: /home/unitree/imes-g1/install/g1_interface/share/g1_interface/cmake/g1_interfaceConfig-version.cmake
[2.527s] -- Up-to-date symlink: /home/unitree/imes-g1/install/g1_interface/share/g1_interface/package.xml
[2.528s] -- Up-to-date: /home/unitree/imes-g1/install/g1_interface/lib/libg1_interface__rosidl_generator_c.so
[2.528s] -- Up-to-date: /home/unitree/imes-g1/install/g1_interface/lib/libg1_interface__rosidl_typesupport_introspection_c.so
[2.529s] -- Up-to-date: /home/unitree/imes-g1/install/g1_interface/lib/libg1_interface__rosidl_typesupport_c.so
[2.529s] -- Up-to-date: /home/unitree/imes-g1/install/g1_interface/lib/libg1_interface__rosidl_typesupport_introspection_cpp.so
[2.530s] -- Up-to-date: /home/unitree/imes-g1/install/g1_interface/lib/libg1_interface__rosidl_typesupport_cpp.so
[2.595s] Compiling '/home/unitree/imes-g1/install/g1_interface/lib/python3.8/site-packages/g1_interface/__init__.py'...
[2.606s] -- Up-to-date: /home/unitree/imes-g1/install/g1_interface/share/g1_interface/cmake/g1_interface__rosidl_generator_cExport.cmake
[2.607s] -- Up-to-date: /home/unitree/imes-g1/install/g1_interface/share/g1_interface/cmake/g1_interface__rosidl_generator_cExport-noconfig.cmake
[2.607s] -- Up-to-date: /home/unitree/imes-g1/install/g1_interface/share/g1_interface/cmake/g1_interface__rosidl_typesupport_introspection_cExport.cmake
[2.607s] -- Up-to-date: /home/unitree/imes-g1/install/g1_interface/share/g1_interface/cmake/g1_interface__rosidl_typesupport_introspection_cExport-noconfig.cmake
[2.607s] -- Up-to-date: /home/unitree/imes-g1/install/g1_interface/share/g1_interface/cmake/g1_interface__rosidl_typesupport_cExport.cmake
[2.607s] -- Up-to-date: /home/unitree/imes-g1/install/g1_interface/share/g1_interface/cmake/g1_interface__rosidl_typesupport_cExport-noconfig.cmake
[2.607s] -- Up-to-date: /home/unitree/imes-g1/install/g1_interface/share/g1_interface/cmake/g1_interface__rosidl_generator_cppExport.cmake
[2.608s] -- Up-to-date: /home/unitree/imes-g1/install/g1_interface/share/g1_interface/cmake/g1_interface__rosidl_typesupport_introspection_cppExport.cmake
[2.608s] -- Up-to-date: /home/unitree/imes-g1/install/g1_interface/share/g1_interface/cmake/g1_interface__rosidl_typesupport_introspection_cppExport-noconfig.cmake
[2.608s] -- Up-to-date: /home/unitree/imes-g1/install/g1_interface/share/g1_interface/cmake/g1_interface__rosidl_typesupport_cppExport.cmake
[2.608s] -- Up-to-date: /home/unitree/imes-g1/install/g1_interface/share/g1_interface/cmake/g1_interface__rosidl_typesupport_cppExport-noconfig.cmake
[2.622s] Invoked command in '/home/unitree/imes-g1/build/g1_interface' returned '0': CMAKE_PREFIX_PATH=${CMAKE_PREFIX_PATH}:/opt/ros/foxy /home/unitree/.local/bin/cmake --install /home/unitree/imes-g1/build/g1_interface
