[0.104s] Invoking command in '/home/unitree/imes-g1/build/g1_bringup': CMAKE_PREFIX_PATH=${CMAKE_PREFIX_PATH}:/opt/ros/foxy /home/unitree/.local/bin/cmake --build /home/unitree/imes-g1/build/g1_bringup -- -j8 -l8
[0.232s] Invoked command in '/home/unitree/imes-g1/build/g1_bringup' returned '0': CMAKE_PREFIX_PATH=${CMAKE_PREFIX_PATH}:/opt/ros/foxy /home/unitree/.local/bin/cmake --build /home/unitree/imes-g1/build/g1_bringup -- -j8 -l8
[0.341s] Invoking command in '/home/unitree/imes-g1/build/g1_bringup': CMAKE_PREFIX_PATH=${CMAKE_PREFIX_PATH}:/opt/ros/foxy /home/unitree/.local/bin/cmake --install /home/unitree/imes-g1/build/g1_bringup
[0.417s] -- Install configuration: ""
[0.417s] -- Execute custom install script
[0.418s] -- Up-to-date symlink: /home/unitree/imes-g1/install/g1_bringup/share/g1_bringup/launch/system.launch.py
[0.418s] -- Up-to-date symlink: /home/unitree/imes-g1/install/g1_bringup/share/g1_bringup/config/10-qre-g1-motd
[0.419s] -- Up-to-date symlink: /home/unitree/imes-g1/install/g1_bringup/share/g1_bringup/config/def_cyclone.xml
[0.419s] -- Up-to-date symlink: /home/unitree/imes-g1/install/g1_bringup/share/g1_bringup/config/setup.bash
[0.419s] -- Up-to-date symlink: /home/unitree/imes-g1/install/g1_bringup/lib/g1_bringup/startup_installer.py
[0.420s] -- Up-to-date symlink: /home/unitree/imes-g1/install/g1_bringup/lib/g1_bringup/auto.bash
[0.420s] -- Up-to-date symlink: /home/unitree/imes-g1/install/g1_bringup/share/g1_bringup/hooks/auto.bash
[0.421s] -- Up-to-date symlink: /home/unitree/imes-g1/install/g1_bringup/share/g1_bringup/environment/auto.bash
[0.421s] -- Up-to-date symlink: /home/unitree/imes-g1/install/g1_bringup/share/ament_index/resource_index/package_run_dependencies/g1_bringup
[0.422s] -- Up-to-date symlink: /home/unitree/imes-g1/install/g1_bringup/share/ament_index/resource_index/parent_prefix_path/g1_bringup
[0.422s] -- Up-to-date symlink: /home/unitree/imes-g1/install/g1_bringup/share/g1_bringup/environment/ament_prefix_path.sh
[0.423s] -- Up-to-date symlink: /home/unitree/imes-g1/install/g1_bringup/share/g1_bringup/environment/ament_prefix_path.dsv
[0.423s] -- Up-to-date symlink: /home/unitree/imes-g1/install/g1_bringup/share/g1_bringup/environment/path.sh
[0.423s] -- Up-to-date symlink: /home/unitree/imes-g1/install/g1_bringup/share/g1_bringup/environment/path.dsv
[0.423s] -- Up-to-date symlink: /home/unitree/imes-g1/install/g1_bringup/share/g1_bringup/local_setup.bash
[0.424s] -- Up-to-date symlink: /home/unitree/imes-g1/install/g1_bringup/share/g1_bringup/local_setup.sh
[0.424s] -- Up-to-date symlink: /home/unitree/imes-g1/install/g1_bringup/share/g1_bringup/local_setup.zsh
[0.424s] -- Up-to-date symlink: /home/unitree/imes-g1/install/g1_bringup/share/g1_bringup/local_setup.dsv
[0.424s] -- Symlinking: /home/unitree/imes-g1/install/g1_bringup/share/g1_bringup/package.dsv
[0.444s] -- Up-to-date symlink: /home/unitree/imes-g1/install/g1_bringup/share/ament_index/resource_index/packages/g1_bringup
[0.444s] -- Up-to-date symlink: /home/unitree/imes-g1/install/g1_bringup/share/g1_bringup/cmake/g1_bringupConfig.cmake
[0.444s] -- Up-to-date symlink: /home/unitree/imes-g1/install/g1_bringup/share/g1_bringup/cmake/g1_bringupConfig-version.cmake
[0.444s] -- Up-to-date symlink: /home/unitree/imes-g1/install/g1_bringup/share/g1_bringup/package.xml
[0.470s] Invoked command in '/home/unitree/imes-g1/build/g1_bringup' returned '0': CMAKE_PREFIX_PATH=${CMAKE_PREFIX_PATH}:/opt/ros/foxy /home/unitree/.local/bin/cmake --install /home/unitree/imes-g1/build/g1_bringup
