[0.105s] Invoking command in '/home/unitree/imes-g1/build/domain_bridge': CMAKE_PREFIX_PATH=${CMAKE_PREFIX_PATH}:/opt/ros/foxy /home/unitree/.local/bin/cmake --build /home/unitree/imes-g1/build/domain_bridge -- -j8 -l8
[0.292s] [  4%] Built target domain_bridge__rosidl_generator_c
[0.292s] [  6%] Built target domain_bridge__cpp
[0.296s] [  9%] Built target gmock_main
[0.305s] [ 13%] Built target gmock
[0.324s] [ 21%] Built target domain_bridge__rosidl_typesupport_c
[0.325s] [ 23%] Built target domain_bridge__rosidl_typesupport_introspection_c
[0.330s] [ 27%] Built target domain_bridge__rosidl_typesupport_cpp
[0.331s] [ 32%] Built target domain_bridge__rosidl_typesupport_fastrtps_cpp
[0.333s] [ 36%] Built target domain_bridge__rosidl_typesupport_introspection_cpp
[0.354s] [ 41%] Built target domain_bridge__rosidl_typesupport_fastrtps_c
[0.368s] [ 41%] Built target domain_bridge
[0.388s] [ 43%] Built target domain_bridge__py
[0.422s] [ 60%] Built target domain_bridge_lib
[0.423s] [ 63%] Built target domain_bridge__python
[0.477s] [ 66%] Built target test_domain_bridge
[0.492s] [ 69%] Built target test_parse_domain_bridge_yaml_config
[0.495s] [ 72%] Built target domain_bridge_exec
[0.505s] [ 75%] Built target test_qos_matching__rmw_cyclonedds_cpp
[0.505s] [ 78%] Built target test_domain_bridge_end_to_end__rmw_cyclonedds_cpp
[0.505s] [ 81%] Built target test_domain_bridge_services__rmw_cyclonedds_cpp
[0.528s] [ 84%] Built target test_qos_matching__rmw_fastrtps_cpp
[0.530s] [ 87%] Built target domain_bridge__rosidl_typesupport_fastrtps_c__pyext
[0.532s] [ 90%] Built target domain_bridge__rosidl_typesupport_introspection_c__pyext
[0.538s] [ 93%] Built target domain_bridge__rosidl_typesupport_c__pyext
[0.538s] [ 96%] Built target test_domain_bridge_services__rmw_fastrtps_cpp
[0.538s] [100%] Built target test_domain_bridge_end_to_end__rmw_fastrtps_cpp
[0.727s] Invoked command in '/home/unitree/imes-g1/build/domain_bridge' returned '0': CMAKE_PREFIX_PATH=${CMAKE_PREFIX_PATH}:/opt/ros/foxy /home/unitree/.local/bin/cmake --build /home/unitree/imes-g1/build/domain_bridge -- -j8 -l8
[0.732s] Invoking command in '/home/unitree/imes-g1/build/domain_bridge': CMAKE_PREFIX_PATH=${CMAKE_PREFIX_PATH}:/opt/ros/foxy /home/unitree/.local/bin/cmake --install /home/unitree/imes-g1/build/domain_bridge
[0.798s] -- Install configuration: ""
[0.799s] -- Execute custom install script
[0.800s] -- Up-to-date symlink: /home/unitree/imes-g1/install/domain_bridge/share/ament_index/resource_index/rosidl_interfaces/domain_bridge
[0.801s] -- Up-to-date symlink: /home/unitree/imes-g1/install/domain_bridge/include/domain_bridge/msg/compressed_msg.h
[0.801s] -- Up-to-date symlink: /home/unitree/imes-g1/install/domain_bridge/include/domain_bridge/msg/detail/compressed_msg__functions.h
[0.802s] -- Up-to-date symlink: /home/unitree/imes-g1/install/domain_bridge/include/domain_bridge/msg/detail/compressed_msg__struct.h
[0.803s] -- Up-to-date symlink: /home/unitree/imes-g1/install/domain_bridge/include/domain_bridge/msg/detail/compressed_msg__type_support.h
[0.803s] -- Up-to-date symlink: /home/unitree/imes-g1/install/domain_bridge/include/domain_bridge/msg/rosidl_generator_c__visibility_control.h
[0.805s] -- Up-to-date symlink: /home/unitree/imes-g1/install/domain_bridge/share/domain_bridge/environment/library_path.sh
[0.805s] -- Up-to-date symlink: /home/unitree/imes-g1/install/domain_bridge/share/domain_bridge/environment/library_path.dsv
[0.808s] -- Up-to-date symlink: /home/unitree/imes-g1/install/domain_bridge/include/domain_bridge/msg/detail/compressed_msg__rosidl_typesupport_fastrtps_c.h
[0.809s] -- Up-to-date symlink: /home/unitree/imes-g1/install/domain_bridge/include/domain_bridge/msg/rosidl_typesupport_fastrtps_c__visibility_control.h
[0.811s] -- Up-to-date symlink: /home/unitree/imes-g1/install/domain_bridge/lib/libdomain_bridge__rosidl_typesupport_fastrtps_c.so
[0.812s] -- Up-to-date symlink: /home/unitree/imes-g1/install/domain_bridge/include/domain_bridge/msg/detail/compressed_msg__rosidl_typesupport_fastrtps_cpp.hpp
[0.812s] -- Up-to-date symlink: /home/unitree/imes-g1/install/domain_bridge/include/domain_bridge/msg/rosidl_typesupport_fastrtps_cpp__visibility_control.h
[0.813s] -- Up-to-date symlink: /home/unitree/imes-g1/install/domain_bridge/lib/libdomain_bridge__rosidl_typesupport_fastrtps_cpp.so
[0.815s] -- Up-to-date symlink: /home/unitree/imes-g1/install/domain_bridge/include/domain_bridge/msg/detail/compressed_msg__rosidl_typesupport_introspection_c.h
[0.815s] -- Up-to-date symlink: /home/unitree/imes-g1/install/domain_bridge/include/domain_bridge/msg/rosidl_typesupport_introspection_c__visibility_control.h
[0.816s] -- Up-to-date symlink: /home/unitree/imes-g1/install/domain_bridge/include/domain_bridge/msg/compressed_msg.hpp
[0.817s] -- Up-to-date symlink: /home/unitree/imes-g1/install/domain_bridge/include/domain_bridge/msg/detail/compressed_msg__builder.hpp
[0.817s] -- Up-to-date symlink: /home/unitree/imes-g1/install/domain_bridge/include/domain_bridge/msg/detail/compressed_msg__struct.hpp
[0.817s] -- Up-to-date symlink: /home/unitree/imes-g1/install/domain_bridge/include/domain_bridge/msg/detail/compressed_msg__traits.hpp
[0.818s] -- Up-to-date symlink: /home/unitree/imes-g1/install/domain_bridge/include/domain_bridge/msg/detail/compressed_msg__type_support.hpp
[0.819s] -- Up-to-date symlink: /home/unitree/imes-g1/install/domain_bridge/include/domain_bridge/msg/rosidl_generator_cpp__visibility_control.hpp
[0.820s] -- Up-to-date symlink: /home/unitree/imes-g1/install/domain_bridge/include/domain_bridge/msg/detail/compressed_msg__rosidl_typesupport_introspection_cpp.hpp
[0.821s] -- Up-to-date symlink: /home/unitree/imes-g1/install/domain_bridge/share/domain_bridge/environment/pythonpath.sh
[0.823s] -- Up-to-date symlink: /home/unitree/imes-g1/install/domain_bridge/share/domain_bridge/environment/pythonpath.dsv
[0.829s] -- Up-to-date symlink: /home/unitree/imes-g1/install/domain_bridge/lib/python3.8/site-packages/domain_bridge/__init__.py
[0.829s] -- Up-to-date symlink: /home/unitree/imes-g1/install/domain_bridge/lib/python3.8/site-packages/domain_bridge/msg/__init__.py
[0.829s] -- Up-to-date symlink: /home/unitree/imes-g1/install/domain_bridge/lib/python3.8/site-packages/domain_bridge/msg/_compressed_msg.py
[0.830s] -- Up-to-date symlink: /home/unitree/imes-g1/install/domain_bridge/lib/python3.8/site-packages/domain_bridge/domain_bridge_s__rosidl_typesupport_fastrtps_c.cpython-38-aarch64-linux-gnu.so
[0.831s] -- Up-to-date symlink: /home/unitree/imes-g1/install/domain_bridge/lib/python3.8/site-packages/domain_bridge/domain_bridge_s__rosidl_typesupport_introspection_c.cpython-38-aarch64-linux-gnu.so
[0.831s] -- Up-to-date symlink: /home/unitree/imes-g1/install/domain_bridge/lib/python3.8/site-packages/domain_bridge/domain_bridge_s__rosidl_typesupport_c.cpython-38-aarch64-linux-gnu.so
[0.831s] -- Up-to-date symlink: /home/unitree/imes-g1/install/domain_bridge/lib/libdomain_bridge__python.so
[0.832s] -- Up-to-date symlink: /home/unitree/imes-g1/install/domain_bridge/share/domain_bridge/msg/CompressedMsg.idl
[0.836s] -- Up-to-date symlink: /home/unitree/imes-g1/install/domain_bridge/share/domain_bridge/msg/CompressedMsg.msg
[0.837s] -- Up-to-date symlink: /home/unitree/imes-g1/install/domain_bridge/include/domain_bridge/compress_messages.hpp
[0.838s] -- Up-to-date symlink: /home/unitree/imes-g1/install/domain_bridge/include/domain_bridge/domain_bridge.hpp
[0.839s] -- Up-to-date symlink: /home/unitree/imes-g1/install/domain_bridge/include/domain_bridge/domain_bridge_config.hpp
[0.839s] -- Up-to-date symlink: /home/unitree/imes-g1/install/domain_bridge/include/domain_bridge/domain_bridge_options.hpp
[0.839s] -- Up-to-date symlink: /home/unitree/imes-g1/install/domain_bridge/include/domain_bridge/parse_domain_bridge_yaml_config.hpp
[0.839s] -- Up-to-date symlink: /home/unitree/imes-g1/install/domain_bridge/include/domain_bridge/process_cmd_line_arguments.hpp
[0.840s] -- Up-to-date symlink: /home/unitree/imes-g1/install/domain_bridge/include/domain_bridge/qos_options.hpp
[0.840s] -- Up-to-date symlink: /home/unitree/imes-g1/install/domain_bridge/include/domain_bridge/service_bridge_impl.inc
[0.840s] -- Up-to-date symlink: /home/unitree/imes-g1/install/domain_bridge/include/domain_bridge/service_bridge_options.hpp
[0.841s] -- Up-to-date symlink: /home/unitree/imes-g1/install/domain_bridge/include/domain_bridge/topic_bridge.hpp
[0.841s] -- Up-to-date symlink: /home/unitree/imes-g1/install/domain_bridge/include/domain_bridge/topic_bridge_options.hpp
[0.841s] -- Up-to-date symlink: /home/unitree/imes-g1/install/domain_bridge/include/domain_bridge/utils.hpp
[0.841s] -- Up-to-date symlink: /home/unitree/imes-g1/install/domain_bridge/include/domain_bridge/visibility_control.hpp
[0.841s] -- Up-to-date symlink: /home/unitree/imes-g1/install/domain_bridge/lib/domain_bridge/domain_bridge
[0.842s] -- Up-to-date symlink: /home/unitree/imes-g1/install/domain_bridge/share/domain_bridge/examples/example_bridge_config.yaml
[0.842s] -- Up-to-date symlink: /home/unitree/imes-g1/install/domain_bridge/share/domain_bridge/launch/domain_bridge.launch.xml
[0.842s] -- Up-to-date symlink: /home/unitree/imes-g1/install/domain_bridge/share/ament_index/resource_index/package_run_dependencies/domain_bridge
[0.843s] -- Up-to-date symlink: /home/unitree/imes-g1/install/domain_bridge/share/ament_index/resource_index/parent_prefix_path/domain_bridge
[0.845s] -- Up-to-date symlink: /home/unitree/imes-g1/install/domain_bridge/share/domain_bridge/environment/ament_prefix_path.sh
[0.847s] -- Up-to-date symlink: /home/unitree/imes-g1/install/domain_bridge/share/domain_bridge/environment/ament_prefix_path.dsv
[0.848s] -- Up-to-date symlink: /home/unitree/imes-g1/install/domain_bridge/share/domain_bridge/environment/path.sh
[0.849s] -- Up-to-date symlink: /home/unitree/imes-g1/install/domain_bridge/share/domain_bridge/environment/path.dsv
[0.850s] -- Up-to-date symlink: /home/unitree/imes-g1/install/domain_bridge/share/domain_bridge/local_setup.bash
[0.852s] -- Up-to-date symlink: /home/unitree/imes-g1/install/domain_bridge/share/domain_bridge/local_setup.sh
[0.852s] -- Up-to-date symlink: /home/unitree/imes-g1/install/domain_bridge/share/domain_bridge/local_setup.zsh
[0.854s] -- Up-to-date symlink: /home/unitree/imes-g1/install/domain_bridge/share/domain_bridge/local_setup.dsv
[0.855s] -- Symlinking: /home/unitree/imes-g1/install/domain_bridge/share/domain_bridge/package.dsv
[0.866s] -- Up-to-date symlink: /home/unitree/imes-g1/install/domain_bridge/share/ament_index/resource_index/packages/domain_bridge
[0.866s] -- Up-to-date symlink: /home/unitree/imes-g1/install/domain_bridge/share/domain_bridge/cmake/rosidl_cmake-extras.cmake
[0.872s] -- Up-to-date symlink: /home/unitree/imes-g1/install/domain_bridge/share/domain_bridge/cmake/ament_cmake_export_dependencies-extras.cmake
[0.873s] -- Up-to-date symlink: /home/unitree/imes-g1/install/domain_bridge/share/domain_bridge/cmake/ament_cmake_export_libraries-extras.cmake
[0.873s] -- Up-to-date symlink: /home/unitree/imes-g1/install/domain_bridge/share/domain_bridge/cmake/ament_cmake_export_targets-extras.cmake
[0.873s] -- Up-to-date symlink: /home/unitree/imes-g1/install/domain_bridge/share/domain_bridge/cmake/ament_cmake_export_include_directories-extras.cmake
[0.874s] -- Up-to-date symlink: /home/unitree/imes-g1/install/domain_bridge/share/domain_bridge/cmake/rosidl_cmake_export_typesupport_libraries-extras.cmake
[0.875s] -- Up-to-date symlink: /home/unitree/imes-g1/install/domain_bridge/share/domain_bridge/cmake/rosidl_cmake_export_typesupport_targets-extras.cmake
[0.875s] -- Up-to-date symlink: /home/unitree/imes-g1/install/domain_bridge/share/domain_bridge/cmake/domain_bridgeConfig.cmake
[0.875s] -- Up-to-date symlink: /home/unitree/imes-g1/install/domain_bridge/share/domain_bridge/cmake/domain_bridgeConfig-version.cmake
[0.876s] -- Up-to-date symlink: /home/unitree/imes-g1/install/domain_bridge/share/domain_bridge/package.xml
[0.877s] -- Up-to-date: /home/unitree/imes-g1/install/domain_bridge/lib/libdomain_bridge__rosidl_generator_c.so
[0.877s] -- Up-to-date: /home/unitree/imes-g1/install/domain_bridge/lib/libdomain_bridge__rosidl_typesupport_introspection_c.so
[0.877s] -- Up-to-date: /home/unitree/imes-g1/install/domain_bridge/lib/libdomain_bridge__rosidl_typesupport_c.so
[0.878s] -- Up-to-date: /home/unitree/imes-g1/install/domain_bridge/lib/libdomain_bridge__rosidl_typesupport_introspection_cpp.so
[0.878s] -- Up-to-date: /home/unitree/imes-g1/install/domain_bridge/lib/libdomain_bridge__rosidl_typesupport_cpp.so
[0.950s] -- Up-to-date: /home/unitree/imes-g1/install/domain_bridge/lib/libdomain_bridge.so
[0.950s] -- Up-to-date: /home/unitree/imes-g1/install/domain_bridge/share/domain_bridge/cmake/domain_bridge__rosidl_generator_cExport.cmake
[0.950s] -- Up-to-date: /home/unitree/imes-g1/install/domain_bridge/share/domain_bridge/cmake/domain_bridge__rosidl_generator_cExport-noconfig.cmake
[0.950s] -- Up-to-date: /home/unitree/imes-g1/install/domain_bridge/share/domain_bridge/cmake/domain_bridge__rosidl_typesupport_introspection_cExport.cmake
[0.951s] -- Up-to-date: /home/unitree/imes-g1/install/domain_bridge/share/domain_bridge/cmake/domain_bridge__rosidl_typesupport_introspection_cExport-noconfig.cmake
[0.952s] -- Up-to-date: /home/unitree/imes-g1/install/domain_bridge/share/domain_bridge/cmake/domain_bridge__rosidl_typesupport_cExport.cmake
[0.952s] -- Up-to-date: /home/unitree/imes-g1/install/domain_bridge/share/domain_bridge/cmake/domain_bridge__rosidl_typesupport_cExport-noconfig.cmake
[0.953s] -- Up-to-date: /home/unitree/imes-g1/install/domain_bridge/share/domain_bridge/cmake/domain_bridge__rosidl_generator_cppExport.cmake
[0.953s] -- Up-to-date: /home/unitree/imes-g1/install/domain_bridge/share/domain_bridge/cmake/domain_bridge__rosidl_typesupport_introspection_cppExport.cmake
[0.954s] -- Up-to-date: /home/unitree/imes-g1/install/domain_bridge/share/domain_bridge/cmake/domain_bridge__rosidl_typesupport_introspection_cppExport-noconfig.cmake
[0.954s] -- Up-to-date: /home/unitree/imes-g1/install/domain_bridge/share/domain_bridge/cmake/domain_bridge__rosidl_typesupport_cppExport.cmake
[0.955s] -- Up-to-date: /home/unitree/imes-g1/install/domain_bridge/share/domain_bridge/cmake/domain_bridge__rosidl_typesupport_cppExport-noconfig.cmake
[0.955s] -- Up-to-date: /home/unitree/imes-g1/install/domain_bridge/share/domain_bridge/cmake/export_domain_bridgeExport.cmake
[0.955s] -- Up-to-date: /home/unitree/imes-g1/install/domain_bridge/share/domain_bridge/cmake/export_domain_bridgeExport-noconfig.cmake
[1.045s] Invoked command in '/home/unitree/imes-g1/build/domain_bridge' returned '0': CMAKE_PREFIX_PATH=${CMAKE_PREFIX_PATH}:/opt/ros/foxy /home/unitree/.local/bin/cmake --install /home/unitree/imes-g1/build/domain_bridge
