-- The C compiler identification is GNU 9.4.0
-- The CXX compiler identification is GNU 9.4.0
-- Detecting C compiler ABI info
-- Detecting C compiler ABI info - done
-- Check for working C compiler: /usr/bin/cc - skipped
-- Detecting C compile features
-- Detecting C compile features - done
-- Detecting CXX compiler ABI info
-- Detecting CXX compiler ABI info - done
-- Check for working CXX compiler: /usr/bin/c++ - skipped
-- Detecting CXX compile features
-- Detecting CXX compile features - done
-- Found ament_cmake: 0.9.12 (/opt/ros/foxy/share/ament_cmake/cmake)
-- Found PythonInterp: /usr/bin/python3 (found suitable version "3.8.10", minimum required is "3") 
-- Using PYTHON_EXECUTABLE: /usr/bin/python3
-- Override CMake install command with custom implementation using symlinks instead of copying resources
-- Configuring done
-- Generating done
-- Build files have been written to: /home/unitree/imes-g1/build/g1_moveit_29dof
-- Install configuration: ""
-- Execute custom install script
-- Symlinking: /home/unitree/imes-g1/install/g1_moveit_29dof/share/ament_index/resource_index/package_run_dependencies/g1_moveit_29dof
-- Symlinking: /home/unitree/imes-g1/install/g1_moveit_29dof/share/ament_index/resource_index/parent_prefix_path/g1_moveit_29dof
-- Symlinking: /home/unitree/imes-g1/install/g1_moveit_29dof/share/g1_moveit_29dof/environment/ament_prefix_path.sh
-- Symlinking: /home/unitree/imes-g1/install/g1_moveit_29dof/share/g1_moveit_29dof/environment/ament_prefix_path.dsv
-- Symlinking: /home/unitree/imes-g1/install/g1_moveit_29dof/share/g1_moveit_29dof/environment/path.sh
-- Symlinking: /home/unitree/imes-g1/install/g1_moveit_29dof/share/g1_moveit_29dof/environment/path.dsv
-- Symlinking: /home/unitree/imes-g1/install/g1_moveit_29dof/share/g1_moveit_29dof/local_setup.bash
-- Symlinking: /home/unitree/imes-g1/install/g1_moveit_29dof/share/g1_moveit_29dof/local_setup.sh
-- Symlinking: /home/unitree/imes-g1/install/g1_moveit_29dof/share/g1_moveit_29dof/local_setup.zsh
-- Symlinking: /home/unitree/imes-g1/install/g1_moveit_29dof/share/g1_moveit_29dof/local_setup.dsv
-- Symlinking: /home/unitree/imes-g1/install/g1_moveit_29dof/share/g1_moveit_29dof/package.dsv
-- Symlinking: /home/unitree/imes-g1/install/g1_moveit_29dof/share/ament_index/resource_index/packages/g1_moveit_29dof
-- Symlinking: /home/unitree/imes-g1/install/g1_moveit_29dof/share/g1_moveit_29dof/cmake/g1_moveit_29dofConfig.cmake
-- Symlinking: /home/unitree/imes-g1/install/g1_moveit_29dof/share/g1_moveit_29dof/cmake/g1_moveit_29dofConfig-version.cmake
-- Symlinking: /home/unitree/imes-g1/install/g1_moveit_29dof/share/g1_moveit_29dof/package.xml
-- Symlinking: /home/unitree/imes-g1/install/g1_moveit_29dof/share/g1_moveit_29dof/config/g1_29.srdf
-- Symlinking: /home/unitree/imes-g1/install/g1_moveit_29dof/share/g1_moveit_29dof/config/initial_positions.yaml
-- Symlinking: /home/unitree/imes-g1/install/g1_moveit_29dof/share/g1_moveit_29dof/config/joint_limits.yaml
-- Symlinking: /home/unitree/imes-g1/install/g1_moveit_29dof/share/g1_moveit_29dof/config/kinematics.yaml
-- Symlinking: /home/unitree/imes-g1/install/g1_moveit_29dof/share/g1_moveit_29dof/config/moveit.rviz
-- Symlinking: /home/unitree/imes-g1/install/g1_moveit_29dof/share/g1_moveit_29dof/config/moveit_controllers.yaml
-- Symlinking: /home/unitree/imes-g1/install/g1_moveit_29dof/share/g1_moveit_29dof/config/moveit_teleop.rviz
-- Symlinking: /home/unitree/imes-g1/install/g1_moveit_29dof/share/g1_moveit_29dof/config/ompl_planning.yaml
-- Symlinking: /home/unitree/imes-g1/install/g1_moveit_29dof/share/g1_moveit_29dof/config/ros2_controllers.yaml
-- Symlinking: /home/unitree/imes-g1/install/g1_moveit_29dof/share/g1_moveit_29dof/launch/custom_moveit.launch.py
-- Symlinking: /home/unitree/imes-g1/install/g1_moveit_29dof/share/g1_moveit_29dof/launch/move_group.launch.py
-- Symlinking: /home/unitree/imes-g1/install/g1_moveit_29dof/share/g1_moveit_29dof/launch/moveit_fake.launch.py
-- Symlinking: /home/unitree/imes-g1/install/g1_moveit_29dof/share/g1_moveit_29dof/launch/moveit_gazebo.launch.py
-- Symlinking: /home/unitree/imes-g1/install/g1_moveit_29dof/share/g1_moveit_29dof/launch/moveit_rviz.launch.py
-- Symlinking: /home/unitree/imes-g1/install/g1_moveit_29dof/share/g1_moveit_29dof/launch/rsp.launch.py
-- Symlinking: /home/unitree/imes-g1/install/g1_moveit_29dof/share/g1_moveit_29dof/launch/spawn_controllers.launch.py
-- Symlinking: /home/unitree/imes-g1/install/g1_moveit_29dof/share/g1_moveit_29dof/launch/static_virtual_joint_tfs.launch.py
-- Symlinking: /home/unitree/imes-g1/install/g1_moveit_29dof/share/g1_moveit_29dof/launch/system_servo.launch.py
-- Symlinking: /home/unitree/imes-g1/install/g1_moveit_29dof/share/g1_moveit_29dof/launch/warehouse_db.launch.py
-- Up-to-date symlink: /home/unitree/imes-g1/install/g1_moveit_29dof/share/g1_moveit_29dof/config/g1_29.srdf
-- Up-to-date symlink: /home/unitree/imes-g1/install/g1_moveit_29dof/share/g1_moveit_29dof/config/initial_positions.yaml
-- Up-to-date symlink: /home/unitree/imes-g1/install/g1_moveit_29dof/share/g1_moveit_29dof/config/joint_limits.yaml
-- Up-to-date symlink: /home/unitree/imes-g1/install/g1_moveit_29dof/share/g1_moveit_29dof/config/kinematics.yaml
-- Up-to-date symlink: /home/unitree/imes-g1/install/g1_moveit_29dof/share/g1_moveit_29dof/config/moveit.rviz
-- Up-to-date symlink: /home/unitree/imes-g1/install/g1_moveit_29dof/share/g1_moveit_29dof/config/moveit_controllers.yaml
-- Up-to-date symlink: /home/unitree/imes-g1/install/g1_moveit_29dof/share/g1_moveit_29dof/config/moveit_teleop.rviz
-- Up-to-date symlink: /home/unitree/imes-g1/install/g1_moveit_29dof/share/g1_moveit_29dof/config/ompl_planning.yaml
-- Up-to-date symlink: /home/unitree/imes-g1/install/g1_moveit_29dof/share/g1_moveit_29dof/config/ros2_controllers.yaml
-- Symlinking: /home/unitree/imes-g1/install/g1_moveit_29dof/share/g1_moveit_29dof/.setup_assistant
