[0.075s] Invoking command in '/home/unitree/imes-g1/build/g1_moveit_29dof': CMAKE_PREFIX_PATH=${CMAKE_PREFIX_PATH}:/opt/ros/foxy /home/unitree/.local/bin/cmake /home/unitree/imes-g1/src/ros/g1_moveit_29dof -DAMENT_CMAKE_SYMLINK_INSTALL=1 -DCMAKE_INSTALL_PREFIX=/home/unitree/imes-g1/install/g1_moveit_29dof
[7.808s] -- The C compiler identification is GNU 9.4.0
[7.808s] -- The CXX compiler identification is GNU 9.4.0
[7.808s] -- Detecting C compiler ABI info
[7.809s] -- Detecting C compiler ABI info - done
[7.809s] -- Check for working C compiler: /usr/bin/cc - skipped
[7.809s] -- Detecting C compile features
[7.809s] -- Detecting C compile features - done
[7.809s] -- Detecting CXX compiler ABI info
[7.817s] -- Detecting CXX compiler ABI info - done
[7.817s] -- Check for working CXX compiler: /usr/bin/c++ - skipped
[7.818s] -- Detecting CXX compile features
[7.818s] -- Detecting CXX compile features - done
[7.818s] -- Found ament_cmake: 0.9.12 (/opt/ros/foxy/share/ament_cmake/cmake)
[7.818s] -- Found PythonInterp: /usr/bin/python3 (found suitable version "3.8.10", minimum required is "3") 
[7.818s] -- Using PYTHON_EXECUTABLE: /usr/bin/python3
[7.818s] -- Override CMake install command with custom implementation using symlinks instead of copying resources
[7.818s] -- Configuring done
[7.818s] -- Generating done
[7.818s] -- Build files have been written to: /home/unitree/imes-g1/build/g1_moveit_29dof
[7.895s] Invoked command in '/home/unitree/imes-g1/build/g1_moveit_29dof' returned '0': CMAKE_PREFIX_PATH=${CMAKE_PREFIX_PATH}:/opt/ros/foxy /home/unitree/.local/bin/cmake /home/unitree/imes-g1/src/ros/g1_moveit_29dof -DAMENT_CMAKE_SYMLINK_INSTALL=1 -DCMAKE_INSTALL_PREFIX=/home/unitree/imes-g1/install/g1_moveit_29dof
[7.903s] Invoking command in '/home/unitree/imes-g1/build/g1_moveit_29dof': CMAKE_PREFIX_PATH=${CMAKE_PREFIX_PATH}:/opt/ros/foxy /home/unitree/.local/bin/cmake --build /home/unitree/imes-g1/build/g1_moveit_29dof -- -j8 -l8
[9.195s] Invoked command in '/home/unitree/imes-g1/build/g1_moveit_29dof' returned '0': CMAKE_PREFIX_PATH=${CMAKE_PREFIX_PATH}:/opt/ros/foxy /home/unitree/.local/bin/cmake --build /home/unitree/imes-g1/build/g1_moveit_29dof -- -j8 -l8
[9.198s] Invoking command in '/home/unitree/imes-g1/build/g1_moveit_29dof': CMAKE_PREFIX_PATH=${CMAKE_PREFIX_PATH}:/opt/ros/foxy /home/unitree/.local/bin/cmake --install /home/unitree/imes-g1/build/g1_moveit_29dof
[9.785s] -- Install configuration: ""
[9.785s] -- Execute custom install script
[9.785s] -- Symlinking: /home/unitree/imes-g1/install/g1_moveit_29dof/share/ament_index/resource_index/package_run_dependencies/g1_moveit_29dof
[9.785s] -- Symlinking: /home/unitree/imes-g1/install/g1_moveit_29dof/share/ament_index/resource_index/parent_prefix_path/g1_moveit_29dof
[9.785s] -- Symlinking: /home/unitree/imes-g1/install/g1_moveit_29dof/share/g1_moveit_29dof/environment/ament_prefix_path.sh
[9.785s] -- Symlinking: /home/unitree/imes-g1/install/g1_moveit_29dof/share/g1_moveit_29dof/environment/ament_prefix_path.dsv
[9.785s] -- Symlinking: /home/unitree/imes-g1/install/g1_moveit_29dof/share/g1_moveit_29dof/environment/path.sh
[9.785s] -- Symlinking: /home/unitree/imes-g1/install/g1_moveit_29dof/share/g1_moveit_29dof/environment/path.dsv
[9.786s] -- Symlinking: /home/unitree/imes-g1/install/g1_moveit_29dof/share/g1_moveit_29dof/local_setup.bash
[9.786s] -- Symlinking: /home/unitree/imes-g1/install/g1_moveit_29dof/share/g1_moveit_29dof/local_setup.sh
[9.786s] -- Symlinking: /home/unitree/imes-g1/install/g1_moveit_29dof/share/g1_moveit_29dof/local_setup.zsh
[9.786s] -- Symlinking: /home/unitree/imes-g1/install/g1_moveit_29dof/share/g1_moveit_29dof/local_setup.dsv
[9.786s] -- Symlinking: /home/unitree/imes-g1/install/g1_moveit_29dof/share/g1_moveit_29dof/package.dsv
[9.833s] -- Symlinking: /home/unitree/imes-g1/install/g1_moveit_29dof/share/ament_index/resource_index/packages/g1_moveit_29dof
[9.861s] -- Symlinking: /home/unitree/imes-g1/install/g1_moveit_29dof/share/g1_moveit_29dof/cmake/g1_moveit_29dofConfig.cmake
[9.901s] -- Symlinking: /home/unitree/imes-g1/install/g1_moveit_29dof/share/g1_moveit_29dof/cmake/g1_moveit_29dofConfig-version.cmake
[9.943s] -- Symlinking: /home/unitree/imes-g1/install/g1_moveit_29dof/share/g1_moveit_29dof/package.xml
[9.973s] -- Symlinking: /home/unitree/imes-g1/install/g1_moveit_29dof/share/g1_moveit_29dof/config/g1_29.srdf
[10.002s] -- Symlinking: /home/unitree/imes-g1/install/g1_moveit_29dof/share/g1_moveit_29dof/config/initial_positions.yaml
[10.027s] -- Symlinking: /home/unitree/imes-g1/install/g1_moveit_29dof/share/g1_moveit_29dof/config/joint_limits.yaml
[10.049s] -- Symlinking: /home/unitree/imes-g1/install/g1_moveit_29dof/share/g1_moveit_29dof/config/kinematics.yaml
[10.083s] -- Symlinking: /home/unitree/imes-g1/install/g1_moveit_29dof/share/g1_moveit_29dof/config/moveit.rviz
[10.120s] -- Symlinking: /home/unitree/imes-g1/install/g1_moveit_29dof/share/g1_moveit_29dof/config/moveit_controllers.yaml
[10.150s] -- Symlinking: /home/unitree/imes-g1/install/g1_moveit_29dof/share/g1_moveit_29dof/config/moveit_teleop.rviz
[10.177s] -- Symlinking: /home/unitree/imes-g1/install/g1_moveit_29dof/share/g1_moveit_29dof/config/ompl_planning.yaml
[10.204s] -- Symlinking: /home/unitree/imes-g1/install/g1_moveit_29dof/share/g1_moveit_29dof/config/ros2_controllers.yaml
[10.235s] -- Symlinking: /home/unitree/imes-g1/install/g1_moveit_29dof/share/g1_moveit_29dof/launch/custom_moveit.launch.py
[10.258s] -- Symlinking: /home/unitree/imes-g1/install/g1_moveit_29dof/share/g1_moveit_29dof/launch/move_group.launch.py
[10.290s] -- Symlinking: /home/unitree/imes-g1/install/g1_moveit_29dof/share/g1_moveit_29dof/launch/moveit_fake.launch.py
[10.334s] -- Symlinking: /home/unitree/imes-g1/install/g1_moveit_29dof/share/g1_moveit_29dof/launch/moveit_gazebo.launch.py
[10.374s] -- Symlinking: /home/unitree/imes-g1/install/g1_moveit_29dof/share/g1_moveit_29dof/launch/moveit_rviz.launch.py
[10.386s] -- Symlinking: /home/unitree/imes-g1/install/g1_moveit_29dof/share/g1_moveit_29dof/launch/rsp.launch.py
[10.402s] -- Symlinking: /home/unitree/imes-g1/install/g1_moveit_29dof/share/g1_moveit_29dof/launch/spawn_controllers.launch.py
[10.437s] -- Symlinking: /home/unitree/imes-g1/install/g1_moveit_29dof/share/g1_moveit_29dof/launch/static_virtual_joint_tfs.launch.py
[10.464s] -- Symlinking: /home/unitree/imes-g1/install/g1_moveit_29dof/share/g1_moveit_29dof/launch/system_servo.launch.py
[10.488s] -- Symlinking: /home/unitree/imes-g1/install/g1_moveit_29dof/share/g1_moveit_29dof/launch/warehouse_db.launch.py
[10.522s] -- Up-to-date symlink: /home/unitree/imes-g1/install/g1_moveit_29dof/share/g1_moveit_29dof/config/g1_29.srdf
[10.523s] -- Up-to-date symlink: /home/unitree/imes-g1/install/g1_moveit_29dof/share/g1_moveit_29dof/config/initial_positions.yaml
[10.523s] -- Up-to-date symlink: /home/unitree/imes-g1/install/g1_moveit_29dof/share/g1_moveit_29dof/config/joint_limits.yaml
[10.523s] -- Up-to-date symlink: /home/unitree/imes-g1/install/g1_moveit_29dof/share/g1_moveit_29dof/config/kinematics.yaml
[10.523s] -- Up-to-date symlink: /home/unitree/imes-g1/install/g1_moveit_29dof/share/g1_moveit_29dof/config/moveit.rviz
[10.523s] -- Up-to-date symlink: /home/unitree/imes-g1/install/g1_moveit_29dof/share/g1_moveit_29dof/config/moveit_controllers.yaml
[10.524s] -- Up-to-date symlink: /home/unitree/imes-g1/install/g1_moveit_29dof/share/g1_moveit_29dof/config/moveit_teleop.rviz
[10.524s] -- Up-to-date symlink: /home/unitree/imes-g1/install/g1_moveit_29dof/share/g1_moveit_29dof/config/ompl_planning.yaml
[10.524s] -- Up-to-date symlink: /home/unitree/imes-g1/install/g1_moveit_29dof/share/g1_moveit_29dof/config/ros2_controllers.yaml
[10.524s] -- Symlinking: /home/unitree/imes-g1/install/g1_moveit_29dof/share/g1_moveit_29dof/.setup_assistant
[10.573s] Invoked command in '/home/unitree/imes-g1/build/g1_moveit_29dof' returned '0': CMAKE_PREFIX_PATH=${CMAKE_PREFIX_PATH}:/opt/ros/foxy /home/unitree/.local/bin/cmake --install /home/unitree/imes-g1/build/g1_moveit_29dof
