-- Install configuration: ""
-- Execute custom install script
-- Up-to-date symlink: /home/unitree/imes-g1/install/g1_host/share/g1_host/environment/pythonpath.sh
-- Up-to-date symlink: /home/unitree/imes-g1/install/g1_host/share/g1_host/environment/pythonpath.dsv
-- Up-to-date symlink: /home/unitree/imes-g1/install/g1_host/lib/python3.8/site-packages/g1_host/__init__.py
-- Up-to-date symlink: /home/unitree/imes-g1/install/g1_host/lib/python3.8/site-packages/g1_host/libjoypy.py
-- Up-to-date symlink: /home/unitree/imes-g1/install/g1_host/lib/g1_host/logitech_f710
-- Up-to-date symlink: /home/unitree/imes-g1/install/g1_host/share/g1_host/config/host_control.yaml
-- Up-to-date symlink: /home/unitree/imes-g1/install/g1_host/share/g1_host/config/teleop_control.yaml
-- Up-to-date symlink: /home/unitree/imes-g1/install/g1_host/share/g1_host/launch/joy_teleop.launch.py
-- Up-to-date symlink: /home/unitree/imes-g1/install/g1_host/share/ament_index/resource_index/package_run_dependencies/g1_host
-- Up-to-date symlink: /home/unitree/imes-g1/install/g1_host/share/ament_index/resource_index/parent_prefix_path/g1_host
-- Up-to-date symlink: /home/unitree/imes-g1/install/g1_host/share/g1_host/environment/ament_prefix_path.sh
-- Up-to-date symlink: /home/unitree/imes-g1/install/g1_host/share/g1_host/environment/ament_prefix_path.dsv
-- Up-to-date symlink: /home/unitree/imes-g1/install/g1_host/share/g1_host/environment/path.sh
-- Up-to-date symlink: /home/unitree/imes-g1/install/g1_host/share/g1_host/environment/path.dsv
-- Up-to-date symlink: /home/unitree/imes-g1/install/g1_host/share/g1_host/local_setup.bash
-- Up-to-date symlink: /home/unitree/imes-g1/install/g1_host/share/g1_host/local_setup.sh
-- Up-to-date symlink: /home/unitree/imes-g1/install/g1_host/share/g1_host/local_setup.zsh
-- Up-to-date symlink: /home/unitree/imes-g1/install/g1_host/share/g1_host/local_setup.dsv
-- Symlinking: /home/unitree/imes-g1/install/g1_host/share/g1_host/package.dsv
-- Up-to-date symlink: /home/unitree/imes-g1/install/g1_host/share/ament_index/resource_index/packages/g1_host
-- Up-to-date symlink: /home/unitree/imes-g1/install/g1_host/share/g1_host/cmake/g1_hostConfig.cmake
-- Up-to-date symlink: /home/unitree/imes-g1/install/g1_host/share/g1_host/cmake/g1_hostConfig-version.cmake
-- Up-to-date symlink: /home/unitree/imes-g1/install/g1_host/share/g1_host/package.xml
Listing '/home/unitree/imes-g1/install/g1_host/lib/python3.8/site-packages/g1_host'...
