[0.304s] Invoking command in '/home/unitree/imes-g1/build/g1_host': CMAKE_PREFIX_PATH=${CMAKE_PREFIX_PATH}:/opt/ros/foxy /home/unitree/.local/bin/cmake --build /home/unitree/imes-g1/build/g1_host -- -j8 -l8
[0.515s] Invoked command in '/home/unitree/imes-g1/build/g1_host' returned '0': CMAKE_PREFIX_PATH=${CMAKE_PREFIX_PATH}:/opt/ros/foxy /home/unitree/.local/bin/cmake --build /home/unitree/imes-g1/build/g1_host -- -j8 -l8
[0.520s] Invoking command in '/home/unitree/imes-g1/build/g1_host': CMAKE_PREFIX_PATH=${CMAKE_PREFIX_PATH}:/opt/ros/foxy /home/unitree/.local/bin/cmake --install /home/unitree/imes-g1/build/g1_host
[0.584s] -- Install configuration: ""
[0.585s] -- Execute custom install script
[0.585s] -- Up-to-date symlink: /home/unitree/imes-g1/install/g1_host/share/g1_host/environment/pythonpath.sh
[0.585s] -- Up-to-date symlink: /home/unitree/imes-g1/install/g1_host/share/g1_host/environment/pythonpath.dsv
[0.586s] -- Up-to-date symlink: /home/unitree/imes-g1/install/g1_host/lib/python3.8/site-packages/g1_host/__init__.py
[0.586s] -- Up-to-date symlink: /home/unitree/imes-g1/install/g1_host/lib/python3.8/site-packages/g1_host/libjoypy.py
[0.586s] -- Up-to-date symlink: /home/unitree/imes-g1/install/g1_host/lib/g1_host/logitech_f710
[0.586s] -- Up-to-date symlink: /home/unitree/imes-g1/install/g1_host/share/g1_host/config/host_control.yaml
[0.587s] -- Up-to-date symlink: /home/unitree/imes-g1/install/g1_host/share/g1_host/config/teleop_control.yaml
[0.587s] -- Up-to-date symlink: /home/unitree/imes-g1/install/g1_host/share/g1_host/launch/joy_teleop.launch.py
[0.587s] -- Up-to-date symlink: /home/unitree/imes-g1/install/g1_host/share/ament_index/resource_index/package_run_dependencies/g1_host
[0.587s] -- Up-to-date symlink: /home/unitree/imes-g1/install/g1_host/share/ament_index/resource_index/parent_prefix_path/g1_host
[0.588s] -- Up-to-date symlink: /home/unitree/imes-g1/install/g1_host/share/g1_host/environment/ament_prefix_path.sh
[0.588s] -- Up-to-date symlink: /home/unitree/imes-g1/install/g1_host/share/g1_host/environment/ament_prefix_path.dsv
[0.588s] -- Up-to-date symlink: /home/unitree/imes-g1/install/g1_host/share/g1_host/environment/path.sh
[0.589s] -- Up-to-date symlink: /home/unitree/imes-g1/install/g1_host/share/g1_host/environment/path.dsv
[0.589s] -- Up-to-date symlink: /home/unitree/imes-g1/install/g1_host/share/g1_host/local_setup.bash
[0.590s] -- Up-to-date symlink: /home/unitree/imes-g1/install/g1_host/share/g1_host/local_setup.sh
[0.590s] -- Up-to-date symlink: /home/unitree/imes-g1/install/g1_host/share/g1_host/local_setup.zsh
[0.590s] -- Up-to-date symlink: /home/unitree/imes-g1/install/g1_host/share/g1_host/local_setup.dsv
[0.591s] -- Symlinking: /home/unitree/imes-g1/install/g1_host/share/g1_host/package.dsv
[0.598s] -- Up-to-date symlink: /home/unitree/imes-g1/install/g1_host/share/ament_index/resource_index/packages/g1_host
[0.598s] -- Up-to-date symlink: /home/unitree/imes-g1/install/g1_host/share/g1_host/cmake/g1_hostConfig.cmake
[0.598s] -- Up-to-date symlink: /home/unitree/imes-g1/install/g1_host/share/g1_host/cmake/g1_hostConfig-version.cmake
[0.598s] -- Up-to-date symlink: /home/unitree/imes-g1/install/g1_host/share/g1_host/package.xml
[0.658s] Listing '/home/unitree/imes-g1/install/g1_host/lib/python3.8/site-packages/g1_host'...
[0.747s] Invoked command in '/home/unitree/imes-g1/build/g1_host' returned '0': CMAKE_PREFIX_PATH=${CMAKE_PREFIX_PATH}:/opt/ros/foxy /home/unitree/.local/bin/cmake --install /home/unitree/imes-g1/build/g1_host
