-- The CXX compiler identification is GNU 9.4.0
-- Detecting CXX compiler ABI info
-- Detecting CXX compiler ABI info - done
-- Check for working CXX compiler: /usr/bin/c++ - skipped
-- Detecting CXX compile features
-- Detecting CXX compile features - done
-- The C compiler identification is GNU 9.4.0
-- Detecting C compiler ABI info
-- Detecting C compiler ABI info - done
-- Check for working C compiler: /usr/bin/cc - skipped
-- Detecting C compile features
-- Detecting C compile features - done
-- Found ament_cmake: 0.9.12 (/opt/ros/foxy/share/ament_cmake/cmake)
-- Found PythonInterp: /usr/bin/python3 (found suitable version "3.8.10", minimum required is "3") 
-- Using PYTHON_EXECUTABLE: /usr/bin/python3
-- Override CMake install command with custom implementation using symlinks instead of copying resources
-- Found geometry_msgs: 2.0.5 (/opt/ros/foxy/share/geometry_msgs/cmake)
-- Using all available rosidl_typesupport_c: rosidl_typesupport_fastrtps_c;rosidl_typesupport_introspection_c
-- Found rosidl_adapter: 1.3.1 (/opt/ros/foxy/share/rosidl_adapter/cmake)
-- Found OpenSSL: /usr/lib/aarch64-linux-gnu/libcrypto.so (found version "1.1.1f")  
-- Found FastRTPS: /opt/ros/foxy/include  
-- Using all available rosidl_typesupport_cpp: rosidl_typesupport_fastrtps_cpp;rosidl_typesupport_introspection_cpp
-- Found nav_msgs: 2.0.5 (/opt/ros/foxy/share/nav_msgs/cmake)
-- Found rclcpp: 2.4.3 (/opt/ros/foxy/share/rclcpp/cmake)
-- Found rmw_implementation_cmake: 1.0.4 (/opt/ros/foxy/share/rmw_implementation_cmake/cmake)
-- Using RMW implementation 'rmw_cyclonedds_cpp' as default
-- Performing Test CMAKE_HAVE_LIBC_PTHREAD
-- Performing Test CMAKE_HAVE_LIBC_PTHREAD - Failed
-- Looking for pthread_create in pthreads
-- Looking for pthread_create in pthreads - not found
-- Looking for pthread_create in pthread
-- Looking for pthread_create in pthread - found
-- Found Threads: TRUE  
-- Found rclcpp_components: 2.4.3 (/opt/ros/foxy/share/rclcpp_components/cmake)
-- Found sensor_msgs: 2.0.5 (/opt/ros/foxy/share/sensor_msgs/cmake)
-- Found tf2_ros: 0.13.14 (/opt/ros/foxy/share/tf2_ros/cmake)
-- Configuring done
-- Generating done
-- Build files have been written to: /home/unitree/imes-g1/build/kiss_icp
[  7%] [32mBuilding CXX object kiss_icp/core/CMakeFiles/kiss_icp_core.dir/Registration.cpp.o[0m
[ 14%] [32mBuilding CXX object kiss_icp/core/CMakeFiles/kiss_icp_core.dir/Threshold.cpp.o[0m
[ 21%] [32mBuilding CXX object kiss_icp/core/CMakeFiles/kiss_icp_core.dir/Preprocessing.cpp.o[0m
[ 28%] [32mBuilding CXX object kiss_icp/core/CMakeFiles/kiss_icp_core.dir/VoxelUtils.cpp.o[0m
[ 35%] [32mBuilding CXX object kiss_icp/core/CMakeFiles/kiss_icp_core.dir/VoxelHashMap.cpp.o[0m
[ 42%] [32m[1mLinking CXX static library libkiss_icp_core.a[0m
[ 42%] Built target kiss_icp_core
[ 57%] [32mBuilding CXX object CMakeFiles/kiss_icp_node.dir/rclcpp_components/node_main_kiss_icp_node.cpp.o[0m
[ 57%] [32mBuilding CXX object kiss_icp/metrics/CMakeFiles/kiss_icp_metrics.dir/Metrics.cpp.o[0m
[ 64%] [32mBuilding CXX object kiss_icp/pipeline/CMakeFiles/kiss_icp_pipeline.dir/KissICP.cpp.o[0m
[ 71%] [32m[1mLinking CXX static library libkiss_icp_pipeline.a[0m
[ 71%] Built target kiss_icp_pipeline
[ 78%] [32m[1mLinking CXX executable kiss_icp_node[0m
[ 78%] Built target kiss_icp_node
[ 85%] [32m[1mLinking CXX static library libkiss_icp_metrics.a[0m
[ 85%] Built target kiss_icp_metrics
[ 92%] [32mBuilding CXX object CMakeFiles/odometry_component.dir/src/OdometryServer.cpp.o[0m
[100%] [32m[1mLinking CXX shared library libodometry_component.so[0m
[100%] Built target odometry_component
-- Install configuration: "Release"
-- Execute custom install script
-- Symlinking: /home/unitree/imes-g1/install/kiss_icp/lib/kiss_icp/kiss_icp_node
-- Symlinking: /home/unitree/imes-g1/install/kiss_icp/lib/libodometry_component.so
-- Symlinking: /home/unitree/imes-g1/install/kiss_icp/share/kiss_icp//launch/odometry.launch.py
-- Symlinking: /home/unitree/imes-g1/install/kiss_icp/share/kiss_icp//rviz/kiss_icp.rviz
-- Symlinking: /home/unitree/imes-g1/install/kiss_icp/share/kiss_icp//config/config.yaml
-- Symlinking: /home/unitree/imes-g1/install/kiss_icp/share/ament_index/resource_index/package_run_dependencies/kiss_icp
-- Symlinking: /home/unitree/imes-g1/install/kiss_icp/share/ament_index/resource_index/parent_prefix_path/kiss_icp
-- Symlinking: /home/unitree/imes-g1/install/kiss_icp/share/kiss_icp/environment/ament_prefix_path.sh
-- Symlinking: /home/unitree/imes-g1/install/kiss_icp/share/kiss_icp/environment/ament_prefix_path.dsv
-- Symlinking: /home/unitree/imes-g1/install/kiss_icp/share/kiss_icp/environment/path.sh
-- Symlinking: /home/unitree/imes-g1/install/kiss_icp/share/kiss_icp/environment/path.dsv
-- Symlinking: /home/unitree/imes-g1/install/kiss_icp/share/kiss_icp/local_setup.bash
-- Symlinking: /home/unitree/imes-g1/install/kiss_icp/share/kiss_icp/local_setup.sh
-- Symlinking: /home/unitree/imes-g1/install/kiss_icp/share/kiss_icp/local_setup.zsh
-- Symlinking: /home/unitree/imes-g1/install/kiss_icp/share/kiss_icp/local_setup.dsv
-- Symlinking: /home/unitree/imes-g1/install/kiss_icp/share/kiss_icp/package.dsv
-- Symlinking: /home/unitree/imes-g1/install/kiss_icp/share/ament_index/resource_index/packages/kiss_icp
-- Symlinking: /home/unitree/imes-g1/install/kiss_icp/share/ament_index/resource_index/rclcpp_components/kiss_icp
-- Symlinking: /home/unitree/imes-g1/install/kiss_icp/share/kiss_icp/cmake/kiss_icpConfig.cmake
-- Symlinking: /home/unitree/imes-g1/install/kiss_icp/share/kiss_icp/cmake/kiss_icpConfig-version.cmake
-- Symlinking: /home/unitree/imes-g1/install/kiss_icp/share/kiss_icp/package.xml
