[0.235s] Invoking command in '/home/unitree/imes-g1/build/kiss_icp': CMAKE_PREFIX_PATH=${CMAKE_PREFIX_PATH}:/opt/ros/foxy /home/unitree/.local/bin/cmake /home/unitree/imes-g1/src/third_party/tools/28Aug2025_kiss-icp/ros -DAMENT_CMAKE_SYMLINK_INSTALL=1 -DCMAKE_INSTALL_PREFIX=/home/unitree/imes-g1/install/kiss_icp
[0.739s] -- The CXX compiler identification is GNU 9.4.0
[0.767s] -- Detecting CXX compiler ABI info
[1.112s] -- Detecting CXX compiler ABI info - done
[1.142s] -- Check for working CXX compiler: /usr/bin/c++ - skipped
[1.142s] -- Detecting CXX compile features
[1.144s] -- Detecting CXX compile features - done
[4.656s] -- The C compiler identification is GNU 9.4.0
[4.669s] -- Detecting C compiler ABI info
[4.786s] -- Detecting C compiler ABI info - done
[4.801s] -- Check for working C compiler: /usr/bin/cc - skipped
[4.801s] -- Detecting C compile features
[4.802s] -- Detecting C compile features - done
[9.873s] -- Found ament_cmake: 0.9.12 (/opt/ros/foxy/share/ament_cmake/cmake)
[9.955s] -- Found PythonInterp: /usr/bin/python3 (found suitable version "3.8.10", minimum required is "3") 
[9.956s] -- Using PYTHON_EXECUTABLE: /usr/bin/python3
[10.484s] -- Override CMake install command with custom implementation using symlinks instead of copying resources
[10.570s] -- Found geometry_msgs: 2.0.5 (/opt/ros/foxy/share/geometry_msgs/cmake)
[10.655s] -- Using all available rosidl_typesupport_c: rosidl_typesupport_fastrtps_c;rosidl_typesupport_introspection_c
[10.676s] -- Found rosidl_adapter: 1.3.1 (/opt/ros/foxy/share/rosidl_adapter/cmake)
[10.931s] -- Found OpenSSL: /usr/lib/aarch64-linux-gnu/libcrypto.so (found version "1.1.1f")  
[10.997s] -- Found FastRTPS: /opt/ros/foxy/include  
[11.170s] -- Using all available rosidl_typesupport_cpp: rosidl_typesupport_fastrtps_cpp;rosidl_typesupport_introspection_cpp
[11.321s] -- Found nav_msgs: 2.0.5 (/opt/ros/foxy/share/nav_msgs/cmake)
[11.439s] -- Found rclcpp: 2.4.3 (/opt/ros/foxy/share/rclcpp/cmake)
[11.537s] -- Found rmw_implementation_cmake: 1.0.4 (/opt/ros/foxy/share/rmw_implementation_cmake/cmake)
[11.540s] -- Using RMW implementation 'rmw_cyclonedds_cpp' as default
[11.542s] -- Performing Test CMAKE_HAVE_LIBC_PTHREAD
[11.692s] -- Performing Test CMAKE_HAVE_LIBC_PTHREAD - Failed
[11.692s] -- Looking for pthread_create in pthreads
[11.803s] -- Looking for pthread_create in pthreads - not found
[11.803s] -- Looking for pthread_create in pthread
[11.933s] -- Looking for pthread_create in pthread - found
[11.936s] -- Found Threads: TRUE  
[12.202s] -- Found rclcpp_components: 2.4.3 (/opt/ros/foxy/share/rclcpp_components/cmake)
[12.317s] -- Found sensor_msgs: 2.0.5 (/opt/ros/foxy/share/sensor_msgs/cmake)
[12.437s] -- Found tf2_ros: 0.13.14 (/opt/ros/foxy/share/tf2_ros/cmake)
[13.082s] -- Configuring done
[13.144s] -- Generating done
[13.166s] -- Build files have been written to: /home/unitree/imes-g1/build/kiss_icp
[13.236s] Invoked command in '/home/unitree/imes-g1/build/kiss_icp' returned '0': CMAKE_PREFIX_PATH=${CMAKE_PREFIX_PATH}:/opt/ros/foxy /home/unitree/.local/bin/cmake /home/unitree/imes-g1/src/third_party/tools/28Aug2025_kiss-icp/ros -DAMENT_CMAKE_SYMLINK_INSTALL=1 -DCMAKE_INSTALL_PREFIX=/home/unitree/imes-g1/install/kiss_icp
[13.238s] Invoking command in '/home/unitree/imes-g1/build/kiss_icp': CMAKE_PREFIX_PATH=${CMAKE_PREFIX_PATH}:/opt/ros/foxy /home/unitree/.local/bin/cmake --build /home/unitree/imes-g1/build/kiss_icp -- -j8 -l8
[13.345s] [  7%] [32mBuilding CXX object kiss_icp/core/CMakeFiles/kiss_icp_core.dir/Registration.cpp.o[0m
[26.059s] [ 14%] [32mBuilding CXX object kiss_icp/core/CMakeFiles/kiss_icp_core.dir/Threshold.cpp.o[0m
[29.599s] [ 21%] [32mBuilding CXX object kiss_icp/core/CMakeFiles/kiss_icp_core.dir/Preprocessing.cpp.o[0m
[36.121s] [ 28%] [32mBuilding CXX object kiss_icp/core/CMakeFiles/kiss_icp_core.dir/VoxelUtils.cpp.o[0m
[39.029s] [ 35%] [32mBuilding CXX object kiss_icp/core/CMakeFiles/kiss_icp_core.dir/VoxelHashMap.cpp.o[0m
[43.362s] [ 42%] [32m[1mLinking CXX static library libkiss_icp_core.a[0m
[43.399s] [ 42%] Built target kiss_icp_core
[43.433s] [ 57%] [32mBuilding CXX object CMakeFiles/kiss_icp_node.dir/rclcpp_components/node_main_kiss_icp_node.cpp.o[0m
[43.434s] [ 57%] [32mBuilding CXX object kiss_icp/metrics/CMakeFiles/kiss_icp_metrics.dir/Metrics.cpp.o[0m
[43.466s] [ 64%] [32mBuilding CXX object kiss_icp/pipeline/CMakeFiles/kiss_icp_pipeline.dir/KissICP.cpp.o[0m
[49.664s] [ 71%] [32m[1mLinking CXX static library libkiss_icp_pipeline.a[0m
[49.784s] [ 71%] Built target kiss_icp_pipeline
[50.869s] [ 78%] [32m[1mLinking CXX executable kiss_icp_node[0m
[51.075s] [ 78%] Built target kiss_icp_node
[69.596s] [ 85%] [32m[1mLinking CXX static library libkiss_icp_metrics.a[0m
[69.780s] [ 85%] Built target kiss_icp_metrics
[69.901s] [ 92%] [32mBuilding CXX object CMakeFiles/odometry_component.dir/src/OdometryServer.cpp.o[0m
[101.952s] [100%] [32m[1mLinking CXX shared library libodometry_component.so[0m
[102.222s] [100%] Built target odometry_component
[102.243s] Invoked command in '/home/unitree/imes-g1/build/kiss_icp' returned '0': CMAKE_PREFIX_PATH=${CMAKE_PREFIX_PATH}:/opt/ros/foxy /home/unitree/.local/bin/cmake --build /home/unitree/imes-g1/build/kiss_icp -- -j8 -l8
[102.249s] Invoking command in '/home/unitree/imes-g1/build/kiss_icp': CMAKE_PREFIX_PATH=${CMAKE_PREFIX_PATH}:/opt/ros/foxy /home/unitree/.local/bin/cmake --install /home/unitree/imes-g1/build/kiss_icp
[102.311s] -- Install configuration: "Release"
[102.312s] -- Execute custom install script
[102.313s] -- Symlinking: /home/unitree/imes-g1/install/kiss_icp/lib/kiss_icp/kiss_icp_node
[102.318s] -- Symlinking: /home/unitree/imes-g1/install/kiss_icp/lib/libodometry_component.so
[102.323s] -- Symlinking: /home/unitree/imes-g1/install/kiss_icp/share/kiss_icp//launch/odometry.launch.py
[102.328s] -- Symlinking: /home/unitree/imes-g1/install/kiss_icp/share/kiss_icp//rviz/kiss_icp.rviz
[102.333s] -- Symlinking: /home/unitree/imes-g1/install/kiss_icp/share/kiss_icp//config/config.yaml
[102.338s] -- Symlinking: /home/unitree/imes-g1/install/kiss_icp/share/ament_index/resource_index/package_run_dependencies/kiss_icp
[102.342s] -- Symlinking: /home/unitree/imes-g1/install/kiss_icp/share/ament_index/resource_index/parent_prefix_path/kiss_icp
[102.347s] -- Symlinking: /home/unitree/imes-g1/install/kiss_icp/share/kiss_icp/environment/ament_prefix_path.sh
[102.351s] -- Symlinking: /home/unitree/imes-g1/install/kiss_icp/share/kiss_icp/environment/ament_prefix_path.dsv
[102.356s] -- Symlinking: /home/unitree/imes-g1/install/kiss_icp/share/kiss_icp/environment/path.sh
[102.361s] -- Symlinking: /home/unitree/imes-g1/install/kiss_icp/share/kiss_icp/environment/path.dsv
[102.365s] -- Symlinking: /home/unitree/imes-g1/install/kiss_icp/share/kiss_icp/local_setup.bash
[102.370s] -- Symlinking: /home/unitree/imes-g1/install/kiss_icp/share/kiss_icp/local_setup.sh
[102.374s] -- Symlinking: /home/unitree/imes-g1/install/kiss_icp/share/kiss_icp/local_setup.zsh
[102.378s] -- Symlinking: /home/unitree/imes-g1/install/kiss_icp/share/kiss_icp/local_setup.dsv
[102.383s] -- Symlinking: /home/unitree/imes-g1/install/kiss_icp/share/kiss_icp/package.dsv
[102.388s] -- Symlinking: /home/unitree/imes-g1/install/kiss_icp/share/ament_index/resource_index/packages/kiss_icp
[102.393s] -- Symlinking: /home/unitree/imes-g1/install/kiss_icp/share/ament_index/resource_index/rclcpp_components/kiss_icp
[102.397s] -- Symlinking: /home/unitree/imes-g1/install/kiss_icp/share/kiss_icp/cmake/kiss_icpConfig.cmake
[102.401s] -- Symlinking: /home/unitree/imes-g1/install/kiss_icp/share/kiss_icp/cmake/kiss_icpConfig-version.cmake
[102.405s] -- Symlinking: /home/unitree/imes-g1/install/kiss_icp/share/kiss_icp/package.xml
[102.424s] Invoked command in '/home/unitree/imes-g1/build/kiss_icp' returned '0': CMAKE_PREFIX_PATH=${CMAKE_PREFIX_PATH}:/opt/ros/foxy /home/unitree/.local/bin/cmake --install /home/unitree/imes-g1/build/kiss_icp
