-- The C compiler identification is GNU 9.4.0
-- The CXX compiler identification is GNU 9.4.0
-- Detecting C compiler ABI info
-- Detecting C compiler ABI info - done
-- Check for working C compiler: /usr/bin/cc - skipped
-- Detecting C compile features
-- Detecting C compile features - done
-- Detecting CXX compiler ABI info
-- Detecting CXX compiler ABI info - done
-- Check for working CXX compiler: /usr/bin/c++ - skipped
-- Detecting CXX compile features
-- Detecting CXX compile features - done
-- Found ament_cmake: 0.9.12 (/opt/ros/foxy/share/ament_cmake/cmake)
-- Found PythonInterp: /usr/bin/python3 (found suitable version "3.8.10", minimum required is "3") 
-- Using PYTHON_EXECUTABLE: /usr/bin/python3
-- Override CMake install command with custom implementation using symlinks instead of copying resources
-- Found ament_lint_auto: 0.9.8 (/opt/ros/foxy/share/ament_lint_auto/cmake)
-- Added test 'copyright' to check source files copyright and LICENSE
-- Added test 'flake8' to check Python code syntax and style conventions
-- Added test 'lint_cmake' to check CMake code style
-- Added test 'pep257' to check Python code against some of the style conventions in PEP 257
-- Added test 'xmllint' to check XML markup files
-- Configuring done
-- Generating done
-- Build files have been written to: /home/unitree/imes-g1/build/g1_depth_camera
-- Install configuration: ""
-- Execute custom install script
-- Symlinking: /home/unitree/imes-g1/install/g1_depth_camera/share/ament_index/resource_index/package_run_dependencies/g1_depth_camera
-- Symlinking: /home/unitree/imes-g1/install/g1_depth_camera/share/ament_index/resource_index/parent_prefix_path/g1_depth_camera
-- Symlinking: /home/unitree/imes-g1/install/g1_depth_camera/share/g1_depth_camera/environment/ament_prefix_path.sh
-- Symlinking: /home/unitree/imes-g1/install/g1_depth_camera/share/g1_depth_camera/environment/ament_prefix_path.dsv
-- Symlinking: /home/unitree/imes-g1/install/g1_depth_camera/share/g1_depth_camera/environment/path.sh
-- Symlinking: /home/unitree/imes-g1/install/g1_depth_camera/share/g1_depth_camera/environment/path.dsv
-- Symlinking: /home/unitree/imes-g1/install/g1_depth_camera/share/g1_depth_camera/local_setup.bash
-- Symlinking: /home/unitree/imes-g1/install/g1_depth_camera/share/g1_depth_camera/local_setup.sh
-- Symlinking: /home/unitree/imes-g1/install/g1_depth_camera/share/g1_depth_camera/local_setup.zsh
-- Symlinking: /home/unitree/imes-g1/install/g1_depth_camera/share/g1_depth_camera/local_setup.dsv
-- Symlinking: /home/unitree/imes-g1/install/g1_depth_camera/share/g1_depth_camera/package.dsv
-- Symlinking: /home/unitree/imes-g1/install/g1_depth_camera/share/ament_index/resource_index/packages/g1_depth_camera
-- Symlinking: /home/unitree/imes-g1/install/g1_depth_camera/share/g1_depth_camera/cmake/g1_depth_cameraConfig.cmake
-- Symlinking: /home/unitree/imes-g1/install/g1_depth_camera/share/g1_depth_camera/cmake/g1_depth_cameraConfig-version.cmake
-- Symlinking: /home/unitree/imes-g1/install/g1_depth_camera/share/g1_depth_camera/package.xml
-- Symlinking: /home/unitree/imes-g1/install/g1_depth_camera/share/g1_depth_camera/config/realsense_i.yaml
-- Symlinking: /home/unitree/imes-g1/install/g1_depth_camera/share/g1_depth_camera/launch/include/realsense_i.launch.py
-- Symlinking: /home/unitree/imes-g1/install/g1_depth_camera/share/g1_depth_camera/launch/system.launch.py
