[0.090s] Invoking command in '/home/unitree/imes-g1/build/g1_depth_camera': CMAKE_PREFIX_PATH=${CMAKE_PREFIX_PATH}:/opt/ros/foxy /home/unitree/.local/bin/cmake /home/unitree/imes-g1/src/ros/g1_depth_camera -DAMENT_CMAKE_SYMLINK_INSTALL=1 -DCMAKE_INSTALL_PREFIX=/home/unitree/imes-g1/install/g1_depth_camera
[1.326s] -- The C compiler identification is GNU 9.4.0
[1.326s] -- The CXX compiler identification is GNU 9.4.0
[1.327s] -- Detecting C compiler ABI info
[1.327s] -- Detecting C compiler ABI info - done
[1.327s] -- Check for working C compiler: /usr/bin/cc - skipped
[1.330s] -- Detecting C compile features
[1.335s] -- Detecting C compile features - done
[1.335s] -- Detecting CXX compiler ABI info
[1.335s] -- Detecting CXX compiler ABI info - done
[1.335s] -- Check for working CXX compiler: /usr/bin/c++ - skipped
[1.335s] -- Detecting CXX compile features
[1.336s] -- Detecting CXX compile features - done
[1.336s] -- Found ament_cmake: 0.9.12 (/opt/ros/foxy/share/ament_cmake/cmake)
[1.336s] -- Found PythonInterp: /usr/bin/python3 (found suitable version "3.8.10", minimum required is "3") 
[1.336s] -- Using PYTHON_EXECUTABLE: /usr/bin/python3
[1.336s] -- Override CMake install command with custom implementation using symlinks instead of copying resources
[1.336s] -- Found ament_lint_auto: 0.9.8 (/opt/ros/foxy/share/ament_lint_auto/cmake)
[1.342s] -- Added test 'copyright' to check source files copyright and LICENSE
[1.351s] -- Added test 'flake8' to check Python code syntax and style conventions
[1.352s] -- Added test 'lint_cmake' to check CMake code style
[1.352s] -- Added test 'pep257' to check Python code against some of the style conventions in PEP 257
[1.353s] -- Added test 'xmllint' to check XML markup files
[1.357s] -- Configuring done
[1.365s] -- Generating done
[1.369s] -- Build files have been written to: /home/unitree/imes-g1/build/g1_depth_camera
[1.390s] Invoked command in '/home/unitree/imes-g1/build/g1_depth_camera' returned '0': CMAKE_PREFIX_PATH=${CMAKE_PREFIX_PATH}:/opt/ros/foxy /home/unitree/.local/bin/cmake /home/unitree/imes-g1/src/ros/g1_depth_camera -DAMENT_CMAKE_SYMLINK_INSTALL=1 -DCMAKE_INSTALL_PREFIX=/home/unitree/imes-g1/install/g1_depth_camera
[1.398s] Invoking command in '/home/unitree/imes-g1/build/g1_depth_camera': CMAKE_PREFIX_PATH=${CMAKE_PREFIX_PATH}:/opt/ros/foxy /home/unitree/.local/bin/cmake --build /home/unitree/imes-g1/build/g1_depth_camera -- -j8 -l8
[1.544s] Invoked command in '/home/unitree/imes-g1/build/g1_depth_camera' returned '0': CMAKE_PREFIX_PATH=${CMAKE_PREFIX_PATH}:/opt/ros/foxy /home/unitree/.local/bin/cmake --build /home/unitree/imes-g1/build/g1_depth_camera -- -j8 -l8
[1.546s] Invoking command in '/home/unitree/imes-g1/build/g1_depth_camera': CMAKE_PREFIX_PATH=${CMAKE_PREFIX_PATH}:/opt/ros/foxy /home/unitree/.local/bin/cmake --install /home/unitree/imes-g1/build/g1_depth_camera
[1.763s] -- Install configuration: ""
[1.763s] -- Execute custom install script
[1.763s] -- Symlinking: /home/unitree/imes-g1/install/g1_depth_camera/share/ament_index/resource_index/package_run_dependencies/g1_depth_camera
[1.763s] -- Symlinking: /home/unitree/imes-g1/install/g1_depth_camera/share/ament_index/resource_index/parent_prefix_path/g1_depth_camera
[1.763s] -- Symlinking: /home/unitree/imes-g1/install/g1_depth_camera/share/g1_depth_camera/environment/ament_prefix_path.sh
[1.763s] -- Symlinking: /home/unitree/imes-g1/install/g1_depth_camera/share/g1_depth_camera/environment/ament_prefix_path.dsv
[1.763s] -- Symlinking: /home/unitree/imes-g1/install/g1_depth_camera/share/g1_depth_camera/environment/path.sh
[1.763s] -- Symlinking: /home/unitree/imes-g1/install/g1_depth_camera/share/g1_depth_camera/environment/path.dsv
[1.763s] -- Symlinking: /home/unitree/imes-g1/install/g1_depth_camera/share/g1_depth_camera/local_setup.bash
[1.764s] -- Symlinking: /home/unitree/imes-g1/install/g1_depth_camera/share/g1_depth_camera/local_setup.sh
[1.764s] -- Symlinking: /home/unitree/imes-g1/install/g1_depth_camera/share/g1_depth_camera/local_setup.zsh
[1.764s] -- Symlinking: /home/unitree/imes-g1/install/g1_depth_camera/share/g1_depth_camera/local_setup.dsv
[1.764s] -- Symlinking: /home/unitree/imes-g1/install/g1_depth_camera/share/g1_depth_camera/package.dsv
[1.764s] -- Symlinking: /home/unitree/imes-g1/install/g1_depth_camera/share/ament_index/resource_index/packages/g1_depth_camera
[1.764s] -- Symlinking: /home/unitree/imes-g1/install/g1_depth_camera/share/g1_depth_camera/cmake/g1_depth_cameraConfig.cmake
[1.764s] -- Symlinking: /home/unitree/imes-g1/install/g1_depth_camera/share/g1_depth_camera/cmake/g1_depth_cameraConfig-version.cmake
[1.764s] -- Symlinking: /home/unitree/imes-g1/install/g1_depth_camera/share/g1_depth_camera/package.xml
[1.764s] -- Symlinking: /home/unitree/imes-g1/install/g1_depth_camera/share/g1_depth_camera/config/realsense_i.yaml
[1.764s] -- Symlinking: /home/unitree/imes-g1/install/g1_depth_camera/share/g1_depth_camera/launch/include/realsense_i.launch.py
[1.765s] -- Symlinking: /home/unitree/imes-g1/install/g1_depth_camera/share/g1_depth_camera/launch/system.launch.py
[1.784s] Invoked command in '/home/unitree/imes-g1/build/g1_depth_camera' returned '0': CMAKE_PREFIX_PATH=${CMAKE_PREFIX_PATH}:/opt/ros/foxy /home/unitree/.local/bin/cmake --install /home/unitree/imes-g1/build/g1_depth_camera
