[0.082s] Invoking command in '/home/unitree/imes-g1/build/g1_control': CONDA_PROMPT_MODIFIER=(base) /home/unitree/.local/bin/cmake --build /home/unitree/imes-g1/build/g1_control -- -j8 -l8
[0.204s] make: Warning: File 'Makefile' has modification time 1770219323 s in the future
[0.204s] [31mCMake Error at CMakeLists.txt:3 (find_package):
[0.204s]   By not providing "Findament_cmake.cmake" in CMAKE_MODULE_PATH this project
[0.204s]   has asked CMake to find a package configuration file provided by
[0.205s]   "ament_cmake", but CMake did not find one.
[0.205s] 
[0.205s]   Could not find a package configuration file provided by "ament_cmake" with
[0.205s]   any of the following names:
[0.206s] 
[0.206s]     ament_cmakeConfig.cmake
[0.206s]     ament_cmake-config.cmake
[0.206s] 
[0.206s]   Add the installation prefix of "ament_cmake" to CMAKE_PREFIX_PATH or set
[0.206s]   "ament_cmake_DIR" to a directory containing one of the above files.  If
[0.206s]   "ament_cmake" provides a separate development package or SDK, be sure it
[0.207s]   has been installed.
[0.207s] 
[0.207s] [0m
[0.207s] make: *** [Makefile:226: cmake_check_build_system] Error 1
[0.207s] -- Configuring incomplete, errors occurred!
[0.208s] See also "/home/unitree/imes-g1/build/g1_control/CMakeFiles/CMakeOutput.log".
