[0.083s] Invoking command in '/home/unitree/imes-g1/build/domain_bridge': CMAKE_PREFIX_PATH=${CMAKE_PREFIX_PATH}:/opt/ros/foxy /home/unitree/.local/bin/cmake /home/unitree/imes-g1/src/third_party/tools/05Jun2025_domain_bridge_foxy -DAMENT_CMAKE_SYMLINK_INSTALL=1 -DCMAKE_INSTALL_PREFIX=/home/unitree/imes-g1/install/domain_bridge
[0.243s] -- The C compiler identification is GNU 9.4.0
[0.367s] -- The CXX compiler identification is GNU 9.4.0
[0.386s] -- Detecting C compiler ABI info
[0.505s] -- Detecting C compiler ABI info - done
[0.518s] -- Check for working C compiler: /usr/bin/cc - skipped
[0.518s] -- Detecting C compile features
[0.519s] -- Detecting C compile features - done
[0.525s] -- Detecting CXX compiler ABI info
[0.650s] -- Detecting CXX compiler ABI info - done
[0.664s] -- Check for working CXX compiler: /usr/bin/c++ - skipped
[0.665s] -- Detecting CXX compile features
[0.666s] -- Detecting CXX compile features - done
[0.673s] -- Found ament_cmake: 0.9.12 (/opt/ros/foxy/share/ament_cmake/cmake)
[0.726s] -- Found PythonInterp: /usr/bin/python3 (found suitable version "3.8.10", minimum required is "3") 
[0.726s] -- Using PYTHON_EXECUTABLE: /usr/bin/python3
[1.144s] -- Override CMake install command with custom implementation using symlinks instead of copying resources
[1.197s] -- Found rcl: 1.1.14 (/opt/ros/foxy/share/rcl/cmake)
[1.261s] -- Using all available rosidl_typesupport_c: rosidl_typesupport_fastrtps_c;rosidl_typesupport_introspection_c
[1.275s] -- Found rosidl_adapter: 1.3.1 (/opt/ros/foxy/share/rosidl_adapter/cmake)
[1.453s] -- Found OpenSSL: /usr/lib/aarch64-linux-gnu/libcrypto.so (found version "1.1.1f")  
[1.514s] -- Found FastRTPS: /opt/ros/foxy/include  
[1.662s] -- Using all available rosidl_typesupport_cpp: rosidl_typesupport_fastrtps_cpp;rosidl_typesupport_introspection_cpp
[1.762s] -- Found rmw_implementation_cmake: 1.0.4 (/opt/ros/foxy/share/rmw_implementation_cmake/cmake)
[1.766s] -- Using RMW implementation 'rmw_cyclonedds_cpp' as default
[1.768s] -- Performing Test CMAKE_HAVE_LIBC_PTHREAD
[1.870s] -- Performing Test CMAKE_HAVE_LIBC_PTHREAD - Failed
[1.870s] -- Looking for pthread_create in pthreads
[1.958s] -- Looking for pthread_create in pthreads - not found
[1.963s] -- Looking for pthread_create in pthread
[2.070s] -- Looking for pthread_create in pthread - found
[2.074s] -- Found Threads: TRUE  
[2.118s] -- Found rclcpp: 2.4.3 (/opt/ros/foxy/share/rclcpp/cmake)
[2.356s] -- Found rosbag2_cpp: 0.3.11 (/opt/ros/foxy/share/rosbag2_cpp/cmake)
[2.433s] -- Setting yaml-cpp_DIR to: '/opt/ros/foxy/share/yaml_cpp_vendor/cmake/../../../opt/yaml_cpp_vendor/lib/cmake/yaml-cpp'
[2.444s] -- Found rosidl_default_generators: 1.0.1 (/opt/ros/foxy/share/rosidl_default_generators/cmake)
[2.471s] -- Found zstd_vendor: 0.3.11 (/opt/ros/foxy/share/zstd_vendor/cmake)
[2.475s] -- Found zstd: /opt/ros/foxy/lib/libzstd.so  
[2.520s] -- Found PythonInterp: /usr/bin/python3 (found version "3.8.10") 
[2.776s] -- Found ament_cmake_ros: 0.9.2 (/opt/ros/foxy/share/ament_cmake_ros/cmake)
[3.010s] -- Using all available rosidl_typesupport_c: rosidl_typesupport_fastrtps_c;rosidl_typesupport_introspection_c
[3.025s] -- Using all available rosidl_typesupport_cpp: rosidl_typesupport_fastrtps_cpp;rosidl_typesupport_introspection_cpp
[3.073s] -- Found PythonInterp: /usr/bin/python3 (found suitable version "3.8.10", minimum required is "3.5") 
[3.077s] -- Found python_cmake_module: 0.8.1 (/opt/ros/foxy/share/python_cmake_module/cmake)
[3.145s] -- Found PythonLibs: /usr/lib/aarch64-linux-gnu/libpython3.8.so (found suitable version "3.8.10", minimum required is "3.5") 
[3.145s] -- Using PYTHON_EXECUTABLE: /usr/bin/python3
[3.145s] -- Using PYTHON_INCLUDE_DIRS: /usr/include/python3.8
[3.145s] -- Using PYTHON_LIBRARIES: /usr/lib/aarch64-linux-gnu/libpython3.8.so
[3.182s] -- Found PythonExtra: .so  
[3.783s] -- Found ament_lint_auto: 0.9.8 (/opt/ros/foxy/share/ament_lint_auto/cmake)
[4.115s] -- Using PYTHON_EXECUTABLE: /usr/bin/python3
[4.115s] -- Using PYTHON_INCLUDE_DIRS: /usr/include/python3.8
[4.115s] -- Using PYTHON_LIBRARIES: /usr/lib/aarch64-linux-gnu/libpython3.8.so
[4.901s] -- Found gmock sources under '/opt/ros/foxy/src/gmock_vendor': C++ tests using 'Google Mock' will be built
[4.930s] -- Found gtest sources under '/opt/ros/foxy/src/gtest_vendor': C++ tests using 'Google Test' will be built
[5.028s] -- Added test 'copyright' to check source files copyright and LICENSE
[5.044s] -- Added test 'cppcheck' to perform static code analysis on C / C++ code
[5.046s] -- Configured cppcheck include dirs: $<BUILD_INTERFACE:/home/unitree/imes-g1/src/third_party/tools/05Jun2025_domain_bridge_foxy/include>
[5.046s] -- Configured cppcheck exclude dirs and/or files: 
[5.063s] -- Added test 'cpplint' to check C / C++ code against the Google style
[5.063s] -- Configured cpplint exclude dirs and/or files: 
[5.067s] -- Added test 'flake8' to check Python code syntax and style conventions
[5.070s] -- Added test 'lint_cmake' to check CMake code style
[5.076s] -- Added test 'pep257' to check Python code against some of the style conventions in PEP 257
[5.082s] -- Added test 'uncrustify' to check C / C++ code style
[5.093s] -- Configured uncrustify additional arguments: 
[5.096s] -- Added test 'xmllint' to check XML markup files
[5.115s] -- Configuring done
[5.384s] -- Generating done
[5.478s] -- Build files have been written to: /home/unitree/imes-g1/build/domain_bridge
[5.526s] Invoked command in '/home/unitree/imes-g1/build/domain_bridge' returned '0': CMAKE_PREFIX_PATH=${CMAKE_PREFIX_PATH}:/opt/ros/foxy /home/unitree/.local/bin/cmake /home/unitree/imes-g1/src/third_party/tools/05Jun2025_domain_bridge_foxy -DAMENT_CMAKE_SYMLINK_INSTALL=1 -DCMAKE_INSTALL_PREFIX=/home/unitree/imes-g1/install/domain_bridge
[5.534s] Invoking command in '/home/unitree/imes-g1/build/domain_bridge': CMAKE_PREFIX_PATH=${CMAKE_PREFIX_PATH}:/opt/ros/foxy /home/unitree/.local/bin/cmake --build /home/unitree/imes-g1/build/domain_bridge -- -j8 -l8
[6.742s] [  1%] [34m[1mGenerating C code for ROS interfaces[0m
[6.742s] [  3%] [34m[1mGenerating C++ code for ROS interfaces[0m
[6.742s] [  4%] [32mBuilding CXX object gmock/CMakeFiles/gmock_main.dir/src/gmock_main.cc.o[0m
[6.743s] [  6%] [32mBuilding CXX object gmock/CMakeFiles/gmock.dir/opt/ros/foxy/src/gtest_vendor/src/gtest-all.cc.o[0m
[6.743s] [  7%] [32mBuilding CXX object gmock/CMakeFiles/gmock.dir/src/gmock-all.cc.o[0m
[7.063s] [  9%] [32mBuilding C object CMakeFiles/domain_bridge__rosidl_generator_c.dir/rosidl_generator_c/domain_bridge/msg/detail/compressed_msg__functions.c.o[0m
[7.090s] [  9%] Built target domain_bridge__cpp
[7.143s] [ 10%] [34m[1mGenerating C++ type support dispatch for ROS interfaces[0m
[7.163s] [ 12%] [34m[1mGenerating C++ type support for eProsima Fast-RTPS[0m
[7.174s] [ 13%] [34m[1mGenerating C++ introspection for ROS interfaces[0m
[7.361s] [ 15%] [32m[1mLinking C shared library libdomain_bridge__rosidl_generator_c.so[0m
[7.551s] [ 15%] Built target domain_bridge__rosidl_generator_c
[7.623s] [ 16%] [34m[1mGenerating C type support dispatch for ROS interfaces[0m
[7.627s] [ 18%] [34m[1mGenerating C introspection for ROS interfaces[0m
[8.471s] [ 20%] [32mBuilding CXX object CMakeFiles/domain_bridge__rosidl_typesupport_introspection_cpp.dir/rosidl_typesupport_introspection_cpp/domain_bridge/msg/detail/compressed_msg__type_support.cpp.o[0m
[8.472s] [ 21%] [32mBuilding CXX object CMakeFiles/domain_bridge__rosidl_typesupport_cpp.dir/rosidl_typesupport_cpp/domain_bridge/msg/compressed_msg__type_support.cpp.o[0m
[8.498s] [ 23%] [32mBuilding CXX object CMakeFiles/domain_bridge__rosidl_typesupport_fastrtps_cpp.dir/rosidl_typesupport_fastrtps_cpp/domain_bridge/msg/detail/dds_fastrtps/compressed_msg__type_support.cpp.o[0m
[8.575s] [ 24%] [32mBuilding C object CMakeFiles/domain_bridge__rosidl_typesupport_introspection_c.dir/rosidl_typesupport_introspection_c/domain_bridge/msg/detail/compressed_msg__type_support.c.o[0m
[8.683s] [ 26%] [32mBuilding CXX object CMakeFiles/domain_bridge__rosidl_typesupport_c.dir/rosidl_typesupport_c/domain_bridge/msg/compressed_msg__type_support.cpp.o[0m
[8.807s] [ 27%] [32m[1mLinking C shared library libdomain_bridge__rosidl_typesupport_introspection_c.so[0m
[8.911s] [ 29%] [32m[1mLinking CXX shared library libdomain_bridge__rosidl_typesupport_c.so[0m
[8.959s] [ 29%] Built target domain_bridge__rosidl_typesupport_introspection_c
[9.115s] [ 29%] Built target domain_bridge__rosidl_typesupport_c
[10.166s] [ 30%] [32m[1mLinking CXX shared library libdomain_bridge__rosidl_typesupport_cpp.so[0m
[10.331s] [ 32%] [32m[1mLinking CXX shared library libdomain_bridge__rosidl_typesupport_introspection_cpp.so[0m
[10.388s] [ 32%] Built target domain_bridge__rosidl_typesupport_cpp
[10.655s] [ 32%] Built target domain_bridge__rosidl_typesupport_introspection_cpp
[11.153s] [ 33%] [32m[1mLinking CXX shared library libdomain_bridge__rosidl_typesupport_fastrtps_cpp.so[0m
[11.587s] [ 33%] Built target domain_bridge__rosidl_typesupport_fastrtps_cpp
[11.654s] [ 35%] [34m[1mGenerating C type support for eProsima Fast-RTPS[0m
[13.063s] [ 36%] [32mBuilding CXX object CMakeFiles/domain_bridge__rosidl_typesupport_fastrtps_c.dir/rosidl_typesupport_fastrtps_c/domain_bridge/msg/detail/compressed_msg__type_support_c.cpp.o[0m
[14.474s] [ 38%] [32m[1mLinking CXX static library libgmock_main.a[0m
[14.655s] [ 38%] Built target gmock_main
[15.147s] [ 40%] [32m[1mLinking CXX shared library libdomain_bridge__rosidl_typesupport_fastrtps_c.so[0m
[15.651s] [ 40%] Built target domain_bridge__rosidl_typesupport_fastrtps_c
[15.775s] [ 40%] Built target domain_bridge
[15.912s] [ 41%] [34m[1mGenerating Python code for ROS interfaces[0m
[15.916s] [ 43%] [32mBuilding CXX object CMakeFiles/domain_bridge_lib.dir/src/domain_bridge/compress_messages.cpp.o[0m
[15.931s] [ 44%] [32mBuilding CXX object CMakeFiles/domain_bridge_lib.dir/src/domain_bridge/domain_bridge_options.cpp.o[0m
[15.932s] [ 46%] [32mBuilding CXX object CMakeFiles/domain_bridge_lib.dir/src/domain_bridge/domain_bridge.cpp.o[0m
[15.952s] [ 47%] [32mBuilding CXX object CMakeFiles/domain_bridge_lib.dir/src/domain_bridge/generic_publisher.cpp.o[0m
[16.055s] [ 49%] [32mBuilding CXX object CMakeFiles/domain_bridge_lib.dir/src/domain_bridge/generic_subscription.cpp.o[0m
[18.255s] [ 49%] Built target domain_bridge__py
[18.299s] [ 50%] [32mBuilding CXX object CMakeFiles/domain_bridge_lib.dir/src/domain_bridge/parse_domain_bridge_yaml_config.cpp.o[0m
[18.671s] [ 52%] [32mBuilding CXX object CMakeFiles/domain_bridge_lib.dir/src/domain_bridge/qos_options.cpp.o[0m
[18.671s] [ 53%] [32mBuilding CXX object CMakeFiles/domain_bridge_lib.dir/src/domain_bridge/service_bridge_options.cpp.o[0m
[20.055s] [ 55%] [32mBuilding CXX object CMakeFiles/domain_bridge_lib.dir/src/domain_bridge/topic_bridge_options.cpp.o[0m
[20.347s] [ 56%] [32mBuilding CXX object CMakeFiles/domain_bridge_lib.dir/src/domain_bridge/utils.cpp.o[0m
[25.742s] [ 58%] [32m[1mLinking CXX static library libgmock.a[0m
[25.974s] [ 58%] Built target gmock
[29.990s] [ 60%] [32m[1mLinking CXX shared library libdomain_bridge.so[0m
[30.411s] [ 60%] Built target domain_bridge_lib
[30.428s] [ 61%] [32mBuilding C object CMakeFiles/domain_bridge__python.dir/rosidl_generator_py/domain_bridge/msg/_compressed_msg_s.c.o[0m
[30.590s] [ 63%] [32m[1mLinking C shared library rosidl_generator_py/domain_bridge/libdomain_bridge__python.so[0m
[30.638s] [ 63%] Built target domain_bridge__python
[30.655s] [ 64%] [32mBuilding CXX object test/CMakeFiles/test_qos_matching__rmw_fastrtps_cpp.dir/domain_bridge/test_qos_matching.cpp.o[0m
[37.880s] [ 66%] [32m[1mLinking CXX executable test_qos_matching__rmw_fastrtps_cpp[0m
[38.545s] [ 66%] Built target test_qos_matching__rmw_fastrtps_cpp
[38.562s] [ 67%] [32mBuilding CXX object test/CMakeFiles/test_domain_bridge_end_to_end__rmw_fastrtps_cpp.dir/domain_bridge/test_domain_bridge_end_to_end.cpp.o[0m
[53.318s] [ 69%] [32m[1mLinking CXX executable test_domain_bridge_end_to_end__rmw_fastrtps_cpp[0m
[54.233s] [ 69%] Built target test_domain_bridge_end_to_end__rmw_fastrtps_cpp
[54.248s] [ 70%] [32mBuilding CXX object test/CMakeFiles/test_domain_bridge_services__rmw_fastrtps_cpp.dir/domain_bridge/test_domain_bridge_services.cpp.o[0m
[60.625s] [ 72%] [32m[1mLinking CXX executable test_domain_bridge_services__rmw_fastrtps_cpp[0m
[61.217s] [ 72%] Built target test_domain_bridge_services__rmw_fastrtps_cpp
[61.234s] [ 73%] [32mBuilding C object CMakeFiles/domain_bridge__rosidl_typesupport_fastrtps_c__pyext.dir/rosidl_generator_py/domain_bridge/_domain_bridge_s.ep.rosidl_typesupport_fastrtps_c.c.o[0m
[61.363s] [ 75%] [32m[1mLinking CXX shared library rosidl_generator_py/domain_bridge/domain_bridge_s__rosidl_typesupport_fastrtps_c.cpython-38-aarch64-linux-gnu.so[0m
[61.441s] [ 75%] Built target domain_bridge__rosidl_typesupport_fastrtps_c__pyext
[61.458s] [ 76%] [32mBuilding C object CMakeFiles/domain_bridge__rosidl_typesupport_introspection_c__pyext.dir/rosidl_generator_py/domain_bridge/_domain_bridge_s.ep.rosidl_typesupport_introspection_c.c.o[0m
[61.587s] [ 78%] [32m[1mLinking C shared library rosidl_generator_py/domain_bridge/domain_bridge_s__rosidl_typesupport_introspection_c.cpython-38-aarch64-linux-gnu.so[0m
[61.624s] [ 78%] Built target domain_bridge__rosidl_typesupport_introspection_c__pyext
[61.641s] [ 80%] [32mBuilding C object CMakeFiles/domain_bridge__rosidl_typesupport_c__pyext.dir/rosidl_generator_py/domain_bridge/_domain_bridge_s.ep.rosidl_typesupport_c.c.o[0m
[61.768s] [ 81%] [32m[1mLinking C shared library rosidl_generator_py/domain_bridge/domain_bridge_s__rosidl_typesupport_c.cpython-38-aarch64-linux-gnu.so[0m
[61.804s] [ 81%] Built target domain_bridge__rosidl_typesupport_c__pyext
[61.821s] [ 83%] [32mBuilding CXX object test/CMakeFiles/test_domain_bridge_services__rmw_cyclonedds_cpp.dir/domain_bridge/test_domain_bridge_services.cpp.o[0m
[68.619s] [ 84%] [32m[1mLinking CXX executable test_domain_bridge_services__rmw_cyclonedds_cpp[0m
[69.579s] [ 84%] Built target test_domain_bridge_services__rmw_cyclonedds_cpp
[69.679s] [ 86%] [32mBuilding CXX object test/CMakeFiles/test_domain_bridge_end_to_end__rmw_cyclonedds_cpp.dir/domain_bridge/test_domain_bridge_end_to_end.cpp.o[0m
[69.702s] [ 87%] [32mBuilding CXX object test/CMakeFiles/test_parse_domain_bridge_yaml_config.dir/domain_bridge/test_parse_domain_bridge_yaml_config.cpp.o[0m
[69.706s] [ 89%] [32mBuilding CXX object test/CMakeFiles/test_qos_matching__rmw_cyclonedds_cpp.dir/domain_bridge/test_qos_matching.cpp.o[0m
[74.827s] [ 90%] [32m[1mLinking CXX executable test_parse_domain_bridge_yaml_config[0m
[75.286s] [ 90%] Built target test_parse_domain_bridge_yaml_config
[78.238s] [ 92%] [32m[1mLinking CXX executable test_qos_matching__rmw_cyclonedds_cpp[0m
[78.859s] [ 92%] Built target test_qos_matching__rmw_cyclonedds_cpp
[78.875s] [ 93%] [32mBuilding CXX object test/CMakeFiles/test_domain_bridge.dir/domain_bridge/test_domain_bridge.cpp.o[0m
[84.464s] [ 95%] [32m[1mLinking CXX executable test_domain_bridge[0m
[84.975s] [ 95%] Built target test_domain_bridge
[86.144s] [ 96%] [32m[1mLinking CXX executable test_domain_bridge_end_to_end__rmw_cyclonedds_cpp[0m
[87.126s] [ 96%] Built target test_domain_bridge_end_to_end__rmw_cyclonedds_cpp
[87.146s] [ 98%] [32mBuilding CXX object CMakeFiles/domain_bridge_exec.dir/src/domain_bridge.cpp.o[0m
[91.239s] [100%] [32m[1mLinking CXX executable domain_bridge[0m
[91.828s] [100%] Built target domain_bridge_exec
[91.869s] Invoked command in '/home/unitree/imes-g1/build/domain_bridge' returned '0': CMAKE_PREFIX_PATH=${CMAKE_PREFIX_PATH}:/opt/ros/foxy /home/unitree/.local/bin/cmake --build /home/unitree/imes-g1/build/domain_bridge -- -j8 -l8
[91.873s] Invoking command in '/home/unitree/imes-g1/build/domain_bridge': CMAKE_PREFIX_PATH=${CMAKE_PREFIX_PATH}:/opt/ros/foxy /home/unitree/.local/bin/cmake --install /home/unitree/imes-g1/build/domain_bridge
[92.073s] -- Install configuration: ""
[92.074s] -- Execute custom install script
[92.074s] -- Symlinking: /home/unitree/imes-g1/install/domain_bridge/share/ament_index/resource_index/rosidl_interfaces/domain_bridge
[92.101s] -- Symlinking: /home/unitree/imes-g1/install/domain_bridge/include/domain_bridge/msg/compressed_msg.h
[92.117s] -- Symlinking: /home/unitree/imes-g1/install/domain_bridge/include/domain_bridge/msg/detail/compressed_msg__functions.h
[92.136s] -- Symlinking: /home/unitree/imes-g1/install/domain_bridge/include/domain_bridge/msg/detail/compressed_msg__struct.h
[92.157s] -- Symlinking: /home/unitree/imes-g1/install/domain_bridge/include/domain_bridge/msg/detail/compressed_msg__type_support.h
[92.177s] -- Symlinking: /home/unitree/imes-g1/install/domain_bridge/include/domain_bridge/msg/rosidl_generator_c__visibility_control.h
[92.197s] -- Symlinking: /home/unitree/imes-g1/install/domain_bridge/share/domain_bridge/environment/library_path.sh
[92.217s] -- Symlinking: /home/unitree/imes-g1/install/domain_bridge/share/domain_bridge/environment/library_path.dsv
[92.238s] -- Symlinking: /home/unitree/imes-g1/install/domain_bridge/include/domain_bridge/msg/detail/compressed_msg__rosidl_typesupport_fastrtps_c.h
[92.253s] -- Symlinking: /home/unitree/imes-g1/install/domain_bridge/include/domain_bridge/msg/rosidl_typesupport_fastrtps_c__visibility_control.h
[92.281s] -- Symlinking: /home/unitree/imes-g1/install/domain_bridge/lib/libdomain_bridge__rosidl_typesupport_fastrtps_c.so
[92.310s] -- Symlinking: /home/unitree/imes-g1/install/domain_bridge/include/domain_bridge/msg/detail/compressed_msg__rosidl_typesupport_fastrtps_cpp.hpp
[92.332s] -- Symlinking: /home/unitree/imes-g1/install/domain_bridge/include/domain_bridge/msg/rosidl_typesupport_fastrtps_cpp__visibility_control.h
[92.353s] -- Symlinking: /home/unitree/imes-g1/install/domain_bridge/lib/libdomain_bridge__rosidl_typesupport_fastrtps_cpp.so
[92.377s] -- Symlinking: /home/unitree/imes-g1/install/domain_bridge/include/domain_bridge/msg/detail/compressed_msg__rosidl_typesupport_introspection_c.h
[92.405s] -- Symlinking: /home/unitree/imes-g1/install/domain_bridge/include/domain_bridge/msg/rosidl_typesupport_introspection_c__visibility_control.h
[92.429s] -- Symlinking: /home/unitree/imes-g1/install/domain_bridge/include/domain_bridge/msg/compressed_msg.hpp
[92.448s] -- Symlinking: /home/unitree/imes-g1/install/domain_bridge/include/domain_bridge/msg/detail/compressed_msg__builder.hpp
[92.461s] -- Symlinking: /home/unitree/imes-g1/install/domain_bridge/include/domain_bridge/msg/detail/compressed_msg__struct.hpp
[92.477s] -- Symlinking: /home/unitree/imes-g1/install/domain_bridge/include/domain_bridge/msg/detail/compressed_msg__traits.hpp
[92.498s] -- Symlinking: /home/unitree/imes-g1/install/domain_bridge/include/domain_bridge/msg/detail/compressed_msg__type_support.hpp
[92.503s] -- Symlinking: /home/unitree/imes-g1/install/domain_bridge/include/domain_bridge/msg/rosidl_generator_cpp__visibility_control.hpp
[92.509s] -- Symlinking: /home/unitree/imes-g1/install/domain_bridge/include/domain_bridge/msg/detail/compressed_msg__rosidl_typesupport_introspection_cpp.hpp
[92.535s] -- Symlinking: /home/unitree/imes-g1/install/domain_bridge/share/domain_bridge/environment/pythonpath.sh
[92.569s] -- Symlinking: /home/unitree/imes-g1/install/domain_bridge/share/domain_bridge/environment/pythonpath.dsv
[92.592s] -- Symlinking: /home/unitree/imes-g1/install/domain_bridge/lib/python3.8/site-packages/domain_bridge/__init__.py
[92.605s] -- Symlinking: /home/unitree/imes-g1/install/domain_bridge/lib/python3.8/site-packages/domain_bridge/msg/__init__.py
[92.621s] -- Symlinking: /home/unitree/imes-g1/install/domain_bridge/lib/python3.8/site-packages/domain_bridge/msg/_compressed_msg.py
[92.637s] -- Symlinking: /home/unitree/imes-g1/install/domain_bridge/lib/python3.8/site-packages/domain_bridge/domain_bridge_s__rosidl_typesupport_fastrtps_c.cpython-38-aarch64-linux-gnu.so
[92.658s] -- Symlinking: /home/unitree/imes-g1/install/domain_bridge/lib/python3.8/site-packages/domain_bridge/domain_bridge_s__rosidl_typesupport_introspection_c.cpython-38-aarch64-linux-gnu.so
[92.677s] -- Symlinking: /home/unitree/imes-g1/install/domain_bridge/lib/python3.8/site-packages/domain_bridge/domain_bridge_s__rosidl_typesupport_c.cpython-38-aarch64-linux-gnu.so
[92.697s] -- Symlinking: /home/unitree/imes-g1/install/domain_bridge/lib/libdomain_bridge__python.so
[92.717s] -- Symlinking: /home/unitree/imes-g1/install/domain_bridge/share/domain_bridge/msg/CompressedMsg.idl
[92.724s] -- Symlinking: /home/unitree/imes-g1/install/domain_bridge/share/domain_bridge/msg/CompressedMsg.msg
[92.741s] -- Symlinking: /home/unitree/imes-g1/install/domain_bridge/include/domain_bridge/compress_messages.hpp
[92.760s] -- Symlinking: /home/unitree/imes-g1/install/domain_bridge/include/domain_bridge/domain_bridge.hpp
[92.781s] -- Symlinking: /home/unitree/imes-g1/install/domain_bridge/include/domain_bridge/domain_bridge_config.hpp
[92.801s] -- Symlinking: /home/unitree/imes-g1/install/domain_bridge/include/domain_bridge/domain_bridge_options.hpp
[92.821s] -- Symlinking: /home/unitree/imes-g1/install/domain_bridge/include/domain_bridge/parse_domain_bridge_yaml_config.hpp
[92.837s] -- Symlinking: /home/unitree/imes-g1/install/domain_bridge/include/domain_bridge/process_cmd_line_arguments.hpp
[92.860s] -- Symlinking: /home/unitree/imes-g1/install/domain_bridge/include/domain_bridge/qos_options.hpp
[92.885s] -- Symlinking: /home/unitree/imes-g1/install/domain_bridge/include/domain_bridge/service_bridge_impl.inc
[92.900s] -- Symlinking: /home/unitree/imes-g1/install/domain_bridge/include/domain_bridge/service_bridge_options.hpp
[92.921s] -- Symlinking: /home/unitree/imes-g1/install/domain_bridge/include/domain_bridge/topic_bridge.hpp
[92.941s] -- Symlinking: /home/unitree/imes-g1/install/domain_bridge/include/domain_bridge/topic_bridge_options.hpp
[92.961s] -- Symlinking: /home/unitree/imes-g1/install/domain_bridge/include/domain_bridge/utils.hpp
[92.977s] -- Symlinking: /home/unitree/imes-g1/install/domain_bridge/include/domain_bridge/visibility_control.hpp
[93.001s] -- Symlinking: /home/unitree/imes-g1/install/domain_bridge/lib/domain_bridge/domain_bridge
[93.025s] -- Symlinking: /home/unitree/imes-g1/install/domain_bridge/share/domain_bridge/examples/example_bridge_config.yaml
[93.045s] -- Symlinking: /home/unitree/imes-g1/install/domain_bridge/share/domain_bridge/launch/domain_bridge.launch.xml
[93.069s] -- Symlinking: /home/unitree/imes-g1/install/domain_bridge/share/ament_index/resource_index/package_run_dependencies/domain_bridge
[93.097s] -- Symlinking: /home/unitree/imes-g1/install/domain_bridge/share/ament_index/resource_index/parent_prefix_path/domain_bridge
[93.121s] -- Symlinking: /home/unitree/imes-g1/install/domain_bridge/share/domain_bridge/environment/ament_prefix_path.sh
[93.141s] -- Symlinking: /home/unitree/imes-g1/install/domain_bridge/share/domain_bridge/environment/ament_prefix_path.dsv
[93.161s] -- Symlinking: /home/unitree/imes-g1/install/domain_bridge/share/domain_bridge/environment/path.sh
[93.197s] -- Symlinking: /home/unitree/imes-g1/install/domain_bridge/share/domain_bridge/environment/path.dsv
[93.217s] -- Symlinking: /home/unitree/imes-g1/install/domain_bridge/share/domain_bridge/local_setup.bash
[93.237s] -- Symlinking: /home/unitree/imes-g1/install/domain_bridge/share/domain_bridge/local_setup.sh
[93.265s] -- Symlinking: /home/unitree/imes-g1/install/domain_bridge/share/domain_bridge/local_setup.zsh
[93.305s] -- Symlinking: /home/unitree/imes-g1/install/domain_bridge/share/domain_bridge/local_setup.dsv
[93.321s] -- Symlinking: /home/unitree/imes-g1/install/domain_bridge/share/domain_bridge/package.dsv
[93.337s] -- Symlinking: /home/unitree/imes-g1/install/domain_bridge/share/ament_index/resource_index/packages/domain_bridge
[93.357s] -- Symlinking: /home/unitree/imes-g1/install/domain_bridge/share/domain_bridge/cmake/rosidl_cmake-extras.cmake
[93.381s] -- Symlinking: /home/unitree/imes-g1/install/domain_bridge/share/domain_bridge/cmake/ament_cmake_export_dependencies-extras.cmake
[93.397s] -- Symlinking: /home/unitree/imes-g1/install/domain_bridge/share/domain_bridge/cmake/ament_cmake_export_libraries-extras.cmake
[93.424s] -- Symlinking: /home/unitree/imes-g1/install/domain_bridge/share/domain_bridge/cmake/ament_cmake_export_targets-extras.cmake
[93.441s] -- Symlinking: /home/unitree/imes-g1/install/domain_bridge/share/domain_bridge/cmake/ament_cmake_export_include_directories-extras.cmake
[93.465s] -- Symlinking: /home/unitree/imes-g1/install/domain_bridge/share/domain_bridge/cmake/rosidl_cmake_export_typesupport_libraries-extras.cmake
[93.481s] -- Symlinking: /home/unitree/imes-g1/install/domain_bridge/share/domain_bridge/cmake/rosidl_cmake_export_typesupport_targets-extras.cmake
[93.497s] -- Symlinking: /home/unitree/imes-g1/install/domain_bridge/share/domain_bridge/cmake/domain_bridgeConfig.cmake
[93.512s] -- Symlinking: /home/unitree/imes-g1/install/domain_bridge/share/domain_bridge/cmake/domain_bridgeConfig-version.cmake
[93.533s] -- Symlinking: /home/unitree/imes-g1/install/domain_bridge/share/domain_bridge/package.xml
[93.549s] -- Installing: /home/unitree/imes-g1/install/domain_bridge/lib/libdomain_bridge__rosidl_generator_c.so
[93.550s] -- Set runtime path of "/home/unitree/imes-g1/install/domain_bridge/lib/libdomain_bridge__rosidl_generator_c.so" to ""
[93.551s] -- Installing: /home/unitree/imes-g1/install/domain_bridge/lib/libdomain_bridge__rosidl_typesupport_introspection_c.so
[93.552s] -- Set runtime path of "/home/unitree/imes-g1/install/domain_bridge/lib/libdomain_bridge__rosidl_typesupport_introspection_c.so" to ""
[93.552s] -- Installing: /home/unitree/imes-g1/install/domain_bridge/lib/libdomain_bridge__rosidl_typesupport_c.so
[93.553s] -- Set runtime path of "/home/unitree/imes-g1/install/domain_bridge/lib/libdomain_bridge__rosidl_typesupport_c.so" to ""
[93.554s] -- Installing: /home/unitree/imes-g1/install/domain_bridge/lib/libdomain_bridge__rosidl_typesupport_introspection_cpp.so
[93.555s] -- Set runtime path of "/home/unitree/imes-g1/install/domain_bridge/lib/libdomain_bridge__rosidl_typesupport_introspection_cpp.so" to ""
[93.555s] -- Installing: /home/unitree/imes-g1/install/domain_bridge/lib/libdomain_bridge__rosidl_typesupport_cpp.so
[93.556s] -- Set runtime path of "/home/unitree/imes-g1/install/domain_bridge/lib/libdomain_bridge__rosidl_typesupport_cpp.so" to ""
[93.663s] Compiling '/home/unitree/imes-g1/install/domain_bridge/lib/python3.8/site-packages/domain_bridge/__init__.py'...
[93.678s] -- Installing: /home/unitree/imes-g1/install/domain_bridge/lib/libdomain_bridge.so
[93.681s] -- Set runtime path of "/home/unitree/imes-g1/install/domain_bridge/lib/libdomain_bridge.so" to ""
[93.681s] -- Installing: /home/unitree/imes-g1/install/domain_bridge/share/domain_bridge/cmake/domain_bridge__rosidl_generator_cExport.cmake
[93.682s] -- Installing: /home/unitree/imes-g1/install/domain_bridge/share/domain_bridge/cmake/domain_bridge__rosidl_generator_cExport-noconfig.cmake
[93.682s] -- Installing: /home/unitree/imes-g1/install/domain_bridge/share/domain_bridge/cmake/domain_bridge__rosidl_typesupport_introspection_cExport.cmake
[93.682s] -- Installing: /home/unitree/imes-g1/install/domain_bridge/share/domain_bridge/cmake/domain_bridge__rosidl_typesupport_introspection_cExport-noconfig.cmake
[93.682s] -- Installing: /home/unitree/imes-g1/install/domain_bridge/share/domain_bridge/cmake/domain_bridge__rosidl_typesupport_cExport.cmake
[93.682s] -- Installing: /home/unitree/imes-g1/install/domain_bridge/share/domain_bridge/cmake/domain_bridge__rosidl_typesupport_cExport-noconfig.cmake
[93.682s] -- Installing: /home/unitree/imes-g1/install/domain_bridge/share/domain_bridge/cmake/domain_bridge__rosidl_generator_cppExport.cmake
[93.683s] -- Installing: /home/unitree/imes-g1/install/domain_bridge/share/domain_bridge/cmake/domain_bridge__rosidl_typesupport_introspection_cppExport.cmake
[93.683s] -- Installing: /home/unitree/imes-g1/install/domain_bridge/share/domain_bridge/cmake/domain_bridge__rosidl_typesupport_introspection_cppExport-noconfig.cmake
[93.683s] -- Installing: /home/unitree/imes-g1/install/domain_bridge/share/domain_bridge/cmake/domain_bridge__rosidl_typesupport_cppExport.cmake
[93.683s] -- Installing: /home/unitree/imes-g1/install/domain_bridge/share/domain_bridge/cmake/domain_bridge__rosidl_typesupport_cppExport-noconfig.cmake
[93.684s] -- Installing: /home/unitree/imes-g1/install/domain_bridge/share/domain_bridge/cmake/export_domain_bridgeExport.cmake
[93.684s] -- Installing: /home/unitree/imes-g1/install/domain_bridge/share/domain_bridge/cmake/export_domain_bridgeExport-noconfig.cmake
[93.711s] Invoked command in '/home/unitree/imes-g1/build/domain_bridge' returned '0': CMAKE_PREFIX_PATH=${CMAKE_PREFIX_PATH}:/opt/ros/foxy /home/unitree/.local/bin/cmake --install /home/unitree/imes-g1/build/domain_bridge
