-- Install configuration: ""
-- Execute custom install script
-- Up-to-date symlink: /home/unitree/imes-g1/install/g1_moveit_29dof/share/ament_index/resource_index/package_run_dependencies/g1_moveit_29dof
-- Up-to-date symlink: /home/unitree/imes-g1/install/g1_moveit_29dof/share/ament_index/resource_index/parent_prefix_path/g1_moveit_29dof
-- Up-to-date symlink: /home/unitree/imes-g1/install/g1_moveit_29dof/share/g1_moveit_29dof/environment/ament_prefix_path.sh
-- Up-to-date symlink: /home/unitree/imes-g1/install/g1_moveit_29dof/share/g1_moveit_29dof/environment/ament_prefix_path.dsv
-- Up-to-date symlink: /home/unitree/imes-g1/install/g1_moveit_29dof/share/g1_moveit_29dof/environment/path.sh
-- Up-to-date symlink: /home/unitree/imes-g1/install/g1_moveit_29dof/share/g1_moveit_29dof/environment/path.dsv
-- Up-to-date symlink: /home/unitree/imes-g1/install/g1_moveit_29dof/share/g1_moveit_29dof/local_setup.bash
-- Up-to-date symlink: /home/unitree/imes-g1/install/g1_moveit_29dof/share/g1_moveit_29dof/local_setup.sh
-- Up-to-date symlink: /home/unitree/imes-g1/install/g1_moveit_29dof/share/g1_moveit_29dof/local_setup.zsh
-- Up-to-date symlink: /home/unitree/imes-g1/install/g1_moveit_29dof/share/g1_moveit_29dof/local_setup.dsv
-- Symlinking: /home/unitree/imes-g1/install/g1_moveit_29dof/share/g1_moveit_29dof/package.dsv
-- Up-to-date symlink: /home/unitree/imes-g1/install/g1_moveit_29dof/share/ament_index/resource_index/packages/g1_moveit_29dof
-- Up-to-date symlink: /home/unitree/imes-g1/install/g1_moveit_29dof/share/g1_moveit_29dof/cmake/g1_moveit_29dofConfig.cmake
-- Up-to-date symlink: /home/unitree/imes-g1/install/g1_moveit_29dof/share/g1_moveit_29dof/cmake/g1_moveit_29dofConfig-version.cmake
-- Up-to-date symlink: /home/unitree/imes-g1/install/g1_moveit_29dof/share/g1_moveit_29dof/package.xml
-- Up-to-date symlink: /home/unitree/imes-g1/install/g1_moveit_29dof/share/g1_moveit_29dof/config/g1_29.srdf
-- Up-to-date symlink: /home/unitree/imes-g1/install/g1_moveit_29dof/share/g1_moveit_29dof/config/initial_positions.yaml
-- Up-to-date symlink: /home/unitree/imes-g1/install/g1_moveit_29dof/share/g1_moveit_29dof/config/joint_limits.yaml
-- Up-to-date symlink: /home/unitree/imes-g1/install/g1_moveit_29dof/share/g1_moveit_29dof/config/kinematics.yaml
-- Up-to-date symlink: /home/unitree/imes-g1/install/g1_moveit_29dof/share/g1_moveit_29dof/config/moveit.rviz
-- Up-to-date symlink: /home/unitree/imes-g1/install/g1_moveit_29dof/share/g1_moveit_29dof/config/moveit_controllers.yaml
-- Up-to-date symlink: /home/unitree/imes-g1/install/g1_moveit_29dof/share/g1_moveit_29dof/config/moveit_teleop.rviz
-- Up-to-date symlink: /home/unitree/imes-g1/install/g1_moveit_29dof/share/g1_moveit_29dof/config/ompl_planning.yaml
-- Up-to-date symlink: /home/unitree/imes-g1/install/g1_moveit_29dof/share/g1_moveit_29dof/config/ros2_controllers.yaml
-- Up-to-date symlink: /home/unitree/imes-g1/install/g1_moveit_29dof/share/g1_moveit_29dof/launch/custom_moveit.launch.py
-- Up-to-date symlink: /home/unitree/imes-g1/install/g1_moveit_29dof/share/g1_moveit_29dof/launch/move_group.launch.py
-- Up-to-date symlink: /home/unitree/imes-g1/install/g1_moveit_29dof/share/g1_moveit_29dof/launch/moveit_fake.launch.py
-- Up-to-date symlink: /home/unitree/imes-g1/install/g1_moveit_29dof/share/g1_moveit_29dof/launch/moveit_gazebo.launch.py
-- Up-to-date symlink: /home/unitree/imes-g1/install/g1_moveit_29dof/share/g1_moveit_29dof/launch/moveit_rviz.launch.py
-- Up-to-date symlink: /home/unitree/imes-g1/install/g1_moveit_29dof/share/g1_moveit_29dof/launch/rsp.launch.py
-- Up-to-date symlink: /home/unitree/imes-g1/install/g1_moveit_29dof/share/g1_moveit_29dof/launch/spawn_controllers.launch.py
-- Up-to-date symlink: /home/unitree/imes-g1/install/g1_moveit_29dof/share/g1_moveit_29dof/launch/static_virtual_joint_tfs.launch.py
-- Up-to-date symlink: /home/unitree/imes-g1/install/g1_moveit_29dof/share/g1_moveit_29dof/launch/system_servo.launch.py
-- Up-to-date symlink: /home/unitree/imes-g1/install/g1_moveit_29dof/share/g1_moveit_29dof/launch/warehouse_db.launch.py
-- Up-to-date symlink: /home/unitree/imes-g1/install/g1_moveit_29dof/share/g1_moveit_29dof/config/g1_29.srdf
-- Up-to-date symlink: /home/unitree/imes-g1/install/g1_moveit_29dof/share/g1_moveit_29dof/config/initial_positions.yaml
-- Up-to-date symlink: /home/unitree/imes-g1/install/g1_moveit_29dof/share/g1_moveit_29dof/config/joint_limits.yaml
-- Up-to-date symlink: /home/unitree/imes-g1/install/g1_moveit_29dof/share/g1_moveit_29dof/config/kinematics.yaml
-- Up-to-date symlink: /home/unitree/imes-g1/install/g1_moveit_29dof/share/g1_moveit_29dof/config/moveit.rviz
-- Up-to-date symlink: /home/unitree/imes-g1/install/g1_moveit_29dof/share/g1_moveit_29dof/config/moveit_controllers.yaml
-- Up-to-date symlink: /home/unitree/imes-g1/install/g1_moveit_29dof/share/g1_moveit_29dof/config/moveit_teleop.rviz
-- Up-to-date symlink: /home/unitree/imes-g1/install/g1_moveit_29dof/share/g1_moveit_29dof/config/ompl_planning.yaml
-- Up-to-date symlink: /home/unitree/imes-g1/install/g1_moveit_29dof/share/g1_moveit_29dof/config/ros2_controllers.yaml
-- Up-to-date symlink: /home/unitree/imes-g1/install/g1_moveit_29dof/share/g1_moveit_29dof/.setup_assistant
