[0.116s] Invoking command in '/home/unitree/imes-g1/build/unitree_api': CMAKE_PREFIX_PATH=${CMAKE_PREFIX_PATH}:/opt/ros/foxy /home/unitree/.local/bin/cmake --build /home/unitree/imes-g1/build/unitree_api -- -j8 -l8
[0.232s] [  1%] Built target unitree_api__dds_connext_idl
[0.260s] [  2%] Built target unitree_api__cpp
[0.262s] [ 13%] Built target unitree_api__rosidl_generator_c
[0.316s] [ 25%] Built target unitree_api__rosidl_typesupport_fastrtps_cpp
[0.329s] [ 36%] Built target unitree_api__rosidl_typesupport_introspection_cpp
[0.341s] [ 47%] Built target unitree_api__rosidl_typesupport_cpp
[0.358s] [ 59%] Built target unitree_api__rosidl_typesupport_fastrtps_c
[0.367s] [ 70%] Built target unitree_api__rosidl_typesupport_introspection_c
[0.377s] [ 81%] Built target unitree_api__rosidl_typesupport_c
[0.395s] [ 81%] Built target unitree_api
[0.412s] [ 82%] Built target unitree_api__py
[0.435s] [ 93%] Built target unitree_api__python
[0.496s] [ 95%] Built target unitree_api__rosidl_typesupport_fastrtps_c__pyext
[0.497s] [ 97%] Built target unitree_api__rosidl_typesupport_c__pyext
[0.497s] [100%] Built target unitree_api__rosidl_typesupport_introspection_c__pyext
[0.644s] Invoked command in '/home/unitree/imes-g1/build/unitree_api' returned '0': CMAKE_PREFIX_PATH=${CMAKE_PREFIX_PATH}:/opt/ros/foxy /home/unitree/.local/bin/cmake --build /home/unitree/imes-g1/build/unitree_api -- -j8 -l8
[0.649s] Invoking command in '/home/unitree/imes-g1/build/unitree_api': CMAKE_PREFIX_PATH=${CMAKE_PREFIX_PATH}:/opt/ros/foxy /home/unitree/.local/bin/cmake --install /home/unitree/imes-g1/build/unitree_api
[0.701s] -- Install configuration: ""
[0.701s] -- Execute custom install script
[0.701s] -- Up-to-date symlink: /home/unitree/imes-g1/install/unitree_api/share/ament_index/resource_index/rosidl_interfaces/unitree_api
[0.701s] -- Up-to-date symlink: /home/unitree/imes-g1/install/unitree_api/include/unitree_api/msg/detail/request__functions.h
[0.701s] -- Up-to-date symlink: /home/unitree/imes-g1/install/unitree_api/include/unitree_api/msg/detail/request__struct.h
[0.701s] -- Up-to-date symlink: /home/unitree/imes-g1/install/unitree_api/include/unitree_api/msg/detail/request__type_support.h
[0.702s] -- Up-to-date symlink: /home/unitree/imes-g1/install/unitree_api/include/unitree_api/msg/detail/request_header__functions.h
[0.702s] -- Up-to-date symlink: /home/unitree/imes-g1/install/unitree_api/include/unitree_api/msg/detail/request_header__struct.h
[0.702s] -- Up-to-date symlink: /home/unitree/imes-g1/install/unitree_api/include/unitree_api/msg/detail/request_header__type_support.h
[0.702s] -- Up-to-date symlink: /home/unitree/imes-g1/install/unitree_api/include/unitree_api/msg/detail/request_identity__functions.h
[0.702s] -- Up-to-date symlink: /home/unitree/imes-g1/install/unitree_api/include/unitree_api/msg/detail/request_identity__struct.h
[0.703s] -- Up-to-date symlink: /home/unitree/imes-g1/install/unitree_api/include/unitree_api/msg/detail/request_identity__type_support.h
[0.703s] -- Up-to-date symlink: /home/unitree/imes-g1/install/unitree_api/include/unitree_api/msg/detail/request_lease__functions.h
[0.703s] -- Up-to-date symlink: /home/unitree/imes-g1/install/unitree_api/include/unitree_api/msg/detail/request_lease__struct.h
[0.703s] -- Up-to-date symlink: /home/unitree/imes-g1/install/unitree_api/include/unitree_api/msg/detail/request_lease__type_support.h
[0.703s] -- Up-to-date symlink: /home/unitree/imes-g1/install/unitree_api/include/unitree_api/msg/detail/request_policy__functions.h
[0.703s] -- Up-to-date symlink: /home/unitree/imes-g1/install/unitree_api/include/unitree_api/msg/detail/request_policy__struct.h
[0.704s] -- Up-to-date symlink: /home/unitree/imes-g1/install/unitree_api/include/unitree_api/msg/detail/request_policy__type_support.h
[0.704s] -- Up-to-date symlink: /home/unitree/imes-g1/install/unitree_api/include/unitree_api/msg/detail/response__functions.h
[0.704s] -- Up-to-date symlink: /home/unitree/imes-g1/install/unitree_api/include/unitree_api/msg/detail/response__struct.h
[0.704s] -- Up-to-date symlink: /home/unitree/imes-g1/install/unitree_api/include/unitree_api/msg/detail/response__type_support.h
[0.704s] -- Up-to-date symlink: /home/unitree/imes-g1/install/unitree_api/include/unitree_api/msg/detail/response_header__functions.h
[0.705s] -- Up-to-date symlink: /home/unitree/imes-g1/install/unitree_api/include/unitree_api/msg/detail/response_header__struct.h
[0.705s] -- Up-to-date symlink: /home/unitree/imes-g1/install/unitree_api/include/unitree_api/msg/detail/response_header__type_support.h
[0.705s] -- Up-to-date symlink: /home/unitree/imes-g1/install/unitree_api/include/unitree_api/msg/detail/response_status__functions.h
[0.705s] -- Up-to-date symlink: /home/unitree/imes-g1/install/unitree_api/include/unitree_api/msg/detail/response_status__struct.h
[0.705s] -- Up-to-date symlink: /home/unitree/imes-g1/install/unitree_api/include/unitree_api/msg/detail/response_status__type_support.h
[0.705s] -- Up-to-date symlink: /home/unitree/imes-g1/install/unitree_api/include/unitree_api/msg/request.h
[0.706s] -- Up-to-date symlink: /home/unitree/imes-g1/install/unitree_api/include/unitree_api/msg/request_header.h
[0.706s] -- Up-to-date symlink: /home/unitree/imes-g1/install/unitree_api/include/unitree_api/msg/request_identity.h
[0.706s] -- Up-to-date symlink: /home/unitree/imes-g1/install/unitree_api/include/unitree_api/msg/request_lease.h
[0.706s] -- Up-to-date symlink: /home/unitree/imes-g1/install/unitree_api/include/unitree_api/msg/request_policy.h
[0.706s] -- Up-to-date symlink: /home/unitree/imes-g1/install/unitree_api/include/unitree_api/msg/response.h
[0.706s] -- Up-to-date symlink: /home/unitree/imes-g1/install/unitree_api/include/unitree_api/msg/response_header.h
[0.707s] -- Up-to-date symlink: /home/unitree/imes-g1/install/unitree_api/include/unitree_api/msg/response_status.h
[0.707s] -- Up-to-date symlink: /home/unitree/imes-g1/install/unitree_api/include/unitree_api/msg/rosidl_generator_c__visibility_control.h
[0.707s] -- Up-to-date symlink: /home/unitree/imes-g1/install/unitree_api/share/unitree_api/environment/library_path.sh
[0.707s] -- Up-to-date symlink: /home/unitree/imes-g1/install/unitree_api/share/unitree_api/environment/library_path.dsv
[0.707s] -- Up-to-date symlink: /home/unitree/imes-g1/install/unitree_api/include/unitree_api/msg/detail/request__rosidl_typesupport_fastrtps_c.h
[0.708s] -- Up-to-date symlink: /home/unitree/imes-g1/install/unitree_api/include/unitree_api/msg/detail/request_header__rosidl_typesupport_fastrtps_c.h
[0.708s] -- Up-to-date symlink: /home/unitree/imes-g1/install/unitree_api/include/unitree_api/msg/detail/request_identity__rosidl_typesupport_fastrtps_c.h
[0.708s] -- Up-to-date symlink: /home/unitree/imes-g1/install/unitree_api/include/unitree_api/msg/detail/request_lease__rosidl_typesupport_fastrtps_c.h
[0.708s] -- Up-to-date symlink: /home/unitree/imes-g1/install/unitree_api/include/unitree_api/msg/detail/request_policy__rosidl_typesupport_fastrtps_c.h
[0.708s] -- Up-to-date symlink: /home/unitree/imes-g1/install/unitree_api/include/unitree_api/msg/detail/response__rosidl_typesupport_fastrtps_c.h
[0.708s] -- Up-to-date symlink: /home/unitree/imes-g1/install/unitree_api/include/unitree_api/msg/detail/response_header__rosidl_typesupport_fastrtps_c.h
[0.709s] -- Up-to-date symlink: /home/unitree/imes-g1/install/unitree_api/include/unitree_api/msg/detail/response_status__rosidl_typesupport_fastrtps_c.h
[0.709s] -- Up-to-date symlink: /home/unitree/imes-g1/install/unitree_api/include/unitree_api/msg/rosidl_typesupport_fastrtps_c__visibility_control.h
[0.709s] -- Up-to-date symlink: /home/unitree/imes-g1/install/unitree_api/lib/libunitree_api__rosidl_typesupport_fastrtps_c.so
[0.709s] -- Up-to-date symlink: /home/unitree/imes-g1/install/unitree_api/include/unitree_api/msg/detail/request__rosidl_typesupport_fastrtps_cpp.hpp
[0.709s] -- Up-to-date symlink: /home/unitree/imes-g1/install/unitree_api/include/unitree_api/msg/detail/request_header__rosidl_typesupport_fastrtps_cpp.hpp
[0.709s] -- Up-to-date symlink: /home/unitree/imes-g1/install/unitree_api/include/unitree_api/msg/detail/request_identity__rosidl_typesupport_fastrtps_cpp.hpp
[0.710s] -- Up-to-date symlink: /home/unitree/imes-g1/install/unitree_api/include/unitree_api/msg/detail/request_lease__rosidl_typesupport_fastrtps_cpp.hpp
[0.710s] -- Up-to-date symlink: /home/unitree/imes-g1/install/unitree_api/include/unitree_api/msg/detail/request_policy__rosidl_typesupport_fastrtps_cpp.hpp
[0.710s] -- Up-to-date symlink: /home/unitree/imes-g1/install/unitree_api/include/unitree_api/msg/detail/response__rosidl_typesupport_fastrtps_cpp.hpp
[0.710s] -- Up-to-date symlink: /home/unitree/imes-g1/install/unitree_api/include/unitree_api/msg/detail/response_header__rosidl_typesupport_fastrtps_cpp.hpp
[0.711s] -- Up-to-date symlink: /home/unitree/imes-g1/install/unitree_api/include/unitree_api/msg/detail/response_status__rosidl_typesupport_fastrtps_cpp.hpp
[0.711s] -- Up-to-date symlink: /home/unitree/imes-g1/install/unitree_api/include/unitree_api/msg/rosidl_typesupport_fastrtps_cpp__visibility_control.h
[0.711s] -- Up-to-date symlink: /home/unitree/imes-g1/install/unitree_api/lib/libunitree_api__rosidl_typesupport_fastrtps_cpp.so
[0.711s] -- Up-to-date symlink: /home/unitree/imes-g1/install/unitree_api/include/unitree_api/msg/detail/request__rosidl_typesupport_introspection_c.h
[0.712s] -- Up-to-date symlink: /home/unitree/imes-g1/install/unitree_api/include/unitree_api/msg/detail/request_header__rosidl_typesupport_introspection_c.h
[0.712s] -- Up-to-date symlink: /home/unitree/imes-g1/install/unitree_api/include/unitree_api/msg/detail/request_identity__rosidl_typesupport_introspection_c.h
[0.712s] -- Up-to-date symlink: /home/unitree/imes-g1/install/unitree_api/include/unitree_api/msg/detail/request_lease__rosidl_typesupport_introspection_c.h
[0.712s] -- Up-to-date symlink: /home/unitree/imes-g1/install/unitree_api/include/unitree_api/msg/detail/request_policy__rosidl_typesupport_introspection_c.h
[0.713s] -- Up-to-date symlink: /home/unitree/imes-g1/install/unitree_api/include/unitree_api/msg/detail/response__rosidl_typesupport_introspection_c.h
[0.713s] -- Up-to-date symlink: /home/unitree/imes-g1/install/unitree_api/include/unitree_api/msg/detail/response_header__rosidl_typesupport_introspection_c.h
[0.713s] -- Up-to-date symlink: /home/unitree/imes-g1/install/unitree_api/include/unitree_api/msg/detail/response_status__rosidl_typesupport_introspection_c.h
[0.713s] -- Up-to-date symlink: /home/unitree/imes-g1/install/unitree_api/include/unitree_api/msg/rosidl_typesupport_introspection_c__visibility_control.h
[0.714s] -- Up-to-date symlink: /home/unitree/imes-g1/install/unitree_api/include/unitree_api/msg/detail/request__builder.hpp
[0.714s] -- Up-to-date symlink: /home/unitree/imes-g1/install/unitree_api/include/unitree_api/msg/detail/request__struct.hpp
[0.714s] -- Up-to-date symlink: /home/unitree/imes-g1/install/unitree_api/include/unitree_api/msg/detail/request__traits.hpp
[0.714s] -- Up-to-date symlink: /home/unitree/imes-g1/install/unitree_api/include/unitree_api/msg/detail/request__type_support.hpp
[0.714s] -- Up-to-date symlink: /home/unitree/imes-g1/install/unitree_api/include/unitree_api/msg/detail/request_header__builder.hpp
[0.715s] -- Up-to-date symlink: /home/unitree/imes-g1/install/unitree_api/include/unitree_api/msg/detail/request_header__struct.hpp
[0.715s] -- Up-to-date symlink: /home/unitree/imes-g1/install/unitree_api/include/unitree_api/msg/detail/request_header__traits.hpp
[0.715s] -- Up-to-date symlink: /home/unitree/imes-g1/install/unitree_api/include/unitree_api/msg/detail/request_header__type_support.hpp
[0.715s] -- Up-to-date symlink: /home/unitree/imes-g1/install/unitree_api/include/unitree_api/msg/detail/request_identity__builder.hpp
[0.715s] -- Up-to-date symlink: /home/unitree/imes-g1/install/unitree_api/include/unitree_api/msg/detail/request_identity__struct.hpp
[0.716s] -- Up-to-date symlink: /home/unitree/imes-g1/install/unitree_api/include/unitree_api/msg/detail/request_identity__traits.hpp
[0.716s] -- Up-to-date symlink: /home/unitree/imes-g1/install/unitree_api/include/unitree_api/msg/detail/request_identity__type_support.hpp
[0.716s] -- Up-to-date symlink: /home/unitree/imes-g1/install/unitree_api/include/unitree_api/msg/detail/request_lease__builder.hpp
[0.716s] -- Up-to-date symlink: /home/unitree/imes-g1/install/unitree_api/include/unitree_api/msg/detail/request_lease__struct.hpp
[0.717s] -- Up-to-date symlink: /home/unitree/imes-g1/install/unitree_api/include/unitree_api/msg/detail/request_lease__traits.hpp
[0.717s] -- Up-to-date symlink: /home/unitree/imes-g1/install/unitree_api/include/unitree_api/msg/detail/request_lease__type_support.hpp
[0.717s] -- Up-to-date symlink: /home/unitree/imes-g1/install/unitree_api/include/unitree_api/msg/detail/request_policy__builder.hpp
[0.717s] -- Up-to-date symlink: /home/unitree/imes-g1/install/unitree_api/include/unitree_api/msg/detail/request_policy__struct.hpp
[0.717s] -- Up-to-date symlink: /home/unitree/imes-g1/install/unitree_api/include/unitree_api/msg/detail/request_policy__traits.hpp
[0.718s] -- Up-to-date symlink: /home/unitree/imes-g1/install/unitree_api/include/unitree_api/msg/detail/request_policy__type_support.hpp
[0.718s] -- Up-to-date symlink: /home/unitree/imes-g1/install/unitree_api/include/unitree_api/msg/detail/response__builder.hpp
[0.718s] -- Up-to-date symlink: /home/unitree/imes-g1/install/unitree_api/include/unitree_api/msg/detail/response__struct.hpp
[0.718s] -- Up-to-date symlink: /home/unitree/imes-g1/install/unitree_api/include/unitree_api/msg/detail/response__traits.hpp
[0.719s] -- Up-to-date symlink: /home/unitree/imes-g1/install/unitree_api/include/unitree_api/msg/detail/response__type_support.hpp
[0.719s] -- Up-to-date symlink: /home/unitree/imes-g1/install/unitree_api/include/unitree_api/msg/detail/response_header__builder.hpp
[0.719s] -- Up-to-date symlink: /home/unitree/imes-g1/install/unitree_api/include/unitree_api/msg/detail/response_header__struct.hpp
[0.719s] -- Up-to-date symlink: /home/unitree/imes-g1/install/unitree_api/include/unitree_api/msg/detail/response_header__traits.hpp
[0.723s] -- Up-to-date symlink: /home/unitree/imes-g1/install/unitree_api/include/unitree_api/msg/detail/response_header__type_support.hpp
[0.723s] -- Up-to-date symlink: /home/unitree/imes-g1/install/unitree_api/include/unitree_api/msg/detail/response_status__builder.hpp
[0.723s] -- Up-to-date symlink: /home/unitree/imes-g1/install/unitree_api/include/unitree_api/msg/detail/response_status__struct.hpp
[0.724s] -- Up-to-date symlink: /home/unitree/imes-g1/install/unitree_api/include/unitree_api/msg/detail/response_status__traits.hpp
[0.724s] -- Up-to-date symlink: /home/unitree/imes-g1/install/unitree_api/include/unitree_api/msg/detail/response_status__type_support.hpp
[0.724s] -- Up-to-date symlink: /home/unitree/imes-g1/install/unitree_api/include/unitree_api/msg/request.hpp
[0.724s] -- Up-to-date symlink: /home/unitree/imes-g1/install/unitree_api/include/unitree_api/msg/request_header.hpp
[0.724s] -- Up-to-date symlink: /home/unitree/imes-g1/install/unitree_api/include/unitree_api/msg/request_identity.hpp
[0.725s] -- Up-to-date symlink: /home/unitree/imes-g1/install/unitree_api/include/unitree_api/msg/request_lease.hpp
[0.725s] -- Up-to-date symlink: /home/unitree/imes-g1/install/unitree_api/include/unitree_api/msg/request_policy.hpp
[0.725s] -- Up-to-date symlink: /home/unitree/imes-g1/install/unitree_api/include/unitree_api/msg/response.hpp
[0.725s] -- Up-to-date symlink: /home/unitree/imes-g1/install/unitree_api/include/unitree_api/msg/response_header.hpp
[0.725s] -- Up-to-date symlink: /home/unitree/imes-g1/install/unitree_api/include/unitree_api/msg/response_status.hpp
[0.725s] -- Up-to-date symlink: /home/unitree/imes-g1/install/unitree_api/include/unitree_api/msg/rosidl_generator_cpp__visibility_control.hpp
[0.725s] -- Up-to-date symlink: /home/unitree/imes-g1/install/unitree_api/include/unitree_api/msg/detail/request__rosidl_typesupport_introspection_cpp.hpp
[0.725s] -- Up-to-date symlink: /home/unitree/imes-g1/install/unitree_api/include/unitree_api/msg/detail/request_header__rosidl_typesupport_introspection_cpp.hpp
[0.726s] -- Up-to-date symlink: /home/unitree/imes-g1/install/unitree_api/include/unitree_api/msg/detail/request_identity__rosidl_typesupport_introspection_cpp.hpp
[0.726s] -- Up-to-date symlink: /home/unitree/imes-g1/install/unitree_api/include/unitree_api/msg/detail/request_lease__rosidl_typesupport_introspection_cpp.hpp
[0.726s] -- Up-to-date symlink: /home/unitree/imes-g1/install/unitree_api/include/unitree_api/msg/detail/request_policy__rosidl_typesupport_introspection_cpp.hpp
[0.726s] -- Up-to-date symlink: /home/unitree/imes-g1/install/unitree_api/include/unitree_api/msg/detail/response__rosidl_typesupport_introspection_cpp.hpp
[0.726s] -- Up-to-date symlink: /home/unitree/imes-g1/install/unitree_api/include/unitree_api/msg/detail/response_header__rosidl_typesupport_introspection_cpp.hpp
[0.726s] -- Up-to-date symlink: /home/unitree/imes-g1/install/unitree_api/include/unitree_api/msg/detail/response_status__rosidl_typesupport_introspection_cpp.hpp
[0.726s] -- Up-to-date symlink: /home/unitree/imes-g1/install/unitree_api/share/unitree_api/environment/pythonpath.sh
[0.726s] -- Up-to-date symlink: /home/unitree/imes-g1/install/unitree_api/share/unitree_api/environment/pythonpath.dsv
[0.727s] -- Up-to-date symlink: /home/unitree/imes-g1/install/unitree_api/lib/python3.8/site-packages/unitree_api/__init__.py
[0.727s] -- Up-to-date symlink: /home/unitree/imes-g1/install/unitree_api/lib/python3.8/site-packages/unitree_api/msg/__init__.py
[0.727s] -- Up-to-date symlink: /home/unitree/imes-g1/install/unitree_api/lib/python3.8/site-packages/unitree_api/msg/_request.py
[0.727s] -- Up-to-date symlink: /home/unitree/imes-g1/install/unitree_api/lib/python3.8/site-packages/unitree_api/msg/_request_header.py
[0.727s] -- Up-to-date symlink: /home/unitree/imes-g1/install/unitree_api/lib/python3.8/site-packages/unitree_api/msg/_request_identity.py
[0.727s] -- Up-to-date symlink: /home/unitree/imes-g1/install/unitree_api/lib/python3.8/site-packages/unitree_api/msg/_request_lease.py
[0.727s] -- Up-to-date symlink: /home/unitree/imes-g1/install/unitree_api/lib/python3.8/site-packages/unitree_api/msg/_request_policy.py
[0.727s] -- Up-to-date symlink: /home/unitree/imes-g1/install/unitree_api/lib/python3.8/site-packages/unitree_api/msg/_response.py
[0.728s] -- Up-to-date symlink: /home/unitree/imes-g1/install/unitree_api/lib/python3.8/site-packages/unitree_api/msg/_response_header.py
[0.728s] -- Up-to-date symlink: /home/unitree/imes-g1/install/unitree_api/lib/python3.8/site-packages/unitree_api/msg/_response_status.py
[0.728s] -- Up-to-date symlink: /home/unitree/imes-g1/install/unitree_api/lib/python3.8/site-packages/unitree_api/unitree_api_s__rosidl_typesupport_fastrtps_c.cpython-38-aarch64-linux-gnu.so
[0.728s] -- Up-to-date symlink: /home/unitree/imes-g1/install/unitree_api/lib/python3.8/site-packages/unitree_api/unitree_api_s__rosidl_typesupport_introspection_c.cpython-38-aarch64-linux-gnu.so
[0.728s] -- Up-to-date symlink: /home/unitree/imes-g1/install/unitree_api/lib/python3.8/site-packages/unitree_api/unitree_api_s__rosidl_typesupport_c.cpython-38-aarch64-linux-gnu.so
[0.728s] -- Up-to-date symlink: /home/unitree/imes-g1/install/unitree_api/lib/libunitree_api__python.so
[0.728s] -- Up-to-date symlink: /home/unitree/imes-g1/install/unitree_api/share/unitree_api/msg/Request.idl
[0.728s] -- Up-to-date symlink: /home/unitree/imes-g1/install/unitree_api/share/unitree_api/msg/RequestHeader.idl
[0.729s] -- Up-to-date symlink: /home/unitree/imes-g1/install/unitree_api/share/unitree_api/msg/RequestIdentity.idl
[0.729s] -- Up-to-date symlink: /home/unitree/imes-g1/install/unitree_api/share/unitree_api/msg/RequestLease.idl
[0.729s] -- Up-to-date symlink: /home/unitree/imes-g1/install/unitree_api/share/unitree_api/msg/RequestPolicy.idl
[0.729s] -- Up-to-date symlink: /home/unitree/imes-g1/install/unitree_api/share/unitree_api/msg/Response.idl
[0.729s] -- Up-to-date symlink: /home/unitree/imes-g1/install/unitree_api/share/unitree_api/msg/ResponseHeader.idl
[0.730s] -- Up-to-date symlink: /home/unitree/imes-g1/install/unitree_api/share/unitree_api/msg/ResponseStatus.idl
[0.731s] -- Up-to-date symlink: /home/unitree/imes-g1/install/unitree_api/share/unitree_api/msg/Request.msg
[0.731s] -- Up-to-date symlink: /home/unitree/imes-g1/install/unitree_api/share/unitree_api/msg/RequestHeader.msg
[0.733s] -- Up-to-date symlink: /home/unitree/imes-g1/install/unitree_api/share/unitree_api/msg/RequestIdentity.msg
[0.738s] -- Up-to-date symlink: /home/unitree/imes-g1/install/unitree_api/share/unitree_api/msg/RequestLease.msg
[0.739s] -- Up-to-date symlink: /home/unitree/imes-g1/install/unitree_api/share/unitree_api/msg/RequestPolicy.msg
[0.739s] -- Up-to-date symlink: /home/unitree/imes-g1/install/unitree_api/share/unitree_api/msg/Response.msg
[0.739s] -- Up-to-date symlink: /home/unitree/imes-g1/install/unitree_api/share/unitree_api/msg/ResponseHeader.msg
[0.739s] -- Up-to-date symlink: /home/unitree/imes-g1/install/unitree_api/share/unitree_api/msg/ResponseStatus.msg
[0.739s] -- Up-to-date symlink: /home/unitree/imes-g1/install/unitree_api/share/unitree_api/msg/dds_connext/RequestHeader_.idl
[0.739s] -- Up-to-date symlink: /home/unitree/imes-g1/install/unitree_api/share/unitree_api/msg/dds_connext/RequestIdentity_.idl
[0.739s] -- Up-to-date symlink: /home/unitree/imes-g1/install/unitree_api/share/unitree_api/msg/dds_connext/RequestLease_.idl
[0.739s] -- Up-to-date symlink: /home/unitree/imes-g1/install/unitree_api/share/unitree_api/msg/dds_connext/RequestPolicy_.idl
[0.739s] -- Up-to-date symlink: /home/unitree/imes-g1/install/unitree_api/share/unitree_api/msg/dds_connext/Request_.idl
[0.740s] -- Up-to-date symlink: /home/unitree/imes-g1/install/unitree_api/share/unitree_api/msg/dds_connext/ResponseHeader_.idl
[0.740s] -- Up-to-date symlink: /home/unitree/imes-g1/install/unitree_api/share/unitree_api/msg/dds_connext/ResponseStatus_.idl
[0.740s] -- Up-to-date symlink: /home/unitree/imes-g1/install/unitree_api/share/unitree_api/msg/dds_connext/Response_.idl
[0.740s] -- Up-to-date symlink: /home/unitree/imes-g1/install/unitree_api/share/ament_index/resource_index/package_run_dependencies/unitree_api
[0.740s] -- Up-to-date symlink: /home/unitree/imes-g1/install/unitree_api/share/ament_index/resource_index/parent_prefix_path/unitree_api
[0.740s] -- Up-to-date symlink: /home/unitree/imes-g1/install/unitree_api/share/unitree_api/environment/ament_prefix_path.sh
[0.740s] -- Up-to-date symlink: /home/unitree/imes-g1/install/unitree_api/share/unitree_api/environment/ament_prefix_path.dsv
[0.740s] -- Up-to-date symlink: /home/unitree/imes-g1/install/unitree_api/share/unitree_api/environment/path.sh
[0.740s] -- Up-to-date symlink: /home/unitree/imes-g1/install/unitree_api/share/unitree_api/environment/path.dsv
[0.741s] -- Up-to-date symlink: /home/unitree/imes-g1/install/unitree_api/share/unitree_api/local_setup.bash
[0.741s] -- Up-to-date symlink: /home/unitree/imes-g1/install/unitree_api/share/unitree_api/local_setup.sh
[0.741s] -- Up-to-date symlink: /home/unitree/imes-g1/install/unitree_api/share/unitree_api/local_setup.zsh
[0.742s] -- Up-to-date symlink: /home/unitree/imes-g1/install/unitree_api/share/unitree_api/local_setup.dsv
[0.743s] -- Symlinking: /home/unitree/imes-g1/install/unitree_api/share/unitree_api/package.dsv
[0.743s] -- Up-to-date symlink: /home/unitree/imes-g1/install/unitree_api/share/ament_index/resource_index/packages/unitree_api
[0.744s] -- Up-to-date symlink: /home/unitree/imes-g1/install/unitree_api/share/unitree_api/cmake/rosidl_cmake-extras.cmake
[0.744s] -- Up-to-date symlink: /home/unitree/imes-g1/install/unitree_api/share/unitree_api/cmake/ament_cmake_export_dependencies-extras.cmake
[0.744s] -- Up-to-date symlink: /home/unitree/imes-g1/install/unitree_api/share/unitree_api/cmake/ament_cmake_export_libraries-extras.cmake
[0.744s] -- Up-to-date symlink: /home/unitree/imes-g1/install/unitree_api/share/unitree_api/cmake/ament_cmake_export_targets-extras.cmake
[0.744s] -- Up-to-date symlink: /home/unitree/imes-g1/install/unitree_api/share/unitree_api/cmake/ament_cmake_export_include_directories-extras.cmake
[0.745s] -- Up-to-date symlink: /home/unitree/imes-g1/install/unitree_api/share/unitree_api/cmake/rosidl_cmake_export_typesupport_libraries-extras.cmake
[0.745s] -- Up-to-date symlink: /home/unitree/imes-g1/install/unitree_api/share/unitree_api/cmake/rosidl_cmake_export_typesupport_targets-extras.cmake
[0.745s] -- Up-to-date symlink: /home/unitree/imes-g1/install/unitree_api/share/unitree_api/cmake/unitree_apiConfig.cmake
[0.745s] -- Up-to-date symlink: /home/unitree/imes-g1/install/unitree_api/share/unitree_api/cmake/unitree_apiConfig-version.cmake
[0.745s] -- Up-to-date symlink: /home/unitree/imes-g1/install/unitree_api/share/unitree_api/package.xml
[0.745s] -- Up-to-date: /home/unitree/imes-g1/install/unitree_api/lib/libunitree_api__rosidl_generator_c.so
[0.746s] -- Up-to-date: /home/unitree/imes-g1/install/unitree_api/lib/libunitree_api__rosidl_typesupport_introspection_c.so
[0.746s] -- Up-to-date: /home/unitree/imes-g1/install/unitree_api/lib/libunitree_api__rosidl_typesupport_c.so
[0.746s] -- Up-to-date: /home/unitree/imes-g1/install/unitree_api/lib/libunitree_api__rosidl_typesupport_introspection_cpp.so
[0.746s] -- Up-to-date: /home/unitree/imes-g1/install/unitree_api/lib/libunitree_api__rosidl_typesupport_cpp.so
[0.803s] -- Up-to-date: /home/unitree/imes-g1/install/unitree_api/share/unitree_api/cmake/unitree_api__rosidl_generator_cExport.cmake
[0.803s] -- Up-to-date: /home/unitree/imes-g1/install/unitree_api/share/unitree_api/cmake/unitree_api__rosidl_generator_cExport-noconfig.cmake
[0.804s] -- Up-to-date: /home/unitree/imes-g1/install/unitree_api/share/unitree_api/cmake/unitree_api__rosidl_typesupport_introspection_cExport.cmake
[0.804s] -- Up-to-date: /home/unitree/imes-g1/install/unitree_api/share/unitree_api/cmake/unitree_api__rosidl_typesupport_introspection_cExport-noconfig.cmake
[0.805s] -- Up-to-date: /home/unitree/imes-g1/install/unitree_api/share/unitree_api/cmake/unitree_api__rosidl_typesupport_cExport.cmake
[0.805s] -- Up-to-date: /home/unitree/imes-g1/install/unitree_api/share/unitree_api/cmake/unitree_api__rosidl_typesupport_cExport-noconfig.cmake
[0.806s] -- Up-to-date: /home/unitree/imes-g1/install/unitree_api/share/unitree_api/cmake/unitree_api__rosidl_generator_cppExport.cmake
[0.806s] -- Up-to-date: /home/unitree/imes-g1/install/unitree_api/share/unitree_api/cmake/unitree_api__rosidl_typesupport_introspection_cppExport.cmake
[0.807s] -- Up-to-date: /home/unitree/imes-g1/install/unitree_api/share/unitree_api/cmake/unitree_api__rosidl_typesupport_introspection_cppExport-noconfig.cmake
[0.807s] -- Up-to-date: /home/unitree/imes-g1/install/unitree_api/share/unitree_api/cmake/unitree_api__rosidl_typesupport_cppExport.cmake
[0.807s] -- Up-to-date: /home/unitree/imes-g1/install/unitree_api/share/unitree_api/cmake/unitree_api__rosidl_typesupport_cppExport-noconfig.cmake
[1.013s] Invoked command in '/home/unitree/imes-g1/build/unitree_api' returned '0': CMAKE_PREFIX_PATH=${CMAKE_PREFIX_PATH}:/opt/ros/foxy /home/unitree/.local/bin/cmake --install /home/unitree/imes-g1/build/unitree_api
