-- Found ament_cmake: 0.9.12 (/opt/ros/foxy/share/ament_cmake/cmake)
-- Using PYTHON_EXECUTABLE: /usr/bin/python3
-- Override CMake install command with custom implementation using symlinks instead of copying resources
-- Found geometry_msgs: 2.0.5 (/opt/ros/foxy/share/geometry_msgs/cmake)
-- Using all available rosidl_typesupport_c: rosidl_typesupport_fastrtps_c;rosidl_typesupport_introspection_c
-- Found rosidl_adapter: 1.3.1 (/opt/ros/foxy/share/rosidl_adapter/cmake)
-- Using all available rosidl_typesupport_cpp: rosidl_typesupport_fastrtps_cpp;rosidl_typesupport_introspection_cpp
-- Found nav_msgs: 2.0.5 (/opt/ros/foxy/share/nav_msgs/cmake)
-- Found rclcpp: 2.4.3 (/opt/ros/foxy/share/rclcpp/cmake)
-- Found rmw_implementation_cmake: 1.0.4 (/opt/ros/foxy/share/rmw_implementation_cmake/cmake)
-- Using RMW implementation 'rmw_cyclonedds_cpp' as default
-- Found rclcpp_components: 2.4.3 (/opt/ros/foxy/share/rclcpp_components/cmake)
-- Found sensor_msgs: 2.0.5 (/opt/ros/foxy/share/sensor_msgs/cmake)
-- Found tf2_ros: 0.13.14 (/opt/ros/foxy/share/tf2_ros/cmake)
-- Configuring done
-- Generating done
-- Build files have been written to: /home/unitree/imes-g1/build/kiss_icp
[35m[1mConsolidate compiler generated dependencies of target kiss_icp_metrics[0m
[35m[1mConsolidate compiler generated dependencies of target kiss_icp_node[0m
[35m[1mConsolidate compiler generated dependencies of target kiss_icp_core[0m
[ 28%] Built target kiss_icp_metrics
[ 28%] Built target kiss_icp_node
[ 71%] Built target kiss_icp_core
[35m[1mConsolidate compiler generated dependencies of target kiss_icp_pipeline[0m
[ 85%] Built target kiss_icp_pipeline
[35m[1mConsolidate compiler generated dependencies of target odometry_component[0m
[100%] Built target odometry_component
-- Install configuration: "Release"
-- Execute custom install script
-- Up-to-date symlink: /home/unitree/imes-g1/install/kiss_icp/lib/kiss_icp/kiss_icp_node
-- Up-to-date symlink: /home/unitree/imes-g1/install/kiss_icp/lib/libodometry_component.so
-- Up-to-date symlink: /home/unitree/imes-g1/install/kiss_icp/share/kiss_icp//launch/odometry.launch.py
-- Up-to-date symlink: /home/unitree/imes-g1/install/kiss_icp/share/kiss_icp//rviz/kiss_icp.rviz
-- Up-to-date symlink: /home/unitree/imes-g1/install/kiss_icp/share/kiss_icp//config/config.yaml
-- Up-to-date symlink: /home/unitree/imes-g1/install/kiss_icp/share/ament_index/resource_index/package_run_dependencies/kiss_icp
-- Up-to-date symlink: /home/unitree/imes-g1/install/kiss_icp/share/ament_index/resource_index/parent_prefix_path/kiss_icp
-- Up-to-date symlink: /home/unitree/imes-g1/install/kiss_icp/share/kiss_icp/environment/ament_prefix_path.sh
-- Up-to-date symlink: /home/unitree/imes-g1/install/kiss_icp/share/kiss_icp/environment/ament_prefix_path.dsv
-- Up-to-date symlink: /home/unitree/imes-g1/install/kiss_icp/share/kiss_icp/environment/path.sh
-- Up-to-date symlink: /home/unitree/imes-g1/install/kiss_icp/share/kiss_icp/environment/path.dsv
-- Up-to-date symlink: /home/unitree/imes-g1/install/kiss_icp/share/kiss_icp/local_setup.bash
-- Up-to-date symlink: /home/unitree/imes-g1/install/kiss_icp/share/kiss_icp/local_setup.sh
-- Up-to-date symlink: /home/unitree/imes-g1/install/kiss_icp/share/kiss_icp/local_setup.zsh
-- Up-to-date symlink: /home/unitree/imes-g1/install/kiss_icp/share/kiss_icp/local_setup.dsv
-- Symlinking: /home/unitree/imes-g1/install/kiss_icp/share/kiss_icp/package.dsv
-- Up-to-date symlink: /home/unitree/imes-g1/install/kiss_icp/share/ament_index/resource_index/packages/kiss_icp
-- Up-to-date symlink: /home/unitree/imes-g1/install/kiss_icp/share/ament_index/resource_index/rclcpp_components/kiss_icp
-- Up-to-date symlink: /home/unitree/imes-g1/install/kiss_icp/share/kiss_icp/cmake/kiss_icpConfig.cmake
-- Up-to-date symlink: /home/unitree/imes-g1/install/kiss_icp/share/kiss_icp/cmake/kiss_icpConfig-version.cmake
-- Up-to-date symlink: /home/unitree/imes-g1/install/kiss_icp/share/kiss_icp/package.xml
