[0.159s] Invoking command in '/home/unitree/imes-g1/build/kiss_icp': CMAKE_PREFIX_PATH=${CMAKE_PREFIX_PATH}:/opt/ros/foxy /home/unitree/.local/bin/cmake /home/unitree/imes-g1/src/third_party/tools/28Aug2025_kiss-icp/ros -DCMAKE_INSTALL_PREFIX=/home/unitree/imes-g1/install/kiss_icp
[0.533s] -- Found ament_cmake: 0.9.12 (/opt/ros/foxy/share/ament_cmake/cmake)
[0.593s] -- Using PYTHON_EXECUTABLE: /usr/bin/python3
[1.006s] -- Override CMake install command with custom implementation using symlinks instead of copying resources
[1.019s] -- Found geometry_msgs: 2.0.5 (/opt/ros/foxy/share/geometry_msgs/cmake)
[1.056s] -- Using all available rosidl_typesupport_c: rosidl_typesupport_fastrtps_c;rosidl_typesupport_introspection_c
[1.062s] -- Found rosidl_adapter: 1.3.1 (/opt/ros/foxy/share/rosidl_adapter/cmake)
[1.287s] -- Using all available rosidl_typesupport_cpp: rosidl_typesupport_fastrtps_cpp;rosidl_typesupport_introspection_cpp
[1.407s] -- Found nav_msgs: 2.0.5 (/opt/ros/foxy/share/nav_msgs/cmake)
[1.510s] -- Found rclcpp: 2.4.3 (/opt/ros/foxy/share/rclcpp/cmake)
[1.564s] -- Found rmw_implementation_cmake: 1.0.4 (/opt/ros/foxy/share/rmw_implementation_cmake/cmake)
[1.567s] -- Using RMW implementation 'rmw_cyclonedds_cpp' as default
[1.761s] -- Found rclcpp_components: 2.4.3 (/opt/ros/foxy/share/rclcpp_components/cmake)
[1.842s] -- Found sensor_msgs: 2.0.5 (/opt/ros/foxy/share/sensor_msgs/cmake)
[1.948s] -- Found tf2_ros: 0.13.14 (/opt/ros/foxy/share/tf2_ros/cmake)
[2.501s] -- Configuring done
[2.558s] -- Generating done
[2.574s] -- Build files have been written to: /home/unitree/imes-g1/build/kiss_icp
[2.607s] Invoked command in '/home/unitree/imes-g1/build/kiss_icp' returned '0': CMAKE_PREFIX_PATH=${CMAKE_PREFIX_PATH}:/opt/ros/foxy /home/unitree/.local/bin/cmake /home/unitree/imes-g1/src/third_party/tools/28Aug2025_kiss-icp/ros -DCMAKE_INSTALL_PREFIX=/home/unitree/imes-g1/install/kiss_icp
[2.613s] Invoking command in '/home/unitree/imes-g1/build/kiss_icp': CMAKE_PREFIX_PATH=${CMAKE_PREFIX_PATH}:/opt/ros/foxy /home/unitree/.local/bin/cmake --build /home/unitree/imes-g1/build/kiss_icp -- -j8 -l8
[2.699s] [35m[1mConsolidate compiler generated dependencies of target kiss_icp_metrics[0m
[2.699s] [35m[1mConsolidate compiler generated dependencies of target kiss_icp_node[0m
[2.702s] [35m[1mConsolidate compiler generated dependencies of target kiss_icp_core[0m
[2.716s] [ 28%] Built target kiss_icp_metrics
[2.717s] [ 28%] Built target kiss_icp_node
[2.725s] [ 71%] Built target kiss_icp_core
[2.733s] [35m[1mConsolidate compiler generated dependencies of target kiss_icp_pipeline[0m
[2.747s] [ 85%] Built target kiss_icp_pipeline
[2.756s] [35m[1mConsolidate compiler generated dependencies of target odometry_component[0m
[2.780s] [100%] Built target odometry_component
[2.798s] Invoked command in '/home/unitree/imes-g1/build/kiss_icp' returned '0': CMAKE_PREFIX_PATH=${CMAKE_PREFIX_PATH}:/opt/ros/foxy /home/unitree/.local/bin/cmake --build /home/unitree/imes-g1/build/kiss_icp -- -j8 -l8
[2.801s] Invoking command in '/home/unitree/imes-g1/build/kiss_icp': CMAKE_PREFIX_PATH=${CMAKE_PREFIX_PATH}:/opt/ros/foxy /home/unitree/.local/bin/cmake --install /home/unitree/imes-g1/build/kiss_icp
[2.863s] -- Install configuration: "Release"
[2.864s] -- Execute custom install script
[2.865s] -- Up-to-date symlink: /home/unitree/imes-g1/install/kiss_icp/lib/kiss_icp/kiss_icp_node
[2.865s] -- Up-to-date symlink: /home/unitree/imes-g1/install/kiss_icp/lib/libodometry_component.so
[2.866s] -- Up-to-date symlink: /home/unitree/imes-g1/install/kiss_icp/share/kiss_icp//launch/odometry.launch.py
[2.867s] -- Up-to-date symlink: /home/unitree/imes-g1/install/kiss_icp/share/kiss_icp//rviz/kiss_icp.rviz
[2.867s] -- Up-to-date symlink: /home/unitree/imes-g1/install/kiss_icp/share/kiss_icp//config/config.yaml
[2.868s] -- Up-to-date symlink: /home/unitree/imes-g1/install/kiss_icp/share/ament_index/resource_index/package_run_dependencies/kiss_icp
[2.868s] -- Up-to-date symlink: /home/unitree/imes-g1/install/kiss_icp/share/ament_index/resource_index/parent_prefix_path/kiss_icp
[2.868s] -- Up-to-date symlink: /home/unitree/imes-g1/install/kiss_icp/share/kiss_icp/environment/ament_prefix_path.sh
[2.869s] -- Up-to-date symlink: /home/unitree/imes-g1/install/kiss_icp/share/kiss_icp/environment/ament_prefix_path.dsv
[2.869s] -- Up-to-date symlink: /home/unitree/imes-g1/install/kiss_icp/share/kiss_icp/environment/path.sh
[2.869s] -- Up-to-date symlink: /home/unitree/imes-g1/install/kiss_icp/share/kiss_icp/environment/path.dsv
[2.870s] -- Up-to-date symlink: /home/unitree/imes-g1/install/kiss_icp/share/kiss_icp/local_setup.bash
[2.870s] -- Up-to-date symlink: /home/unitree/imes-g1/install/kiss_icp/share/kiss_icp/local_setup.sh
[2.870s] -- Up-to-date symlink: /home/unitree/imes-g1/install/kiss_icp/share/kiss_icp/local_setup.zsh
[2.870s] -- Up-to-date symlink: /home/unitree/imes-g1/install/kiss_icp/share/kiss_icp/local_setup.dsv
[2.871s] -- Symlinking: /home/unitree/imes-g1/install/kiss_icp/share/kiss_icp/package.dsv
[2.876s] -- Up-to-date symlink: /home/unitree/imes-g1/install/kiss_icp/share/ament_index/resource_index/packages/kiss_icp
[2.876s] -- Up-to-date symlink: /home/unitree/imes-g1/install/kiss_icp/share/ament_index/resource_index/rclcpp_components/kiss_icp
[2.876s] -- Up-to-date symlink: /home/unitree/imes-g1/install/kiss_icp/share/kiss_icp/cmake/kiss_icpConfig.cmake
[2.876s] -- Up-to-date symlink: /home/unitree/imes-g1/install/kiss_icp/share/kiss_icp/cmake/kiss_icpConfig-version.cmake
[2.877s] -- Up-to-date symlink: /home/unitree/imes-g1/install/kiss_icp/share/kiss_icp/package.xml
[2.889s] Invoked command in '/home/unitree/imes-g1/build/kiss_icp' returned '0': CMAKE_PREFIX_PATH=${CMAKE_PREFIX_PATH}:/opt/ros/foxy /home/unitree/.local/bin/cmake --install /home/unitree/imes-g1/build/kiss_icp
