[0.100s] Invoking command in '/home/unitree/imes-g1/build/g1_interface': CMAKE_PREFIX_PATH=${CMAKE_PREFIX_PATH}:/opt/ros/foxy /home/unitree/.local/bin/cmake /home/unitree/imes-g1/src/ros/g1_interface -DAMENT_CMAKE_SYMLINK_INSTALL=1 -DCMAKE_INSTALL_PREFIX=/home/unitree/imes-g1/install/g1_interface
[0.252s] -- The C compiler identification is GNU 9.4.0
[0.362s] -- The CXX compiler identification is GNU 9.4.0
[0.382s] -- Detecting C compiler ABI info
[0.494s] -- Detecting C compiler ABI info - done
[0.510s] -- Check for working C compiler: /usr/bin/cc - skipped
[0.511s] -- Detecting C compile features
[0.513s] -- Detecting C compile features - done
[0.521s] -- Detecting CXX compiler ABI info
[0.644s] -- Detecting CXX compiler ABI info - done
[0.659s] -- Check for working CXX compiler: /usr/bin/c++ - skipped
[0.659s] -- Detecting CXX compile features
[0.661s] -- Detecting CXX compile features - done
[0.669s] -- Found ament_cmake: 0.9.12 (/opt/ros/foxy/share/ament_cmake/cmake)
[0.728s] -- Found PythonInterp: /usr/bin/python3 (found suitable version "3.8.10", minimum required is "3") 
[0.728s] -- Using PYTHON_EXECUTABLE: /usr/bin/python3
[1.155s] -- Override CMake install command with custom implementation using symlinks instead of copying resources
[1.205s] -- Found std_srvs: 2.0.5 (/opt/ros/foxy/share/std_srvs/cmake)
[1.256s] -- Using all available rosidl_typesupport_c: rosidl_typesupport_fastrtps_c;rosidl_typesupport_introspection_c
[1.270s] -- Found rosidl_adapter: 1.3.1 (/opt/ros/foxy/share/rosidl_adapter/cmake)
[1.444s] -- Found OpenSSL: /usr/lib/aarch64-linux-gnu/libcrypto.so (found version "1.1.1f")  
[1.511s] -- Found FastRTPS: /opt/ros/foxy/include  
[1.666s] -- Using all available rosidl_typesupport_cpp: rosidl_typesupport_fastrtps_cpp;rosidl_typesupport_introspection_cpp
[1.725s] -- Found rosidl_default_generators: 1.0.1 (/opt/ros/foxy/share/rosidl_default_generators/cmake)
[1.793s] -- Found PythonInterp: /usr/bin/python3 (found version "3.8.10") 
[2.066s] -- Found ament_cmake_ros: 0.9.2 (/opt/ros/foxy/share/ament_cmake_ros/cmake)
[2.282s] -- Using all available rosidl_typesupport_c: rosidl_typesupport_fastrtps_c;rosidl_typesupport_introspection_c
[2.299s] -- Using all available rosidl_typesupport_cpp: rosidl_typesupport_fastrtps_cpp;rosidl_typesupport_introspection_cpp
[2.355s] -- Found PythonInterp: /usr/bin/python3 (found suitable version "3.8.10", minimum required is "3.5") 
[2.355s] -- Found python_cmake_module: 0.8.1 (/opt/ros/foxy/share/python_cmake_module/cmake)
[2.426s] -- Found PythonLibs: /usr/lib/aarch64-linux-gnu/libpython3.8.so (found suitable version "3.8.10", minimum required is "3.5") 
[2.427s] -- Using PYTHON_EXECUTABLE: /usr/bin/python3
[2.427s] -- Using PYTHON_INCLUDE_DIRS: /usr/include/python3.8
[2.427s] -- Using PYTHON_LIBRARIES: /usr/lib/aarch64-linux-gnu/libpython3.8.so
[2.475s] -- Found PythonExtra: .so  
[3.059s] -- Configuring done
[3.126s] -- Generating done
[3.146s] -- Build files have been written to: /home/unitree/imes-g1/build/g1_interface
[3.198s] Invoked command in '/home/unitree/imes-g1/build/g1_interface' returned '0': CMAKE_PREFIX_PATH=${CMAKE_PREFIX_PATH}:/opt/ros/foxy /home/unitree/.local/bin/cmake /home/unitree/imes-g1/src/ros/g1_interface -DAMENT_CMAKE_SYMLINK_INSTALL=1 -DCMAKE_INSTALL_PREFIX=/home/unitree/imes-g1/install/g1_interface
[3.199s] Invoking command in '/home/unitree/imes-g1/build/g1_interface': CMAKE_PREFIX_PATH=${CMAKE_PREFIX_PATH}:/opt/ros/foxy /home/unitree/.local/bin/cmake --build /home/unitree/imes-g1/build/g1_interface -- -j8 -l8
[3.315s] [  2%] [34m[1mGenerating C code for ROS interfaces[0m
[3.315s] [  4%] [34m[1mGenerating C++ code for ROS interfaces[0m
[3.944s] [  4%] Built target g1_interface__cpp
[3.953s] [  6%] [34m[1mGenerating C++ type support dispatch for ROS interfaces[0m
[3.959s] [  8%] [34m[1mGenerating C++ type support for eProsima Fast-RTPS[0m
[3.959s] [ 10%] [34m[1mGenerating C++ introspection for ROS interfaces[0m
[4.064s] [ 12%] [32mBuilding C object CMakeFiles/g1_interface__rosidl_generator_c.dir/rosidl_generator_c/g1_interface/srv/detail/g1_light__functions.c.o[0m
[4.069s] [ 14%] [32mBuilding C object CMakeFiles/g1_interface__rosidl_generator_c.dir/rosidl_generator_c/g1_interface/srv/detail/g1_modes__functions.c.o[0m
[4.083s] [ 17%] [32mBuilding C object CMakeFiles/g1_interface__rosidl_generator_c.dir/rosidl_generator_c/g1_interface/srv/detail/g1_volume__functions.c.o[0m
[4.286s] [ 19%] [32m[1mLinking C shared library libg1_interface__rosidl_generator_c.so[0m
[4.394s] [ 19%] Built target g1_interface__rosidl_generator_c
[4.447s] [ 21%] [34m[1mGenerating C introspection for ROS interfaces[0m
[4.463s] [ 23%] [34m[1mGenerating C type support dispatch for ROS interfaces[0m
[4.587s] [ 25%] [32mBuilding CXX object CMakeFiles/g1_interface__rosidl_typesupport_cpp.dir/rosidl_typesupport_cpp/g1_interface/srv/g1_modes__type_support.cpp.o[0m
[4.606s] [ 27%] [32mBuilding CXX object CMakeFiles/g1_interface__rosidl_typesupport_cpp.dir/rosidl_typesupport_cpp/g1_interface/srv/g1_light__type_support.cpp.o[0m
[4.611s] [ 29%] [32mBuilding CXX object CMakeFiles/g1_interface__rosidl_typesupport_cpp.dir/rosidl_typesupport_cpp/g1_interface/srv/g1_volume__type_support.cpp.o[0m
[4.842s] [ 31%] [32mBuilding CXX object CMakeFiles/g1_interface__rosidl_typesupport_introspection_cpp.dir/rosidl_typesupport_introspection_cpp/g1_interface/srv/detail/g1_modes__type_support.cpp.o[0m
[4.855s] [ 34%] [32mBuilding CXX object CMakeFiles/g1_interface__rosidl_typesupport_introspection_cpp.dir/rosidl_typesupport_introspection_cpp/g1_interface/srv/detail/g1_light__type_support.cpp.o[0m
[5.144s] [ 36%] [32mBuilding CXX object CMakeFiles/g1_interface__rosidl_typesupport_fastrtps_cpp.dir/rosidl_typesupport_fastrtps_cpp/g1_interface/srv/detail/dds_fastrtps/g1_modes__type_support.cpp.o[0m
[5.667s] [ 38%] [32mBuilding CXX object CMakeFiles/g1_interface__rosidl_typesupport_c.dir/rosidl_typesupport_c/g1_interface/srv/g1_modes__type_support.cpp.o[0m
[5.715s] [ 40%] [32mBuilding C object CMakeFiles/g1_interface__rosidl_typesupport_introspection_c.dir/rosidl_typesupport_introspection_c/g1_interface/srv/detail/g1_modes__type_support.c.o[0m
[5.843s] [ 42%] [32mBuilding CXX object CMakeFiles/g1_interface__rosidl_typesupport_c.dir/rosidl_typesupport_c/g1_interface/srv/g1_light__type_support.cpp.o[0m
[5.886s] [ 44%] [32mBuilding C object CMakeFiles/g1_interface__rosidl_typesupport_introspection_c.dir/rosidl_typesupport_introspection_c/g1_interface/srv/detail/g1_light__type_support.c.o[0m
[6.019s] [ 46%] [32mBuilding CXX object CMakeFiles/g1_interface__rosidl_typesupport_c.dir/rosidl_typesupport_c/g1_interface/srv/g1_volume__type_support.cpp.o[0m
[6.026s] [ 48%] [32mBuilding C object CMakeFiles/g1_interface__rosidl_typesupport_introspection_c.dir/rosidl_typesupport_introspection_c/g1_interface/srv/detail/g1_volume__type_support.c.o[0m
[6.137s] [ 51%] [32mBuilding CXX object CMakeFiles/g1_interface__rosidl_typesupport_fastrtps_cpp.dir/rosidl_typesupport_fastrtps_cpp/g1_interface/srv/detail/dds_fastrtps/g1_light__type_support.cpp.o[0m
[6.142s] [ 53%] [32mBuilding CXX object CMakeFiles/g1_interface__rosidl_typesupport_introspection_cpp.dir/rosidl_typesupport_introspection_cpp/g1_interface/srv/detail/g1_volume__type_support.cpp.o[0m
[6.166s] [ 55%] [32m[1mLinking C shared library libg1_interface__rosidl_typesupport_introspection_c.so[0m
[6.220s] [ 57%] [32m[1mLinking CXX shared library libg1_interface__rosidl_typesupport_c.so[0m
[6.335s] [ 57%] Built target g1_interface__rosidl_typesupport_introspection_c
[6.339s] [ 59%] [32m[1mLinking CXX shared library libg1_interface__rosidl_typesupport_cpp.so[0m
[6.379s] [ 61%] [32mBuilding CXX object CMakeFiles/g1_interface__rosidl_typesupport_fastrtps_cpp.dir/rosidl_typesupport_fastrtps_cpp/g1_interface/srv/detail/dds_fastrtps/g1_volume__type_support.cpp.o[0m
[6.404s] [ 61%] Built target g1_interface__rosidl_typesupport_c
[6.563s] [ 61%] Built target g1_interface__rosidl_typesupport_cpp
[7.491s] [ 63%] [32m[1mLinking CXX shared library libg1_interface__rosidl_typesupport_introspection_cpp.so[0m
[7.932s] [ 63%] Built target g1_interface__rosidl_typesupport_introspection_cpp
[8.952s] [ 65%] [32m[1mLinking CXX shared library libg1_interface__rosidl_typesupport_fastrtps_cpp.so[0m
[9.445s] [ 65%] Built target g1_interface__rosidl_typesupport_fastrtps_cpp
[9.515s] [ 68%] [34m[1mGenerating C type support for eProsima Fast-RTPS[0m
[11.759s] [ 70%] [32mBuilding CXX object CMakeFiles/g1_interface__rosidl_typesupport_fastrtps_c.dir/rosidl_typesupport_fastrtps_c/g1_interface/srv/detail/g1_modes__type_support_c.cpp.o[0m
[11.771s] [ 72%] [32mBuilding CXX object CMakeFiles/g1_interface__rosidl_typesupport_fastrtps_c.dir/rosidl_typesupport_fastrtps_c/g1_interface/srv/detail/g1_light__type_support_c.cpp.o[0m
[11.776s] [ 74%] [32mBuilding CXX object CMakeFiles/g1_interface__rosidl_typesupport_fastrtps_c.dir/rosidl_typesupport_fastrtps_c/g1_interface/srv/detail/g1_volume__type_support_c.cpp.o[0m
[14.731s] [ 76%] [32m[1mLinking CXX shared library libg1_interface__rosidl_typesupport_fastrtps_c.so[0m
[15.272s] [ 76%] Built target g1_interface__rosidl_typesupport_fastrtps_c
[15.391s] [ 76%] Built target g1_interface
[15.511s] [ 78%] [34m[1mGenerating Python code for ROS interfaces[0m
[20.031s] [ 78%] Built target g1_interface__py
[20.179s] [ 80%] [32mBuilding C object CMakeFiles/g1_interface__python.dir/rosidl_generator_py/g1_interface/srv/_g1_modes_s.c.o[0m
[20.184s] [ 85%] [32mBuilding C object CMakeFiles/g1_interface__python.dir/rosidl_generator_py/g1_interface/srv/_g1_volume_s.c.o[0m
[20.187s] [ 82%] [32mBuilding C object CMakeFiles/g1_interface__python.dir/rosidl_generator_py/g1_interface/srv/_g1_light_s.c.o[0m
[20.943s] [ 87%] [32m[1mLinking C shared library rosidl_generator_py/g1_interface/libg1_interface__python.so[0m
[21.203s] [ 87%] Built target g1_interface__python
[21.339s] [ 89%] [32mBuilding C object CMakeFiles/g1_interface__rosidl_typesupport_fastrtps_c__pyext.dir/rosidl_generator_py/g1_interface/_g1_interface_s.ep.rosidl_typesupport_fastrtps_c.c.o[0m
[21.414s] [ 91%] [32mBuilding C object CMakeFiles/g1_interface__rosidl_typesupport_introspection_c__pyext.dir/rosidl_generator_py/g1_interface/_g1_interface_s.ep.rosidl_typesupport_introspection_c.c.o[0m
[21.417s] [ 93%] [32mBuilding C object CMakeFiles/g1_interface__rosidl_typesupport_c__pyext.dir/rosidl_generator_py/g1_interface/_g1_interface_s.ep.rosidl_typesupport_c.c.o[0m
[22.039s] [ 95%] [32m[1mLinking C shared library rosidl_generator_py/g1_interface/g1_interface_s__rosidl_typesupport_c.cpython-38-aarch64-linux-gnu.so[0m
[22.051s] [ 97%] [32m[1mLinking CXX shared library rosidl_generator_py/g1_interface/g1_interface_s__rosidl_typesupport_fastrtps_c.cpython-38-aarch64-linux-gnu.so[0m
[22.123s] [100%] [32m[1mLinking C shared library rosidl_generator_py/g1_interface/g1_interface_s__rosidl_typesupport_introspection_c.cpython-38-aarch64-linux-gnu.so[0m
[22.254s] [100%] Built target g1_interface__rosidl_typesupport_c__pyext
[22.331s] [100%] Built target g1_interface__rosidl_typesupport_introspection_c__pyext
[22.392s] [100%] Built target g1_interface__rosidl_typesupport_fastrtps_c__pyext
[22.431s] Invoked command in '/home/unitree/imes-g1/build/g1_interface' returned '0': CMAKE_PREFIX_PATH=${CMAKE_PREFIX_PATH}:/opt/ros/foxy /home/unitree/.local/bin/cmake --build /home/unitree/imes-g1/build/g1_interface -- -j8 -l8
[22.434s] Invoking command in '/home/unitree/imes-g1/build/g1_interface': CMAKE_PREFIX_PATH=${CMAKE_PREFIX_PATH}:/opt/ros/foxy /home/unitree/.local/bin/cmake --install /home/unitree/imes-g1/build/g1_interface
[22.623s] -- Install configuration: ""
[22.623s] -- Execute custom install script
[22.624s] -- Symlinking: /home/unitree/imes-g1/install/g1_interface/share/ament_index/resource_index/rosidl_interfaces/g1_interface
[22.665s] -- Symlinking: /home/unitree/imes-g1/install/g1_interface/include/g1_interface/msg/rosidl_generator_c__visibility_control.h
[22.673s] -- Symlinking: /home/unitree/imes-g1/install/g1_interface/include/g1_interface/srv/detail/g1_light__functions.h
[22.683s] -- Symlinking: /home/unitree/imes-g1/install/g1_interface/include/g1_interface/srv/detail/g1_light__struct.h
[22.692s] -- Symlinking: /home/unitree/imes-g1/install/g1_interface/include/g1_interface/srv/detail/g1_light__type_support.h
[22.702s] -- Symlinking: /home/unitree/imes-g1/install/g1_interface/include/g1_interface/srv/detail/g1_modes__functions.h
[22.728s] -- Symlinking: /home/unitree/imes-g1/install/g1_interface/include/g1_interface/srv/detail/g1_modes__struct.h
[22.752s] -- Symlinking: /home/unitree/imes-g1/install/g1_interface/include/g1_interface/srv/detail/g1_modes__type_support.h
[22.776s] -- Symlinking: /home/unitree/imes-g1/install/g1_interface/include/g1_interface/srv/detail/g1_volume__functions.h
[22.820s] -- Symlinking: /home/unitree/imes-g1/install/g1_interface/include/g1_interface/srv/detail/g1_volume__struct.h
[22.840s] -- Symlinking: /home/unitree/imes-g1/install/g1_interface/include/g1_interface/srv/detail/g1_volume__type_support.h
[22.880s] -- Symlinking: /home/unitree/imes-g1/install/g1_interface/include/g1_interface/srv/g1_light.h
[22.897s] -- Symlinking: /home/unitree/imes-g1/install/g1_interface/include/g1_interface/srv/g1_modes.h
[22.916s] -- Symlinking: /home/unitree/imes-g1/install/g1_interface/include/g1_interface/srv/g1_volume.h
[22.941s] -- Symlinking: /home/unitree/imes-g1/install/g1_interface/share/g1_interface/environment/library_path.sh
[22.974s] -- Symlinking: /home/unitree/imes-g1/install/g1_interface/share/g1_interface/environment/library_path.dsv
[22.997s] -- Symlinking: /home/unitree/imes-g1/install/g1_interface/include/g1_interface/msg/rosidl_typesupport_fastrtps_c__visibility_control.h
[23.016s] -- Symlinking: /home/unitree/imes-g1/install/g1_interface/include/g1_interface/srv/detail/g1_light__rosidl_typesupport_fastrtps_c.h
[23.040s] -- Symlinking: /home/unitree/imes-g1/install/g1_interface/include/g1_interface/srv/detail/g1_modes__rosidl_typesupport_fastrtps_c.h
[23.065s] -- Symlinking: /home/unitree/imes-g1/install/g1_interface/include/g1_interface/srv/detail/g1_volume__rosidl_typesupport_fastrtps_c.h
[23.085s] -- Symlinking: /home/unitree/imes-g1/install/g1_interface/lib/libg1_interface__rosidl_typesupport_fastrtps_c.so
[23.109s] -- Symlinking: /home/unitree/imes-g1/install/g1_interface/include/g1_interface/msg/rosidl_typesupport_fastrtps_cpp__visibility_control.h
[23.133s] -- Symlinking: /home/unitree/imes-g1/install/g1_interface/include/g1_interface/srv/detail/g1_light__rosidl_typesupport_fastrtps_cpp.hpp
[23.145s] -- Symlinking: /home/unitree/imes-g1/install/g1_interface/include/g1_interface/srv/detail/g1_modes__rosidl_typesupport_fastrtps_cpp.hpp
[23.164s] -- Symlinking: /home/unitree/imes-g1/install/g1_interface/include/g1_interface/srv/detail/g1_volume__rosidl_typesupport_fastrtps_cpp.hpp
[23.180s] -- Symlinking: /home/unitree/imes-g1/install/g1_interface/lib/libg1_interface__rosidl_typesupport_fastrtps_cpp.so
[23.216s] -- Symlinking: /home/unitree/imes-g1/install/g1_interface/include/g1_interface/msg/rosidl_typesupport_introspection_c__visibility_control.h
[23.239s] -- Symlinking: /home/unitree/imes-g1/install/g1_interface/include/g1_interface/srv/detail/g1_light__rosidl_typesupport_introspection_c.h
[23.256s] -- Symlinking: /home/unitree/imes-g1/install/g1_interface/include/g1_interface/srv/detail/g1_modes__rosidl_typesupport_introspection_c.h
[23.272s] -- Symlinking: /home/unitree/imes-g1/install/g1_interface/include/g1_interface/srv/detail/g1_volume__rosidl_typesupport_introspection_c.h
[23.296s] -- Symlinking: /home/unitree/imes-g1/install/g1_interface/include/g1_interface/msg/rosidl_generator_cpp__visibility_control.hpp
[23.324s] -- Symlinking: /home/unitree/imes-g1/install/g1_interface/include/g1_interface/srv/detail/g1_light__builder.hpp
[23.336s] -- Symlinking: /home/unitree/imes-g1/install/g1_interface/include/g1_interface/srv/detail/g1_light__struct.hpp
[23.361s] -- Symlinking: /home/unitree/imes-g1/install/g1_interface/include/g1_interface/srv/detail/g1_light__traits.hpp
[23.376s] -- Symlinking: /home/unitree/imes-g1/install/g1_interface/include/g1_interface/srv/detail/g1_light__type_support.hpp
[23.397s] -- Symlinking: /home/unitree/imes-g1/install/g1_interface/include/g1_interface/srv/detail/g1_modes__builder.hpp
[23.416s] -- Symlinking: /home/unitree/imes-g1/install/g1_interface/include/g1_interface/srv/detail/g1_modes__struct.hpp
[23.436s] -- Symlinking: /home/unitree/imes-g1/install/g1_interface/include/g1_interface/srv/detail/g1_modes__traits.hpp
[23.464s] -- Symlinking: /home/unitree/imes-g1/install/g1_interface/include/g1_interface/srv/detail/g1_modes__type_support.hpp
[23.500s] -- Symlinking: /home/unitree/imes-g1/install/g1_interface/include/g1_interface/srv/detail/g1_volume__builder.hpp
[23.516s] -- Symlinking: /home/unitree/imes-g1/install/g1_interface/include/g1_interface/srv/detail/g1_volume__struct.hpp
[23.536s] -- Symlinking: /home/unitree/imes-g1/install/g1_interface/include/g1_interface/srv/detail/g1_volume__traits.hpp
[23.548s] -- Symlinking: /home/unitree/imes-g1/install/g1_interface/include/g1_interface/srv/detail/g1_volume__type_support.hpp
[23.564s] -- Symlinking: /home/unitree/imes-g1/install/g1_interface/include/g1_interface/srv/g1_light.hpp
[23.580s] -- Symlinking: /home/unitree/imes-g1/install/g1_interface/include/g1_interface/srv/g1_modes.hpp
[23.596s] -- Symlinking: /home/unitree/imes-g1/install/g1_interface/include/g1_interface/srv/g1_volume.hpp
[23.609s] -- Symlinking: /home/unitree/imes-g1/install/g1_interface/include/g1_interface/srv/detail/g1_light__rosidl_typesupport_introspection_cpp.hpp
[23.628s] -- Symlinking: /home/unitree/imes-g1/install/g1_interface/include/g1_interface/srv/detail/g1_modes__rosidl_typesupport_introspection_cpp.hpp
[23.653s] -- Symlinking: /home/unitree/imes-g1/install/g1_interface/include/g1_interface/srv/detail/g1_volume__rosidl_typesupport_introspection_cpp.hpp
[23.684s] -- Symlinking: /home/unitree/imes-g1/install/g1_interface/share/g1_interface/environment/pythonpath.sh
[23.696s] -- Symlinking: /home/unitree/imes-g1/install/g1_interface/share/g1_interface/environment/pythonpath.dsv
[23.716s] -- Symlinking: /home/unitree/imes-g1/install/g1_interface/lib/python3.8/site-packages/g1_interface/__init__.py
[23.729s] -- Symlinking: /home/unitree/imes-g1/install/g1_interface/lib/python3.8/site-packages/g1_interface/srv/__init__.py
[23.748s] -- Symlinking: /home/unitree/imes-g1/install/g1_interface/lib/python3.8/site-packages/g1_interface/srv/_g1_light.py
[23.767s] -- Symlinking: /home/unitree/imes-g1/install/g1_interface/lib/python3.8/site-packages/g1_interface/srv/_g1_modes.py
[23.784s] -- Symlinking: /home/unitree/imes-g1/install/g1_interface/lib/python3.8/site-packages/g1_interface/srv/_g1_volume.py
[23.805s] -- Symlinking: /home/unitree/imes-g1/install/g1_interface/lib/python3.8/site-packages/g1_interface/g1_interface_s__rosidl_typesupport_fastrtps_c.cpython-38-aarch64-linux-gnu.so
[23.832s] -- Symlinking: /home/unitree/imes-g1/install/g1_interface/lib/python3.8/site-packages/g1_interface/g1_interface_s__rosidl_typesupport_introspection_c.cpython-38-aarch64-linux-gnu.so
[23.857s] -- Symlinking: /home/unitree/imes-g1/install/g1_interface/lib/python3.8/site-packages/g1_interface/g1_interface_s__rosidl_typesupport_c.cpython-38-aarch64-linux-gnu.so
[23.889s] -- Symlinking: /home/unitree/imes-g1/install/g1_interface/lib/libg1_interface__python.so
[23.918s] -- Symlinking: /home/unitree/imes-g1/install/g1_interface/share/g1_interface/srv/G1Modes.idl
[23.945s] -- Symlinking: /home/unitree/imes-g1/install/g1_interface/share/g1_interface/srv/G1Light.idl
[23.988s] -- Symlinking: /home/unitree/imes-g1/install/g1_interface/share/g1_interface/srv/G1Volume.idl
[24.028s] -- Symlinking: /home/unitree/imes-g1/install/g1_interface/share/g1_interface/srv/G1Modes.srv
[24.040s] -- Symlinking: /home/unitree/imes-g1/install/g1_interface/share/g1_interface/srv/G1Modes_Request.msg
[24.064s] -- Symlinking: /home/unitree/imes-g1/install/g1_interface/share/g1_interface/srv/G1Modes_Response.msg
[24.084s] -- Symlinking: /home/unitree/imes-g1/install/g1_interface/share/g1_interface/srv/G1Light.srv
[24.105s] -- Symlinking: /home/unitree/imes-g1/install/g1_interface/share/g1_interface/srv/G1Light_Request.msg
[24.125s] -- Symlinking: /home/unitree/imes-g1/install/g1_interface/share/g1_interface/srv/G1Light_Response.msg
[24.148s] -- Symlinking: /home/unitree/imes-g1/install/g1_interface/share/g1_interface/srv/G1Volume.srv
[24.180s] -- Symlinking: /home/unitree/imes-g1/install/g1_interface/share/g1_interface/srv/G1Volume_Request.msg
[24.212s] -- Symlinking: /home/unitree/imes-g1/install/g1_interface/share/g1_interface/srv/G1Volume_Response.msg
[24.229s] -- Symlinking: /home/unitree/imes-g1/install/g1_interface/share/ament_index/resource_index/package_run_dependencies/g1_interface
[24.249s] -- Symlinking: /home/unitree/imes-g1/install/g1_interface/share/ament_index/resource_index/parent_prefix_path/g1_interface
[24.289s] -- Symlinking: /home/unitree/imes-g1/install/g1_interface/share/g1_interface/environment/ament_prefix_path.sh
[24.300s] -- Symlinking: /home/unitree/imes-g1/install/g1_interface/share/g1_interface/environment/ament_prefix_path.dsv
[24.319s] -- Symlinking: /home/unitree/imes-g1/install/g1_interface/share/g1_interface/environment/path.sh
[24.339s] -- Symlinking: /home/unitree/imes-g1/install/g1_interface/share/g1_interface/environment/path.dsv
[24.371s] -- Symlinking: /home/unitree/imes-g1/install/g1_interface/share/g1_interface/local_setup.bash
[24.388s] -- Symlinking: /home/unitree/imes-g1/install/g1_interface/share/g1_interface/local_setup.sh
[24.416s] -- Symlinking: /home/unitree/imes-g1/install/g1_interface/share/g1_interface/local_setup.zsh
[24.429s] -- Symlinking: /home/unitree/imes-g1/install/g1_interface/share/g1_interface/local_setup.dsv
[24.440s] -- Symlinking: /home/unitree/imes-g1/install/g1_interface/share/g1_interface/package.dsv
[24.461s] -- Symlinking: /home/unitree/imes-g1/install/g1_interface/share/ament_index/resource_index/packages/g1_interface
[24.484s] -- Symlinking: /home/unitree/imes-g1/install/g1_interface/share/g1_interface/cmake/rosidl_cmake-extras.cmake
[24.509s] -- Symlinking: /home/unitree/imes-g1/install/g1_interface/share/g1_interface/cmake/ament_cmake_export_dependencies-extras.cmake
[24.536s] -- Symlinking: /home/unitree/imes-g1/install/g1_interface/share/g1_interface/cmake/ament_cmake_export_libraries-extras.cmake
[24.556s] -- Symlinking: /home/unitree/imes-g1/install/g1_interface/share/g1_interface/cmake/ament_cmake_export_targets-extras.cmake
[24.571s] -- Symlinking: /home/unitree/imes-g1/install/g1_interface/share/g1_interface/cmake/ament_cmake_export_include_directories-extras.cmake
[24.596s] -- Symlinking: /home/unitree/imes-g1/install/g1_interface/share/g1_interface/cmake/rosidl_cmake_export_typesupport_libraries-extras.cmake
[24.617s] -- Symlinking: /home/unitree/imes-g1/install/g1_interface/share/g1_interface/cmake/rosidl_cmake_export_typesupport_targets-extras.cmake
[24.644s] -- Symlinking: /home/unitree/imes-g1/install/g1_interface/share/g1_interface/cmake/g1_interfaceConfig.cmake
[24.668s] -- Symlinking: /home/unitree/imes-g1/install/g1_interface/share/g1_interface/cmake/g1_interfaceConfig-version.cmake
[24.682s] -- Symlinking: /home/unitree/imes-g1/install/g1_interface/share/g1_interface/package.xml
[24.720s] -- Installing: /home/unitree/imes-g1/install/g1_interface/lib/libg1_interface__rosidl_generator_c.so
[24.720s] -- Set runtime path of "/home/unitree/imes-g1/install/g1_interface/lib/libg1_interface__rosidl_generator_c.so" to ""
[24.720s] -- Installing: /home/unitree/imes-g1/install/g1_interface/lib/libg1_interface__rosidl_typesupport_introspection_c.so
[24.721s] -- Set runtime path of "/home/unitree/imes-g1/install/g1_interface/lib/libg1_interface__rosidl_typesupport_introspection_c.so" to ""
[24.721s] -- Installing: /home/unitree/imes-g1/install/g1_interface/lib/libg1_interface__rosidl_typesupport_c.so
[24.721s] -- Set runtime path of "/home/unitree/imes-g1/install/g1_interface/lib/libg1_interface__rosidl_typesupport_c.so" to ""
[24.722s] -- Installing: /home/unitree/imes-g1/install/g1_interface/lib/libg1_interface__rosidl_typesupport_introspection_cpp.so
[24.722s] -- Set runtime path of "/home/unitree/imes-g1/install/g1_interface/lib/libg1_interface__rosidl_typesupport_introspection_cpp.so" to ""
[24.722s] -- Installing: /home/unitree/imes-g1/install/g1_interface/lib/libg1_interface__rosidl_typesupport_cpp.so
[24.723s] -- Set runtime path of "/home/unitree/imes-g1/install/g1_interface/lib/libg1_interface__rosidl_typesupport_cpp.so" to ""
[24.875s] Compiling '/home/unitree/imes-g1/install/g1_interface/lib/python3.8/site-packages/g1_interface/__init__.py'...
[24.909s] -- Installing: /home/unitree/imes-g1/install/g1_interface/share/g1_interface/cmake/g1_interface__rosidl_generator_cExport.cmake
[24.909s] -- Installing: /home/unitree/imes-g1/install/g1_interface/share/g1_interface/cmake/g1_interface__rosidl_generator_cExport-noconfig.cmake
[24.909s] -- Installing: /home/unitree/imes-g1/install/g1_interface/share/g1_interface/cmake/g1_interface__rosidl_typesupport_introspection_cExport.cmake
[24.909s] -- Installing: /home/unitree/imes-g1/install/g1_interface/share/g1_interface/cmake/g1_interface__rosidl_typesupport_introspection_cExport-noconfig.cmake
[24.909s] -- Installing: /home/unitree/imes-g1/install/g1_interface/share/g1_interface/cmake/g1_interface__rosidl_typesupport_cExport.cmake
[24.909s] -- Installing: /home/unitree/imes-g1/install/g1_interface/share/g1_interface/cmake/g1_interface__rosidl_typesupport_cExport-noconfig.cmake
[24.909s] -- Installing: /home/unitree/imes-g1/install/g1_interface/share/g1_interface/cmake/g1_interface__rosidl_generator_cppExport.cmake
[24.909s] -- Installing: /home/unitree/imes-g1/install/g1_interface/share/g1_interface/cmake/g1_interface__rosidl_typesupport_introspection_cppExport.cmake
[24.910s] -- Installing: /home/unitree/imes-g1/install/g1_interface/share/g1_interface/cmake/g1_interface__rosidl_typesupport_introspection_cppExport-noconfig.cmake
[24.910s] -- Installing: /home/unitree/imes-g1/install/g1_interface/share/g1_interface/cmake/g1_interface__rosidl_typesupport_cppExport.cmake
[24.910s] -- Installing: /home/unitree/imes-g1/install/g1_interface/share/g1_interface/cmake/g1_interface__rosidl_typesupport_cppExport-noconfig.cmake
[24.929s] Invoked command in '/home/unitree/imes-g1/build/g1_interface' returned '0': CMAKE_PREFIX_PATH=${CMAKE_PREFIX_PATH}:/opt/ros/foxy /home/unitree/.local/bin/cmake --install /home/unitree/imes-g1/build/g1_interface
