-- Found ament_cmake: 0.9.12 (/opt/ros/foxy/share/ament_cmake/cmake)
-- Using PYTHON_EXECUTABLE: /usr/bin/python3
-- Override CMake install command with custom implementation using symlinks instead of copying resources
-- Configuring done
-- Generating done
-- Build files have been written to: /home/unitree/imes-g1/build/g1_bringup
-- Install configuration: ""
-- Execute custom install script
-- Up-to-date symlink: /home/unitree/imes-g1/install/g1_bringup/share/g1_bringup/launch/system.launch.py
-- Up-to-date symlink: /home/unitree/imes-g1/install/g1_bringup/share/g1_bringup/config/10-qre-g1-motd
-- Up-to-date symlink: /home/unitree/imes-g1/install/g1_bringup/share/g1_bringup/config/def_cyclone.xml
-- Up-to-date symlink: /home/unitree/imes-g1/install/g1_bringup/share/g1_bringup/config/setup.bash
-- Up-to-date symlink: /home/unitree/imes-g1/install/g1_bringup/lib/g1_bringup/startup_installer.py
-- Up-to-date symlink: /home/unitree/imes-g1/install/g1_bringup/lib/g1_bringup/auto.bash
-- Up-to-date symlink: /home/unitree/imes-g1/install/g1_bringup/share/g1_bringup/hooks/auto.bash
-- Up-to-date symlink: /home/unitree/imes-g1/install/g1_bringup/share/g1_bringup/environment/auto.bash
-- Up-to-date symlink: /home/unitree/imes-g1/install/g1_bringup/share/ament_index/resource_index/package_run_dependencies/g1_bringup
-- Up-to-date symlink: /home/unitree/imes-g1/install/g1_bringup/share/ament_index/resource_index/parent_prefix_path/g1_bringup
-- Up-to-date symlink: /home/unitree/imes-g1/install/g1_bringup/share/g1_bringup/environment/ament_prefix_path.sh
-- Up-to-date symlink: /home/unitree/imes-g1/install/g1_bringup/share/g1_bringup/environment/ament_prefix_path.dsv
-- Up-to-date symlink: /home/unitree/imes-g1/install/g1_bringup/share/g1_bringup/environment/path.sh
-- Up-to-date symlink: /home/unitree/imes-g1/install/g1_bringup/share/g1_bringup/environment/path.dsv
-- Up-to-date symlink: /home/unitree/imes-g1/install/g1_bringup/share/g1_bringup/local_setup.bash
-- Up-to-date symlink: /home/unitree/imes-g1/install/g1_bringup/share/g1_bringup/local_setup.sh
-- Up-to-date symlink: /home/unitree/imes-g1/install/g1_bringup/share/g1_bringup/local_setup.zsh
-- Up-to-date symlink: /home/unitree/imes-g1/install/g1_bringup/share/g1_bringup/local_setup.dsv
-- Symlinking: /home/unitree/imes-g1/install/g1_bringup/share/g1_bringup/package.dsv
-- Up-to-date symlink: /home/unitree/imes-g1/install/g1_bringup/share/ament_index/resource_index/packages/g1_bringup
-- Up-to-date symlink: /home/unitree/imes-g1/install/g1_bringup/share/g1_bringup/cmake/g1_bringupConfig.cmake
-- Up-to-date symlink: /home/unitree/imes-g1/install/g1_bringup/share/g1_bringup/cmake/g1_bringupConfig-version.cmake
-- Up-to-date symlink: /home/unitree/imes-g1/install/g1_bringup/share/g1_bringup/package.xml
