[0.101s] Invoking command in '/home/unitree/imes-g1/build/g1_bringup': CMAKE_PREFIX_PATH=${CMAKE_PREFIX_PATH}:/opt/ros/foxy /home/unitree/.local/bin/cmake /home/unitree/imes-g1/src/ros/g1_bringup -DCMAKE_INSTALL_PREFIX=/home/unitree/imes-g1/install/g1_bringup
[0.177s] -- Found ament_cmake: 0.9.12 (/opt/ros/foxy/share/ament_cmake/cmake)
[0.230s] -- Using PYTHON_EXECUTABLE: /usr/bin/python3
[0.677s] -- Override CMake install command with custom implementation using symlinks instead of copying resources
[0.824s] -- Configuring done
[0.832s] -- Generating done
[0.835s] -- Build files have been written to: /home/unitree/imes-g1/build/g1_bringup
[0.856s] Invoked command in '/home/unitree/imes-g1/build/g1_bringup' returned '0': CMAKE_PREFIX_PATH=${CMAKE_PREFIX_PATH}:/opt/ros/foxy /home/unitree/.local/bin/cmake /home/unitree/imes-g1/src/ros/g1_bringup -DCMAKE_INSTALL_PREFIX=/home/unitree/imes-g1/install/g1_bringup
[0.857s] Invoking command in '/home/unitree/imes-g1/build/g1_bringup': CMAKE_PREFIX_PATH=${CMAKE_PREFIX_PATH}:/opt/ros/foxy /home/unitree/.local/bin/cmake --build /home/unitree/imes-g1/build/g1_bringup -- -j8 -l8
[0.961s] Invoked command in '/home/unitree/imes-g1/build/g1_bringup' returned '0': CMAKE_PREFIX_PATH=${CMAKE_PREFIX_PATH}:/opt/ros/foxy /home/unitree/.local/bin/cmake --build /home/unitree/imes-g1/build/g1_bringup -- -j8 -l8
[1.042s] Invoking command in '/home/unitree/imes-g1/build/g1_bringup': CMAKE_PREFIX_PATH=${CMAKE_PREFIX_PATH}:/opt/ros/foxy /home/unitree/.local/bin/cmake --install /home/unitree/imes-g1/build/g1_bringup
[1.118s] -- Install configuration: ""
[1.119s] -- Execute custom install script
[1.120s] -- Up-to-date symlink: /home/unitree/imes-g1/install/g1_bringup/share/g1_bringup/launch/system.launch.py
[1.120s] -- Up-to-date symlink: /home/unitree/imes-g1/install/g1_bringup/share/g1_bringup/config/10-qre-g1-motd
[1.121s] -- Up-to-date symlink: /home/unitree/imes-g1/install/g1_bringup/share/g1_bringup/config/def_cyclone.xml
[1.121s] -- Up-to-date symlink: /home/unitree/imes-g1/install/g1_bringup/share/g1_bringup/config/setup.bash
[1.121s] -- Up-to-date symlink: /home/unitree/imes-g1/install/g1_bringup/lib/g1_bringup/startup_installer.py
[1.121s] -- Up-to-date symlink: /home/unitree/imes-g1/install/g1_bringup/lib/g1_bringup/auto.bash
[1.122s] -- Up-to-date symlink: /home/unitree/imes-g1/install/g1_bringup/share/g1_bringup/hooks/auto.bash
[1.122s] -- Up-to-date symlink: /home/unitree/imes-g1/install/g1_bringup/share/g1_bringup/environment/auto.bash
[1.123s] -- Up-to-date symlink: /home/unitree/imes-g1/install/g1_bringup/share/ament_index/resource_index/package_run_dependencies/g1_bringup
[1.123s] -- Up-to-date symlink: /home/unitree/imes-g1/install/g1_bringup/share/ament_index/resource_index/parent_prefix_path/g1_bringup
[1.124s] -- Up-to-date symlink: /home/unitree/imes-g1/install/g1_bringup/share/g1_bringup/environment/ament_prefix_path.sh
[1.124s] -- Up-to-date symlink: /home/unitree/imes-g1/install/g1_bringup/share/g1_bringup/environment/ament_prefix_path.dsv
[1.124s] -- Up-to-date symlink: /home/unitree/imes-g1/install/g1_bringup/share/g1_bringup/environment/path.sh
[1.124s] -- Up-to-date symlink: /home/unitree/imes-g1/install/g1_bringup/share/g1_bringup/environment/path.dsv
[1.125s] -- Up-to-date symlink: /home/unitree/imes-g1/install/g1_bringup/share/g1_bringup/local_setup.bash
[1.125s] -- Up-to-date symlink: /home/unitree/imes-g1/install/g1_bringup/share/g1_bringup/local_setup.sh
[1.125s] -- Up-to-date symlink: /home/unitree/imes-g1/install/g1_bringup/share/g1_bringup/local_setup.zsh
[1.126s] -- Up-to-date symlink: /home/unitree/imes-g1/install/g1_bringup/share/g1_bringup/local_setup.dsv
[1.126s] -- Symlinking: /home/unitree/imes-g1/install/g1_bringup/share/g1_bringup/package.dsv
[1.135s] -- Up-to-date symlink: /home/unitree/imes-g1/install/g1_bringup/share/ament_index/resource_index/packages/g1_bringup
[1.136s] -- Up-to-date symlink: /home/unitree/imes-g1/install/g1_bringup/share/g1_bringup/cmake/g1_bringupConfig.cmake
[1.138s] -- Up-to-date symlink: /home/unitree/imes-g1/install/g1_bringup/share/g1_bringup/cmake/g1_bringupConfig-version.cmake
[1.139s] -- Up-to-date symlink: /home/unitree/imes-g1/install/g1_bringup/share/g1_bringup/package.xml
[1.156s] Invoked command in '/home/unitree/imes-g1/build/g1_bringup' returned '0': CMAKE_PREFIX_PATH=${CMAKE_PREFIX_PATH}:/opt/ros/foxy /home/unitree/.local/bin/cmake --install /home/unitree/imes-g1/build/g1_bringup
