[0.312s] DEBUG:colcon:Command line arguments: ['/usr/bin/colcon', 'build']
[0.312s] DEBUG:colcon:Parsed command line arguments: Namespace(ament_cmake_args=None, base_paths=['.'], build_base='build', catkin_cmake_args=None, catkin_skip_building_tests=False, cmake_args=None, cmake_clean_cache=False, cmake_clean_first=False, cmake_force_configure=False, cmake_target=None, cmake_target_skip_unavailable=False, continue_on_error=False, event_handlers=None, executor='parallel', ignore_user_meta=False, install_base='install', log_base=None, log_level=None, main=<bound method BuildVerb.main of <colcon_core.verb.build.BuildVerb object at 0x7f17cc086130>>, merge_install=False, metas=['./colcon.meta'], mixin=None, mixin_files=None, mixin_verb=('build',), packages_above=None, packages_above_and_dependencies=None, packages_above_depth=None, packages_end=None, packages_ignore=None, packages_ignore_regex=None, packages_select=None, packages_select_build_failed=False, packages_select_by_dep=None, packages_select_regex=None, packages_select_test_failures=False, packages_skip=None, packages_skip_build_finished=False, packages_skip_by_dep=None, packages_skip_regex=None, packages_skip_test_passed=False, packages_skip_up_to=None, packages_start=None, packages_up_to=None, packages_up_to_regex=None, parallel_workers=8, paths=None, symlink_install=False, test_result_base=None, verb_extension=<colcon_core.verb.build.BuildVerb object at 0x7f17cc086130>, verb_name='build', verb_parser=<colcon_mixin.mixin.mixin_argument.MixinArgumentDecorator object at 0x7f17cc086790>)
[0.369s] Level 1:colcon.colcon_core.package_discovery:discover_packages(colcon_meta) check parameters
[0.370s] INFO:colcon.colcon_metadata.package_discovery.colcon_meta:Using configuration from '/root/.colcon/metadata/default/Gazebo.meta'
[0.370s] INFO:colcon.colcon_metadata.package_discovery.colcon_meta:Using configuration from '/root/.colcon/metadata/default/fastdds.meta'
[0.371s] INFO:colcon.colcon_metadata.package_discovery.colcon_meta:Using configuration from '/root/.colcon/metadata/default/fastrtps.meta'
[0.371s] Level 1:colcon.colcon_core.package_discovery:discover_packages(recursive) check parameters
[0.371s] Level 1:colcon.colcon_core.package_discovery:discover_packages(ignore) check parameters
[0.371s] Level 1:colcon.colcon_core.package_discovery:discover_packages(path) check parameters
[0.371s] Level 1:colcon.colcon_core.package_discovery:discover_packages(colcon_meta) discover
[0.371s] Level 1:colcon.colcon_core.package_discovery:discover_packages(recursive) discover
[0.371s] INFO:colcon.colcon_core.package_discovery:Crawling recursively for packages in '/root/ros2_ws/imes-g1/src/ros/g1_platform'
[0.371s] Level 1:colcon.colcon_core.package_identification:_identify(.) by extensions ['ignore', 'ignore_ament_install']
[0.371s] Level 1:colcon.colcon_core.package_identification:_identify(.) by extension 'ignore'
[0.371s] Level 1:colcon.colcon_core.package_identification:_identify(.) by extension 'ignore_ament_install'
[0.371s] Level 1:colcon.colcon_core.package_identification:_identify(.) by extensions ['colcon_pkg']
[0.371s] Level 1:colcon.colcon_core.package_identification:_identify(.) by extension 'colcon_pkg'
[0.371s] Level 1:colcon.colcon_core.package_identification:_identify(.) by extensions ['colcon_meta']
[0.371s] Level 1:colcon.colcon_core.package_identification:_identify(.) by extension 'colcon_meta'
[0.372s] Level 1:colcon.colcon_core.package_identification:_identify(.) by extensions ['ros']
[0.372s] Level 1:colcon.colcon_core.package_identification:_identify(.) by extension 'ros'
[0.400s] DEBUG:colcon.colcon_core.package_identification:Package '.' with type 'ros.ament_cmake' and name 'g1_platform'
[0.400s] Level 1:colcon.colcon_core.package_discovery:discover_packages(recursive) using defaults
[0.401s] Level 1:colcon.colcon_core.package_discovery:discover_packages(ignore) discover
[0.401s] Level 1:colcon.colcon_core.package_discovery:discover_packages(ignore) using defaults
[0.401s] Level 1:colcon.colcon_core.package_discovery:discover_packages(path) discover
[0.401s] Level 1:colcon.colcon_core.package_discovery:discover_packages(path) using defaults
[0.432s] Level 5:colcon.colcon_core.verb:set package 'g1_platform' build argument 'cmake_args' from command line to 'None'
[0.432s] Level 5:colcon.colcon_core.verb:set package 'g1_platform' build argument 'cmake_target' from command line to 'None'
[0.432s] Level 5:colcon.colcon_core.verb:set package 'g1_platform' build argument 'cmake_target_skip_unavailable' from command line to 'False'
[0.432s] Level 5:colcon.colcon_core.verb:set package 'g1_platform' build argument 'cmake_clean_cache' from command line to 'False'
[0.432s] Level 5:colcon.colcon_core.verb:set package 'g1_platform' build argument 'cmake_clean_first' from command line to 'False'
[0.432s] Level 5:colcon.colcon_core.verb:set package 'g1_platform' build argument 'cmake_force_configure' from command line to 'False'
[0.432s] Level 5:colcon.colcon_core.verb:set package 'g1_platform' build argument 'ament_cmake_args' from command line to 'None'
[0.432s] Level 5:colcon.colcon_core.verb:set package 'g1_platform' build argument 'catkin_cmake_args' from command line to 'None'
[0.432s] Level 5:colcon.colcon_core.verb:set package 'g1_platform' build argument 'catkin_skip_building_tests' from command line to 'False'
[0.432s] DEBUG:colcon.colcon_core.verb:Building package 'g1_platform' with the following arguments: {'ament_cmake_args': None, 'build_base': '/root/ros2_ws/imes-g1/src/ros/g1_platform/build/g1_platform', 'catkin_cmake_args': None, 'catkin_skip_building_tests': False, 'cmake_args': None, 'cmake_clean_cache': False, 'cmake_clean_first': False, 'cmake_force_configure': False, 'cmake_target': None, 'cmake_target_skip_unavailable': False, 'install_base': '/root/ros2_ws/imes-g1/src/ros/g1_platform/install/g1_platform', 'merge_install': False, 'path': '/root/ros2_ws/imes-g1/src/ros/g1_platform', 'symlink_install': False, 'test_result_base': None}
[0.433s] INFO:colcon.colcon_core.executor:Executing jobs using 'parallel' executor
[0.436s] DEBUG:colcon.colcon_parallel_executor.executor.parallel:run_until_complete
[0.436s] INFO:colcon.colcon_ros.task.ament_cmake.build:Building ROS package in '/root/ros2_ws/imes-g1/src/ros/g1_platform' with build type 'ament_cmake'
[0.436s] INFO:colcon.colcon_cmake.task.cmake.build:Building CMake package in '/root/ros2_ws/imes-g1/src/ros/g1_platform'
[0.443s] INFO:colcon.colcon_core.plugin_system:Skipping extension 'colcon_core.shell.bat': Not used on non-Windows systems
[0.443s] INFO:colcon.colcon_core.shell:Skip shell extension 'powershell' for command environment: Not usable outside of PowerShell
[0.443s] DEBUG:colcon.colcon_core.shell:Skip shell extension 'dsv' for command environment
[0.457s] DEBUG:colcon.colcon_core.event_handler.log_command:Invoking command in '/root/ros2_ws/imes-g1/src/ros/g1_platform/build/g1_platform': CMAKE_PREFIX_PATH=/opt/ros/foxy /usr/bin/cmake /root/ros2_ws/imes-g1/src/ros/g1_platform -DCMAKE_INSTALL_PREFIX=/root/ros2_ws/imes-g1/src/ros/g1_platform/install/g1_platform
[2.292s] DEBUG:colcon.colcon_core.event_handler.log_command:Invoked command in '/root/ros2_ws/imes-g1/src/ros/g1_platform/build/g1_platform' returned '1': CMAKE_PREFIX_PATH=/opt/ros/foxy /usr/bin/cmake /root/ros2_ws/imes-g1/src/ros/g1_platform -DCMAKE_INSTALL_PREFIX=/root/ros2_ws/imes-g1/src/ros/g1_platform/install/g1_platform
[2.304s] Level 1:colcon.colcon_core.environment:create_environment_scripts_only(g1_platform)
[2.310s] Level 1:colcon.colcon_core.environment:checking '/root/ros2_ws/imes-g1/src/ros/g1_platform/install/g1_platform' for CMake module files
[2.310s] Level 1:colcon.colcon_core.environment:checking '/root/ros2_ws/imes-g1/src/ros/g1_platform/install/g1_platform' for CMake config files
[2.310s] Level 1:colcon.colcon_core.environment:checking '/root/ros2_ws/imes-g1/src/ros/g1_platform/install/g1_platform/bin'
[2.310s] Level 1:colcon.colcon_core.environment:checking '/root/ros2_ws/imes-g1/src/ros/g1_platform/install/g1_platform/lib/pkgconfig/g1_platform.pc'
[2.313s] Level 1:colcon.colcon_core.environment:checking '/root/ros2_ws/imes-g1/src/ros/g1_platform/install/g1_platform/lib/python3.8/site-packages'
[2.313s] Level 1:colcon.colcon_core.environment:checking '/root/ros2_ws/imes-g1/src/ros/g1_platform/install/g1_platform/bin'
[2.314s] INFO:colcon.colcon_core.shell:Creating package script '/root/ros2_ws/imes-g1/src/ros/g1_platform/install/g1_platform/share/g1_platform/package.ps1'
[2.315s] INFO:colcon.colcon_core.shell:Creating package descriptor '/root/ros2_ws/imes-g1/src/ros/g1_platform/install/g1_platform/share/g1_platform/package.dsv'
[2.316s] INFO:colcon.colcon_core.shell:Creating package script '/root/ros2_ws/imes-g1/src/ros/g1_platform/install/g1_platform/share/g1_platform/package.sh'
[2.316s] INFO:colcon.colcon_core.shell:Creating package script '/root/ros2_ws/imes-g1/src/ros/g1_platform/install/g1_platform/share/g1_platform/package.bash'
[2.317s] INFO:colcon.colcon_core.shell:Creating package script '/root/ros2_ws/imes-g1/src/ros/g1_platform/install/g1_platform/share/g1_platform/package.zsh'
[2.317s] Level 1:colcon.colcon_core.environment:create_file_with_runtime_dependencies(/root/ros2_ws/imes-g1/src/ros/g1_platform/install/g1_platform/share/colcon-core/packages/g1_platform)
[2.328s] DEBUG:colcon.colcon_parallel_executor.executor.parallel:closing loop
[2.328s] DEBUG:colcon.colcon_parallel_executor.executor.parallel:loop closed
[2.328s] DEBUG:colcon.colcon_parallel_executor.executor.parallel:run_until_complete finished with '1'
[2.328s] DEBUG:colcon.colcon_core.event_reactor:joining thread
[2.354s] INFO:colcon.colcon_core.plugin_system:Skipping extension 'colcon_notification.desktop_notification.notify_send': Could not find 'notify-send'
[2.354s] INFO:colcon.colcon_core.plugin_system:Skipping extension 'colcon_notification.desktop_notification.terminal_notifier': Not used on non-Darwin systems
[2.354s] INFO:colcon.colcon_core.plugin_system:Skipping extension 'colcon_notification.desktop_notification.win32': Not used on non-Windows systems
[2.354s] INFO:colcon.colcon_notification.desktop_notification:Sending desktop notification using 'notify2'
[2.355s] DEBUG:colcon.colcon_notification.desktop_notification.notify2:Failed to initialize notify2: org.freedesktop.DBus.Error.NotSupported: Unable to autolaunch a dbus-daemon without a $DISPLAY for X11
[2.355s] DEBUG:colcon.colcon_core.event_reactor:joined thread
[2.357s] INFO:colcon.colcon_core.shell:Creating prefix script '/root/ros2_ws/imes-g1/src/ros/g1_platform/install/local_setup.ps1'
[2.358s] INFO:colcon.colcon_core.shell:Creating prefix util module '/root/ros2_ws/imes-g1/src/ros/g1_platform/install/_local_setup_util_ps1.py'
[2.359s] INFO:colcon.colcon_core.shell:Creating prefix chain script '/root/ros2_ws/imes-g1/src/ros/g1_platform/install/setup.ps1'
[2.360s] INFO:colcon.colcon_core.shell:Creating prefix script '/root/ros2_ws/imes-g1/src/ros/g1_platform/install/local_setup.sh'
[2.362s] INFO:colcon.colcon_core.shell:Creating prefix util module '/root/ros2_ws/imes-g1/src/ros/g1_platform/install/_local_setup_util_sh.py'
[2.362s] INFO:colcon.colcon_core.shell:Creating prefix chain script '/root/ros2_ws/imes-g1/src/ros/g1_platform/install/setup.sh'
[2.363s] INFO:colcon.colcon_core.shell:Creating prefix script '/root/ros2_ws/imes-g1/src/ros/g1_platform/install/local_setup.bash'
[2.364s] INFO:colcon.colcon_core.shell:Creating prefix chain script '/root/ros2_ws/imes-g1/src/ros/g1_platform/install/setup.bash'
[2.365s] INFO:colcon.colcon_core.shell:Creating prefix script '/root/ros2_ws/imes-g1/src/ros/g1_platform/install/local_setup.zsh'
[2.365s] INFO:colcon.colcon_core.shell:Creating prefix chain script '/root/ros2_ws/imes-g1/src/ros/g1_platform/install/setup.zsh'
