[0.094s] Invoking command in '/home/unitree/imes-g1/build/g1_control': CMAKE_PREFIX_PATH=${CMAKE_PREFIX_PATH}:/opt/ros/foxy /home/unitree/.local/bin/cmake /home/unitree/imes-g1/src/ros/g1_control -DCMAKE_INSTALL_PREFIX=/home/unitree/imes-g1/install/g1_control
[0.834s] -- Found ament_cmake: 0.9.12 (/opt/ros/foxy/share/ament_cmake/cmake)
[0.835s] -- Using PYTHON_EXECUTABLE: /usr/bin/python3
[0.835s] -- Override CMake install command with custom implementation using symlinks instead of copying resources
[0.835s] -- Found rclpy: 1.0.13 (/opt/ros/foxy/share/rclpy/cmake)
[0.835s] -- Configuring done
[0.835s] -- Generating done
[0.835s] -- Build files have been written to: /home/unitree/imes-g1/build/g1_control
[0.854s] Invoked command in '/home/unitree/imes-g1/build/g1_control' returned '0': CMAKE_PREFIX_PATH=${CMAKE_PREFIX_PATH}:/opt/ros/foxy /home/unitree/.local/bin/cmake /home/unitree/imes-g1/src/ros/g1_control -DCMAKE_INSTALL_PREFIX=/home/unitree/imes-g1/install/g1_control
[0.855s] Invoking command in '/home/unitree/imes-g1/build/g1_control': CMAKE_PREFIX_PATH=${CMAKE_PREFIX_PATH}:/opt/ros/foxy /home/unitree/.local/bin/cmake --build /home/unitree/imes-g1/build/g1_control -- -j8 -l8
[1.035s] Invoked command in '/home/unitree/imes-g1/build/g1_control' returned '0': CMAKE_PREFIX_PATH=${CMAKE_PREFIX_PATH}:/opt/ros/foxy /home/unitree/.local/bin/cmake --build /home/unitree/imes-g1/build/g1_control -- -j8 -l8
[1.039s] Invoking command in '/home/unitree/imes-g1/build/g1_control': CMAKE_PREFIX_PATH=${CMAKE_PREFIX_PATH}:/opt/ros/foxy /home/unitree/.local/bin/cmake --install /home/unitree/imes-g1/build/g1_control
[1.137s] -- Install configuration: ""
[1.137s] -- Execute custom install script
[1.137s] -- Up-to-date symlink: /home/unitree/imes-g1/install/g1_control/share/g1_control/config/localization.yaml
[1.138s] -- Up-to-date symlink: /home/unitree/imes-g1/install/g1_control/share/g1_control/config/teleop.yaml
[1.138s] -- Up-to-date symlink: /home/unitree/imes-g1/install/g1_control/share/g1_control/launch/control.launch.py
[1.138s] -- Up-to-date symlink: /home/unitree/imes-g1/install/g1_control/share/g1_control/launch/ekf_localization.launch.py
[1.138s] -- Up-to-date symlink: /home/unitree/imes-g1/install/g1_control/share/g1_control/launch/odom_fastlio.launch.py
[1.138s] -- Up-to-date symlink: /home/unitree/imes-g1/install/g1_control/share/g1_control/launch/odom_rf2o.launch.py
[1.139s] -- Up-to-date symlink: /home/unitree/imes-g1/install/g1_control/share/g1_control/launch/teleop.launch.py
[1.139s] -- Up-to-date symlink: /home/unitree/imes-g1/install/g1_control/share/g1_control/launch/twistmux.launch.py
[1.139s] -- Up-to-date symlink: /home/unitree/imes-g1/install/g1_control/share/ament_index/resource_index/package_run_dependencies/g1_control
[1.139s] -- Up-to-date symlink: /home/unitree/imes-g1/install/g1_control/share/ament_index/resource_index/parent_prefix_path/g1_control
[1.139s] -- Up-to-date symlink: /home/unitree/imes-g1/install/g1_control/share/g1_control/environment/ament_prefix_path.sh
[1.140s] -- Up-to-date symlink: /home/unitree/imes-g1/install/g1_control/share/g1_control/environment/ament_prefix_path.dsv
[1.140s] -- Up-to-date symlink: /home/unitree/imes-g1/install/g1_control/share/g1_control/environment/path.sh
[1.140s] -- Up-to-date symlink: /home/unitree/imes-g1/install/g1_control/share/g1_control/environment/path.dsv
[1.141s] -- Up-to-date symlink: /home/unitree/imes-g1/install/g1_control/share/g1_control/local_setup.bash
[1.141s] -- Up-to-date symlink: /home/unitree/imes-g1/install/g1_control/share/g1_control/local_setup.sh
[1.141s] -- Up-to-date symlink: /home/unitree/imes-g1/install/g1_control/share/g1_control/local_setup.zsh
[1.142s] -- Up-to-date symlink: /home/unitree/imes-g1/install/g1_control/share/g1_control/local_setup.dsv
[1.142s] -- Symlinking: /home/unitree/imes-g1/install/g1_control/share/g1_control/package.dsv
[1.148s] -- Up-to-date symlink: /home/unitree/imes-g1/install/g1_control/share/ament_index/resource_index/packages/g1_control
[1.148s] -- Up-to-date symlink: /home/unitree/imes-g1/install/g1_control/share/g1_control/cmake/g1_controlConfig.cmake
[1.148s] -- Up-to-date symlink: /home/unitree/imes-g1/install/g1_control/share/g1_control/cmake/g1_controlConfig-version.cmake
[1.148s] -- Up-to-date symlink: /home/unitree/imes-g1/install/g1_control/share/g1_control/package.xml
[1.208s] Invoked command in '/home/unitree/imes-g1/build/g1_control' returned '0': CMAKE_PREFIX_PATH=${CMAKE_PREFIX_PATH}:/opt/ros/foxy /home/unitree/.local/bin/cmake --install /home/unitree/imes-g1/build/g1_control
