[0.106s] Invoking command in '/home/unitree/imes-g1/build/g1_depth_camera': CMAKE_PREFIX_PATH=${CMAKE_PREFIX_PATH}:/opt/ros/foxy /home/unitree/.local/bin/cmake --build /home/unitree/imes-g1/build/g1_depth_camera -- -j8 -l8
[0.345s] Invoked command in '/home/unitree/imes-g1/build/g1_depth_camera' returned '0': CMAKE_PREFIX_PATH=${CMAKE_PREFIX_PATH}:/opt/ros/foxy /home/unitree/.local/bin/cmake --build /home/unitree/imes-g1/build/g1_depth_camera -- -j8 -l8
[0.347s] Invoking command in '/home/unitree/imes-g1/build/g1_depth_camera': CMAKE_PREFIX_PATH=${CMAKE_PREFIX_PATH}:/opt/ros/foxy /home/unitree/.local/bin/cmake --install /home/unitree/imes-g1/build/g1_depth_camera
[0.426s] -- Install configuration: ""
[0.426s] -- Execute custom install script
[0.427s] -- Up-to-date symlink: /home/unitree/imes-g1/install/g1_depth_camera/share/ament_index/resource_index/package_run_dependencies/g1_depth_camera
[0.434s] -- Up-to-date symlink: /home/unitree/imes-g1/install/g1_depth_camera/share/ament_index/resource_index/parent_prefix_path/g1_depth_camera
[0.435s] -- Up-to-date symlink: /home/unitree/imes-g1/install/g1_depth_camera/share/g1_depth_camera/environment/ament_prefix_path.sh
[0.435s] -- Up-to-date symlink: /home/unitree/imes-g1/install/g1_depth_camera/share/g1_depth_camera/environment/ament_prefix_path.dsv
[0.435s] -- Up-to-date symlink: /home/unitree/imes-g1/install/g1_depth_camera/share/g1_depth_camera/environment/path.sh
[0.435s] -- Up-to-date symlink: /home/unitree/imes-g1/install/g1_depth_camera/share/g1_depth_camera/environment/path.dsv
[0.435s] -- Up-to-date symlink: /home/unitree/imes-g1/install/g1_depth_camera/share/g1_depth_camera/local_setup.bash
[0.435s] -- Up-to-date symlink: /home/unitree/imes-g1/install/g1_depth_camera/share/g1_depth_camera/local_setup.sh
[0.435s] -- Up-to-date symlink: /home/unitree/imes-g1/install/g1_depth_camera/share/g1_depth_camera/local_setup.zsh
[0.436s] -- Up-to-date symlink: /home/unitree/imes-g1/install/g1_depth_camera/share/g1_depth_camera/local_setup.dsv
[0.436s] -- Symlinking: /home/unitree/imes-g1/install/g1_depth_camera/share/g1_depth_camera/package.dsv
[0.460s] -- Up-to-date symlink: /home/unitree/imes-g1/install/g1_depth_camera/share/ament_index/resource_index/packages/g1_depth_camera
[0.464s] -- Up-to-date symlink: /home/unitree/imes-g1/install/g1_depth_camera/share/g1_depth_camera/cmake/g1_depth_cameraConfig.cmake
[0.464s] -- Up-to-date symlink: /home/unitree/imes-g1/install/g1_depth_camera/share/g1_depth_camera/cmake/g1_depth_cameraConfig-version.cmake
[0.464s] -- Up-to-date symlink: /home/unitree/imes-g1/install/g1_depth_camera/share/g1_depth_camera/package.xml
[0.464s] -- Up-to-date symlink: /home/unitree/imes-g1/install/g1_depth_camera/share/g1_depth_camera/config/realsense_i.yaml
[0.464s] -- Up-to-date symlink: /home/unitree/imes-g1/install/g1_depth_camera/share/g1_depth_camera/launch/include/realsense_i.launch.py
[0.465s] -- Up-to-date symlink: /home/unitree/imes-g1/install/g1_depth_camera/share/g1_depth_camera/launch/system.launch.py
[0.604s] Invoked command in '/home/unitree/imes-g1/build/g1_depth_camera' returned '0': CMAKE_PREFIX_PATH=${CMAKE_PREFIX_PATH}:/opt/ros/foxy /home/unitree/.local/bin/cmake --install /home/unitree/imes-g1/build/g1_depth_camera
