[0.078s] Invoking command in '/home/unitree/imes-g1/build/livox_ros_driver2': CMAKE_PREFIX_PATH=${CMAKE_PREFIX_PATH}:/opt/ros/foxy /home/unitree/.local/bin/cmake /home/unitree/imes-g1/src/third_party/sensors/05Jun2025_livox_ros_driver2 -DCMAKE_INSTALL_PREFIX=/home/unitree/imes-g1/install/livox_ros_driver2
[0.169s] -- livox_ros_driver2 version: 1.0.0
[0.172s] -- Found ament_cmake_auto: 0.9.12 (/opt/ros/foxy/share/ament_cmake_auto/cmake)
[0.223s] -- Found PythonInterp: /usr/bin/python3 (found suitable version "3.8.10", minimum required is "3") 
[0.223s] -- Using PYTHON_EXECUTABLE: /usr/bin/python3
[0.651s] -- Override CMake install command with custom implementation using symlinks instead of copying resources
[0.786s] -- Using all available rosidl_typesupport_c: rosidl_typesupport_fastrtps_c;rosidl_typesupport_introspection_c
[0.791s] -- Found rosidl_adapter: 1.3.1 (/opt/ros/foxy/share/rosidl_adapter/cmake)
[1.042s] -- Using all available rosidl_typesupport_cpp: rosidl_typesupport_fastrtps_cpp;rosidl_typesupport_introspection_cpp
[1.157s] -- Found rmw_implementation_cmake: 1.0.4 (/opt/ros/foxy/share/rmw_implementation_cmake/cmake)
[1.160s] -- Using RMW implementation 'rmw_cyclonedds_cpp' as default
[1.979s] -- Eigen found (include: /usr/include/eigen3, version: 3.3.7)
[2.097s] -- The imported target "vtkParseOGLExt" references the file
[2.097s]    "/usr/bin/vtkParseOGLExt-7.1"
[2.097s] but this file does not exist.  Possible reasons include:
[2.097s] * The file was deleted, renamed, or moved to another location.
[2.097s] * An install or uninstall procedure did not complete successfully.
[2.097s] * The installation package was faulty and contained
[2.097s]    "/usr/lib/cmake/vtk-7.1/VTKTargets.cmake"
[2.097s] but not all the files it references.
[2.097s] 
[2.098s] -- The imported target "vtkRenderingPythonTkWidgets" references the file
[2.098s]    "/usr/lib/aarch64-linux-gnu/libvtkRenderingPythonTkWidgets.so"
[2.098s] but this file does not exist.  Possible reasons include:
[2.098s] * The file was deleted, renamed, or moved to another location.
[2.098s] * An install or uninstall procedure did not complete successfully.
[2.098s] * The installation package was faulty and contained
[2.098s]    "/usr/lib/cmake/vtk-7.1/VTKTargets.cmake"
[2.098s] but not all the files it references.
[2.098s] 
[2.099s] -- The imported target "vtk" references the file
[2.099s]    "/usr/bin/vtk"
[2.099s] but this file does not exist.  Possible reasons include:
[2.099s] * The file was deleted, renamed, or moved to another location.
[2.099s] * An install or uninstall procedure did not complete successfully.
[2.099s] * The installation package was faulty and contained
[2.099s]    "/usr/lib/cmake/vtk-7.1/VTKTargets.cmake"
[2.099s] but not all the files it references.
[2.099s] 
[2.099s] -- The imported target "pvtk" references the file
[2.099s]    "/usr/bin/pvtk"
[2.100s] but this file does not exist.  Possible reasons include:
[2.100s] * The file was deleted, renamed, or moved to another location.
[2.100s] * An install or uninstall procedure did not complete successfully.
[2.100s] * The installation package was faulty and contained
[2.100s]    "/usr/lib/cmake/vtk-7.1/VTKTargets.cmake"
[2.100s] but not all the files it references.
[2.100s] 
[2.138s] [33mCMake Warning (dev) at /home/unitree/.local/lib/python3.8/site-packages/cmake/data/share/cmake-3.24/Modules/FindPackageHandleStandardArgs.cmake:438 (message):
[2.139s]   The package name passed to `find_package_handle_standard_args` (USB_10)
[2.139s]   does not match the name of the calling package (OpenNI).  This can lead to
[2.139s]   problems in calling code that expects `find_package` result variables
[2.139s]   (e.g., `_FOUND`) to follow a certain pattern.
[2.139s] Call Stack (most recent call first):
[2.139s]   /usr/lib/aarch64-linux-gnu/cmake/pcl/Modules/FindOpenNI.cmake:28 (find_package_handle_standard_args)
[2.139s]   /usr/lib/aarch64-linux-gnu/cmake/pcl/PCLConfig.cmake:179 (find_package)
[2.139s]   /usr/lib/aarch64-linux-gnu/cmake/pcl/PCLConfig.cmake:322 (find_openni)
[2.139s]   /usr/lib/aarch64-linux-gnu/cmake/pcl/PCLConfig.cmake:548 (find_external_library)
[2.139s]   CMakeLists.txt:38 (find_package)
[2.140s] This warning is for project developers.  Use -Wno-dev to suppress it.
[2.140s] [0m
[2.140s] -- OpenNI found (include: /usr/include/ni, lib: /usr/lib/libOpenNI.so)
[2.150s] [33mCMake Warning (dev) at /home/unitree/.local/lib/python3.8/site-packages/cmake/data/share/cmake-3.24/Modules/FindPackageHandleStandardArgs.cmake:438 (message):
[2.150s]   The package name passed to `find_package_handle_standard_args` (USB_10)
[2.150s]   does not match the name of the calling package (OpenNI2).  This can lead to
[2.150s]   problems in calling code that expects `find_package` result variables
[2.151s]   (e.g., `_FOUND`) to follow a certain pattern.
[2.151s] Call Stack (most recent call first):
[2.151s]   /usr/lib/aarch64-linux-gnu/cmake/pcl/Modules/FindOpenNI2.cmake:28 (find_package_handle_standard_args)
[2.151s]   /usr/lib/aarch64-linux-gnu/cmake/pcl/PCLConfig.cmake:193 (find_package)
[2.151s]   /usr/lib/aarch64-linux-gnu/cmake/pcl/PCLConfig.cmake:324 (find_openni2)
[2.151s]   /usr/lib/aarch64-linux-gnu/cmake/pcl/PCLConfig.cmake:548 (find_external_library)
[2.151s]   CMakeLists.txt:38 (find_package)
[2.151s] This warning is for project developers.  Use -Wno-dev to suppress it.
[2.151s] [0m
[2.152s] -- OpenNI2 found (include: /usr/include/openni2, lib: /usr/lib/libOpenNI2.so)
[2.152s] [0m** WARNING ** io features related to pcap will be disabled[0m
[2.153s] [0m** WARNING ** io features related to png will be disabled[0m
[2.171s] [33mCMake Warning (dev) at /home/unitree/.local/lib/python3.8/site-packages/cmake/data/share/cmake-3.24/Modules/FindPackageHandleStandardArgs.cmake:438 (message):
[2.171s]   The package name passed to `find_package_handle_standard_args` (libusb-1.0)
[2.171s]   does not match the name of the calling package (PCL).  This can lead to
[2.171s]   problems in calling code that expects `find_package` result variables
[2.171s]   (e.g., `_FOUND`) to follow a certain pattern.
[2.171s] Call Stack (most recent call first):
[2.172s]   /usr/lib/aarch64-linux-gnu/cmake/pcl/PCLConfig.cmake:291 (find_package_handle_standard_args)
[2.172s]   /usr/lib/aarch64-linux-gnu/cmake/pcl/PCLConfig.cmake:338 (find_libusb)
[2.172s]   /usr/lib/aarch64-linux-gnu/cmake/pcl/PCLConfig.cmake:548 (find_external_library)
[2.172s]   CMakeLists.txt:38 (find_package)
[2.172s] This warning is for project developers.  Use -Wno-dev to suppress it.
[2.172s] [0m
[2.172s] [0m** WARNING ** io features related to libusb-1.0 will be disabled[0m
[2.181s] [33mCMake Warning (dev) at /home/unitree/.local/lib/python3.8/site-packages/cmake/data/share/cmake-3.24/Modules/FindPackageHandleStandardArgs.cmake:438 (message):
[2.181s]   The package name passed to `find_package_handle_standard_args` (USB_10)
[2.181s]   does not match the name of the calling package (OpenNI).  This can lead to
[2.181s]   problems in calling code that expects `find_package` result variables
[2.181s]   (e.g., `_FOUND`) to follow a certain pattern.
[2.181s] Call Stack (most recent call first):
[2.181s]   /usr/lib/aarch64-linux-gnu/cmake/pcl/Modules/FindOpenNI.cmake:28 (find_package_handle_standard_args)
[2.182s]   /usr/lib/aarch64-linux-gnu/cmake/pcl/PCLConfig.cmake:179 (find_package)
[2.182s]   /usr/lib/aarch64-linux-gnu/cmake/pcl/PCLConfig.cmake:322 (find_openni)
[2.182s]   /usr/lib/aarch64-linux-gnu/cmake/pcl/PCLConfig.cmake:548 (find_external_library)
[2.182s]   CMakeLists.txt:38 (find_package)
[2.182s] This warning is for project developers.  Use -Wno-dev to suppress it.
[2.182s] [0m
[2.183s] -- OpenNI found (include: /usr/include/ni, lib: /usr/lib/libOpenNI.so)
[2.192s] [33mCMake Warning (dev) at /home/unitree/.local/lib/python3.8/site-packages/cmake/data/share/cmake-3.24/Modules/FindPackageHandleStandardArgs.cmake:438 (message):
[2.192s]   The package name passed to `find_package_handle_standard_args` (USB_10)
[2.192s]   does not match the name of the calling package (OpenNI2).  This can lead to
[2.192s]   problems in calling code that expects `find_package` result variables
[2.192s]   (e.g., `_FOUND`) to follow a certain pattern.
[2.192s] Call Stack (most recent call first):
[2.193s]   /usr/lib/aarch64-linux-gnu/cmake/pcl/Modules/FindOpenNI2.cmake:28 (find_package_handle_standard_args)
[2.193s]   /usr/lib/aarch64-linux-gnu/cmake/pcl/PCLConfig.cmake:193 (find_package)
[2.193s]   /usr/lib/aarch64-linux-gnu/cmake/pcl/PCLConfig.cmake:324 (find_openni2)
[2.193s]   /usr/lib/aarch64-linux-gnu/cmake/pcl/PCLConfig.cmake:548 (find_external_library)
[2.193s]   CMakeLists.txt:38 (find_package)
[2.193s] This warning is for project developers.  Use -Wno-dev to suppress it.
[2.193s] [0m
[2.194s] -- OpenNI2 found (include: /usr/include/openni2, lib: /usr/lib/libOpenNI2.so)
[2.215s] -- QHULL found (include: /usr/include, lib: optimized;/usr/lib/aarch64-linux-gnu/libqhull.so;debug;/usr/lib/aarch64-linux-gnu/libqhull.so)
[2.226s] [33mCMake Warning (dev) at /home/unitree/.local/lib/python3.8/site-packages/cmake/data/share/cmake-3.24/Modules/FindPackageHandleStandardArgs.cmake:438 (message):
[2.227s]   The package name passed to `find_package_handle_standard_args` (USB_10)
[2.227s]   does not match the name of the calling package (OpenNI).  This can lead to
[2.227s]   problems in calling code that expects `find_package` result variables
[2.227s]   (e.g., `_FOUND`) to follow a certain pattern.
[2.227s] Call Stack (most recent call first):
[2.227s]   /usr/lib/aarch64-linux-gnu/cmake/pcl/Modules/FindOpenNI.cmake:28 (find_package_handle_standard_args)
[2.227s]   /usr/lib/aarch64-linux-gnu/cmake/pcl/PCLConfig.cmake:179 (find_package)
[2.227s]   /usr/lib/aarch64-linux-gnu/cmake/pcl/PCLConfig.cmake:322 (find_openni)
[2.227s]   /usr/lib/aarch64-linux-gnu/cmake/pcl/PCLConfig.cmake:548 (find_external_library)
[2.228s]   CMakeLists.txt:38 (find_package)
[2.228s] This warning is for project developers.  Use -Wno-dev to suppress it.
[2.228s] [0m
[2.229s] -- OpenNI found (include: /usr/include/ni, lib: /usr/lib/libOpenNI.so)
[2.248s] -- looking for PCL_COMMON
[2.248s] [33mCMake Warning (dev) at /home/unitree/.local/lib/python3.8/site-packages/cmake/data/share/cmake-3.24/Modules/FindPackageHandleStandardArgs.cmake:438 (message):
[2.248s]   The package name passed to `find_package_handle_standard_args` (PCL_COMMON)
[2.248s]   does not match the name of the calling package (PCL).  This can lead to
[2.248s]   problems in calling code that expects `find_package` result variables
[2.248s]   (e.g., `_FOUND`) to follow a certain pattern.
[2.248s] Call Stack (most recent call first):
[2.248s]   /usr/lib/aarch64-linux-gnu/cmake/pcl/PCLConfig.cmake:616 (find_package_handle_standard_args)
[2.249s]   CMakeLists.txt:38 (find_package)
[2.249s] This warning is for project developers.  Use -Wno-dev to suppress it.
[2.249s] [0m
[2.249s] -- looking for PCL_KDTREE
[2.249s] [33mCMake Warning (dev) at /home/unitree/.local/lib/python3.8/site-packages/cmake/data/share/cmake-3.24/Modules/FindPackageHandleStandardArgs.cmake:438 (message):
[2.249s]   The package name passed to `find_package_handle_standard_args` (PCL_KDTREE)
[2.249s]   does not match the name of the calling package (PCL).  This can lead to
[2.249s]   problems in calling code that expects `find_package` result variables
[2.249s]   (e.g., `_FOUND`) to follow a certain pattern.
[2.250s] Call Stack (most recent call first):
[2.250s]   /usr/lib/aarch64-linux-gnu/cmake/pcl/PCLConfig.cmake:616 (find_package_handle_standard_args)
[2.250s]   CMakeLists.txt:38 (find_package)
[2.250s] This warning is for project developers.  Use -Wno-dev to suppress it.
[2.250s] [0m
[2.250s] -- looking for PCL_OCTREE
[2.250s] [33mCMake Warning (dev) at /home/unitree/.local/lib/python3.8/site-packages/cmake/data/share/cmake-3.24/Modules/FindPackageHandleStandardArgs.cmake:438 (message):
[2.250s]   The package name passed to `find_package_handle_standard_args` (PCL_OCTREE)
[2.251s]   does not match the name of the calling package (PCL).  This can lead to
[2.251s]   problems in calling code that expects `find_package` result variables
[2.251s]   (e.g., `_FOUND`) to follow a certain pattern.
[2.251s] Call Stack (most recent call first):
[2.251s]   /usr/lib/aarch64-linux-gnu/cmake/pcl/PCLConfig.cmake:616 (find_package_handle_standard_args)
[2.251s]   CMakeLists.txt:38 (find_package)
[2.251s] This warning is for project developers.  Use -Wno-dev to suppress it.
[2.251s] [0m
[2.252s] -- looking for PCL_SEARCH
[2.252s] [33mCMake Warning (dev) at /home/unitree/.local/lib/python3.8/site-packages/cmake/data/share/cmake-3.24/Modules/FindPackageHandleStandardArgs.cmake:438 (message):
[2.252s]   The package name passed to `find_package_handle_standard_args` (PCL_SEARCH)
[2.252s]   does not match the name of the calling package (PCL).  This can lead to
[2.252s]   problems in calling code that expects `find_package` result variables
[2.252s]   (e.g., `_FOUND`) to follow a certain pattern.
[2.252s] Call Stack (most recent call first):
[2.252s]   /usr/lib/aarch64-linux-gnu/cmake/pcl/PCLConfig.cmake:616 (find_package_handle_standard_args)
[2.252s]   CMakeLists.txt:38 (find_package)
[2.252s] This warning is for project developers.  Use -Wno-dev to suppress it.
[2.253s] [0m
[2.253s] -- looking for PCL_SAMPLE_CONSENSUS
[2.253s] [33mCMake Warning (dev) at /home/unitree/.local/lib/python3.8/site-packages/cmake/data/share/cmake-3.24/Modules/FindPackageHandleStandardArgs.cmake:438 (message):
[2.253s]   The package name passed to `find_package_handle_standard_args`
[2.253s]   (PCL_SAMPLE_CONSENSUS) does not match the name of the calling package
[2.253s]   (PCL).  This can lead to problems in calling code that expects
[2.253s]   `find_package` result variables (e.g., `_FOUND`) to follow a certain
[2.253s]   pattern.
[2.253s] Call Stack (most recent call first):
[2.254s]   /usr/lib/aarch64-linux-gnu/cmake/pcl/PCLConfig.cmake:616 (find_package_handle_standard_args)
[2.254s]   CMakeLists.txt:38 (find_package)
[2.254s] This warning is for project developers.  Use -Wno-dev to suppress it.
[2.254s] [0m
[2.254s] -- looking for PCL_FILTERS
[2.254s] [33mCMake Warning (dev) at /home/unitree/.local/lib/python3.8/site-packages/cmake/data/share/cmake-3.24/Modules/FindPackageHandleStandardArgs.cmake:438 (message):
[2.254s]   The package name passed to `find_package_handle_standard_args`
[2.254s]   (PCL_FILTERS) does not match the name of the calling package (PCL).  This
[2.254s]   can lead to problems in calling code that expects `find_package` result
[2.254s]   variables (e.g., `_FOUND`) to follow a certain pattern.
[2.255s] Call Stack (most recent call first):
[2.255s]   /usr/lib/aarch64-linux-gnu/cmake/pcl/PCLConfig.cmake:616 (find_package_handle_standard_args)
[2.255s]   CMakeLists.txt:38 (find_package)
[2.255s] This warning is for project developers.  Use -Wno-dev to suppress it.
[2.255s] [0m
[2.255s] -- looking for PCL_2D
[2.255s] [33mCMake Warning (dev) at /home/unitree/.local/lib/python3.8/site-packages/cmake/data/share/cmake-3.24/Modules/FindPackageHandleStandardArgs.cmake:438 (message):
[2.255s]   The package name passed to `find_package_handle_standard_args` (PCL_2D)
[2.255s]   does not match the name of the calling package (PCL).  This can lead to
[2.256s]   problems in calling code that expects `find_package` result variables
[2.256s]   (e.g., `_FOUND`) to follow a certain pattern.
[2.256s] Call Stack (most recent call first):
[2.256s]   /usr/lib/aarch64-linux-gnu/cmake/pcl/PCLConfig.cmake:619 (find_package_handle_standard_args)
[2.256s]   CMakeLists.txt:38 (find_package)
[2.256s] This warning is for project developers.  Use -Wno-dev to suppress it.
[2.256s] [0m
[2.256s] -- looking for PCL_GEOMETRY
[2.256s] [33mCMake Warning (dev) at /home/unitree/.local/lib/python3.8/site-packages/cmake/data/share/cmake-3.24/Modules/FindPackageHandleStandardArgs.cmake:438 (message):
[2.257s]   The package name passed to `find_package_handle_standard_args`
[2.257s]   (PCL_GEOMETRY) does not match the name of the calling package (PCL).  This
[2.257s]   can lead to problems in calling code that expects `find_package` result
[2.257s]   variables (e.g., `_FOUND`) to follow a certain pattern.
[2.257s] Call Stack (most recent call first):
[2.257s]   /usr/lib/aarch64-linux-gnu/cmake/pcl/PCLConfig.cmake:619 (find_package_handle_standard_args)
[2.257s]   CMakeLists.txt:38 (find_package)
[2.257s] This warning is for project developers.  Use -Wno-dev to suppress it.
[2.257s] [0m
[2.257s] -- looking for PCL_IO
[2.258s] [33mCMake Warning (dev) at /home/unitree/.local/lib/python3.8/site-packages/cmake/data/share/cmake-3.24/Modules/FindPackageHandleStandardArgs.cmake:438 (message):
[2.258s]   The package name passed to `find_package_handle_standard_args` (PCL_IO)
[2.258s]   does not match the name of the calling package (PCL).  This can lead to
[2.258s]   problems in calling code that expects `find_package` result variables
[2.258s]   (e.g., `_FOUND`) to follow a certain pattern.
[2.258s] Call Stack (most recent call first):
[2.258s]   /usr/lib/aarch64-linux-gnu/cmake/pcl/PCLConfig.cmake:616 (find_package_handle_standard_args)
[2.258s]   CMakeLists.txt:38 (find_package)
[2.258s] This warning is for project developers.  Use -Wno-dev to suppress it.
[2.258s] [0m
[2.259s] -- looking for PCL_FEATURES
[2.259s] [33mCMake Warning (dev) at /home/unitree/.local/lib/python3.8/site-packages/cmake/data/share/cmake-3.24/Modules/FindPackageHandleStandardArgs.cmake:438 (message):
[2.259s]   The package name passed to `find_package_handle_standard_args`
[2.259s]   (PCL_FEATURES) does not match the name of the calling package (PCL).  This
[2.259s]   can lead to problems in calling code that expects `find_package` result
[2.259s]   variables (e.g., `_FOUND`) to follow a certain pattern.
[2.259s] Call Stack (most recent call first):
[2.259s]   /usr/lib/aarch64-linux-gnu/cmake/pcl/PCLConfig.cmake:616 (find_package_handle_standard_args)
[2.259s]   CMakeLists.txt:38 (find_package)
[2.260s] This warning is for project developers.  Use -Wno-dev to suppress it.
[2.260s] [0m
[2.260s] -- looking for PCL_ML
[2.260s] [33mCMake Warning (dev) at /home/unitree/.local/lib/python3.8/site-packages/cmake/data/share/cmake-3.24/Modules/FindPackageHandleStandardArgs.cmake:438 (message):
[2.260s]   The package name passed to `find_package_handle_standard_args` (PCL_ML)
[2.260s]   does not match the name of the calling package (PCL).  This can lead to
[2.260s]   problems in calling code that expects `find_package` result variables
[2.260s]   (e.g., `_FOUND`) to follow a certain pattern.
[2.260s] Call Stack (most recent call first):
[2.260s]   /usr/lib/aarch64-linux-gnu/cmake/pcl/PCLConfig.cmake:616 (find_package_handle_standard_args)
[2.261s]   CMakeLists.txt:38 (find_package)
[2.261s] This warning is for project developers.  Use -Wno-dev to suppress it.
[2.261s] [0m
[2.261s] -- looking for PCL_SEGMENTATION
[2.261s] [33mCMake Warning (dev) at /home/unitree/.local/lib/python3.8/site-packages/cmake/data/share/cmake-3.24/Modules/FindPackageHandleStandardArgs.cmake:438 (message):
[2.261s]   The package name passed to `find_package_handle_standard_args`
[2.261s]   (PCL_SEGMENTATION) does not match the name of the calling package (PCL).
[2.261s]   This can lead to problems in calling code that expects `find_package`
[2.262s]   result variables (e.g., `_FOUND`) to follow a certain pattern.
[2.262s] Call Stack (most recent call first):
[2.262s]   /usr/lib/aarch64-linux-gnu/cmake/pcl/PCLConfig.cmake:616 (find_package_handle_standard_args)
[2.262s]   CMakeLists.txt:38 (find_package)
[2.262s] This warning is for project developers.  Use -Wno-dev to suppress it.
[2.262s] [0m
[2.262s] -- looking for PCL_VISUALIZATION
[2.262s] [33mCMake Warning (dev) at /home/unitree/.local/lib/python3.8/site-packages/cmake/data/share/cmake-3.24/Modules/FindPackageHandleStandardArgs.cmake:438 (message):
[2.262s]   The package name passed to `find_package_handle_standard_args`
[2.262s]   (PCL_VISUALIZATION) does not match the name of the calling package (PCL).
[2.263s]   This can lead to problems in calling code that expects `find_package`
[2.263s]   result variables (e.g., `_FOUND`) to follow a certain pattern.
[2.263s] Call Stack (most recent call first):
[2.263s]   /usr/lib/aarch64-linux-gnu/cmake/pcl/PCLConfig.cmake:616 (find_package_handle_standard_args)
[2.263s]   CMakeLists.txt:38 (find_package)
[2.263s] This warning is for project developers.  Use -Wno-dev to suppress it.
[2.263s] [0m
[2.263s] -- looking for PCL_SURFACE
[2.263s] [33mCMake Warning (dev) at /home/unitree/.local/lib/python3.8/site-packages/cmake/data/share/cmake-3.24/Modules/FindPackageHandleStandardArgs.cmake:438 (message):
[2.264s]   The package name passed to `find_package_handle_standard_args`
[2.264s]   (PCL_SURFACE) does not match the name of the calling package (PCL).  This
[2.264s]   can lead to problems in calling code that expects `find_package` result
[2.264s]   variables (e.g., `_FOUND`) to follow a certain pattern.
[2.264s] Call Stack (most recent call first):
[2.264s]   /usr/lib/aarch64-linux-gnu/cmake/pcl/PCLConfig.cmake:616 (find_package_handle_standard_args)
[2.264s]   CMakeLists.txt:38 (find_package)
[2.264s] This warning is for project developers.  Use -Wno-dev to suppress it.
[2.264s] [0m
[2.264s] -- looking for PCL_REGISTRATION
[2.265s] [33mCMake Warning (dev) at /home/unitree/.local/lib/python3.8/site-packages/cmake/data/share/cmake-3.24/Modules/FindPackageHandleStandardArgs.cmake:438 (message):
[2.265s]   The package name passed to `find_package_handle_standard_args`
[2.265s]   (PCL_REGISTRATION) does not match the name of the calling package (PCL).
[2.265s]   This can lead to problems in calling code that expects `find_package`
[2.265s]   result variables (e.g., `_FOUND`) to follow a certain pattern.
[2.265s] Call Stack (most recent call first):
[2.265s]   /usr/lib/aarch64-linux-gnu/cmake/pcl/PCLConfig.cmake:616 (find_package_handle_standard_args)
[2.265s]   CMakeLists.txt:38 (find_package)
[2.265s] This warning is for project developers.  Use -Wno-dev to suppress it.
[2.266s] [0m
[2.266s] -- looking for PCL_KEYPOINTS
[2.266s] [33mCMake Warning (dev) at /home/unitree/.local/lib/python3.8/site-packages/cmake/data/share/cmake-3.24/Modules/FindPackageHandleStandardArgs.cmake:438 (message):
[2.266s]   The package name passed to `find_package_handle_standard_args`
[2.266s]   (PCL_KEYPOINTS) does not match the name of the calling package (PCL).  This
[2.266s]   can lead to problems in calling code that expects `find_package` result
[2.266s]   variables (e.g., `_FOUND`) to follow a certain pattern.
[2.266s] Call Stack (most recent call first):
[2.266s]   /usr/lib/aarch64-linux-gnu/cmake/pcl/PCLConfig.cmake:616 (find_package_handle_standard_args)
[2.267s]   CMakeLists.txt:38 (find_package)
[2.267s] This warning is for project developers.  Use -Wno-dev to suppress it.
[2.267s] [0m
[2.267s] -- looking for PCL_TRACKING
[2.267s] [33mCMake Warning (dev) at /home/unitree/.local/lib/python3.8/site-packages/cmake/data/share/cmake-3.24/Modules/FindPackageHandleStandardArgs.cmake:438 (message):
[2.267s]   The package name passed to `find_package_handle_standard_args`
[2.267s]   (PCL_TRACKING) does not match the name of the calling package (PCL).  This
[2.267s]   can lead to problems in calling code that expects `find_package` result
[2.267s]   variables (e.g., `_FOUND`) to follow a certain pattern.
[2.268s] Call Stack (most recent call first):
[2.268s]   /usr/lib/aarch64-linux-gnu/cmake/pcl/PCLConfig.cmake:616 (find_package_handle_standard_args)
[2.268s]   CMakeLists.txt:38 (find_package)
[2.268s] This warning is for project developers.  Use -Wno-dev to suppress it.
[2.268s] [0m
[2.268s] -- looking for PCL_RECOGNITION
[2.268s] [33mCMake Warning (dev) at /home/unitree/.local/lib/python3.8/site-packages/cmake/data/share/cmake-3.24/Modules/FindPackageHandleStandardArgs.cmake:438 (message):
[2.268s]   The package name passed to `find_package_handle_standard_args`
[2.268s]   (PCL_RECOGNITION) does not match the name of the calling package (PCL).
[2.268s]   This can lead to problems in calling code that expects `find_package`
[2.268s]   result variables (e.g., `_FOUND`) to follow a certain pattern.
[2.268s] Call Stack (most recent call first):
[2.269s]   /usr/lib/aarch64-linux-gnu/cmake/pcl/PCLConfig.cmake:616 (find_package_handle_standard_args)
[2.269s]   CMakeLists.txt:38 (find_package)
[2.269s] This warning is for project developers.  Use -Wno-dev to suppress it.
[2.269s] [0m
[2.269s] -- looking for PCL_STEREO
[2.269s] [33mCMake Warning (dev) at /home/unitree/.local/lib/python3.8/site-packages/cmake/data/share/cmake-3.24/Modules/FindPackageHandleStandardArgs.cmake:438 (message):
[2.269s]   The package name passed to `find_package_handle_standard_args` (PCL_STEREO)
[2.269s]   does not match the name of the calling package (PCL).  This can lead to
[2.269s]   problems in calling code that expects `find_package` result variables
[2.269s]   (e.g., `_FOUND`) to follow a certain pattern.
[2.269s] Call Stack (most recent call first):
[2.270s]   /usr/lib/aarch64-linux-gnu/cmake/pcl/PCLConfig.cmake:616 (find_package_handle_standard_args)
[2.270s]   CMakeLists.txt:38 (find_package)
[2.270s] This warning is for project developers.  Use -Wno-dev to suppress it.
[2.270s] [0m
[2.270s] -- looking for PCL_APPS
[2.270s] [33mCMake Warning (dev) at /home/unitree/.local/lib/python3.8/site-packages/cmake/data/share/cmake-3.24/Modules/FindPackageHandleStandardArgs.cmake:438 (message):
[2.270s]   The package name passed to `find_package_handle_standard_args` (PCL_APPS)
[2.270s]   does not match the name of the calling package (PCL).  This can lead to
[2.270s]   problems in calling code that expects `find_package` result variables
[2.270s]   (e.g., `_FOUND`) to follow a certain pattern.
[2.270s] Call Stack (most recent call first):
[2.270s]   /usr/lib/aarch64-linux-gnu/cmake/pcl/PCLConfig.cmake:616 (find_package_handle_standard_args)
[2.271s]   CMakeLists.txt:38 (find_package)
[2.271s] This warning is for project developers.  Use -Wno-dev to suppress it.
[2.271s] [0m
[2.271s] -- looking for PCL_IN_HAND_SCANNER
[2.271s] [33mCMake Warning (dev) at /home/unitree/.local/lib/python3.8/site-packages/cmake/data/share/cmake-3.24/Modules/FindPackageHandleStandardArgs.cmake:438 (message):
[2.271s]   The package name passed to `find_package_handle_standard_args`
[2.271s]   (PCL_IN_HAND_SCANNER) does not match the name of the calling package (PCL).
[2.271s]   This can lead to problems in calling code that expects `find_package`
[2.271s]   result variables (e.g., `_FOUND`) to follow a certain pattern.
[2.271s] Call Stack (most recent call first):
[2.271s]   /usr/lib/aarch64-linux-gnu/cmake/pcl/PCLConfig.cmake:619 (find_package_handle_standard_args)
[2.272s]   CMakeLists.txt:38 (find_package)
[2.272s] This warning is for project developers.  Use -Wno-dev to suppress it.
[2.272s] [0m
[2.272s] -- looking for PCL_POINT_CLOUD_EDITOR
[2.272s] [33mCMake Warning (dev) at /home/unitree/.local/lib/python3.8/site-packages/cmake/data/share/cmake-3.24/Modules/FindPackageHandleStandardArgs.cmake:438 (message):
[2.272s]   The package name passed to `find_package_handle_standard_args`
[2.272s]   (PCL_POINT_CLOUD_EDITOR) does not match the name of the calling package
[2.272s]   (PCL).  This can lead to problems in calling code that expects
[2.272s]   `find_package` result variables (e.g., `_FOUND`) to follow a certain
[2.272s]   pattern.
[2.272s] Call Stack (most recent call first):
[2.272s]   /usr/lib/aarch64-linux-gnu/cmake/pcl/PCLConfig.cmake:619 (find_package_handle_standard_args)
[2.273s]   CMakeLists.txt:38 (find_package)
[2.273s] This warning is for project developers.  Use -Wno-dev to suppress it.
[2.273s] [0m
[2.273s] -- looking for PCL_OUTOFCORE
[2.273s] [33mCMake Warning (dev) at /home/unitree/.local/lib/python3.8/site-packages/cmake/data/share/cmake-3.24/Modules/FindPackageHandleStandardArgs.cmake:438 (message):
[2.273s]   The package name passed to `find_package_handle_standard_args`
[2.273s]   (PCL_OUTOFCORE) does not match the name of the calling package (PCL).  This
[2.273s]   can lead to problems in calling code that expects `find_package` result
[2.273s]   variables (e.g., `_FOUND`) to follow a certain pattern.
[2.273s] Call Stack (most recent call first):
[2.273s]   /usr/lib/aarch64-linux-gnu/cmake/pcl/PCLConfig.cmake:616 (find_package_handle_standard_args)
[2.274s]   CMakeLists.txt:38 (find_package)
[2.274s] This warning is for project developers.  Use -Wno-dev to suppress it.
[2.274s] [0m
[2.274s] -- looking for PCL_PEOPLE
[2.274s] [33mCMake Warning (dev) at /home/unitree/.local/lib/python3.8/site-packages/cmake/data/share/cmake-3.24/Modules/FindPackageHandleStandardArgs.cmake:438 (message):
[2.274s]   The package name passed to `find_package_handle_standard_args` (PCL_PEOPLE)
[2.274s]   does not match the name of the calling package (PCL).  This can lead to
[2.274s]   problems in calling code that expects `find_package` result variables
[2.274s]   (e.g., `_FOUND`) to follow a certain pattern.
[2.274s] Call Stack (most recent call first):
[2.274s]   /usr/lib/aarch64-linux-gnu/cmake/pcl/PCLConfig.cmake:616 (find_package_handle_standard_args)
[2.275s]   CMakeLists.txt:38 (find_package)
[2.275s] This warning is for project developers.  Use -Wno-dev to suppress it.
[2.275s] [0m
[2.279s] [0m/usr/include/apr-1.0[0m
[2.279s] [0mapr-1[0m
[2.326s] -- Found PythonInterp: /usr/bin/python3 (found version "3.8.10") 
[2.520s] -- Found ament_cmake_ros: 0.9.2 (/opt/ros/foxy/share/ament_cmake_ros/cmake)
[2.844s] -- Using all available rosidl_typesupport_c: rosidl_typesupport_fastrtps_c;rosidl_typesupport_introspection_c
[2.938s] -- Using all available rosidl_typesupport_cpp: rosidl_typesupport_fastrtps_cpp;rosidl_typesupport_introspection_cpp
[2.986s] -- Found PythonInterp: /usr/bin/python3 (found suitable version "3.8.10", minimum required is "3.5") 
[2.987s] -- Found python_cmake_module: 0.8.1 (/opt/ros/foxy/share/python_cmake_module/cmake)
[3.030s] -- Using PYTHON_EXECUTABLE: /usr/bin/python3
[3.030s] -- Using PYTHON_INCLUDE_DIRS: /usr/include/python3.8
[3.030s] -- Using PYTHON_LIBRARIES: /usr/lib/aarch64-linux-gnu/libpython3.8.so
[3.197s] -- Found ament_lint_auto: 0.9.8 (/opt/ros/foxy/share/ament_lint_auto/cmake)
[3.220s] -- Added test 'copyright' to check source files copyright and LICENSE
[3.228s] -- Added test 'cppcheck' to perform static code analysis on C / C++ code
[3.231s] -- Configured cppcheck include dirs: /home/unitree/imes-g1/src/third_party/sensors/05Jun2025_livox_ros_driver2/3rdparty;/home/unitree/imes-g1/src/third_party/sensors/05Jun2025_livox_ros_driver2/src
[3.231s] -- Configured cppcheck exclude dirs and/or files: 
[3.237s] -- Added test 'cpplint' to check C / C++ code against the Google style
[3.237s] -- Configured cpplint exclude dirs and/or files: 
[3.239s] -- Added test 'flake8' to check Python code syntax and style conventions
[3.240s] -- Added test 'lint_cmake' to check CMake code style
[3.241s] -- Added test 'pep257' to check Python code against some of the style conventions in PEP 257
[3.247s] -- Added test 'uncrustify' to check C / C++ code style
[3.247s] -- Configured uncrustify additional arguments: 
[3.248s] -- Added test 'xmllint' to check XML markup files
[3.254s] -- Configuring done
[3.427s] -- Generating done
[3.468s] -- Build files have been written to: /home/unitree/imes-g1/build/livox_ros_driver2
[3.517s] Invoked command in '/home/unitree/imes-g1/build/livox_ros_driver2' returned '0': CMAKE_PREFIX_PATH=${CMAKE_PREFIX_PATH}:/opt/ros/foxy /home/unitree/.local/bin/cmake /home/unitree/imes-g1/src/third_party/sensors/05Jun2025_livox_ros_driver2 -DCMAKE_INSTALL_PREFIX=/home/unitree/imes-g1/install/livox_ros_driver2
[3.523s] Invoking command in '/home/unitree/imes-g1/build/livox_ros_driver2': CMAKE_PREFIX_PATH=${CMAKE_PREFIX_PATH}:/opt/ros/foxy /home/unitree/.local/bin/cmake --build /home/unitree/imes-g1/build/livox_ros_driver2 -- -j8 -l8
[3.612s] [35m[1mConsolidate compiler generated dependencies of target livox_interfaces2__rosidl_generator_c[0m
[3.612s] [35m[1mConsolidate compiler generated dependencies of target livox_ros_driver2_node[0m
[3.620s] [  1%] Built target livox_interfaces2__cpp
[3.622s] [  8%] Built target livox_interfaces2__rosidl_generator_c
[3.629s] [35m[1mConsolidate compiler generated dependencies of target livox_interfaces2__rosidl_typesupport_cpp[0m
[3.629s] [35m[1mConsolidate compiler generated dependencies of target livox_interfaces2__rosidl_typesupport_introspection_cpp[0m
[3.629s] [35m[1mConsolidate compiler generated dependencies of target livox_interfaces2__rosidl_typesupport_fastrtps_cpp[0m
[3.632s] [35m[1mConsolidate compiler generated dependencies of target livox_interfaces2__rosidl_typesupport_introspection_c[0m
[3.632s] [ 12%] Built target livox_ros_driver2_node
[3.633s] [35m[1mConsolidate compiler generated dependencies of target livox_interfaces2__rosidl_typesupport_c[0m
[3.643s] [ 33%] Built target livox_interfaces2__rosidl_typesupport_cpp
[3.643s] [ 33%] Built target livox_interfaces2__rosidl_typesupport_c
[3.643s] [ 33%] Built target livox_interfaces2__rosidl_typesupport_introspection_cpp
[3.644s] [ 42%] Built target livox_interfaces2__rosidl_typesupport_fastrtps_cpp
[3.644s] [ 47%] Built target livox_interfaces2__rosidl_typesupport_introspection_c
[3.654s] [35m[1mConsolidate compiler generated dependencies of target livox_interfaces2__rosidl_typesupport_fastrtps_c[0m
[3.667s] [ 54%] Built target livox_interfaces2__rosidl_typesupport_fastrtps_c
[3.681s] [ 54%] Built target livox_interfaces2
[3.697s] [ 56%] Built target livox_interfaces2__py
[3.705s] [35m[1mConsolidate compiler generated dependencies of target livox_ros_driver2[0m
[3.705s] [35m[1mConsolidate compiler generated dependencies of target livox_interfaces2__python[0m
[3.718s] [ 61%] Built target livox_interfaces2__python
[3.726s] [35m[1mConsolidate compiler generated dependencies of target livox_ros_driver2__rosidl_typesupport_introspection_c__pyext[0m
[3.726s] [35m[1mConsolidate compiler generated dependencies of target livox_ros_driver2__rosidl_typesupport_c__pyext[0m
[3.726s] [35m[1mConsolidate compiler generated dependencies of target livox_ros_driver2__rosidl_typesupport_fastrtps_c__pyext[0m
[3.739s] [ 68%] Built target livox_ros_driver2__rosidl_typesupport_fastrtps_c__pyext
[3.739s] [ 68%] Built target livox_ros_driver2__rosidl_typesupport_c__pyext
[3.740s] [ 71%] Built target livox_ros_driver2__rosidl_typesupport_introspection_c__pyext
[3.801s] [100%] Built target livox_ros_driver2
[3.820s] Invoked command in '/home/unitree/imes-g1/build/livox_ros_driver2' returned '0': CMAKE_PREFIX_PATH=${CMAKE_PREFIX_PATH}:/opt/ros/foxy /home/unitree/.local/bin/cmake --build /home/unitree/imes-g1/build/livox_ros_driver2 -- -j8 -l8
[3.826s] Invoking command in '/home/unitree/imes-g1/build/livox_ros_driver2': CMAKE_PREFIX_PATH=${CMAKE_PREFIX_PATH}:/opt/ros/foxy /home/unitree/.local/bin/cmake --install /home/unitree/imes-g1/build/livox_ros_driver2
[3.889s] -- Install configuration: ""
[3.891s] -- Execute custom install script
[3.892s] -- Up-to-date symlink: /home/unitree/imes-g1/install/livox_ros_driver2/share/ament_index/resource_index/rosidl_interfaces/livox_ros_driver2
[3.894s] -- Up-to-date symlink: /home/unitree/imes-g1/install/livox_ros_driver2/include/livox_ros_driver2/msg/custom_msg.h
[3.894s] -- Up-to-date symlink: /home/unitree/imes-g1/install/livox_ros_driver2/include/livox_ros_driver2/msg/custom_point.h
[3.895s] -- Up-to-date symlink: /home/unitree/imes-g1/install/livox_ros_driver2/include/livox_ros_driver2/msg/detail/custom_msg__functions.h
[3.895s] -- Up-to-date symlink: /home/unitree/imes-g1/install/livox_ros_driver2/include/livox_ros_driver2/msg/detail/custom_msg__struct.h
[3.895s] -- Up-to-date symlink: /home/unitree/imes-g1/install/livox_ros_driver2/include/livox_ros_driver2/msg/detail/custom_msg__type_support.h
[3.896s] -- Up-to-date symlink: /home/unitree/imes-g1/install/livox_ros_driver2/include/livox_ros_driver2/msg/detail/custom_point__functions.h
[3.896s] -- Up-to-date symlink: /home/unitree/imes-g1/install/livox_ros_driver2/include/livox_ros_driver2/msg/detail/custom_point__struct.h
[3.896s] -- Up-to-date symlink: /home/unitree/imes-g1/install/livox_ros_driver2/include/livox_ros_driver2/msg/detail/custom_point__type_support.h
[3.897s] -- Up-to-date symlink: /home/unitree/imes-g1/install/livox_ros_driver2/include/livox_ros_driver2/msg/rosidl_generator_c__visibility_control.h
[3.897s] -- Up-to-date symlink: /home/unitree/imes-g1/install/livox_ros_driver2/share/livox_ros_driver2/environment/library_path.sh
[3.898s] -- Up-to-date symlink: /home/unitree/imes-g1/install/livox_ros_driver2/share/livox_ros_driver2/environment/library_path.dsv
[3.899s] -- Up-to-date symlink: /home/unitree/imes-g1/install/livox_ros_driver2/include/livox_ros_driver2/msg/detail/custom_msg__rosidl_typesupport_fastrtps_c.h
[3.899s] -- Up-to-date symlink: /home/unitree/imes-g1/install/livox_ros_driver2/include/livox_ros_driver2/msg/detail/custom_point__rosidl_typesupport_fastrtps_c.h
[3.899s] -- Up-to-date symlink: /home/unitree/imes-g1/install/livox_ros_driver2/include/livox_ros_driver2/msg/rosidl_typesupport_fastrtps_c__visibility_control.h
[3.900s] -- Up-to-date symlink: /home/unitree/imes-g1/install/livox_ros_driver2/lib/liblivox_ros_driver2__rosidl_typesupport_fastrtps_c.so
[3.902s] -- Up-to-date symlink: /home/unitree/imes-g1/install/livox_ros_driver2/include/livox_ros_driver2/msg/detail/custom_msg__rosidl_typesupport_fastrtps_cpp.hpp
[3.902s] -- Up-to-date symlink: /home/unitree/imes-g1/install/livox_ros_driver2/include/livox_ros_driver2/msg/detail/custom_point__rosidl_typesupport_fastrtps_cpp.hpp
[3.903s] -- Up-to-date symlink: /home/unitree/imes-g1/install/livox_ros_driver2/include/livox_ros_driver2/msg/rosidl_typesupport_fastrtps_cpp__visibility_control.h
[3.903s] -- Up-to-date symlink: /home/unitree/imes-g1/install/livox_ros_driver2/lib/liblivox_ros_driver2__rosidl_typesupport_fastrtps_cpp.so
[3.904s] -- Up-to-date symlink: /home/unitree/imes-g1/install/livox_ros_driver2/include/livox_ros_driver2/msg/detail/custom_msg__rosidl_typesupport_introspection_c.h
[3.905s] -- Up-to-date symlink: /home/unitree/imes-g1/install/livox_ros_driver2/include/livox_ros_driver2/msg/detail/custom_point__rosidl_typesupport_introspection_c.h
[3.905s] -- Up-to-date symlink: /home/unitree/imes-g1/install/livox_ros_driver2/include/livox_ros_driver2/msg/rosidl_typesupport_introspection_c__visibility_control.h
[3.906s] -- Up-to-date symlink: /home/unitree/imes-g1/install/livox_ros_driver2/include/livox_ros_driver2/msg/custom_msg.hpp
[3.906s] -- Up-to-date symlink: /home/unitree/imes-g1/install/livox_ros_driver2/include/livox_ros_driver2/msg/custom_point.hpp
[3.906s] -- Up-to-date symlink: /home/unitree/imes-g1/install/livox_ros_driver2/include/livox_ros_driver2/msg/detail/custom_msg__builder.hpp
[3.906s] -- Up-to-date symlink: /home/unitree/imes-g1/install/livox_ros_driver2/include/livox_ros_driver2/msg/detail/custom_msg__struct.hpp
[3.907s] -- Up-to-date symlink: /home/unitree/imes-g1/install/livox_ros_driver2/include/livox_ros_driver2/msg/detail/custom_msg__traits.hpp
[3.907s] -- Up-to-date symlink: /home/unitree/imes-g1/install/livox_ros_driver2/include/livox_ros_driver2/msg/detail/custom_msg__type_support.hpp
[3.907s] -- Up-to-date symlink: /home/unitree/imes-g1/install/livox_ros_driver2/include/livox_ros_driver2/msg/detail/custom_point__builder.hpp
[3.907s] -- Up-to-date symlink: /home/unitree/imes-g1/install/livox_ros_driver2/include/livox_ros_driver2/msg/detail/custom_point__struct.hpp
[3.908s] -- Up-to-date symlink: /home/unitree/imes-g1/install/livox_ros_driver2/include/livox_ros_driver2/msg/detail/custom_point__traits.hpp
[3.908s] -- Up-to-date symlink: /home/unitree/imes-g1/install/livox_ros_driver2/include/livox_ros_driver2/msg/detail/custom_point__type_support.hpp
[3.909s] -- Up-to-date symlink: /home/unitree/imes-g1/install/livox_ros_driver2/include/livox_ros_driver2/msg/rosidl_generator_cpp__visibility_control.hpp
[3.909s] -- Up-to-date symlink: /home/unitree/imes-g1/install/livox_ros_driver2/include/livox_ros_driver2/msg/detail/custom_msg__rosidl_typesupport_introspection_cpp.hpp
[3.910s] -- Up-to-date symlink: /home/unitree/imes-g1/install/livox_ros_driver2/include/livox_ros_driver2/msg/detail/custom_point__rosidl_typesupport_introspection_cpp.hpp
[3.910s] -- Up-to-date symlink: /home/unitree/imes-g1/install/livox_ros_driver2/share/livox_ros_driver2/environment/pythonpath.sh
[3.910s] -- Up-to-date symlink: /home/unitree/imes-g1/install/livox_ros_driver2/share/livox_ros_driver2/environment/pythonpath.dsv
[3.911s] -- Up-to-date symlink: /home/unitree/imes-g1/install/livox_ros_driver2/lib/python3.8/site-packages/livox_ros_driver2/__init__.py
[3.911s] -- Up-to-date symlink: /home/unitree/imes-g1/install/livox_ros_driver2/lib/python3.8/site-packages/livox_ros_driver2/msg/__init__.py
[3.911s] -- Up-to-date symlink: /home/unitree/imes-g1/install/livox_ros_driver2/lib/python3.8/site-packages/livox_ros_driver2/msg/_custom_msg.py
[3.912s] -- Up-to-date symlink: /home/unitree/imes-g1/install/livox_ros_driver2/lib/python3.8/site-packages/livox_ros_driver2/msg/_custom_point.py
[3.912s] -- Up-to-date symlink: /home/unitree/imes-g1/install/livox_ros_driver2/lib/python3.8/site-packages/livox_ros_driver2/livox_ros_driver2_s__rosidl_typesupport_fastrtps_c.cpython-38-aarch64-linux-gnu.so
[3.913s] -- Up-to-date symlink: /home/unitree/imes-g1/install/livox_ros_driver2/lib/python3.8/site-packages/livox_ros_driver2/livox_ros_driver2_s__rosidl_typesupport_introspection_c.cpython-38-aarch64-linux-gnu.so
[3.913s] -- Up-to-date symlink: /home/unitree/imes-g1/install/livox_ros_driver2/lib/python3.8/site-packages/livox_ros_driver2/livox_ros_driver2_s__rosidl_typesupport_c.cpython-38-aarch64-linux-gnu.so
[3.914s] -- Up-to-date symlink: /home/unitree/imes-g1/install/livox_ros_driver2/lib/liblivox_interfaces2__python.so
[3.914s] -- Up-to-date symlink: /home/unitree/imes-g1/install/livox_ros_driver2/share/livox_ros_driver2/msg/CustomPoint.idl
[3.915s] -- Up-to-date symlink: /home/unitree/imes-g1/install/livox_ros_driver2/share/livox_ros_driver2/msg/CustomMsg.idl
[3.915s] -- Up-to-date symlink: /home/unitree/imes-g1/install/livox_ros_driver2/share/livox_ros_driver2/msg/CustomPoint.msg
[3.915s] -- Up-to-date symlink: /home/unitree/imes-g1/install/livox_ros_driver2/share/livox_ros_driver2/msg/CustomMsg.msg
[3.916s] -- Up-to-date symlink: /home/unitree/imes-g1/install/livox_ros_driver2/lib/livox_ros_driver2/livox_ros_driver2_node
[3.916s] -- Up-to-date symlink: /home/unitree/imes-g1/install/livox_ros_driver2/lib/liblivox_ros_driver2.so
[3.917s] -- Up-to-date symlink: /home/unitree/imes-g1/install/livox_ros_driver2/share/livox_ros_driver2/config/HAP_config.json
[3.917s] -- Up-to-date symlink: /home/unitree/imes-g1/install/livox_ros_driver2/share/livox_ros_driver2/config/MID360_config.json
[3.917s] -- Up-to-date symlink: /home/unitree/imes-g1/install/livox_ros_driver2/share/livox_ros_driver2/config/display_point_cloud_ROS1.rviz
[3.918s] -- Up-to-date symlink: /home/unitree/imes-g1/install/livox_ros_driver2/share/livox_ros_driver2/config/display_point_cloud_ROS2.rviz
[3.918s] -- Up-to-date symlink: /home/unitree/imes-g1/install/livox_ros_driver2/share/livox_ros_driver2/config/mixed_HAP_MID360_config.json
[3.919s] -- Up-to-date symlink: /home/unitree/imes-g1/install/livox_ros_driver2/share/livox_ros_driver2/launch/msg_HAP_launch.py
[3.919s] -- Up-to-date symlink: /home/unitree/imes-g1/install/livox_ros_driver2/share/livox_ros_driver2/launch/msg_MID360_launch.py
[3.919s] -- Up-to-date symlink: /home/unitree/imes-g1/install/livox_ros_driver2/share/livox_ros_driver2/launch/rviz_HAP_launch.py
[3.919s] -- Up-to-date symlink: /home/unitree/imes-g1/install/livox_ros_driver2/share/livox_ros_driver2/launch/rviz_MID360_launch.py
[3.920s] -- Up-to-date symlink: /home/unitree/imes-g1/install/livox_ros_driver2/share/livox_ros_driver2/launch/rviz_mixed.py
[3.920s] -- Up-to-date symlink: /home/unitree/imes-g1/install/livox_ros_driver2/share/ament_index/resource_index/package_run_dependencies/livox_ros_driver2
[3.920s] -- Up-to-date symlink: /home/unitree/imes-g1/install/livox_ros_driver2/share/ament_index/resource_index/parent_prefix_path/livox_ros_driver2
[3.921s] -- Up-to-date symlink: /home/unitree/imes-g1/install/livox_ros_driver2/share/livox_ros_driver2/environment/ament_prefix_path.sh
[3.921s] -- Up-to-date symlink: /home/unitree/imes-g1/install/livox_ros_driver2/share/livox_ros_driver2/environment/ament_prefix_path.dsv
[3.921s] -- Up-to-date symlink: /home/unitree/imes-g1/install/livox_ros_driver2/share/livox_ros_driver2/environment/path.sh
[3.922s] -- Up-to-date symlink: /home/unitree/imes-g1/install/livox_ros_driver2/share/livox_ros_driver2/environment/path.dsv
[3.922s] -- Up-to-date symlink: /home/unitree/imes-g1/install/livox_ros_driver2/share/livox_ros_driver2/local_setup.bash
[3.922s] -- Up-to-date symlink: /home/unitree/imes-g1/install/livox_ros_driver2/share/livox_ros_driver2/local_setup.sh
[3.922s] -- Up-to-date symlink: /home/unitree/imes-g1/install/livox_ros_driver2/share/livox_ros_driver2/local_setup.zsh
[3.923s] -- Up-to-date symlink: /home/unitree/imes-g1/install/livox_ros_driver2/share/livox_ros_driver2/local_setup.dsv
[3.923s] -- Symlinking: /home/unitree/imes-g1/install/livox_ros_driver2/share/livox_ros_driver2/package.dsv
[3.928s] -- Up-to-date symlink: /home/unitree/imes-g1/install/livox_ros_driver2/share/ament_index/resource_index/packages/livox_ros_driver2
[3.929s] -- Up-to-date symlink: /home/unitree/imes-g1/install/livox_ros_driver2/share/ament_index/resource_index/rclcpp_components/livox_ros_driver2
[3.929s] -- Up-to-date symlink: /home/unitree/imes-g1/install/livox_ros_driver2/share/livox_ros_driver2/cmake/rosidl_cmake-extras.cmake
[3.929s] -- Up-to-date symlink: /home/unitree/imes-g1/install/livox_ros_driver2/share/livox_ros_driver2/cmake/ament_cmake_export_dependencies-extras.cmake
[3.930s] -- Up-to-date symlink: /home/unitree/imes-g1/install/livox_ros_driver2/share/livox_ros_driver2/cmake/ament_cmake_export_libraries-extras.cmake
[3.930s] -- Up-to-date symlink: /home/unitree/imes-g1/install/livox_ros_driver2/share/livox_ros_driver2/cmake/ament_cmake_export_targets-extras.cmake
[3.931s] -- Up-to-date symlink: /home/unitree/imes-g1/install/livox_ros_driver2/share/livox_ros_driver2/cmake/ament_cmake_export_include_directories-extras.cmake
[3.931s] -- Up-to-date symlink: /home/unitree/imes-g1/install/livox_ros_driver2/share/livox_ros_driver2/cmake/rosidl_cmake_export_typesupport_libraries-extras.cmake
[3.931s] -- Up-to-date symlink: /home/unitree/imes-g1/install/livox_ros_driver2/share/livox_ros_driver2/cmake/rosidl_cmake_export_typesupport_targets-extras.cmake
[3.932s] -- Up-to-date symlink: /home/unitree/imes-g1/install/livox_ros_driver2/share/livox_ros_driver2/cmake/livox_ros_driver2Config.cmake
[3.932s] -- Up-to-date symlink: /home/unitree/imes-g1/install/livox_ros_driver2/share/livox_ros_driver2/cmake/livox_ros_driver2Config-version.cmake
[3.932s] -- Up-to-date symlink: /home/unitree/imes-g1/install/livox_ros_driver2/share/livox_ros_driver2/package.xml
[3.933s] -- Up-to-date: /home/unitree/imes-g1/install/livox_ros_driver2/lib/liblivox_ros_driver2__rosidl_generator_c.so
[3.933s] -- Up-to-date: /home/unitree/imes-g1/install/livox_ros_driver2/lib/liblivox_ros_driver2__rosidl_typesupport_introspection_c.so
[3.934s] -- Up-to-date: /home/unitree/imes-g1/install/livox_ros_driver2/lib/liblivox_ros_driver2__rosidl_typesupport_c.so
[3.934s] -- Up-to-date: /home/unitree/imes-g1/install/livox_ros_driver2/lib/liblivox_ros_driver2__rosidl_typesupport_introspection_cpp.so
[3.935s] -- Up-to-date: /home/unitree/imes-g1/install/livox_ros_driver2/lib/liblivox_ros_driver2__rosidl_typesupport_cpp.so
[3.990s] Compiling '/home/unitree/imes-g1/install/livox_ros_driver2/lib/python3.8/site-packages/livox_ros_driver2/__init__.py'...
[3.999s] -- Up-to-date: /home/unitree/imes-g1/install/livox_ros_driver2/share/livox_ros_driver2/cmake/livox_interfaces2__rosidl_generator_cExport.cmake
[4.000s] -- Up-to-date: /home/unitree/imes-g1/install/livox_ros_driver2/share/livox_ros_driver2/cmake/livox_interfaces2__rosidl_generator_cExport-noconfig.cmake
[4.000s] -- Up-to-date: /home/unitree/imes-g1/install/livox_ros_driver2/share/livox_ros_driver2/cmake/livox_interfaces2__rosidl_typesupport_introspection_cExport.cmake
[4.000s] -- Up-to-date: /home/unitree/imes-g1/install/livox_ros_driver2/share/livox_ros_driver2/cmake/livox_interfaces2__rosidl_typesupport_introspection_cExport-noconfig.cmake
[4.001s] -- Up-to-date: /home/unitree/imes-g1/install/livox_ros_driver2/share/livox_ros_driver2/cmake/livox_interfaces2__rosidl_typesupport_cExport.cmake
[4.001s] -- Up-to-date: /home/unitree/imes-g1/install/livox_ros_driver2/share/livox_ros_driver2/cmake/livox_interfaces2__rosidl_typesupport_cExport-noconfig.cmake
[4.001s] -- Up-to-date: /home/unitree/imes-g1/install/livox_ros_driver2/share/livox_ros_driver2/cmake/livox_interfaces2__rosidl_generator_cppExport.cmake
[4.002s] -- Up-to-date: /home/unitree/imes-g1/install/livox_ros_driver2/share/livox_ros_driver2/cmake/livox_interfaces2__rosidl_typesupport_introspection_cppExport.cmake
[4.002s] -- Up-to-date: /home/unitree/imes-g1/install/livox_ros_driver2/share/livox_ros_driver2/cmake/livox_interfaces2__rosidl_typesupport_introspection_cppExport-noconfig.cmake
[4.002s] -- Up-to-date: /home/unitree/imes-g1/install/livox_ros_driver2/share/livox_ros_driver2/cmake/livox_interfaces2__rosidl_typesupport_cppExport.cmake
[4.002s] -- Up-to-date: /home/unitree/imes-g1/install/livox_ros_driver2/share/livox_ros_driver2/cmake/livox_interfaces2__rosidl_typesupport_cppExport-noconfig.cmake
[4.016s] Invoked command in '/home/unitree/imes-g1/build/livox_ros_driver2' returned '0': CMAKE_PREFIX_PATH=${CMAKE_PREFIX_PATH}:/opt/ros/foxy /home/unitree/.local/bin/cmake --install /home/unitree/imes-g1/build/livox_ros_driver2
