[0.098s] Invoking command in '/home/unitree/imes-g1/build/unitree_go': CONDA_PROMPT_MODIFIER=(base) /home/unitree/.local/bin/cmake --build /home/unitree/imes-g1/build/unitree_go -- -j8 -l8
[0.185s] make: Warning: File 'Makefile' has modification time 1770115986 s in the future
[0.236s] [31mCMake Error at CMakeLists.txt:19 (find_package):
[0.237s]   By not providing "Findament_cmake.cmake" in CMAKE_MODULE_PATH this project
[0.237s]   has asked CMake to find a package configuration file provided by
[0.237s]   "ament_cmake", but CMake did not find one.
[0.237s] 
[0.237s]   Could not find a package configuration file provided by "ament_cmake" with
[0.237s]   any of the following names:
[0.238s] 
[0.238s]     ament_cmakeConfig.cmake
[0.238s]     ament_cmake-config.cmake
[0.238s] 
[0.238s]   Add the installation prefix of "ament_cmake" to CMAKE_PREFIX_PATH or set
[0.238s]   "ament_cmake_DIR" to a directory containing one of the above files.  If
[0.238s]   "ament_cmake" provides a separate development package or SDK, be sure it
[0.238s]   has been installed.
[0.239s] 
[0.239s] [0m
[0.242s] -- Configuring incomplete, errors occurred!
[0.249s] make: *** [Makefile:5701: cmake_check_build_system] Error 1
