-- The C compiler identification is GNU 9.4.0
-- The CXX compiler identification is GNU 9.4.0
-- Detecting C compiler ABI info
-- Detecting C compiler ABI info - done
-- Check for working C compiler: /usr/bin/cc - skipped
-- Detecting C compile features
-- Detecting C compile features - done
-- Detecting CXX compiler ABI info
-- Detecting CXX compiler ABI info - done
-- Check for working CXX compiler: /usr/bin/c++ - skipped
-- Detecting CXX compile features
-- Detecting CXX compile features - done
-- Found ament_cmake: 0.9.12 (/opt/ros/foxy/share/ament_cmake/cmake)
-- Found PythonInterp: /usr/bin/python3 (found suitable version "3.8.10", minimum required is "3") 
-- Using PYTHON_EXECUTABLE: /usr/bin/python3
-- Override CMake install command with custom implementation using symlinks instead of copying resources
-- Found ament_lint_auto: 0.9.8 (/opt/ros/foxy/share/ament_lint_auto/cmake)
-- Added test 'copyright' to check source files copyright and LICENSE
-- Added test 'flake8' to check Python code syntax and style conventions
-- Added test 'lint_cmake' to check CMake code style
-- Added test 'pep257' to check Python code against some of the style conventions in PEP 257
-- Added test 'xmllint' to check XML markup files
-- Configuring done
-- Generating done
-- Build files have been written to: /home/unitree/imes-g1/build/g1_lidar
-- Install configuration: ""
-- Execute custom install script
-- Symlinking: /home/unitree/imes-g1/install/g1_lidar/share/ament_index/resource_index/package_run_dependencies/g1_lidar
-- Symlinking: /home/unitree/imes-g1/install/g1_lidar/share/ament_index/resource_index/parent_prefix_path/g1_lidar
-- Symlinking: /home/unitree/imes-g1/install/g1_lidar/share/g1_lidar/environment/ament_prefix_path.sh
-- Symlinking: /home/unitree/imes-g1/install/g1_lidar/share/g1_lidar/environment/ament_prefix_path.dsv
-- Symlinking: /home/unitree/imes-g1/install/g1_lidar/share/g1_lidar/environment/path.sh
-- Symlinking: /home/unitree/imes-g1/install/g1_lidar/share/g1_lidar/environment/path.dsv
-- Symlinking: /home/unitree/imes-g1/install/g1_lidar/share/g1_lidar/local_setup.bash
-- Symlinking: /home/unitree/imes-g1/install/g1_lidar/share/g1_lidar/local_setup.sh
-- Symlinking: /home/unitree/imes-g1/install/g1_lidar/share/g1_lidar/local_setup.zsh
-- Symlinking: /home/unitree/imes-g1/install/g1_lidar/share/g1_lidar/local_setup.dsv
-- Symlinking: /home/unitree/imes-g1/install/g1_lidar/share/g1_lidar/package.dsv
-- Symlinking: /home/unitree/imes-g1/install/g1_lidar/share/ament_index/resource_index/packages/g1_lidar
-- Symlinking: /home/unitree/imes-g1/install/g1_lidar/share/g1_lidar/cmake/g1_lidarConfig.cmake
-- Symlinking: /home/unitree/imes-g1/install/g1_lidar/share/g1_lidar/cmake/g1_lidarConfig-version.cmake
-- Symlinking: /home/unitree/imes-g1/install/g1_lidar/share/g1_lidar/package.xml
-- Symlinking: /home/unitree/imes-g1/install/g1_lidar/share/g1_lidar/config/fast_lio.yaml
-- Symlinking: /home/unitree/imes-g1/install/g1_lidar/share/g1_lidar/config/kiss_icp.yaml
-- Symlinking: /home/unitree/imes-g1/install/g1_lidar/share/g1_lidar/config/livox_mid360.json
-- Symlinking: /home/unitree/imes-g1/install/g1_lidar/share/g1_lidar/launch/2d_scanner.launch.py
-- Symlinking: /home/unitree/imes-g1/install/g1_lidar/share/g1_lidar/launch/fast_lio_odom.launch.py
-- Symlinking: /home/unitree/imes-g1/install/g1_lidar/share/g1_lidar/launch/kiss_lio.launch.py
-- Symlinking: /home/unitree/imes-g1/install/g1_lidar/share/g1_lidar/launch/livox_mid360.launch.py
