[0.194s] Invoking command in '/home/unitree/imes-g1/build/g1_viz': CMAKE_PREFIX_PATH=${CMAKE_PREFIX_PATH}:/opt/ros/foxy /home/unitree/.local/bin/cmake --build /home/unitree/imes-g1/build/g1_viz -- -j8 -l8
[0.379s] Invoked command in '/home/unitree/imes-g1/build/g1_viz' returned '0': CMAKE_PREFIX_PATH=${CMAKE_PREFIX_PATH}:/opt/ros/foxy /home/unitree/.local/bin/cmake --build /home/unitree/imes-g1/build/g1_viz -- -j8 -l8
[0.386s] Invoking command in '/home/unitree/imes-g1/build/g1_viz': CMAKE_PREFIX_PATH=${CMAKE_PREFIX_PATH}:/opt/ros/foxy /home/unitree/.local/bin/cmake --install /home/unitree/imes-g1/build/g1_viz
[0.452s] -- Install configuration: ""
[0.452s] -- Execute custom install script
[0.453s] -- Up-to-date symlink: /home/unitree/imes-g1/install/g1_viz/share/g1_viz/launch/view_robot.launch.py
[0.453s] -- Up-to-date symlink: /home/unitree/imes-g1/install/g1_viz/share/g1_viz/rviz/model.rviz
[0.453s] -- Up-to-date symlink: /home/unitree/imes-g1/install/g1_viz/share/g1_viz/rviz/robot.rviz
[0.454s] -- Up-to-date symlink: /home/unitree/imes-g1/install/g1_viz/share/ament_index/resource_index/package_run_dependencies/g1_viz
[0.454s] -- Up-to-date symlink: /home/unitree/imes-g1/install/g1_viz/share/ament_index/resource_index/parent_prefix_path/g1_viz
[0.455s] -- Up-to-date symlink: /home/unitree/imes-g1/install/g1_viz/share/g1_viz/environment/ament_prefix_path.sh
[0.455s] -- Up-to-date symlink: /home/unitree/imes-g1/install/g1_viz/share/g1_viz/environment/ament_prefix_path.dsv
[0.455s] -- Up-to-date symlink: /home/unitree/imes-g1/install/g1_viz/share/g1_viz/environment/path.sh
[0.455s] -- Up-to-date symlink: /home/unitree/imes-g1/install/g1_viz/share/g1_viz/environment/path.dsv
[0.456s] -- Up-to-date symlink: /home/unitree/imes-g1/install/g1_viz/share/g1_viz/local_setup.bash
[0.456s] -- Up-to-date symlink: /home/unitree/imes-g1/install/g1_viz/share/g1_viz/local_setup.sh
[0.456s] -- Up-to-date symlink: /home/unitree/imes-g1/install/g1_viz/share/g1_viz/local_setup.zsh
[0.456s] -- Up-to-date symlink: /home/unitree/imes-g1/install/g1_viz/share/g1_viz/local_setup.dsv
[0.456s] -- Symlinking: /home/unitree/imes-g1/install/g1_viz/share/g1_viz/package.dsv
[0.465s] -- Up-to-date symlink: /home/unitree/imes-g1/install/g1_viz/share/ament_index/resource_index/packages/g1_viz
[0.465s] -- Up-to-date symlink: /home/unitree/imes-g1/install/g1_viz/share/g1_viz/cmake/g1_vizConfig.cmake
[0.465s] -- Up-to-date symlink: /home/unitree/imes-g1/install/g1_viz/share/g1_viz/cmake/g1_vizConfig-version.cmake
[0.465s] -- Up-to-date symlink: /home/unitree/imes-g1/install/g1_viz/share/g1_viz/package.xml
[0.721s] Invoked command in '/home/unitree/imes-g1/build/g1_viz' returned '0': CMAKE_PREFIX_PATH=${CMAKE_PREFIX_PATH}:/opt/ros/foxy /home/unitree/.local/bin/cmake --install /home/unitree/imes-g1/build/g1_viz
