[0.111s] Invoking command in '/home/unitree/imes-g1/build/unitree_hg': CMAKE_PREFIX_PATH=${CMAKE_PREFIX_PATH}:/opt/ros/foxy /home/unitree/.local/bin/cmake /home/unitree/imes-g1/src/third_party/unitree/12Aug2025_unitree_ros2/cyclonedds_ws/src/unitree/unitree_hg -DCMAKE_INSTALL_PREFIX=/home/unitree/imes-g1/install/unitree_hg
[0.206s] -- Found ament_cmake: 0.9.12 (/opt/ros/foxy/share/ament_cmake/cmake)
[0.268s] -- Found PythonInterp: /usr/bin/python3 (found suitable version "3.8.10", minimum required is "3") 
[0.268s] -- Using PYTHON_EXECUTABLE: /usr/bin/python3
[0.713s] -- Override CMake install command with custom implementation using symlinks instead of copying resources
[0.735s] -- Found geometry_msgs: 2.0.5 (/opt/ros/foxy/share/geometry_msgs/cmake)
[0.782s] -- Using all available rosidl_typesupport_c: rosidl_typesupport_fastrtps_c;rosidl_typesupport_introspection_c
[0.789s] -- Found rosidl_adapter: 1.3.1 (/opt/ros/foxy/share/rosidl_adapter/cmake)
[1.050s] -- Using all available rosidl_typesupport_cpp: rosidl_typesupport_fastrtps_cpp;rosidl_typesupport_introspection_cpp
[1.190s] -- Found rosidl_default_generators: 1.0.1 (/opt/ros/foxy/share/rosidl_default_generators/cmake)
[1.208s] -- Found rosidl_generator_dds_idl: 0.7.1 (/opt/ros/foxy/share/rosidl_generator_dds_idl/cmake)
[1.263s] -- Found PythonInterp: /usr/bin/python3 (found version "3.8.10") 
[1.685s] -- Found ament_cmake_ros: 0.9.2 (/opt/ros/foxy/share/ament_cmake_ros/cmake)
[2.143s] -- Using all available rosidl_typesupport_c: rosidl_typesupport_fastrtps_c;rosidl_typesupport_introspection_c
[2.323s] -- Using all available rosidl_typesupport_cpp: rosidl_typesupport_fastrtps_cpp;rosidl_typesupport_introspection_cpp
[2.384s] -- Found PythonInterp: /usr/bin/python3 (found suitable version "3.8.10", minimum required is "3.5") 
[2.384s] -- Found python_cmake_module: 0.8.1 (/opt/ros/foxy/share/python_cmake_module/cmake)
[2.433s] -- Using PYTHON_EXECUTABLE: /usr/bin/python3
[2.434s] -- Using PYTHON_INCLUDE_DIRS: /usr/include/python3.8
[2.434s] -- Using PYTHON_LIBRARIES: /usr/lib/aarch64-linux-gnu/libpython3.8.so
[2.631s] -- Found ament_lint_auto: 0.9.8 (/opt/ros/foxy/share/ament_lint_auto/cmake)
[2.631s] -- Added test 'copyright' to check source files copyright and LICENSE
[2.631s] -- Added test 'lint_cmake' to check CMake code style
[2.631s] -- Added test 'xmllint' to check XML markup files
[2.632s] -- Configuring done
[2.767s] -- Generating done
[2.799s] -- Build files have been written to: /home/unitree/imes-g1/build/unitree_hg
[2.835s] Invoked command in '/home/unitree/imes-g1/build/unitree_hg' returned '0': CMAKE_PREFIX_PATH=${CMAKE_PREFIX_PATH}:/opt/ros/foxy /home/unitree/.local/bin/cmake /home/unitree/imes-g1/src/third_party/unitree/12Aug2025_unitree_ros2/cyclonedds_ws/src/unitree/unitree_hg -DCMAKE_INSTALL_PREFIX=/home/unitree/imes-g1/install/unitree_hg
[2.837s] Invoking command in '/home/unitree/imes-g1/build/unitree_hg': CMAKE_PREFIX_PATH=${CMAKE_PREFIX_PATH}:/opt/ros/foxy /home/unitree/.local/bin/cmake --build /home/unitree/imes-g1/build/unitree_hg -- -j8 -l8
[3.111s] [  1%] Built target unitree_hg__dds_connext_idl
[3.111s] [35m[1mConsolidate compiler generated dependencies of target unitree_hg__rosidl_generator_c[0m
[3.111s] [  1%] Built target unitree_hg__cpp
[3.111s] [ 13%] Built target unitree_hg__rosidl_generator_c
[3.111s] [35m[1mConsolidate compiler generated dependencies of target unitree_hg__rosidl_typesupport_fastrtps_cpp[0m
[3.111s] [35m[1mConsolidate compiler generated dependencies of target unitree_hg__rosidl_typesupport_cpp[0m
[3.111s] [35m[1mConsolidate compiler generated dependencies of target unitree_hg__rosidl_typesupport_c[0m
[3.119s] [35m[1mConsolidate compiler generated dependencies of target unitree_hg__rosidl_typesupport_introspection_cpp[0m
[3.126s] [35m[1mConsolidate compiler generated dependencies of target unitree_hg__rosidl_typesupport_introspection_c[0m
[3.128s] [ 24%] Built target unitree_hg__rosidl_typesupport_c
[3.132s] [ 36%] Built target unitree_hg__rosidl_typesupport_fastrtps_cpp
[3.139s] [ 48%] Built target unitree_hg__rosidl_typesupport_cpp
[3.140s] [ 59%] Built target unitree_hg__rosidl_typesupport_introspection_c
[3.146s] [ 71%] Built target unitree_hg__rosidl_typesupport_introspection_cpp
[3.151s] [35m[1mConsolidate compiler generated dependencies of target unitree_hg__rosidl_typesupport_fastrtps_c[0m
[3.174s] [ 82%] Built target unitree_hg__rosidl_typesupport_fastrtps_c
[3.191s] [ 82%] Built target unitree_hg
[3.213s] [ 83%] Built target unitree_hg__py
[3.228s] [35m[1mConsolidate compiler generated dependencies of target unitree_hg__python[0m
[3.254s] [ 94%] Built target unitree_hg__python
[3.276s] [35m[1mConsolidate compiler generated dependencies of target unitree_hg__rosidl_typesupport_fastrtps_c__pyext[0m
[3.281s] [35m[1mConsolidate compiler generated dependencies of target unitree_hg__rosidl_typesupport_c__pyext[0m
[3.286s] [35m[1mConsolidate compiler generated dependencies of target unitree_hg__rosidl_typesupport_introspection_c__pyext[0m
[3.325s] [ 96%] Built target unitree_hg__rosidl_typesupport_c__pyext
[3.333s] [ 98%] Built target unitree_hg__rosidl_typesupport_fastrtps_c__pyext
[3.341s] [100%] Built target unitree_hg__rosidl_typesupport_introspection_c__pyext
[3.405s] Invoked command in '/home/unitree/imes-g1/build/unitree_hg' returned '0': CMAKE_PREFIX_PATH=${CMAKE_PREFIX_PATH}:/opt/ros/foxy /home/unitree/.local/bin/cmake --build /home/unitree/imes-g1/build/unitree_hg -- -j8 -l8
[3.412s] Invoking command in '/home/unitree/imes-g1/build/unitree_hg': CMAKE_PREFIX_PATH=${CMAKE_PREFIX_PATH}:/opt/ros/foxy /home/unitree/.local/bin/cmake --install /home/unitree/imes-g1/build/unitree_hg
[3.516s] -- Install configuration: ""
[3.517s] -- Execute custom install script
[3.517s] -- Up-to-date symlink: /home/unitree/imes-g1/install/unitree_hg/share/ament_index/resource_index/rosidl_interfaces/unitree_hg
[3.522s] -- Up-to-date symlink: /home/unitree/imes-g1/install/unitree_hg/include/unitree_hg/msg/bms_cmd.h
[3.522s] -- Up-to-date symlink: /home/unitree/imes-g1/install/unitree_hg/include/unitree_hg/msg/bms_state.h
[3.523s] -- Up-to-date symlink: /home/unitree/imes-g1/install/unitree_hg/include/unitree_hg/msg/detail/bms_cmd__functions.h
[3.523s] -- Up-to-date symlink: /home/unitree/imes-g1/install/unitree_hg/include/unitree_hg/msg/detail/bms_cmd__struct.h
[3.523s] -- Up-to-date symlink: /home/unitree/imes-g1/install/unitree_hg/include/unitree_hg/msg/detail/bms_cmd__type_support.h
[3.523s] -- Up-to-date symlink: /home/unitree/imes-g1/install/unitree_hg/include/unitree_hg/msg/detail/bms_state__functions.h
[3.523s] -- Up-to-date symlink: /home/unitree/imes-g1/install/unitree_hg/include/unitree_hg/msg/detail/bms_state__struct.h
[3.523s] -- Up-to-date symlink: /home/unitree/imes-g1/install/unitree_hg/include/unitree_hg/msg/detail/bms_state__type_support.h
[3.523s] -- Up-to-date symlink: /home/unitree/imes-g1/install/unitree_hg/include/unitree_hg/msg/detail/hand_cmd__functions.h
[3.523s] -- Up-to-date symlink: /home/unitree/imes-g1/install/unitree_hg/include/unitree_hg/msg/detail/hand_cmd__struct.h
[3.524s] -- Up-to-date symlink: /home/unitree/imes-g1/install/unitree_hg/include/unitree_hg/msg/detail/hand_cmd__type_support.h
[3.524s] -- Up-to-date symlink: /home/unitree/imes-g1/install/unitree_hg/include/unitree_hg/msg/detail/hand_state__functions.h
[3.524s] -- Up-to-date symlink: /home/unitree/imes-g1/install/unitree_hg/include/unitree_hg/msg/detail/hand_state__struct.h
[3.524s] -- Up-to-date symlink: /home/unitree/imes-g1/install/unitree_hg/include/unitree_hg/msg/detail/hand_state__type_support.h
[3.524s] -- Up-to-date symlink: /home/unitree/imes-g1/install/unitree_hg/include/unitree_hg/msg/detail/imu_state__functions.h
[3.524s] -- Up-to-date symlink: /home/unitree/imes-g1/install/unitree_hg/include/unitree_hg/msg/detail/imu_state__struct.h
[3.524s] -- Up-to-date symlink: /home/unitree/imes-g1/install/unitree_hg/include/unitree_hg/msg/detail/imu_state__type_support.h
[3.524s] -- Up-to-date symlink: /home/unitree/imes-g1/install/unitree_hg/include/unitree_hg/msg/detail/low_cmd__functions.h
[3.524s] -- Up-to-date symlink: /home/unitree/imes-g1/install/unitree_hg/include/unitree_hg/msg/detail/low_cmd__struct.h
[3.524s] -- Up-to-date symlink: /home/unitree/imes-g1/install/unitree_hg/include/unitree_hg/msg/detail/low_cmd__type_support.h
[3.525s] -- Up-to-date symlink: /home/unitree/imes-g1/install/unitree_hg/include/unitree_hg/msg/detail/low_state__functions.h
[3.525s] -- Up-to-date symlink: /home/unitree/imes-g1/install/unitree_hg/include/unitree_hg/msg/detail/low_state__struct.h
[3.525s] -- Up-to-date symlink: /home/unitree/imes-g1/install/unitree_hg/include/unitree_hg/msg/detail/low_state__type_support.h
[3.525s] -- Up-to-date symlink: /home/unitree/imes-g1/install/unitree_hg/include/unitree_hg/msg/detail/main_board_state__functions.h
[3.525s] -- Up-to-date symlink: /home/unitree/imes-g1/install/unitree_hg/include/unitree_hg/msg/detail/main_board_state__struct.h
[3.526s] -- Up-to-date symlink: /home/unitree/imes-g1/install/unitree_hg/include/unitree_hg/msg/detail/main_board_state__type_support.h
[3.526s] -- Up-to-date symlink: /home/unitree/imes-g1/install/unitree_hg/include/unitree_hg/msg/detail/motor_cmd__functions.h
[3.526s] -- Up-to-date symlink: /home/unitree/imes-g1/install/unitree_hg/include/unitree_hg/msg/detail/motor_cmd__struct.h
[3.529s] -- Up-to-date symlink: /home/unitree/imes-g1/install/unitree_hg/include/unitree_hg/msg/detail/motor_cmd__type_support.h
[3.529s] -- Up-to-date symlink: /home/unitree/imes-g1/install/unitree_hg/include/unitree_hg/msg/detail/motor_state__functions.h
[3.529s] -- Up-to-date symlink: /home/unitree/imes-g1/install/unitree_hg/include/unitree_hg/msg/detail/motor_state__struct.h
[3.530s] -- Up-to-date symlink: /home/unitree/imes-g1/install/unitree_hg/include/unitree_hg/msg/detail/motor_state__type_support.h
[3.530s] -- Up-to-date symlink: /home/unitree/imes-g1/install/unitree_hg/include/unitree_hg/msg/detail/press_sensor_state__functions.h
[3.530s] -- Up-to-date symlink: /home/unitree/imes-g1/install/unitree_hg/include/unitree_hg/msg/detail/press_sensor_state__struct.h
[3.530s] -- Up-to-date symlink: /home/unitree/imes-g1/install/unitree_hg/include/unitree_hg/msg/detail/press_sensor_state__type_support.h
[3.531s] -- Up-to-date symlink: /home/unitree/imes-g1/install/unitree_hg/include/unitree_hg/msg/hand_cmd.h
[3.532s] -- Up-to-date symlink: /home/unitree/imes-g1/install/unitree_hg/include/unitree_hg/msg/hand_state.h
[3.536s] -- Up-to-date symlink: /home/unitree/imes-g1/install/unitree_hg/include/unitree_hg/msg/imu_state.h
[3.536s] -- Up-to-date symlink: /home/unitree/imes-g1/install/unitree_hg/include/unitree_hg/msg/low_cmd.h
[3.536s] -- Up-to-date symlink: /home/unitree/imes-g1/install/unitree_hg/include/unitree_hg/msg/low_state.h
[3.536s] -- Up-to-date symlink: /home/unitree/imes-g1/install/unitree_hg/include/unitree_hg/msg/main_board_state.h
[3.536s] -- Up-to-date symlink: /home/unitree/imes-g1/install/unitree_hg/include/unitree_hg/msg/motor_cmd.h
[3.536s] -- Up-to-date symlink: /home/unitree/imes-g1/install/unitree_hg/include/unitree_hg/msg/motor_state.h
[3.537s] -- Up-to-date symlink: /home/unitree/imes-g1/install/unitree_hg/include/unitree_hg/msg/press_sensor_state.h
[3.537s] -- Up-to-date symlink: /home/unitree/imes-g1/install/unitree_hg/include/unitree_hg/msg/rosidl_generator_c__visibility_control.h
[3.538s] -- Up-to-date symlink: /home/unitree/imes-g1/install/unitree_hg/share/unitree_hg/environment/library_path.sh
[3.538s] -- Up-to-date symlink: /home/unitree/imes-g1/install/unitree_hg/share/unitree_hg/environment/library_path.dsv
[3.540s] -- Up-to-date symlink: /home/unitree/imes-g1/install/unitree_hg/include/unitree_hg/msg/detail/bms_cmd__rosidl_typesupport_fastrtps_c.h
[3.541s] -- Up-to-date symlink: /home/unitree/imes-g1/install/unitree_hg/include/unitree_hg/msg/detail/bms_state__rosidl_typesupport_fastrtps_c.h
[3.542s] -- Up-to-date symlink: /home/unitree/imes-g1/install/unitree_hg/include/unitree_hg/msg/detail/hand_cmd__rosidl_typesupport_fastrtps_c.h
[3.543s] -- Up-to-date symlink: /home/unitree/imes-g1/install/unitree_hg/include/unitree_hg/msg/detail/hand_state__rosidl_typesupport_fastrtps_c.h
[3.544s] -- Up-to-date symlink: /home/unitree/imes-g1/install/unitree_hg/include/unitree_hg/msg/detail/imu_state__rosidl_typesupport_fastrtps_c.h
[3.545s] -- Up-to-date symlink: /home/unitree/imes-g1/install/unitree_hg/include/unitree_hg/msg/detail/low_cmd__rosidl_typesupport_fastrtps_c.h
[3.546s] -- Up-to-date symlink: /home/unitree/imes-g1/install/unitree_hg/include/unitree_hg/msg/detail/low_state__rosidl_typesupport_fastrtps_c.h
[3.553s] -- Up-to-date symlink: /home/unitree/imes-g1/install/unitree_hg/include/unitree_hg/msg/detail/main_board_state__rosidl_typesupport_fastrtps_c.h
[3.554s] -- Up-to-date symlink: /home/unitree/imes-g1/install/unitree_hg/include/unitree_hg/msg/detail/motor_cmd__rosidl_typesupport_fastrtps_c.h
[3.554s] -- Up-to-date symlink: /home/unitree/imes-g1/install/unitree_hg/include/unitree_hg/msg/detail/motor_state__rosidl_typesupport_fastrtps_c.h
[3.554s] -- Up-to-date symlink: /home/unitree/imes-g1/install/unitree_hg/include/unitree_hg/msg/detail/press_sensor_state__rosidl_typesupport_fastrtps_c.h
[3.554s] -- Up-to-date symlink: /home/unitree/imes-g1/install/unitree_hg/include/unitree_hg/msg/rosidl_typesupport_fastrtps_c__visibility_control.h
[3.557s] -- Up-to-date symlink: /home/unitree/imes-g1/install/unitree_hg/lib/libunitree_hg__rosidl_typesupport_fastrtps_c.so
[3.559s] -- Up-to-date symlink: /home/unitree/imes-g1/install/unitree_hg/include/unitree_hg/msg/detail/bms_cmd__rosidl_typesupport_fastrtps_cpp.hpp
[3.560s] -- Up-to-date symlink: /home/unitree/imes-g1/install/unitree_hg/include/unitree_hg/msg/detail/bms_state__rosidl_typesupport_fastrtps_cpp.hpp
[3.560s] -- Up-to-date symlink: /home/unitree/imes-g1/install/unitree_hg/include/unitree_hg/msg/detail/hand_cmd__rosidl_typesupport_fastrtps_cpp.hpp
[3.561s] -- Up-to-date symlink: /home/unitree/imes-g1/install/unitree_hg/include/unitree_hg/msg/detail/hand_state__rosidl_typesupport_fastrtps_cpp.hpp
[3.561s] -- Up-to-date symlink: /home/unitree/imes-g1/install/unitree_hg/include/unitree_hg/msg/detail/imu_state__rosidl_typesupport_fastrtps_cpp.hpp
[3.562s] -- Up-to-date symlink: /home/unitree/imes-g1/install/unitree_hg/include/unitree_hg/msg/detail/low_cmd__rosidl_typesupport_fastrtps_cpp.hpp
[3.562s] -- Up-to-date symlink: /home/unitree/imes-g1/install/unitree_hg/include/unitree_hg/msg/detail/low_state__rosidl_typesupport_fastrtps_cpp.hpp
[3.576s] -- Up-to-date symlink: /home/unitree/imes-g1/install/unitree_hg/include/unitree_hg/msg/detail/main_board_state__rosidl_typesupport_fastrtps_cpp.hpp
[3.577s] -- Up-to-date symlink: /home/unitree/imes-g1/install/unitree_hg/include/unitree_hg/msg/detail/motor_cmd__rosidl_typesupport_fastrtps_cpp.hpp
[3.577s] -- Up-to-date symlink: /home/unitree/imes-g1/install/unitree_hg/include/unitree_hg/msg/detail/motor_state__rosidl_typesupport_fastrtps_cpp.hpp
[3.577s] -- Up-to-date symlink: /home/unitree/imes-g1/install/unitree_hg/include/unitree_hg/msg/detail/press_sensor_state__rosidl_typesupport_fastrtps_cpp.hpp
[3.577s] -- Up-to-date symlink: /home/unitree/imes-g1/install/unitree_hg/include/unitree_hg/msg/rosidl_typesupport_fastrtps_cpp__visibility_control.h
[3.577s] -- Up-to-date symlink: /home/unitree/imes-g1/install/unitree_hg/lib/libunitree_hg__rosidl_typesupport_fastrtps_cpp.so
[3.579s] -- Up-to-date symlink: /home/unitree/imes-g1/install/unitree_hg/include/unitree_hg/msg/detail/bms_cmd__rosidl_typesupport_introspection_c.h
[3.583s] -- Up-to-date symlink: /home/unitree/imes-g1/install/unitree_hg/include/unitree_hg/msg/detail/bms_state__rosidl_typesupport_introspection_c.h
[3.585s] -- Up-to-date symlink: /home/unitree/imes-g1/install/unitree_hg/include/unitree_hg/msg/detail/hand_cmd__rosidl_typesupport_introspection_c.h
[3.586s] -- Up-to-date symlink: /home/unitree/imes-g1/install/unitree_hg/include/unitree_hg/msg/detail/hand_state__rosidl_typesupport_introspection_c.h
[3.586s] -- Up-to-date symlink: /home/unitree/imes-g1/install/unitree_hg/include/unitree_hg/msg/detail/imu_state__rosidl_typesupport_introspection_c.h
[3.586s] -- Up-to-date symlink: /home/unitree/imes-g1/install/unitree_hg/include/unitree_hg/msg/detail/low_cmd__rosidl_typesupport_introspection_c.h
[3.586s] -- Up-to-date symlink: /home/unitree/imes-g1/install/unitree_hg/include/unitree_hg/msg/detail/low_state__rosidl_typesupport_introspection_c.h
[3.587s] -- Up-to-date symlink: /home/unitree/imes-g1/install/unitree_hg/include/unitree_hg/msg/detail/main_board_state__rosidl_typesupport_introspection_c.h
[3.587s] -- Up-to-date symlink: /home/unitree/imes-g1/install/unitree_hg/include/unitree_hg/msg/detail/motor_cmd__rosidl_typesupport_introspection_c.h
[3.587s] -- Up-to-date symlink: /home/unitree/imes-g1/install/unitree_hg/include/unitree_hg/msg/detail/motor_state__rosidl_typesupport_introspection_c.h
[3.589s] -- Up-to-date symlink: /home/unitree/imes-g1/install/unitree_hg/include/unitree_hg/msg/detail/press_sensor_state__rosidl_typesupport_introspection_c.h
[3.590s] -- Up-to-date symlink: /home/unitree/imes-g1/install/unitree_hg/include/unitree_hg/msg/rosidl_typesupport_introspection_c__visibility_control.h
[3.590s] -- Up-to-date symlink: /home/unitree/imes-g1/install/unitree_hg/include/unitree_hg/msg/bms_cmd.hpp
[3.591s] -- Up-to-date symlink: /home/unitree/imes-g1/install/unitree_hg/include/unitree_hg/msg/bms_state.hpp
[3.591s] -- Up-to-date symlink: /home/unitree/imes-g1/install/unitree_hg/include/unitree_hg/msg/detail/bms_cmd__builder.hpp
[3.591s] -- Up-to-date symlink: /home/unitree/imes-g1/install/unitree_hg/include/unitree_hg/msg/detail/bms_cmd__struct.hpp
[3.591s] -- Up-to-date symlink: /home/unitree/imes-g1/install/unitree_hg/include/unitree_hg/msg/detail/bms_cmd__traits.hpp
[3.591s] -- Up-to-date symlink: /home/unitree/imes-g1/install/unitree_hg/include/unitree_hg/msg/detail/bms_cmd__type_support.hpp
[3.591s] -- Up-to-date symlink: /home/unitree/imes-g1/install/unitree_hg/include/unitree_hg/msg/detail/bms_state__builder.hpp
[3.591s] -- Up-to-date symlink: /home/unitree/imes-g1/install/unitree_hg/include/unitree_hg/msg/detail/bms_state__struct.hpp
[3.591s] -- Up-to-date symlink: /home/unitree/imes-g1/install/unitree_hg/include/unitree_hg/msg/detail/bms_state__traits.hpp
[3.592s] -- Up-to-date symlink: /home/unitree/imes-g1/install/unitree_hg/include/unitree_hg/msg/detail/bms_state__type_support.hpp
[3.592s] -- Up-to-date symlink: /home/unitree/imes-g1/install/unitree_hg/include/unitree_hg/msg/detail/hand_cmd__builder.hpp
[3.592s] -- Up-to-date symlink: /home/unitree/imes-g1/install/unitree_hg/include/unitree_hg/msg/detail/hand_cmd__struct.hpp
[3.592s] -- Up-to-date symlink: /home/unitree/imes-g1/install/unitree_hg/include/unitree_hg/msg/detail/hand_cmd__traits.hpp
[3.592s] -- Up-to-date symlink: /home/unitree/imes-g1/install/unitree_hg/include/unitree_hg/msg/detail/hand_cmd__type_support.hpp
[3.592s] -- Up-to-date symlink: /home/unitree/imes-g1/install/unitree_hg/include/unitree_hg/msg/detail/hand_state__builder.hpp
[3.592s] -- Up-to-date symlink: /home/unitree/imes-g1/install/unitree_hg/include/unitree_hg/msg/detail/hand_state__struct.hpp
[3.593s] -- Up-to-date symlink: /home/unitree/imes-g1/install/unitree_hg/include/unitree_hg/msg/detail/hand_state__traits.hpp
[3.593s] -- Up-to-date symlink: /home/unitree/imes-g1/install/unitree_hg/include/unitree_hg/msg/detail/hand_state__type_support.hpp
[3.593s] -- Up-to-date symlink: /home/unitree/imes-g1/install/unitree_hg/include/unitree_hg/msg/detail/imu_state__builder.hpp
[3.593s] -- Up-to-date symlink: /home/unitree/imes-g1/install/unitree_hg/include/unitree_hg/msg/detail/imu_state__struct.hpp
[3.594s] -- Up-to-date symlink: /home/unitree/imes-g1/install/unitree_hg/include/unitree_hg/msg/detail/imu_state__traits.hpp
[3.594s] -- Up-to-date symlink: /home/unitree/imes-g1/install/unitree_hg/include/unitree_hg/msg/detail/imu_state__type_support.hpp
[3.594s] -- Up-to-date symlink: /home/unitree/imes-g1/install/unitree_hg/include/unitree_hg/msg/detail/low_cmd__builder.hpp
[3.595s] -- Up-to-date symlink: /home/unitree/imes-g1/install/unitree_hg/include/unitree_hg/msg/detail/low_cmd__struct.hpp
[3.595s] -- Up-to-date symlink: /home/unitree/imes-g1/install/unitree_hg/include/unitree_hg/msg/detail/low_cmd__traits.hpp
[3.595s] -- Up-to-date symlink: /home/unitree/imes-g1/install/unitree_hg/include/unitree_hg/msg/detail/low_cmd__type_support.hpp
[3.595s] -- Up-to-date symlink: /home/unitree/imes-g1/install/unitree_hg/include/unitree_hg/msg/detail/low_state__builder.hpp
[3.596s] -- Up-to-date symlink: /home/unitree/imes-g1/install/unitree_hg/include/unitree_hg/msg/detail/low_state__struct.hpp
[3.596s] -- Up-to-date symlink: /home/unitree/imes-g1/install/unitree_hg/include/unitree_hg/msg/detail/low_state__traits.hpp
[3.596s] -- Up-to-date symlink: /home/unitree/imes-g1/install/unitree_hg/include/unitree_hg/msg/detail/low_state__type_support.hpp
[3.596s] -- Up-to-date symlink: /home/unitree/imes-g1/install/unitree_hg/include/unitree_hg/msg/detail/main_board_state__builder.hpp
[3.597s] -- Up-to-date symlink: /home/unitree/imes-g1/install/unitree_hg/include/unitree_hg/msg/detail/main_board_state__struct.hpp
[3.597s] -- Up-to-date symlink: /home/unitree/imes-g1/install/unitree_hg/include/unitree_hg/msg/detail/main_board_state__traits.hpp
[3.597s] -- Up-to-date symlink: /home/unitree/imes-g1/install/unitree_hg/include/unitree_hg/msg/detail/main_board_state__type_support.hpp
[3.598s] -- Up-to-date symlink: /home/unitree/imes-g1/install/unitree_hg/include/unitree_hg/msg/detail/motor_cmd__builder.hpp
[3.598s] -- Up-to-date symlink: /home/unitree/imes-g1/install/unitree_hg/include/unitree_hg/msg/detail/motor_cmd__struct.hpp
[3.604s] -- Up-to-date symlink: /home/unitree/imes-g1/install/unitree_hg/include/unitree_hg/msg/detail/motor_cmd__traits.hpp
[3.605s] -- Up-to-date symlink: /home/unitree/imes-g1/install/unitree_hg/include/unitree_hg/msg/detail/motor_cmd__type_support.hpp
[3.606s] -- Up-to-date symlink: /home/unitree/imes-g1/install/unitree_hg/include/unitree_hg/msg/detail/motor_state__builder.hpp
[3.607s] -- Up-to-date symlink: /home/unitree/imes-g1/install/unitree_hg/include/unitree_hg/msg/detail/motor_state__struct.hpp
[3.610s] -- Up-to-date symlink: /home/unitree/imes-g1/install/unitree_hg/include/unitree_hg/msg/detail/motor_state__traits.hpp
[3.610s] -- Up-to-date symlink: /home/unitree/imes-g1/install/unitree_hg/include/unitree_hg/msg/detail/motor_state__type_support.hpp
[3.610s] -- Up-to-date symlink: /home/unitree/imes-g1/install/unitree_hg/include/unitree_hg/msg/detail/press_sensor_state__builder.hpp
[3.610s] -- Up-to-date symlink: /home/unitree/imes-g1/install/unitree_hg/include/unitree_hg/msg/detail/press_sensor_state__struct.hpp
[3.611s] -- Up-to-date symlink: /home/unitree/imes-g1/install/unitree_hg/include/unitree_hg/msg/detail/press_sensor_state__traits.hpp
[3.611s] -- Up-to-date symlink: /home/unitree/imes-g1/install/unitree_hg/include/unitree_hg/msg/detail/press_sensor_state__type_support.hpp
[3.611s] -- Up-to-date symlink: /home/unitree/imes-g1/install/unitree_hg/include/unitree_hg/msg/hand_cmd.hpp
[3.611s] -- Up-to-date symlink: /home/unitree/imes-g1/install/unitree_hg/include/unitree_hg/msg/hand_state.hpp
[3.611s] -- Up-to-date symlink: /home/unitree/imes-g1/install/unitree_hg/include/unitree_hg/msg/imu_state.hpp
[3.611s] -- Up-to-date symlink: /home/unitree/imes-g1/install/unitree_hg/include/unitree_hg/msg/low_cmd.hpp
[3.611s] -- Up-to-date symlink: /home/unitree/imes-g1/install/unitree_hg/include/unitree_hg/msg/low_state.hpp
[3.611s] -- Up-to-date symlink: /home/unitree/imes-g1/install/unitree_hg/include/unitree_hg/msg/main_board_state.hpp
[3.611s] -- Up-to-date symlink: /home/unitree/imes-g1/install/unitree_hg/include/unitree_hg/msg/motor_cmd.hpp
[3.611s] -- Up-to-date symlink: /home/unitree/imes-g1/install/unitree_hg/include/unitree_hg/msg/motor_state.hpp
[3.612s] -- Up-to-date symlink: /home/unitree/imes-g1/install/unitree_hg/include/unitree_hg/msg/press_sensor_state.hpp
[3.612s] -- Up-to-date symlink: /home/unitree/imes-g1/install/unitree_hg/include/unitree_hg/msg/rosidl_generator_cpp__visibility_control.hpp
[3.612s] -- Up-to-date symlink: /home/unitree/imes-g1/install/unitree_hg/include/unitree_hg/msg/detail/bms_cmd__rosidl_typesupport_introspection_cpp.hpp
[3.612s] -- Up-to-date symlink: /home/unitree/imes-g1/install/unitree_hg/include/unitree_hg/msg/detail/bms_state__rosidl_typesupport_introspection_cpp.hpp
[3.612s] -- Up-to-date symlink: /home/unitree/imes-g1/install/unitree_hg/include/unitree_hg/msg/detail/hand_cmd__rosidl_typesupport_introspection_cpp.hpp
[3.612s] -- Up-to-date symlink: /home/unitree/imes-g1/install/unitree_hg/include/unitree_hg/msg/detail/hand_state__rosidl_typesupport_introspection_cpp.hpp
[3.612s] -- Up-to-date symlink: /home/unitree/imes-g1/install/unitree_hg/include/unitree_hg/msg/detail/imu_state__rosidl_typesupport_introspection_cpp.hpp
[3.612s] -- Up-to-date symlink: /home/unitree/imes-g1/install/unitree_hg/include/unitree_hg/msg/detail/low_cmd__rosidl_typesupport_introspection_cpp.hpp
[3.612s] -- Up-to-date symlink: /home/unitree/imes-g1/install/unitree_hg/include/unitree_hg/msg/detail/low_state__rosidl_typesupport_introspection_cpp.hpp
[3.613s] -- Up-to-date symlink: /home/unitree/imes-g1/install/unitree_hg/include/unitree_hg/msg/detail/main_board_state__rosidl_typesupport_introspection_cpp.hpp
[3.613s] -- Up-to-date symlink: /home/unitree/imes-g1/install/unitree_hg/include/unitree_hg/msg/detail/motor_cmd__rosidl_typesupport_introspection_cpp.hpp
[3.619s] -- Up-to-date symlink: /home/unitree/imes-g1/install/unitree_hg/include/unitree_hg/msg/detail/motor_state__rosidl_typesupport_introspection_cpp.hpp
[3.620s] -- Up-to-date symlink: /home/unitree/imes-g1/install/unitree_hg/include/unitree_hg/msg/detail/press_sensor_state__rosidl_typesupport_introspection_cpp.hpp
[3.620s] -- Up-to-date symlink: /home/unitree/imes-g1/install/unitree_hg/share/unitree_hg/environment/pythonpath.sh
[3.621s] -- Up-to-date symlink: /home/unitree/imes-g1/install/unitree_hg/share/unitree_hg/environment/pythonpath.dsv
[3.621s] -- Up-to-date symlink: /home/unitree/imes-g1/install/unitree_hg/lib/python3.8/site-packages/unitree_hg/__init__.py
[3.621s] -- Up-to-date symlink: /home/unitree/imes-g1/install/unitree_hg/lib/python3.8/site-packages/unitree_hg/msg/__init__.py
[3.621s] -- Up-to-date symlink: /home/unitree/imes-g1/install/unitree_hg/lib/python3.8/site-packages/unitree_hg/msg/_bms_cmd.py
[3.621s] -- Up-to-date symlink: /home/unitree/imes-g1/install/unitree_hg/lib/python3.8/site-packages/unitree_hg/msg/_bms_state.py
[3.621s] -- Up-to-date symlink: /home/unitree/imes-g1/install/unitree_hg/lib/python3.8/site-packages/unitree_hg/msg/_hand_cmd.py
[3.621s] -- Up-to-date symlink: /home/unitree/imes-g1/install/unitree_hg/lib/python3.8/site-packages/unitree_hg/msg/_hand_state.py
[3.621s] -- Up-to-date symlink: /home/unitree/imes-g1/install/unitree_hg/lib/python3.8/site-packages/unitree_hg/msg/_imu_state.py
[3.622s] -- Up-to-date symlink: /home/unitree/imes-g1/install/unitree_hg/lib/python3.8/site-packages/unitree_hg/msg/_low_cmd.py
[3.622s] -- Up-to-date symlink: /home/unitree/imes-g1/install/unitree_hg/lib/python3.8/site-packages/unitree_hg/msg/_low_state.py
[3.622s] -- Up-to-date symlink: /home/unitree/imes-g1/install/unitree_hg/lib/python3.8/site-packages/unitree_hg/msg/_main_board_state.py
[3.622s] -- Up-to-date symlink: /home/unitree/imes-g1/install/unitree_hg/lib/python3.8/site-packages/unitree_hg/msg/_motor_cmd.py
[3.622s] -- Up-to-date symlink: /home/unitree/imes-g1/install/unitree_hg/lib/python3.8/site-packages/unitree_hg/msg/_motor_state.py
[3.622s] -- Up-to-date symlink: /home/unitree/imes-g1/install/unitree_hg/lib/python3.8/site-packages/unitree_hg/msg/_press_sensor_state.py
[3.622s] -- Up-to-date symlink: /home/unitree/imes-g1/install/unitree_hg/lib/python3.8/site-packages/unitree_hg/unitree_hg_s__rosidl_typesupport_fastrtps_c.cpython-38-aarch64-linux-gnu.so
[3.622s] -- Up-to-date symlink: /home/unitree/imes-g1/install/unitree_hg/lib/python3.8/site-packages/unitree_hg/unitree_hg_s__rosidl_typesupport_introspection_c.cpython-38-aarch64-linux-gnu.so
[3.623s] -- Up-to-date symlink: /home/unitree/imes-g1/install/unitree_hg/lib/python3.8/site-packages/unitree_hg/unitree_hg_s__rosidl_typesupport_c.cpython-38-aarch64-linux-gnu.so
[3.623s] -- Up-to-date symlink: /home/unitree/imes-g1/install/unitree_hg/lib/libunitree_hg__python.so
[3.623s] -- Up-to-date symlink: /home/unitree/imes-g1/install/unitree_hg/share/unitree_hg/msg/BmsCmd.idl
[3.623s] -- Up-to-date symlink: /home/unitree/imes-g1/install/unitree_hg/share/unitree_hg/msg/BmsState.idl
[3.625s] -- Up-to-date symlink: /home/unitree/imes-g1/install/unitree_hg/share/unitree_hg/msg/HandCmd.idl
[3.625s] -- Up-to-date symlink: /home/unitree/imes-g1/install/unitree_hg/share/unitree_hg/msg/HandState.idl
[3.626s] -- Up-to-date symlink: /home/unitree/imes-g1/install/unitree_hg/share/unitree_hg/msg/IMUState.idl
[3.626s] -- Up-to-date symlink: /home/unitree/imes-g1/install/unitree_hg/share/unitree_hg/msg/LowCmd.idl
[3.626s] -- Up-to-date symlink: /home/unitree/imes-g1/install/unitree_hg/share/unitree_hg/msg/LowState.idl
[3.626s] -- Up-to-date symlink: /home/unitree/imes-g1/install/unitree_hg/share/unitree_hg/msg/MainBoardState.idl
[3.626s] -- Up-to-date symlink: /home/unitree/imes-g1/install/unitree_hg/share/unitree_hg/msg/MotorCmd.idl
[3.627s] -- Up-to-date symlink: /home/unitree/imes-g1/install/unitree_hg/share/unitree_hg/msg/MotorState.idl
[3.628s] -- Up-to-date symlink: /home/unitree/imes-g1/install/unitree_hg/share/unitree_hg/msg/PressSensorState.idl
[3.628s] -- Up-to-date symlink: /home/unitree/imes-g1/install/unitree_hg/share/unitree_hg/msg/BmsCmd.msg
[3.628s] -- Up-to-date symlink: /home/unitree/imes-g1/install/unitree_hg/share/unitree_hg/msg/BmsState.msg
[3.629s] -- Up-to-date symlink: /home/unitree/imes-g1/install/unitree_hg/share/unitree_hg/msg/HandCmd.msg
[3.630s] -- Up-to-date symlink: /home/unitree/imes-g1/install/unitree_hg/share/unitree_hg/msg/HandState.msg
[3.631s] -- Up-to-date symlink: /home/unitree/imes-g1/install/unitree_hg/share/unitree_hg/msg/IMUState.msg
[3.632s] -- Up-to-date symlink: /home/unitree/imes-g1/install/unitree_hg/share/unitree_hg/msg/LowCmd.msg
[3.632s] -- Up-to-date symlink: /home/unitree/imes-g1/install/unitree_hg/share/unitree_hg/msg/LowState.msg
[3.633s] -- Up-to-date symlink: /home/unitree/imes-g1/install/unitree_hg/share/unitree_hg/msg/MainBoardState.msg
[3.633s] -- Up-to-date symlink: /home/unitree/imes-g1/install/unitree_hg/share/unitree_hg/msg/MotorCmd.msg
[3.634s] -- Up-to-date symlink: /home/unitree/imes-g1/install/unitree_hg/share/unitree_hg/msg/MotorState.msg
[3.634s] -- Up-to-date symlink: /home/unitree/imes-g1/install/unitree_hg/share/unitree_hg/msg/PressSensorState.msg
[3.634s] -- Up-to-date symlink: /home/unitree/imes-g1/install/unitree_hg/share/unitree_hg/msg/dds_connext/BmsCmd_.idl
[3.635s] -- Up-to-date symlink: /home/unitree/imes-g1/install/unitree_hg/share/unitree_hg/msg/dds_connext/BmsState_.idl
[3.635s] -- Up-to-date symlink: /home/unitree/imes-g1/install/unitree_hg/share/unitree_hg/msg/dds_connext/HandCmd_.idl
[3.636s] -- Up-to-date symlink: /home/unitree/imes-g1/install/unitree_hg/share/unitree_hg/msg/dds_connext/HandState_.idl
[3.636s] -- Up-to-date symlink: /home/unitree/imes-g1/install/unitree_hg/share/unitree_hg/msg/dds_connext/IMUState_.idl
[3.637s] -- Up-to-date symlink: /home/unitree/imes-g1/install/unitree_hg/share/unitree_hg/msg/dds_connext/LowCmd_.idl
[3.637s] -- Up-to-date symlink: /home/unitree/imes-g1/install/unitree_hg/share/unitree_hg/msg/dds_connext/LowState_.idl
[3.637s] -- Up-to-date symlink: /home/unitree/imes-g1/install/unitree_hg/share/unitree_hg/msg/dds_connext/MainBoardState_.idl
[3.638s] -- Up-to-date symlink: /home/unitree/imes-g1/install/unitree_hg/share/unitree_hg/msg/dds_connext/MotorCmd_.idl
[3.638s] -- Up-to-date symlink: /home/unitree/imes-g1/install/unitree_hg/share/unitree_hg/msg/dds_connext/MotorState_.idl
[3.638s] -- Up-to-date symlink: /home/unitree/imes-g1/install/unitree_hg/share/unitree_hg/msg/dds_connext/PressSensorState_.idl
[3.639s] -- Up-to-date symlink: /home/unitree/imes-g1/install/unitree_hg/share/ament_index/resource_index/package_run_dependencies/unitree_hg
[3.640s] -- Up-to-date symlink: /home/unitree/imes-g1/install/unitree_hg/share/ament_index/resource_index/parent_prefix_path/unitree_hg
[3.640s] -- Up-to-date symlink: /home/unitree/imes-g1/install/unitree_hg/share/unitree_hg/environment/ament_prefix_path.sh
[3.641s] -- Up-to-date symlink: /home/unitree/imes-g1/install/unitree_hg/share/unitree_hg/environment/ament_prefix_path.dsv
[3.641s] -- Up-to-date symlink: /home/unitree/imes-g1/install/unitree_hg/share/unitree_hg/environment/path.sh
[3.641s] -- Up-to-date symlink: /home/unitree/imes-g1/install/unitree_hg/share/unitree_hg/environment/path.dsv
[3.641s] -- Up-to-date symlink: /home/unitree/imes-g1/install/unitree_hg/share/unitree_hg/local_setup.bash
[3.642s] -- Up-to-date symlink: /home/unitree/imes-g1/install/unitree_hg/share/unitree_hg/local_setup.sh
[3.643s] -- Up-to-date symlink: /home/unitree/imes-g1/install/unitree_hg/share/unitree_hg/local_setup.zsh
[3.644s] -- Up-to-date symlink: /home/unitree/imes-g1/install/unitree_hg/share/unitree_hg/local_setup.dsv
[3.644s] -- Symlinking: /home/unitree/imes-g1/install/unitree_hg/share/unitree_hg/package.dsv
[3.649s] -- Up-to-date symlink: /home/unitree/imes-g1/install/unitree_hg/share/ament_index/resource_index/packages/unitree_hg
[3.649s] -- Up-to-date symlink: /home/unitree/imes-g1/install/unitree_hg/share/unitree_hg/cmake/rosidl_cmake-extras.cmake
[3.650s] -- Up-to-date symlink: /home/unitree/imes-g1/install/unitree_hg/share/unitree_hg/cmake/ament_cmake_export_dependencies-extras.cmake
[3.651s] -- Up-to-date symlink: /home/unitree/imes-g1/install/unitree_hg/share/unitree_hg/cmake/ament_cmake_export_libraries-extras.cmake
[3.651s] -- Up-to-date symlink: /home/unitree/imes-g1/install/unitree_hg/share/unitree_hg/cmake/ament_cmake_export_targets-extras.cmake
[3.652s] -- Up-to-date symlink: /home/unitree/imes-g1/install/unitree_hg/share/unitree_hg/cmake/ament_cmake_export_include_directories-extras.cmake
[3.652s] -- Up-to-date symlink: /home/unitree/imes-g1/install/unitree_hg/share/unitree_hg/cmake/rosidl_cmake_export_typesupport_libraries-extras.cmake
[3.654s] -- Up-to-date symlink: /home/unitree/imes-g1/install/unitree_hg/share/unitree_hg/cmake/rosidl_cmake_export_typesupport_targets-extras.cmake
[3.655s] -- Up-to-date symlink: /home/unitree/imes-g1/install/unitree_hg/share/unitree_hg/cmake/unitree_hgConfig.cmake
[3.655s] -- Up-to-date symlink: /home/unitree/imes-g1/install/unitree_hg/share/unitree_hg/cmake/unitree_hgConfig-version.cmake
[3.656s] -- Up-to-date symlink: /home/unitree/imes-g1/install/unitree_hg/share/unitree_hg/package.xml
[3.656s] -- Up-to-date: /home/unitree/imes-g1/install/unitree_hg/lib/libunitree_hg__rosidl_generator_c.so
[3.656s] -- Up-to-date: /home/unitree/imes-g1/install/unitree_hg/lib/libunitree_hg__rosidl_typesupport_introspection_c.so
[3.656s] -- Up-to-date: /home/unitree/imes-g1/install/unitree_hg/lib/libunitree_hg__rosidl_typesupport_c.so
[3.657s] -- Up-to-date: /home/unitree/imes-g1/install/unitree_hg/lib/libunitree_hg__rosidl_typesupport_introspection_cpp.so
[3.659s] -- Up-to-date: /home/unitree/imes-g1/install/unitree_hg/lib/libunitree_hg__rosidl_typesupport_cpp.so
[3.738s] Compiling '/home/unitree/imes-g1/install/unitree_hg/lib/python3.8/site-packages/unitree_hg/__init__.py'...
[3.750s] -- Up-to-date: /home/unitree/imes-g1/install/unitree_hg/share/unitree_hg/cmake/unitree_hg__rosidl_generator_cExport.cmake
[3.751s] -- Up-to-date: /home/unitree/imes-g1/install/unitree_hg/share/unitree_hg/cmake/unitree_hg__rosidl_generator_cExport-noconfig.cmake
[3.751s] -- Up-to-date: /home/unitree/imes-g1/install/unitree_hg/share/unitree_hg/cmake/unitree_hg__rosidl_typesupport_introspection_cExport.cmake
[3.751s] -- Up-to-date: /home/unitree/imes-g1/install/unitree_hg/share/unitree_hg/cmake/unitree_hg__rosidl_typesupport_introspection_cExport-noconfig.cmake
[3.751s] -- Up-to-date: /home/unitree/imes-g1/install/unitree_hg/share/unitree_hg/cmake/unitree_hg__rosidl_typesupport_cExport.cmake
[3.751s] -- Up-to-date: /home/unitree/imes-g1/install/unitree_hg/share/unitree_hg/cmake/unitree_hg__rosidl_typesupport_cExport-noconfig.cmake
[3.751s] -- Up-to-date: /home/unitree/imes-g1/install/unitree_hg/share/unitree_hg/cmake/unitree_hg__rosidl_generator_cppExport.cmake
[3.751s] -- Up-to-date: /home/unitree/imes-g1/install/unitree_hg/share/unitree_hg/cmake/unitree_hg__rosidl_typesupport_introspection_cppExport.cmake
[3.752s] -- Up-to-date: /home/unitree/imes-g1/install/unitree_hg/share/unitree_hg/cmake/unitree_hg__rosidl_typesupport_introspection_cppExport-noconfig.cmake
[3.752s] -- Up-to-date: /home/unitree/imes-g1/install/unitree_hg/share/unitree_hg/cmake/unitree_hg__rosidl_typesupport_cppExport.cmake
[3.752s] -- Up-to-date: /home/unitree/imes-g1/install/unitree_hg/share/unitree_hg/cmake/unitree_hg__rosidl_typesupport_cppExport-noconfig.cmake
[3.789s] Invoked command in '/home/unitree/imes-g1/build/unitree_hg' returned '0': CMAKE_PREFIX_PATH=${CMAKE_PREFIX_PATH}:/opt/ros/foxy /home/unitree/.local/bin/cmake --install /home/unitree/imes-g1/build/unitree_hg
