-- Found ament_cmake: 0.9.12 (/opt/ros/foxy/share/ament_cmake/cmake)
-- Found PythonInterp: /usr/bin/python3 (found suitable version "3.8.10", minimum required is "3") 
-- Using PYTHON_EXECUTABLE: /usr/bin/python3
-- Override CMake install command with custom implementation using symlinks instead of copying resources
-- Found rcl: 1.1.14 (/opt/ros/foxy/share/rcl/cmake)
-- Using all available rosidl_typesupport_c: rosidl_typesupport_fastrtps_c;rosidl_typesupport_introspection_c
-- Found rosidl_adapter: 1.3.1 (/opt/ros/foxy/share/rosidl_adapter/cmake)
-- Using all available rosidl_typesupport_cpp: rosidl_typesupport_fastrtps_cpp;rosidl_typesupport_introspection_cpp
-- Found rmw_implementation_cmake: 1.0.4 (/opt/ros/foxy/share/rmw_implementation_cmake/cmake)
-- Using RMW implementation 'rmw_cyclonedds_cpp' as default
-- Found rclcpp: 2.4.3 (/opt/ros/foxy/share/rclcpp/cmake)
-- Found rosbag2_cpp: 0.3.11 (/opt/ros/foxy/share/rosbag2_cpp/cmake)
-- Setting yaml-cpp_DIR to: '/opt/ros/foxy/share/yaml_cpp_vendor/cmake/../../../opt/yaml_cpp_vendor/lib/cmake/yaml-cpp'
-- Found rosidl_default_generators: 1.0.1 (/opt/ros/foxy/share/rosidl_default_generators/cmake)
-- Found zstd_vendor: 0.3.11 (/opt/ros/foxy/share/zstd_vendor/cmake)
-- Found PythonInterp: /usr/bin/python3 (found version "3.8.10") 
-- Found ament_cmake_ros: 0.9.2 (/opt/ros/foxy/share/ament_cmake_ros/cmake)
-- Using all available rosidl_typesupport_c: rosidl_typesupport_fastrtps_c;rosidl_typesupport_introspection_c
-- Using all available rosidl_typesupport_cpp: rosidl_typesupport_fastrtps_cpp;rosidl_typesupport_introspection_cpp
-- Found PythonInterp: /usr/bin/python3 (found suitable version "3.8.10", minimum required is "3.5") 
-- Found python_cmake_module: 0.8.1 (/opt/ros/foxy/share/python_cmake_module/cmake)
-- Using PYTHON_EXECUTABLE: /usr/bin/python3
-- Using PYTHON_INCLUDE_DIRS: /usr/include/python3.8
-- Using PYTHON_LIBRARIES: /usr/lib/aarch64-linux-gnu/libpython3.8.so
-- Found ament_lint_auto: 0.9.8 (/opt/ros/foxy/share/ament_lint_auto/cmake)
-- Using PYTHON_EXECUTABLE: /usr/bin/python3
-- Using PYTHON_INCLUDE_DIRS: /usr/include/python3.8
-- Using PYTHON_LIBRARIES: /usr/lib/aarch64-linux-gnu/libpython3.8.so
-- Found gmock sources under '/opt/ros/foxy/src/gmock_vendor': C++ tests using 'Google Mock' will be built
-- Found gtest sources under '/opt/ros/foxy/src/gtest_vendor': C++ tests using 'Google Test' will be built
-- Added test 'copyright' to check source files copyright and LICENSE
-- Added test 'cppcheck' to perform static code analysis on C / C++ code
-- Configured cppcheck include dirs: $<BUILD_INTERFACE:/home/unitree/imes-g1/src/third_party/tools/05Jun2025_domain_bridge_foxy/include>
-- Configured cppcheck exclude dirs and/or files: 
-- Added test 'cpplint' to check C / C++ code against the Google style
-- Configured cpplint exclude dirs and/or files: 
-- Added test 'flake8' to check Python code syntax and style conventions
-- Added test 'lint_cmake' to check CMake code style
-- Added test 'pep257' to check Python code against some of the style conventions in PEP 257
-- Added test 'uncrustify' to check C / C++ code style
-- Configured uncrustify additional arguments: 
-- Added test 'xmllint' to check XML markup files
-- Configuring done
-- Generating done
-- Build files have been written to: /home/unitree/imes-g1/build/domain_bridge
[35m[1mConsolidate compiler generated dependencies of target domain_bridge__rosidl_generator_c[0m
[35m[1mConsolidate compiler generated dependencies of target gmock_main[0m
[  1%] Built target domain_bridge__cpp
[35m[1mConsolidate compiler generated dependencies of target gmock[0m
[35m[1mConsolidate compiler generated dependencies of target domain_bridge__rosidl_typesupport_cpp[0m
[35m[1mConsolidate compiler generated dependencies of target domain_bridge__rosidl_typesupport_introspection_cpp[0m
[  6%] Built target gmock
[ 10%] Built target domain_bridge__rosidl_typesupport_introspection_cpp
[ 13%] Built target gmock_main
[35m[1mConsolidate compiler generated dependencies of target domain_bridge__rosidl_typesupport_fastrtps_cpp[0m
[ 18%] Built target domain_bridge__rosidl_generator_c
[ 23%] Built target domain_bridge__rosidl_typesupport_cpp
[35m[1mConsolidate compiler generated dependencies of target domain_bridge__rosidl_typesupport_introspection_c[0m
[35m[1mConsolidate compiler generated dependencies of target domain_bridge__rosidl_typesupport_c[0m
[ 27%] Built target domain_bridge__rosidl_typesupport_introspection_c
[ 35%] Built target domain_bridge__rosidl_typesupport_fastrtps_cpp
[ 36%] Built target domain_bridge__rosidl_typesupport_c
[35m[1mConsolidate compiler generated dependencies of target domain_bridge__rosidl_typesupport_fastrtps_c[0m
[ 41%] Built target domain_bridge__rosidl_typesupport_fastrtps_c
[ 41%] Built target domain_bridge
[ 43%] Built target domain_bridge__py
[35m[1mConsolidate compiler generated dependencies of target domain_bridge__python[0m
[35m[1mConsolidate compiler generated dependencies of target domain_bridge_lib[0m
[ 46%] Built target domain_bridge__python
[35m[1mConsolidate compiler generated dependencies of target domain_bridge__rosidl_typesupport_fastrtps_c__pyext[0m
[35m[1mConsolidate compiler generated dependencies of target domain_bridge__rosidl_typesupport_introspection_c__pyext[0m
[35m[1mConsolidate compiler generated dependencies of target domain_bridge__rosidl_typesupport_c__pyext[0m
[ 49%] Built target domain_bridge__rosidl_typesupport_introspection_c__pyext
[ 52%] Built target domain_bridge__rosidl_typesupport_c__pyext
[ 55%] Built target domain_bridge__rosidl_typesupport_fastrtps_c__pyext
[ 72%] Built target domain_bridge_lib
[35m[1mConsolidate compiler generated dependencies of target domain_bridge_exec[0m
[35m[1mConsolidate compiler generated dependencies of target test_domain_bridge[0m
[35m[1mConsolidate compiler generated dependencies of target test_qos_matching__rmw_cyclonedds_cpp[0m
[ 75%] Built target domain_bridge_exec
[35m[1mConsolidate compiler generated dependencies of target test_parse_domain_bridge_yaml_config[0m
[35m[1mConsolidate compiler generated dependencies of target test_qos_matching__rmw_fastrtps_cpp[0m
[35m[1mConsolidate compiler generated dependencies of target test_domain_bridge_end_to_end__rmw_cyclonedds_cpp[0m
[35m[1mConsolidate compiler generated dependencies of target test_domain_bridge_services__rmw_cyclonedds_cpp[0m
[35m[1mConsolidate compiler generated dependencies of target test_domain_bridge_end_to_end__rmw_fastrtps_cpp[0m
[ 78%] Built target test_domain_bridge
[ 81%] Built target test_parse_domain_bridge_yaml_config
[ 84%] Built target test_domain_bridge_end_to_end__rmw_cyclonedds_cpp
[ 87%] Built target test_qos_matching__rmw_cyclonedds_cpp
[ 90%] Built target test_qos_matching__rmw_fastrtps_cpp
[ 93%] Built target test_domain_bridge_end_to_end__rmw_fastrtps_cpp
[ 96%] Built target test_domain_bridge_services__rmw_cyclonedds_cpp
[35m[1mConsolidate compiler generated dependencies of target test_domain_bridge_services__rmw_fastrtps_cpp[0m
[100%] Built target test_domain_bridge_services__rmw_fastrtps_cpp
-- Install configuration: ""
-- Execute custom install script
-- Up-to-date symlink: /home/unitree/imes-g1/install/domain_bridge/share/ament_index/resource_index/rosidl_interfaces/domain_bridge
-- Up-to-date symlink: /home/unitree/imes-g1/install/domain_bridge/include/domain_bridge/msg/compressed_msg.h
-- Up-to-date symlink: /home/unitree/imes-g1/install/domain_bridge/include/domain_bridge/msg/detail/compressed_msg__functions.h
-- Up-to-date symlink: /home/unitree/imes-g1/install/domain_bridge/include/domain_bridge/msg/detail/compressed_msg__struct.h
-- Up-to-date symlink: /home/unitree/imes-g1/install/domain_bridge/include/domain_bridge/msg/detail/compressed_msg__type_support.h
-- Up-to-date symlink: /home/unitree/imes-g1/install/domain_bridge/include/domain_bridge/msg/rosidl_generator_c__visibility_control.h
-- Up-to-date symlink: /home/unitree/imes-g1/install/domain_bridge/share/domain_bridge/environment/library_path.sh
-- Up-to-date symlink: /home/unitree/imes-g1/install/domain_bridge/share/domain_bridge/environment/library_path.dsv
-- Up-to-date symlink: /home/unitree/imes-g1/install/domain_bridge/include/domain_bridge/msg/detail/compressed_msg__rosidl_typesupport_fastrtps_c.h
-- Up-to-date symlink: /home/unitree/imes-g1/install/domain_bridge/include/domain_bridge/msg/rosidl_typesupport_fastrtps_c__visibility_control.h
-- Up-to-date symlink: /home/unitree/imes-g1/install/domain_bridge/lib/libdomain_bridge__rosidl_typesupport_fastrtps_c.so
-- Up-to-date symlink: /home/unitree/imes-g1/install/domain_bridge/include/domain_bridge/msg/detail/compressed_msg__rosidl_typesupport_fastrtps_cpp.hpp
-- Up-to-date symlink: /home/unitree/imes-g1/install/domain_bridge/include/domain_bridge/msg/rosidl_typesupport_fastrtps_cpp__visibility_control.h
-- Up-to-date symlink: /home/unitree/imes-g1/install/domain_bridge/lib/libdomain_bridge__rosidl_typesupport_fastrtps_cpp.so
-- Up-to-date symlink: /home/unitree/imes-g1/install/domain_bridge/include/domain_bridge/msg/detail/compressed_msg__rosidl_typesupport_introspection_c.h
-- Up-to-date symlink: /home/unitree/imes-g1/install/domain_bridge/include/domain_bridge/msg/rosidl_typesupport_introspection_c__visibility_control.h
-- Up-to-date symlink: /home/unitree/imes-g1/install/domain_bridge/include/domain_bridge/msg/compressed_msg.hpp
-- Up-to-date symlink: /home/unitree/imes-g1/install/domain_bridge/include/domain_bridge/msg/detail/compressed_msg__builder.hpp
-- Up-to-date symlink: /home/unitree/imes-g1/install/domain_bridge/include/domain_bridge/msg/detail/compressed_msg__struct.hpp
-- Up-to-date symlink: /home/unitree/imes-g1/install/domain_bridge/include/domain_bridge/msg/detail/compressed_msg__traits.hpp
-- Up-to-date symlink: /home/unitree/imes-g1/install/domain_bridge/include/domain_bridge/msg/detail/compressed_msg__type_support.hpp
-- Up-to-date symlink: /home/unitree/imes-g1/install/domain_bridge/include/domain_bridge/msg/rosidl_generator_cpp__visibility_control.hpp
-- Up-to-date symlink: /home/unitree/imes-g1/install/domain_bridge/include/domain_bridge/msg/detail/compressed_msg__rosidl_typesupport_introspection_cpp.hpp
-- Up-to-date symlink: /home/unitree/imes-g1/install/domain_bridge/share/domain_bridge/environment/pythonpath.sh
-- Up-to-date symlink: /home/unitree/imes-g1/install/domain_bridge/share/domain_bridge/environment/pythonpath.dsv
-- Up-to-date symlink: /home/unitree/imes-g1/install/domain_bridge/lib/python3.8/site-packages/domain_bridge/__init__.py
-- Up-to-date symlink: /home/unitree/imes-g1/install/domain_bridge/lib/python3.8/site-packages/domain_bridge/msg/__init__.py
-- Up-to-date symlink: /home/unitree/imes-g1/install/domain_bridge/lib/python3.8/site-packages/domain_bridge/msg/_compressed_msg.py
-- Up-to-date symlink: /home/unitree/imes-g1/install/domain_bridge/lib/python3.8/site-packages/domain_bridge/domain_bridge_s__rosidl_typesupport_fastrtps_c.cpython-38-aarch64-linux-gnu.so
-- Up-to-date symlink: /home/unitree/imes-g1/install/domain_bridge/lib/python3.8/site-packages/domain_bridge/domain_bridge_s__rosidl_typesupport_introspection_c.cpython-38-aarch64-linux-gnu.so
-- Up-to-date symlink: /home/unitree/imes-g1/install/domain_bridge/lib/python3.8/site-packages/domain_bridge/domain_bridge_s__rosidl_typesupport_c.cpython-38-aarch64-linux-gnu.so
-- Up-to-date symlink: /home/unitree/imes-g1/install/domain_bridge/lib/libdomain_bridge__python.so
-- Up-to-date symlink: /home/unitree/imes-g1/install/domain_bridge/share/domain_bridge/msg/CompressedMsg.idl
-- Up-to-date symlink: /home/unitree/imes-g1/install/domain_bridge/share/domain_bridge/msg/CompressedMsg.msg
-- Up-to-date symlink: /home/unitree/imes-g1/install/domain_bridge/include/domain_bridge/compress_messages.hpp
-- Up-to-date symlink: /home/unitree/imes-g1/install/domain_bridge/include/domain_bridge/domain_bridge.hpp
-- Up-to-date symlink: /home/unitree/imes-g1/install/domain_bridge/include/domain_bridge/domain_bridge_config.hpp
-- Up-to-date symlink: /home/unitree/imes-g1/install/domain_bridge/include/domain_bridge/domain_bridge_options.hpp
-- Up-to-date symlink: /home/unitree/imes-g1/install/domain_bridge/include/domain_bridge/parse_domain_bridge_yaml_config.hpp
-- Up-to-date symlink: /home/unitree/imes-g1/install/domain_bridge/include/domain_bridge/process_cmd_line_arguments.hpp
-- Up-to-date symlink: /home/unitree/imes-g1/install/domain_bridge/include/domain_bridge/qos_options.hpp
-- Up-to-date symlink: /home/unitree/imes-g1/install/domain_bridge/include/domain_bridge/service_bridge_impl.inc
-- Up-to-date symlink: /home/unitree/imes-g1/install/domain_bridge/include/domain_bridge/service_bridge_options.hpp
-- Up-to-date symlink: /home/unitree/imes-g1/install/domain_bridge/include/domain_bridge/topic_bridge.hpp
-- Up-to-date symlink: /home/unitree/imes-g1/install/domain_bridge/include/domain_bridge/topic_bridge_options.hpp
-- Up-to-date symlink: /home/unitree/imes-g1/install/domain_bridge/include/domain_bridge/utils.hpp
-- Up-to-date symlink: /home/unitree/imes-g1/install/domain_bridge/include/domain_bridge/visibility_control.hpp
-- Up-to-date symlink: /home/unitree/imes-g1/install/domain_bridge/lib/domain_bridge/domain_bridge
-- Up-to-date symlink: /home/unitree/imes-g1/install/domain_bridge/share/domain_bridge/examples/example_bridge_config.yaml
-- Up-to-date symlink: /home/unitree/imes-g1/install/domain_bridge/share/domain_bridge/launch/domain_bridge.launch.xml
-- Up-to-date symlink: /home/unitree/imes-g1/install/domain_bridge/share/ament_index/resource_index/package_run_dependencies/domain_bridge
-- Up-to-date symlink: /home/unitree/imes-g1/install/domain_bridge/share/ament_index/resource_index/parent_prefix_path/domain_bridge
-- Up-to-date symlink: /home/unitree/imes-g1/install/domain_bridge/share/domain_bridge/environment/ament_prefix_path.sh
-- Up-to-date symlink: /home/unitree/imes-g1/install/domain_bridge/share/domain_bridge/environment/ament_prefix_path.dsv
-- Up-to-date symlink: /home/unitree/imes-g1/install/domain_bridge/share/domain_bridge/environment/path.sh
-- Up-to-date symlink: /home/unitree/imes-g1/install/domain_bridge/share/domain_bridge/environment/path.dsv
-- Up-to-date symlink: /home/unitree/imes-g1/install/domain_bridge/share/domain_bridge/local_setup.bash
-- Up-to-date symlink: /home/unitree/imes-g1/install/domain_bridge/share/domain_bridge/local_setup.sh
-- Up-to-date symlink: /home/unitree/imes-g1/install/domain_bridge/share/domain_bridge/local_setup.zsh
-- Up-to-date symlink: /home/unitree/imes-g1/install/domain_bridge/share/domain_bridge/local_setup.dsv
-- Symlinking: /home/unitree/imes-g1/install/domain_bridge/share/domain_bridge/package.dsv
-- Up-to-date symlink: /home/unitree/imes-g1/install/domain_bridge/share/ament_index/resource_index/packages/domain_bridge
-- Up-to-date symlink: /home/unitree/imes-g1/install/domain_bridge/share/domain_bridge/cmake/rosidl_cmake-extras.cmake
-- Up-to-date symlink: /home/unitree/imes-g1/install/domain_bridge/share/domain_bridge/cmake/ament_cmake_export_dependencies-extras.cmake
-- Up-to-date symlink: /home/unitree/imes-g1/install/domain_bridge/share/domain_bridge/cmake/ament_cmake_export_libraries-extras.cmake
-- Up-to-date symlink: /home/unitree/imes-g1/install/domain_bridge/share/domain_bridge/cmake/ament_cmake_export_targets-extras.cmake
-- Up-to-date symlink: /home/unitree/imes-g1/install/domain_bridge/share/domain_bridge/cmake/ament_cmake_export_include_directories-extras.cmake
-- Up-to-date symlink: /home/unitree/imes-g1/install/domain_bridge/share/domain_bridge/cmake/rosidl_cmake_export_typesupport_libraries-extras.cmake
-- Up-to-date symlink: /home/unitree/imes-g1/install/domain_bridge/share/domain_bridge/cmake/rosidl_cmake_export_typesupport_targets-extras.cmake
-- Up-to-date symlink: /home/unitree/imes-g1/install/domain_bridge/share/domain_bridge/cmake/domain_bridgeConfig.cmake
-- Up-to-date symlink: /home/unitree/imes-g1/install/domain_bridge/share/domain_bridge/cmake/domain_bridgeConfig-version.cmake
-- Up-to-date symlink: /home/unitree/imes-g1/install/domain_bridge/share/domain_bridge/package.xml
-- Up-to-date: /home/unitree/imes-g1/install/domain_bridge/lib/libdomain_bridge__rosidl_generator_c.so
-- Up-to-date: /home/unitree/imes-g1/install/domain_bridge/lib/libdomain_bridge__rosidl_typesupport_introspection_c.so
-- Up-to-date: /home/unitree/imes-g1/install/domain_bridge/lib/libdomain_bridge__rosidl_typesupport_c.so
-- Up-to-date: /home/unitree/imes-g1/install/domain_bridge/lib/libdomain_bridge__rosidl_typesupport_introspection_cpp.so
-- Up-to-date: /home/unitree/imes-g1/install/domain_bridge/lib/libdomain_bridge__rosidl_typesupport_cpp.so
Compiling '/home/unitree/imes-g1/install/domain_bridge/lib/python3.8/site-packages/domain_bridge/__init__.py'...
-- Up-to-date: /home/unitree/imes-g1/install/domain_bridge/lib/libdomain_bridge.so
-- Up-to-date: /home/unitree/imes-g1/install/domain_bridge/share/domain_bridge/cmake/domain_bridge__rosidl_generator_cExport.cmake
-- Up-to-date: /home/unitree/imes-g1/install/domain_bridge/share/domain_bridge/cmake/domain_bridge__rosidl_generator_cExport-noconfig.cmake
-- Up-to-date: /home/unitree/imes-g1/install/domain_bridge/share/domain_bridge/cmake/domain_bridge__rosidl_typesupport_introspection_cExport.cmake
-- Up-to-date: /home/unitree/imes-g1/install/domain_bridge/share/domain_bridge/cmake/domain_bridge__rosidl_typesupport_introspection_cExport-noconfig.cmake
-- Up-to-date: /home/unitree/imes-g1/install/domain_bridge/share/domain_bridge/cmake/domain_bridge__rosidl_typesupport_cExport.cmake
-- Up-to-date: /home/unitree/imes-g1/install/domain_bridge/share/domain_bridge/cmake/domain_bridge__rosidl_typesupport_cExport-noconfig.cmake
-- Up-to-date: /home/unitree/imes-g1/install/domain_bridge/share/domain_bridge/cmake/domain_bridge__rosidl_generator_cppExport.cmake
-- Up-to-date: /home/unitree/imes-g1/install/domain_bridge/share/domain_bridge/cmake/domain_bridge__rosidl_typesupport_introspection_cppExport.cmake
-- Up-to-date: /home/unitree/imes-g1/install/domain_bridge/share/domain_bridge/cmake/domain_bridge__rosidl_typesupport_introspection_cppExport-noconfig.cmake
-- Up-to-date: /home/unitree/imes-g1/install/domain_bridge/share/domain_bridge/cmake/domain_bridge__rosidl_typesupport_cppExport.cmake
-- Up-to-date: /home/unitree/imes-g1/install/domain_bridge/share/domain_bridge/cmake/domain_bridge__rosidl_typesupport_cppExport-noconfig.cmake
-- Up-to-date: /home/unitree/imes-g1/install/domain_bridge/share/domain_bridge/cmake/export_domain_bridgeExport.cmake
-- Up-to-date: /home/unitree/imes-g1/install/domain_bridge/share/domain_bridge/cmake/export_domain_bridgeExport-noconfig.cmake
