[0.103s] Invoking command in '/home/unitree/imes-g1/build/domain_bridge': CMAKE_PREFIX_PATH=${CMAKE_PREFIX_PATH}:/opt/ros/foxy /home/unitree/.local/bin/cmake /home/unitree/imes-g1/src/third_party/tools/05Jun2025_domain_bridge_foxy -DCMAKE_INSTALL_PREFIX=/home/unitree/imes-g1/install/domain_bridge
[0.181s] -- Found ament_cmake: 0.9.12 (/opt/ros/foxy/share/ament_cmake/cmake)
[0.232s] -- Found PythonInterp: /usr/bin/python3 (found suitable version "3.8.10", minimum required is "3") 
[0.232s] -- Using PYTHON_EXECUTABLE: /usr/bin/python3
[0.686s] -- Override CMake install command with custom implementation using symlinks instead of copying resources
[0.708s] -- Found rcl: 1.1.14 (/opt/ros/foxy/share/rcl/cmake)
[0.754s] -- Using all available rosidl_typesupport_c: rosidl_typesupport_fastrtps_c;rosidl_typesupport_introspection_c
[0.764s] -- Found rosidl_adapter: 1.3.1 (/opt/ros/foxy/share/rosidl_adapter/cmake)
[1.023s] -- Using all available rosidl_typesupport_cpp: rosidl_typesupport_fastrtps_cpp;rosidl_typesupport_introspection_cpp
[1.114s] -- Found rmw_implementation_cmake: 1.0.4 (/opt/ros/foxy/share/rmw_implementation_cmake/cmake)
[1.118s] -- Using RMW implementation 'rmw_cyclonedds_cpp' as default
[1.155s] -- Found rclcpp: 2.4.3 (/opt/ros/foxy/share/rclcpp/cmake)
[1.394s] -- Found rosbag2_cpp: 0.3.11 (/opt/ros/foxy/share/rosbag2_cpp/cmake)
[1.462s] -- Setting yaml-cpp_DIR to: '/opt/ros/foxy/share/yaml_cpp_vendor/cmake/../../../opt/yaml_cpp_vendor/lib/cmake/yaml-cpp'
[1.472s] -- Found rosidl_default_generators: 1.0.1 (/opt/ros/foxy/share/rosidl_default_generators/cmake)
[1.494s] -- Found zstd_vendor: 0.3.11 (/opt/ros/foxy/share/zstd_vendor/cmake)
[1.550s] -- Found PythonInterp: /usr/bin/python3 (found version "3.8.10") 
[1.808s] -- Found ament_cmake_ros: 0.9.2 (/opt/ros/foxy/share/ament_cmake_ros/cmake)
[2.048s] -- Using all available rosidl_typesupport_c: rosidl_typesupport_fastrtps_c;rosidl_typesupport_introspection_c
[2.065s] -- Using all available rosidl_typesupport_cpp: rosidl_typesupport_fastrtps_cpp;rosidl_typesupport_introspection_cpp
[2.120s] -- Found PythonInterp: /usr/bin/python3 (found suitable version "3.8.10", minimum required is "3.5") 
[2.121s] -- Found python_cmake_module: 0.8.1 (/opt/ros/foxy/share/python_cmake_module/cmake)
[2.169s] -- Using PYTHON_EXECUTABLE: /usr/bin/python3
[2.170s] -- Using PYTHON_INCLUDE_DIRS: /usr/include/python3.8
[2.170s] -- Using PYTHON_LIBRARIES: /usr/lib/aarch64-linux-gnu/libpython3.8.so
[2.242s] -- Found ament_lint_auto: 0.9.8 (/opt/ros/foxy/share/ament_lint_auto/cmake)
[2.522s] -- Using PYTHON_EXECUTABLE: /usr/bin/python3
[2.522s] -- Using PYTHON_INCLUDE_DIRS: /usr/include/python3.8
[2.522s] -- Using PYTHON_LIBRARIES: /usr/lib/aarch64-linux-gnu/libpython3.8.so
[2.902s] -- Found gmock sources under '/opt/ros/foxy/src/gmock_vendor': C++ tests using 'Google Mock' will be built
[2.909s] -- Found gtest sources under '/opt/ros/foxy/src/gtest_vendor': C++ tests using 'Google Test' will be built
[2.965s] -- Added test 'copyright' to check source files copyright and LICENSE
[2.972s] -- Added test 'cppcheck' to perform static code analysis on C / C++ code
[2.973s] -- Configured cppcheck include dirs: $<BUILD_INTERFACE:/home/unitree/imes-g1/src/third_party/tools/05Jun2025_domain_bridge_foxy/include>
[2.974s] -- Configured cppcheck exclude dirs and/or files: 
[2.979s] -- Added test 'cpplint' to check C / C++ code against the Google style
[2.979s] -- Configured cpplint exclude dirs and/or files: 
[2.981s] -- Added test 'flake8' to check Python code syntax and style conventions
[2.982s] -- Added test 'lint_cmake' to check CMake code style
[2.984s] -- Added test 'pep257' to check Python code against some of the style conventions in PEP 257
[2.988s] -- Added test 'uncrustify' to check C / C++ code style
[2.988s] -- Configured uncrustify additional arguments: 
[2.989s] -- Added test 'xmllint' to check XML markup files
[2.997s] -- Configuring done
[3.195s] -- Generating done
[3.256s] -- Build files have been written to: /home/unitree/imes-g1/build/domain_bridge
[3.364s] Invoked command in '/home/unitree/imes-g1/build/domain_bridge' returned '0': CMAKE_PREFIX_PATH=${CMAKE_PREFIX_PATH}:/opt/ros/foxy /home/unitree/.local/bin/cmake /home/unitree/imes-g1/src/third_party/tools/05Jun2025_domain_bridge_foxy -DCMAKE_INSTALL_PREFIX=/home/unitree/imes-g1/install/domain_bridge
[3.370s] Invoking command in '/home/unitree/imes-g1/build/domain_bridge': CMAKE_PREFIX_PATH=${CMAKE_PREFIX_PATH}:/opt/ros/foxy /home/unitree/.local/bin/cmake --build /home/unitree/imes-g1/build/domain_bridge -- -j8 -l8
[3.476s] [35m[1mConsolidate compiler generated dependencies of target domain_bridge__rosidl_generator_c[0m
[3.488s] [35m[1mConsolidate compiler generated dependencies of target gmock_main[0m
[3.502s] [  1%] Built target domain_bridge__cpp
[3.502s] [35m[1mConsolidate compiler generated dependencies of target gmock[0m
[3.504s] [35m[1mConsolidate compiler generated dependencies of target domain_bridge__rosidl_typesupport_cpp[0m
[3.514s] [35m[1mConsolidate compiler generated dependencies of target domain_bridge__rosidl_typesupport_introspection_cpp[0m
[3.522s] [  6%] Built target gmock
[3.527s] [ 10%] Built target domain_bridge__rosidl_typesupport_introspection_cpp
[3.527s] [ 13%] Built target gmock_main
[3.527s] [35m[1mConsolidate compiler generated dependencies of target domain_bridge__rosidl_typesupport_fastrtps_cpp[0m
[3.528s] [ 18%] Built target domain_bridge__rosidl_generator_c
[3.530s] [ 23%] Built target domain_bridge__rosidl_typesupport_cpp
[3.549s] [35m[1mConsolidate compiler generated dependencies of target domain_bridge__rosidl_typesupport_introspection_c[0m
[3.550s] [35m[1mConsolidate compiler generated dependencies of target domain_bridge__rosidl_typesupport_c[0m
[3.554s] [ 27%] Built target domain_bridge__rosidl_typesupport_introspection_c
[3.563s] [ 35%] Built target domain_bridge__rosidl_typesupport_fastrtps_cpp
[3.563s] [ 36%] Built target domain_bridge__rosidl_typesupport_c
[3.584s] [35m[1mConsolidate compiler generated dependencies of target domain_bridge__rosidl_typesupport_fastrtps_c[0m
[3.594s] [ 41%] Built target domain_bridge__rosidl_typesupport_fastrtps_c
[3.627s] [ 41%] Built target domain_bridge
[3.645s] [ 43%] Built target domain_bridge__py
[3.653s] [35m[1mConsolidate compiler generated dependencies of target domain_bridge__python[0m
[3.656s] [35m[1mConsolidate compiler generated dependencies of target domain_bridge_lib[0m
[3.667s] [ 46%] Built target domain_bridge__python
[3.678s] [35m[1mConsolidate compiler generated dependencies of target domain_bridge__rosidl_typesupport_fastrtps_c__pyext[0m
[3.678s] [35m[1mConsolidate compiler generated dependencies of target domain_bridge__rosidl_typesupport_introspection_c__pyext[0m
[3.682s] [35m[1mConsolidate compiler generated dependencies of target domain_bridge__rosidl_typesupport_c__pyext[0m
[3.691s] [ 49%] Built target domain_bridge__rosidl_typesupport_introspection_c__pyext
[3.696s] [ 52%] Built target domain_bridge__rosidl_typesupport_c__pyext
[3.701s] [ 55%] Built target domain_bridge__rosidl_typesupport_fastrtps_c__pyext
[3.703s] [ 72%] Built target domain_bridge_lib
[3.713s] [35m[1mConsolidate compiler generated dependencies of target domain_bridge_exec[0m
[3.738s] [35m[1mConsolidate compiler generated dependencies of target test_domain_bridge[0m
[3.740s] [35m[1mConsolidate compiler generated dependencies of target test_qos_matching__rmw_cyclonedds_cpp[0m
[3.747s] [ 75%] Built target domain_bridge_exec
[3.747s] [35m[1mConsolidate compiler generated dependencies of target test_parse_domain_bridge_yaml_config[0m
[3.748s] [35m[1mConsolidate compiler generated dependencies of target test_qos_matching__rmw_fastrtps_cpp[0m
[3.751s] [35m[1mConsolidate compiler generated dependencies of target test_domain_bridge_end_to_end__rmw_cyclonedds_cpp[0m
[3.756s] [35m[1mConsolidate compiler generated dependencies of target test_domain_bridge_services__rmw_cyclonedds_cpp[0m
[3.775s] [35m[1mConsolidate compiler generated dependencies of target test_domain_bridge_end_to_end__rmw_fastrtps_cpp[0m
[3.790s] [ 78%] Built target test_domain_bridge
[3.795s] [ 81%] Built target test_parse_domain_bridge_yaml_config
[3.808s] [ 84%] Built target test_domain_bridge_end_to_end__rmw_cyclonedds_cpp
[3.815s] [ 87%] Built target test_qos_matching__rmw_cyclonedds_cpp
[3.825s] [ 90%] Built target test_qos_matching__rmw_fastrtps_cpp
[3.834s] [ 93%] Built target test_domain_bridge_end_to_end__rmw_fastrtps_cpp
[3.836s] [ 96%] Built target test_domain_bridge_services__rmw_cyclonedds_cpp
[3.844s] [35m[1mConsolidate compiler generated dependencies of target test_domain_bridge_services__rmw_fastrtps_cpp[0m
[3.859s] [100%] Built target test_domain_bridge_services__rmw_fastrtps_cpp
[4.004s] Invoked command in '/home/unitree/imes-g1/build/domain_bridge' returned '0': CMAKE_PREFIX_PATH=${CMAKE_PREFIX_PATH}:/opt/ros/foxy /home/unitree/.local/bin/cmake --build /home/unitree/imes-g1/build/domain_bridge -- -j8 -l8
[4.011s] Invoking command in '/home/unitree/imes-g1/build/domain_bridge': CMAKE_PREFIX_PATH=${CMAKE_PREFIX_PATH}:/opt/ros/foxy /home/unitree/.local/bin/cmake --install /home/unitree/imes-g1/build/domain_bridge
[4.086s] -- Install configuration: ""
[4.086s] -- Execute custom install script
[4.087s] -- Up-to-date symlink: /home/unitree/imes-g1/install/domain_bridge/share/ament_index/resource_index/rosidl_interfaces/domain_bridge
[4.088s] -- Up-to-date symlink: /home/unitree/imes-g1/install/domain_bridge/include/domain_bridge/msg/compressed_msg.h
[4.088s] -- Up-to-date symlink: /home/unitree/imes-g1/install/domain_bridge/include/domain_bridge/msg/detail/compressed_msg__functions.h
[4.089s] -- Up-to-date symlink: /home/unitree/imes-g1/install/domain_bridge/include/domain_bridge/msg/detail/compressed_msg__struct.h
[4.089s] -- Up-to-date symlink: /home/unitree/imes-g1/install/domain_bridge/include/domain_bridge/msg/detail/compressed_msg__type_support.h
[4.090s] -- Up-to-date symlink: /home/unitree/imes-g1/install/domain_bridge/include/domain_bridge/msg/rosidl_generator_c__visibility_control.h
[4.090s] -- Up-to-date symlink: /home/unitree/imes-g1/install/domain_bridge/share/domain_bridge/environment/library_path.sh
[4.090s] -- Up-to-date symlink: /home/unitree/imes-g1/install/domain_bridge/share/domain_bridge/environment/library_path.dsv
[4.091s] -- Up-to-date symlink: /home/unitree/imes-g1/install/domain_bridge/include/domain_bridge/msg/detail/compressed_msg__rosidl_typesupport_fastrtps_c.h
[4.091s] -- Up-to-date symlink: /home/unitree/imes-g1/install/domain_bridge/include/domain_bridge/msg/rosidl_typesupport_fastrtps_c__visibility_control.h
[4.092s] -- Up-to-date symlink: /home/unitree/imes-g1/install/domain_bridge/lib/libdomain_bridge__rosidl_typesupport_fastrtps_c.so
[4.093s] -- Up-to-date symlink: /home/unitree/imes-g1/install/domain_bridge/include/domain_bridge/msg/detail/compressed_msg__rosidl_typesupport_fastrtps_cpp.hpp
[4.093s] -- Up-to-date symlink: /home/unitree/imes-g1/install/domain_bridge/include/domain_bridge/msg/rosidl_typesupport_fastrtps_cpp__visibility_control.h
[4.094s] -- Up-to-date symlink: /home/unitree/imes-g1/install/domain_bridge/lib/libdomain_bridge__rosidl_typesupport_fastrtps_cpp.so
[4.094s] -- Up-to-date symlink: /home/unitree/imes-g1/install/domain_bridge/include/domain_bridge/msg/detail/compressed_msg__rosidl_typesupport_introspection_c.h
[4.094s] -- Up-to-date symlink: /home/unitree/imes-g1/install/domain_bridge/include/domain_bridge/msg/rosidl_typesupport_introspection_c__visibility_control.h
[4.096s] -- Up-to-date symlink: /home/unitree/imes-g1/install/domain_bridge/include/domain_bridge/msg/compressed_msg.hpp
[4.097s] -- Up-to-date symlink: /home/unitree/imes-g1/install/domain_bridge/include/domain_bridge/msg/detail/compressed_msg__builder.hpp
[4.097s] -- Up-to-date symlink: /home/unitree/imes-g1/install/domain_bridge/include/domain_bridge/msg/detail/compressed_msg__struct.hpp
[4.097s] -- Up-to-date symlink: /home/unitree/imes-g1/install/domain_bridge/include/domain_bridge/msg/detail/compressed_msg__traits.hpp
[4.097s] -- Up-to-date symlink: /home/unitree/imes-g1/install/domain_bridge/include/domain_bridge/msg/detail/compressed_msg__type_support.hpp
[4.097s] -- Up-to-date symlink: /home/unitree/imes-g1/install/domain_bridge/include/domain_bridge/msg/rosidl_generator_cpp__visibility_control.hpp
[4.098s] -- Up-to-date symlink: /home/unitree/imes-g1/install/domain_bridge/include/domain_bridge/msg/detail/compressed_msg__rosidl_typesupport_introspection_cpp.hpp
[4.099s] -- Up-to-date symlink: /home/unitree/imes-g1/install/domain_bridge/share/domain_bridge/environment/pythonpath.sh
[4.099s] -- Up-to-date symlink: /home/unitree/imes-g1/install/domain_bridge/share/domain_bridge/environment/pythonpath.dsv
[4.100s] -- Up-to-date symlink: /home/unitree/imes-g1/install/domain_bridge/lib/python3.8/site-packages/domain_bridge/__init__.py
[4.101s] -- Up-to-date symlink: /home/unitree/imes-g1/install/domain_bridge/lib/python3.8/site-packages/domain_bridge/msg/__init__.py
[4.101s] -- Up-to-date symlink: /home/unitree/imes-g1/install/domain_bridge/lib/python3.8/site-packages/domain_bridge/msg/_compressed_msg.py
[4.101s] -- Up-to-date symlink: /home/unitree/imes-g1/install/domain_bridge/lib/python3.8/site-packages/domain_bridge/domain_bridge_s__rosidl_typesupport_fastrtps_c.cpython-38-aarch64-linux-gnu.so
[4.102s] -- Up-to-date symlink: /home/unitree/imes-g1/install/domain_bridge/lib/python3.8/site-packages/domain_bridge/domain_bridge_s__rosidl_typesupport_introspection_c.cpython-38-aarch64-linux-gnu.so
[4.102s] -- Up-to-date symlink: /home/unitree/imes-g1/install/domain_bridge/lib/python3.8/site-packages/domain_bridge/domain_bridge_s__rosidl_typesupport_c.cpython-38-aarch64-linux-gnu.so
[4.103s] -- Up-to-date symlink: /home/unitree/imes-g1/install/domain_bridge/lib/libdomain_bridge__python.so
[4.103s] -- Up-to-date symlink: /home/unitree/imes-g1/install/domain_bridge/share/domain_bridge/msg/CompressedMsg.idl
[4.104s] -- Up-to-date symlink: /home/unitree/imes-g1/install/domain_bridge/share/domain_bridge/msg/CompressedMsg.msg
[4.104s] -- Up-to-date symlink: /home/unitree/imes-g1/install/domain_bridge/include/domain_bridge/compress_messages.hpp
[4.105s] -- Up-to-date symlink: /home/unitree/imes-g1/install/domain_bridge/include/domain_bridge/domain_bridge.hpp
[4.105s] -- Up-to-date symlink: /home/unitree/imes-g1/install/domain_bridge/include/domain_bridge/domain_bridge_config.hpp
[4.106s] -- Up-to-date symlink: /home/unitree/imes-g1/install/domain_bridge/include/domain_bridge/domain_bridge_options.hpp
[4.106s] -- Up-to-date symlink: /home/unitree/imes-g1/install/domain_bridge/include/domain_bridge/parse_domain_bridge_yaml_config.hpp
[4.106s] -- Up-to-date symlink: /home/unitree/imes-g1/install/domain_bridge/include/domain_bridge/process_cmd_line_arguments.hpp
[4.107s] -- Up-to-date symlink: /home/unitree/imes-g1/install/domain_bridge/include/domain_bridge/qos_options.hpp
[4.107s] -- Up-to-date symlink: /home/unitree/imes-g1/install/domain_bridge/include/domain_bridge/service_bridge_impl.inc
[4.107s] -- Up-to-date symlink: /home/unitree/imes-g1/install/domain_bridge/include/domain_bridge/service_bridge_options.hpp
[4.107s] -- Up-to-date symlink: /home/unitree/imes-g1/install/domain_bridge/include/domain_bridge/topic_bridge.hpp
[4.108s] -- Up-to-date symlink: /home/unitree/imes-g1/install/domain_bridge/include/domain_bridge/topic_bridge_options.hpp
[4.109s] -- Up-to-date symlink: /home/unitree/imes-g1/install/domain_bridge/include/domain_bridge/utils.hpp
[4.110s] -- Up-to-date symlink: /home/unitree/imes-g1/install/domain_bridge/include/domain_bridge/visibility_control.hpp
[4.110s] -- Up-to-date symlink: /home/unitree/imes-g1/install/domain_bridge/lib/domain_bridge/domain_bridge
[4.110s] -- Up-to-date symlink: /home/unitree/imes-g1/install/domain_bridge/share/domain_bridge/examples/example_bridge_config.yaml
[4.110s] -- Up-to-date symlink: /home/unitree/imes-g1/install/domain_bridge/share/domain_bridge/launch/domain_bridge.launch.xml
[4.111s] -- Up-to-date symlink: /home/unitree/imes-g1/install/domain_bridge/share/ament_index/resource_index/package_run_dependencies/domain_bridge
[4.113s] -- Up-to-date symlink: /home/unitree/imes-g1/install/domain_bridge/share/ament_index/resource_index/parent_prefix_path/domain_bridge
[4.113s] -- Up-to-date symlink: /home/unitree/imes-g1/install/domain_bridge/share/domain_bridge/environment/ament_prefix_path.sh
[4.113s] -- Up-to-date symlink: /home/unitree/imes-g1/install/domain_bridge/share/domain_bridge/environment/ament_prefix_path.dsv
[4.113s] -- Up-to-date symlink: /home/unitree/imes-g1/install/domain_bridge/share/domain_bridge/environment/path.sh
[4.114s] -- Up-to-date symlink: /home/unitree/imes-g1/install/domain_bridge/share/domain_bridge/environment/path.dsv
[4.115s] -- Up-to-date symlink: /home/unitree/imes-g1/install/domain_bridge/share/domain_bridge/local_setup.bash
[4.115s] -- Up-to-date symlink: /home/unitree/imes-g1/install/domain_bridge/share/domain_bridge/local_setup.sh
[4.115s] -- Up-to-date symlink: /home/unitree/imes-g1/install/domain_bridge/share/domain_bridge/local_setup.zsh
[4.115s] -- Up-to-date symlink: /home/unitree/imes-g1/install/domain_bridge/share/domain_bridge/local_setup.dsv
[4.116s] -- Symlinking: /home/unitree/imes-g1/install/domain_bridge/share/domain_bridge/package.dsv
[4.122s] -- Up-to-date symlink: /home/unitree/imes-g1/install/domain_bridge/share/ament_index/resource_index/packages/domain_bridge
[4.123s] -- Up-to-date symlink: /home/unitree/imes-g1/install/domain_bridge/share/domain_bridge/cmake/rosidl_cmake-extras.cmake
[4.123s] -- Up-to-date symlink: /home/unitree/imes-g1/install/domain_bridge/share/domain_bridge/cmake/ament_cmake_export_dependencies-extras.cmake
[4.123s] -- Up-to-date symlink: /home/unitree/imes-g1/install/domain_bridge/share/domain_bridge/cmake/ament_cmake_export_libraries-extras.cmake
[4.124s] -- Up-to-date symlink: /home/unitree/imes-g1/install/domain_bridge/share/domain_bridge/cmake/ament_cmake_export_targets-extras.cmake
[4.124s] -- Up-to-date symlink: /home/unitree/imes-g1/install/domain_bridge/share/domain_bridge/cmake/ament_cmake_export_include_directories-extras.cmake
[4.124s] -- Up-to-date symlink: /home/unitree/imes-g1/install/domain_bridge/share/domain_bridge/cmake/rosidl_cmake_export_typesupport_libraries-extras.cmake
[4.125s] -- Up-to-date symlink: /home/unitree/imes-g1/install/domain_bridge/share/domain_bridge/cmake/rosidl_cmake_export_typesupport_targets-extras.cmake
[4.126s] -- Up-to-date symlink: /home/unitree/imes-g1/install/domain_bridge/share/domain_bridge/cmake/domain_bridgeConfig.cmake
[4.126s] -- Up-to-date symlink: /home/unitree/imes-g1/install/domain_bridge/share/domain_bridge/cmake/domain_bridgeConfig-version.cmake
[4.126s] -- Up-to-date symlink: /home/unitree/imes-g1/install/domain_bridge/share/domain_bridge/package.xml
[4.126s] -- Up-to-date: /home/unitree/imes-g1/install/domain_bridge/lib/libdomain_bridge__rosidl_generator_c.so
[4.128s] -- Up-to-date: /home/unitree/imes-g1/install/domain_bridge/lib/libdomain_bridge__rosidl_typesupport_introspection_c.so
[4.128s] -- Up-to-date: /home/unitree/imes-g1/install/domain_bridge/lib/libdomain_bridge__rosidl_typesupport_c.so
[4.128s] -- Up-to-date: /home/unitree/imes-g1/install/domain_bridge/lib/libdomain_bridge__rosidl_typesupport_introspection_cpp.so
[4.129s] -- Up-to-date: /home/unitree/imes-g1/install/domain_bridge/lib/libdomain_bridge__rosidl_typesupport_cpp.so
[4.196s] Compiling '/home/unitree/imes-g1/install/domain_bridge/lib/python3.8/site-packages/domain_bridge/__init__.py'...
[4.210s] -- Up-to-date: /home/unitree/imes-g1/install/domain_bridge/lib/libdomain_bridge.so
[4.211s] -- Up-to-date: /home/unitree/imes-g1/install/domain_bridge/share/domain_bridge/cmake/domain_bridge__rosidl_generator_cExport.cmake
[4.211s] -- Up-to-date: /home/unitree/imes-g1/install/domain_bridge/share/domain_bridge/cmake/domain_bridge__rosidl_generator_cExport-noconfig.cmake
[4.211s] -- Up-to-date: /home/unitree/imes-g1/install/domain_bridge/share/domain_bridge/cmake/domain_bridge__rosidl_typesupport_introspection_cExport.cmake
[4.211s] -- Up-to-date: /home/unitree/imes-g1/install/domain_bridge/share/domain_bridge/cmake/domain_bridge__rosidl_typesupport_introspection_cExport-noconfig.cmake
[4.211s] -- Up-to-date: /home/unitree/imes-g1/install/domain_bridge/share/domain_bridge/cmake/domain_bridge__rosidl_typesupport_cExport.cmake
[4.212s] -- Up-to-date: /home/unitree/imes-g1/install/domain_bridge/share/domain_bridge/cmake/domain_bridge__rosidl_typesupport_cExport-noconfig.cmake
[4.212s] -- Up-to-date: /home/unitree/imes-g1/install/domain_bridge/share/domain_bridge/cmake/domain_bridge__rosidl_generator_cppExport.cmake
[4.212s] -- Up-to-date: /home/unitree/imes-g1/install/domain_bridge/share/domain_bridge/cmake/domain_bridge__rosidl_typesupport_introspection_cppExport.cmake
[4.212s] -- Up-to-date: /home/unitree/imes-g1/install/domain_bridge/share/domain_bridge/cmake/domain_bridge__rosidl_typesupport_introspection_cppExport-noconfig.cmake
[4.212s] -- Up-to-date: /home/unitree/imes-g1/install/domain_bridge/share/domain_bridge/cmake/domain_bridge__rosidl_typesupport_cppExport.cmake
[4.212s] -- Up-to-date: /home/unitree/imes-g1/install/domain_bridge/share/domain_bridge/cmake/domain_bridge__rosidl_typesupport_cppExport-noconfig.cmake
[4.212s] -- Up-to-date: /home/unitree/imes-g1/install/domain_bridge/share/domain_bridge/cmake/export_domain_bridgeExport.cmake
[4.212s] -- Up-to-date: /home/unitree/imes-g1/install/domain_bridge/share/domain_bridge/cmake/export_domain_bridgeExport-noconfig.cmake
[4.248s] Invoked command in '/home/unitree/imes-g1/build/domain_bridge' returned '0': CMAKE_PREFIX_PATH=${CMAKE_PREFIX_PATH}:/opt/ros/foxy /home/unitree/.local/bin/cmake --install /home/unitree/imes-g1/build/domain_bridge
