[0.098s] Invoking command in '/home/unitree/imes-g1/build/g1_control': CMAKE_PREFIX_PATH=${CMAKE_PREFIX_PATH}:/opt/ros/foxy /home/unitree/.local/bin/cmake --build /home/unitree/imes-g1/build/g1_control -- -j8 -l8
[0.333s] Invoked command in '/home/unitree/imes-g1/build/g1_control' returned '0': CMAKE_PREFIX_PATH=${CMAKE_PREFIX_PATH}:/opt/ros/foxy /home/unitree/.local/bin/cmake --build /home/unitree/imes-g1/build/g1_control -- -j8 -l8
[0.335s] Invoking command in '/home/unitree/imes-g1/build/g1_control': CMAKE_PREFIX_PATH=${CMAKE_PREFIX_PATH}:/opt/ros/foxy /home/unitree/.local/bin/cmake --install /home/unitree/imes-g1/build/g1_control
[0.450s] -- Install configuration: ""
[0.450s] -- Execute custom install script
[0.450s] -- Up-to-date symlink: /home/unitree/imes-g1/install/g1_control/share/g1_control/config/localization.yaml
[0.450s] -- Up-to-date symlink: /home/unitree/imes-g1/install/g1_control/share/g1_control/config/teleop.yaml
[0.450s] -- Up-to-date symlink: /home/unitree/imes-g1/install/g1_control/share/g1_control/launch/control.launch.py
[0.451s] -- Up-to-date symlink: /home/unitree/imes-g1/install/g1_control/share/g1_control/launch/ekf_localization.launch.py
[0.451s] -- Up-to-date symlink: /home/unitree/imes-g1/install/g1_control/share/g1_control/launch/odom_fastlio.launch.py
[0.451s] -- Up-to-date symlink: /home/unitree/imes-g1/install/g1_control/share/g1_control/launch/odom_rf2o.launch.py
[0.451s] -- Up-to-date symlink: /home/unitree/imes-g1/install/g1_control/share/g1_control/launch/teleop.launch.py
[0.451s] -- Up-to-date symlink: /home/unitree/imes-g1/install/g1_control/share/g1_control/launch/twistmux.launch.py
[0.451s] -- Up-to-date symlink: /home/unitree/imes-g1/install/g1_control/share/ament_index/resource_index/package_run_dependencies/g1_control
[0.451s] -- Up-to-date symlink: /home/unitree/imes-g1/install/g1_control/share/ament_index/resource_index/parent_prefix_path/g1_control
[0.451s] -- Up-to-date symlink: /home/unitree/imes-g1/install/g1_control/share/g1_control/environment/ament_prefix_path.sh
[0.452s] -- Up-to-date symlink: /home/unitree/imes-g1/install/g1_control/share/g1_control/environment/ament_prefix_path.dsv
[0.452s] -- Up-to-date symlink: /home/unitree/imes-g1/install/g1_control/share/g1_control/environment/path.sh
[0.452s] -- Up-to-date symlink: /home/unitree/imes-g1/install/g1_control/share/g1_control/environment/path.dsv
[0.452s] -- Up-to-date symlink: /home/unitree/imes-g1/install/g1_control/share/g1_control/local_setup.bash
[0.452s] -- Up-to-date symlink: /home/unitree/imes-g1/install/g1_control/share/g1_control/local_setup.sh
[0.452s] -- Up-to-date symlink: /home/unitree/imes-g1/install/g1_control/share/g1_control/local_setup.zsh
[0.452s] -- Up-to-date symlink: /home/unitree/imes-g1/install/g1_control/share/g1_control/local_setup.dsv
[0.452s] -- Symlinking: /home/unitree/imes-g1/install/g1_control/share/g1_control/package.dsv
[0.468s] -- Up-to-date symlink: /home/unitree/imes-g1/install/g1_control/share/ament_index/resource_index/packages/g1_control
[0.468s] -- Up-to-date symlink: /home/unitree/imes-g1/install/g1_control/share/g1_control/cmake/g1_controlConfig.cmake
[0.469s] -- Up-to-date symlink: /home/unitree/imes-g1/install/g1_control/share/g1_control/cmake/g1_controlConfig-version.cmake
[0.469s] -- Up-to-date symlink: /home/unitree/imes-g1/install/g1_control/share/g1_control/package.xml
[0.592s] Invoked command in '/home/unitree/imes-g1/build/g1_control' returned '0': CMAKE_PREFIX_PATH=${CMAKE_PREFIX_PATH}:/opt/ros/foxy /home/unitree/.local/bin/cmake --install /home/unitree/imes-g1/build/g1_control
