-- Found ament_cmake: 0.9.12 (/opt/ros/foxy/share/ament_cmake/cmake)
-- Using PYTHON_EXECUTABLE: /usr/bin/python3
-- Override CMake install command with custom implementation using symlinks instead of copying resources
-- Configuring done
-- Generating done
-- Build files have been written to: /home/unitree/imes-g1/build/g1_viz
-- Install configuration: ""
-- Execute custom install script
-- Up-to-date symlink: /home/unitree/imes-g1/install/g1_viz/share/g1_viz/launch/view_robot.launch.py
-- Up-to-date symlink: /home/unitree/imes-g1/install/g1_viz/share/g1_viz/rviz/model.rviz
-- Up-to-date symlink: /home/unitree/imes-g1/install/g1_viz/share/g1_viz/rviz/robot.rviz
-- Up-to-date symlink: /home/unitree/imes-g1/install/g1_viz/share/ament_index/resource_index/package_run_dependencies/g1_viz
-- Up-to-date symlink: /home/unitree/imes-g1/install/g1_viz/share/ament_index/resource_index/parent_prefix_path/g1_viz
-- Up-to-date symlink: /home/unitree/imes-g1/install/g1_viz/share/g1_viz/environment/ament_prefix_path.sh
-- Up-to-date symlink: /home/unitree/imes-g1/install/g1_viz/share/g1_viz/environment/ament_prefix_path.dsv
-- Up-to-date symlink: /home/unitree/imes-g1/install/g1_viz/share/g1_viz/environment/path.sh
-- Up-to-date symlink: /home/unitree/imes-g1/install/g1_viz/share/g1_viz/environment/path.dsv
-- Up-to-date symlink: /home/unitree/imes-g1/install/g1_viz/share/g1_viz/local_setup.bash
-- Up-to-date symlink: /home/unitree/imes-g1/install/g1_viz/share/g1_viz/local_setup.sh
-- Up-to-date symlink: /home/unitree/imes-g1/install/g1_viz/share/g1_viz/local_setup.zsh
-- Up-to-date symlink: /home/unitree/imes-g1/install/g1_viz/share/g1_viz/local_setup.dsv
-- Symlinking: /home/unitree/imes-g1/install/g1_viz/share/g1_viz/package.dsv
-- Up-to-date symlink: /home/unitree/imes-g1/install/g1_viz/share/ament_index/resource_index/packages/g1_viz
-- Up-to-date symlink: /home/unitree/imes-g1/install/g1_viz/share/g1_viz/cmake/g1_vizConfig.cmake
-- Up-to-date symlink: /home/unitree/imes-g1/install/g1_viz/share/g1_viz/cmake/g1_vizConfig-version.cmake
-- Up-to-date symlink: /home/unitree/imes-g1/install/g1_viz/share/g1_viz/package.xml
