[0.081s] Invoking command in '/home/unitree/imes-g1/build/g1_viz': CMAKE_PREFIX_PATH=${CMAKE_PREFIX_PATH}:/opt/ros/foxy /home/unitree/.local/bin/cmake /home/unitree/imes-g1/src/ros/g1_viz -DCMAKE_INSTALL_PREFIX=/home/unitree/imes-g1/install/g1_viz
[0.207s] -- Found ament_cmake: 0.9.12 (/opt/ros/foxy/share/ament_cmake/cmake)
[0.260s] -- Using PYTHON_EXECUTABLE: /usr/bin/python3
[0.705s] -- Override CMake install command with custom implementation using symlinks instead of copying resources
[0.843s] -- Configuring done
[0.852s] -- Generating done
[0.853s] -- Build files have been written to: /home/unitree/imes-g1/build/g1_viz
[0.875s] Invoked command in '/home/unitree/imes-g1/build/g1_viz' returned '0': CMAKE_PREFIX_PATH=${CMAKE_PREFIX_PATH}:/opt/ros/foxy /home/unitree/.local/bin/cmake /home/unitree/imes-g1/src/ros/g1_viz -DCMAKE_INSTALL_PREFIX=/home/unitree/imes-g1/install/g1_viz
[0.877s] Invoking command in '/home/unitree/imes-g1/build/g1_viz': CMAKE_PREFIX_PATH=${CMAKE_PREFIX_PATH}:/opt/ros/foxy /home/unitree/.local/bin/cmake --build /home/unitree/imes-g1/build/g1_viz -- -j8 -l8
[1.010s] Invoked command in '/home/unitree/imes-g1/build/g1_viz' returned '0': CMAKE_PREFIX_PATH=${CMAKE_PREFIX_PATH}:/opt/ros/foxy /home/unitree/.local/bin/cmake --build /home/unitree/imes-g1/build/g1_viz -- -j8 -l8
[1.018s] Invoking command in '/home/unitree/imes-g1/build/g1_viz': CMAKE_PREFIX_PATH=${CMAKE_PREFIX_PATH}:/opt/ros/foxy /home/unitree/.local/bin/cmake --install /home/unitree/imes-g1/build/g1_viz
[1.763s] -- Install configuration: ""
[1.764s] -- Execute custom install script
[1.768s] -- Up-to-date symlink: /home/unitree/imes-g1/install/g1_viz/share/g1_viz/launch/view_robot.launch.py
[1.768s] -- Up-to-date symlink: /home/unitree/imes-g1/install/g1_viz/share/g1_viz/rviz/model.rviz
[1.768s] -- Up-to-date symlink: /home/unitree/imes-g1/install/g1_viz/share/g1_viz/rviz/robot.rviz
[1.768s] -- Up-to-date symlink: /home/unitree/imes-g1/install/g1_viz/share/ament_index/resource_index/package_run_dependencies/g1_viz
[1.769s] -- Up-to-date symlink: /home/unitree/imes-g1/install/g1_viz/share/ament_index/resource_index/parent_prefix_path/g1_viz
[1.769s] -- Up-to-date symlink: /home/unitree/imes-g1/install/g1_viz/share/g1_viz/environment/ament_prefix_path.sh
[1.769s] -- Up-to-date symlink: /home/unitree/imes-g1/install/g1_viz/share/g1_viz/environment/ament_prefix_path.dsv
[1.769s] -- Up-to-date symlink: /home/unitree/imes-g1/install/g1_viz/share/g1_viz/environment/path.sh
[1.769s] -- Up-to-date symlink: /home/unitree/imes-g1/install/g1_viz/share/g1_viz/environment/path.dsv
[1.769s] -- Up-to-date symlink: /home/unitree/imes-g1/install/g1_viz/share/g1_viz/local_setup.bash
[1.769s] -- Up-to-date symlink: /home/unitree/imes-g1/install/g1_viz/share/g1_viz/local_setup.sh
[1.769s] -- Up-to-date symlink: /home/unitree/imes-g1/install/g1_viz/share/g1_viz/local_setup.zsh
[1.769s] -- Up-to-date symlink: /home/unitree/imes-g1/install/g1_viz/share/g1_viz/local_setup.dsv
[1.769s] -- Symlinking: /home/unitree/imes-g1/install/g1_viz/share/g1_viz/package.dsv
[1.770s] -- Up-to-date symlink: /home/unitree/imes-g1/install/g1_viz/share/ament_index/resource_index/packages/g1_viz
[1.770s] -- Up-to-date symlink: /home/unitree/imes-g1/install/g1_viz/share/g1_viz/cmake/g1_vizConfig.cmake
[1.770s] -- Up-to-date symlink: /home/unitree/imes-g1/install/g1_viz/share/g1_viz/cmake/g1_vizConfig-version.cmake
[1.770s] -- Up-to-date symlink: /home/unitree/imes-g1/install/g1_viz/share/g1_viz/package.xml
[1.773s] Invoked command in '/home/unitree/imes-g1/build/g1_viz' returned '0': CMAKE_PREFIX_PATH=${CMAKE_PREFIX_PATH}:/opt/ros/foxy /home/unitree/.local/bin/cmake --install /home/unitree/imes-g1/build/g1_viz
