-- The C compiler identification is GNU 9.4.0
-- The CXX compiler identification is GNU 9.4.0
-- Detecting C compiler ABI info
-- Detecting C compiler ABI info - done
-- Check for working C compiler: /usr/bin/cc - skipped
-- Detecting C compile features
-- Detecting C compile features - done
-- Detecting CXX compiler ABI info
-- Detecting CXX compiler ABI info - done
-- Check for working CXX compiler: /usr/bin/c++ - skipped
-- Detecting CXX compile features
-- Detecting CXX compile features - done
-- Found ament_cmake: 0.9.12 (/opt/ros/foxy/share/ament_cmake/cmake)
-- Found PythonInterp: /usr/bin/python3 (found suitable version "3.8.10", minimum required is "3") 
-- Using PYTHON_EXECUTABLE: /usr/bin/python3
-- Override CMake install command with custom implementation using symlinks instead of copying resources
-- Configuring done
-- Generating done
-- Build files have been written to: /home/unitree/imes-g1/build/g1_bringup
-- Install configuration: ""
-- Execute custom install script
-- Symlinking: /home/unitree/imes-g1/install/g1_bringup/share/g1_bringup/launch/system.launch.py
-- Symlinking: /home/unitree/imes-g1/install/g1_bringup/share/g1_bringup/config/10-qre-g1-motd
-- Symlinking: /home/unitree/imes-g1/install/g1_bringup/share/g1_bringup/config/def_cyclone.xml
-- Symlinking: /home/unitree/imes-g1/install/g1_bringup/share/g1_bringup/config/setup.bash
-- Symlinking: /home/unitree/imes-g1/install/g1_bringup/lib/g1_bringup/startup_installer.py
-- Symlinking: /home/unitree/imes-g1/install/g1_bringup/lib/g1_bringup/auto.bash
-- Symlinking: /home/unitree/imes-g1/install/g1_bringup/share/g1_bringup/hooks/auto.bash
-- Symlinking: /home/unitree/imes-g1/install/g1_bringup/share/g1_bringup/environment/auto.bash
-- Symlinking: /home/unitree/imes-g1/install/g1_bringup/share/ament_index/resource_index/package_run_dependencies/g1_bringup
-- Symlinking: /home/unitree/imes-g1/install/g1_bringup/share/ament_index/resource_index/parent_prefix_path/g1_bringup
-- Symlinking: /home/unitree/imes-g1/install/g1_bringup/share/g1_bringup/environment/ament_prefix_path.sh
-- Symlinking: /home/unitree/imes-g1/install/g1_bringup/share/g1_bringup/environment/ament_prefix_path.dsv
-- Symlinking: /home/unitree/imes-g1/install/g1_bringup/share/g1_bringup/environment/path.sh
-- Symlinking: /home/unitree/imes-g1/install/g1_bringup/share/g1_bringup/environment/path.dsv
-- Symlinking: /home/unitree/imes-g1/install/g1_bringup/share/g1_bringup/local_setup.bash
-- Symlinking: /home/unitree/imes-g1/install/g1_bringup/share/g1_bringup/local_setup.sh
-- Symlinking: /home/unitree/imes-g1/install/g1_bringup/share/g1_bringup/local_setup.zsh
-- Symlinking: /home/unitree/imes-g1/install/g1_bringup/share/g1_bringup/local_setup.dsv
-- Symlinking: /home/unitree/imes-g1/install/g1_bringup/share/g1_bringup/package.dsv
-- Symlinking: /home/unitree/imes-g1/install/g1_bringup/share/ament_index/resource_index/packages/g1_bringup
-- Symlinking: /home/unitree/imes-g1/install/g1_bringup/share/g1_bringup/cmake/g1_bringupConfig.cmake
-- Symlinking: /home/unitree/imes-g1/install/g1_bringup/share/g1_bringup/cmake/g1_bringupConfig-version.cmake
-- Symlinking: /home/unitree/imes-g1/install/g1_bringup/share/g1_bringup/package.xml
