[0.083s] Invoking command in '/home/unitree/imes-g1/build/g1_bringup': CMAKE_PREFIX_PATH=${CMAKE_PREFIX_PATH}:/opt/ros/foxy /home/unitree/.local/bin/cmake /home/unitree/imes-g1/src/ros/g1_bringup -DAMENT_CMAKE_SYMLINK_INSTALL=1 -DCMAKE_INSTALL_PREFIX=/home/unitree/imes-g1/install/g1_bringup
[0.254s] -- The C compiler identification is GNU 9.4.0
[0.362s] -- The CXX compiler identification is GNU 9.4.0
[0.379s] -- Detecting C compiler ABI info
[0.484s] -- Detecting C compiler ABI info - done
[0.500s] -- Check for working C compiler: /usr/bin/cc - skipped
[0.500s] -- Detecting C compile features
[0.501s] -- Detecting C compile features - done
[0.516s] -- Detecting CXX compiler ABI info
[0.629s] -- Detecting CXX compiler ABI info - done
[0.647s] -- Check for working CXX compiler: /usr/bin/c++ - skipped
[0.648s] -- Detecting CXX compile features
[0.649s] -- Detecting CXX compile features - done
[0.657s] -- Found ament_cmake: 0.9.12 (/opt/ros/foxy/share/ament_cmake/cmake)
[0.711s] -- Found PythonInterp: /usr/bin/python3 (found suitable version "3.8.10", minimum required is "3") 
[0.715s] -- Using PYTHON_EXECUTABLE: /usr/bin/python3
[1.139s] -- Override CMake install command with custom implementation using symlinks instead of copying resources
[1.318s] -- Configuring done
[1.323s] -- Generating done
[1.326s] -- Build files have been written to: /home/unitree/imes-g1/build/g1_bringup
[1.356s] Invoked command in '/home/unitree/imes-g1/build/g1_bringup' returned '0': CMAKE_PREFIX_PATH=${CMAKE_PREFIX_PATH}:/opt/ros/foxy /home/unitree/.local/bin/cmake /home/unitree/imes-g1/src/ros/g1_bringup -DAMENT_CMAKE_SYMLINK_INSTALL=1 -DCMAKE_INSTALL_PREFIX=/home/unitree/imes-g1/install/g1_bringup
[1.357s] Invoking command in '/home/unitree/imes-g1/build/g1_bringup': CMAKE_PREFIX_PATH=${CMAKE_PREFIX_PATH}:/opt/ros/foxy /home/unitree/.local/bin/cmake --build /home/unitree/imes-g1/build/g1_bringup -- -j8 -l8
[1.459s] Invoked command in '/home/unitree/imes-g1/build/g1_bringup' returned '0': CMAKE_PREFIX_PATH=${CMAKE_PREFIX_PATH}:/opt/ros/foxy /home/unitree/.local/bin/cmake --build /home/unitree/imes-g1/build/g1_bringup -- -j8 -l8
[1.539s] Invoking command in '/home/unitree/imes-g1/build/g1_bringup': CMAKE_PREFIX_PATH=${CMAKE_PREFIX_PATH}:/opt/ros/foxy /home/unitree/.local/bin/cmake --install /home/unitree/imes-g1/build/g1_bringup
[1.600s] -- Install configuration: ""
[1.600s] -- Execute custom install script
[1.601s] -- Symlinking: /home/unitree/imes-g1/install/g1_bringup/share/g1_bringup/launch/system.launch.py
[1.609s] -- Symlinking: /home/unitree/imes-g1/install/g1_bringup/share/g1_bringup/config/10-qre-g1-motd
[1.615s] -- Symlinking: /home/unitree/imes-g1/install/g1_bringup/share/g1_bringup/config/def_cyclone.xml
[1.620s] -- Symlinking: /home/unitree/imes-g1/install/g1_bringup/share/g1_bringup/config/setup.bash
[1.625s] -- Symlinking: /home/unitree/imes-g1/install/g1_bringup/lib/g1_bringup/startup_installer.py
[1.630s] -- Symlinking: /home/unitree/imes-g1/install/g1_bringup/lib/g1_bringup/auto.bash
[1.635s] -- Symlinking: /home/unitree/imes-g1/install/g1_bringup/share/g1_bringup/hooks/auto.bash
[1.639s] -- Symlinking: /home/unitree/imes-g1/install/g1_bringup/share/g1_bringup/environment/auto.bash
[1.644s] -- Symlinking: /home/unitree/imes-g1/install/g1_bringup/share/ament_index/resource_index/package_run_dependencies/g1_bringup
[1.649s] -- Symlinking: /home/unitree/imes-g1/install/g1_bringup/share/ament_index/resource_index/parent_prefix_path/g1_bringup
[1.654s] -- Symlinking: /home/unitree/imes-g1/install/g1_bringup/share/g1_bringup/environment/ament_prefix_path.sh
[1.661s] -- Symlinking: /home/unitree/imes-g1/install/g1_bringup/share/g1_bringup/environment/ament_prefix_path.dsv
[1.666s] -- Symlinking: /home/unitree/imes-g1/install/g1_bringup/share/g1_bringup/environment/path.sh
[1.671s] -- Symlinking: /home/unitree/imes-g1/install/g1_bringup/share/g1_bringup/environment/path.dsv
[1.676s] -- Symlinking: /home/unitree/imes-g1/install/g1_bringup/share/g1_bringup/local_setup.bash
[1.682s] -- Symlinking: /home/unitree/imes-g1/install/g1_bringup/share/g1_bringup/local_setup.sh
[1.687s] -- Symlinking: /home/unitree/imes-g1/install/g1_bringup/share/g1_bringup/local_setup.zsh
[1.692s] -- Symlinking: /home/unitree/imes-g1/install/g1_bringup/share/g1_bringup/local_setup.dsv
[1.700s] -- Symlinking: /home/unitree/imes-g1/install/g1_bringup/share/g1_bringup/package.dsv
[1.705s] -- Symlinking: /home/unitree/imes-g1/install/g1_bringup/share/ament_index/resource_index/packages/g1_bringup
[1.711s] -- Symlinking: /home/unitree/imes-g1/install/g1_bringup/share/g1_bringup/cmake/g1_bringupConfig.cmake
[1.717s] -- Symlinking: /home/unitree/imes-g1/install/g1_bringup/share/g1_bringup/cmake/g1_bringupConfig-version.cmake
[1.722s] -- Symlinking: /home/unitree/imes-g1/install/g1_bringup/share/g1_bringup/package.xml
[1.749s] Invoked command in '/home/unitree/imes-g1/build/g1_bringup' returned '0': CMAKE_PREFIX_PATH=${CMAKE_PREFIX_PATH}:/opt/ros/foxy /home/unitree/.local/bin/cmake --install /home/unitree/imes-g1/build/g1_bringup
