-- Found ament_cmake: 1.3.11 (/opt/ros/humble/share/ament_cmake/cmake)
make: Warning: File 'Makefile' has modification time 1770221858 s in the future
-- Found Python3: /home/unitree/miniconda3/bin/python3 (found version "3.13.5") found components: Interpreter 
-- Override CMake install command with custom implementation using symlinks instead of copying resources
-- Found geometry_msgs: 4.2.4 (/opt/ros/humble/share/geometry_msgs/cmake)
-- Found rosidl_generator_c: 3.1.6 (/opt/ros/humble/share/rosidl_generator_c/cmake)
-- Found rosidl_adapter: 3.1.6 (/opt/ros/humble/share/rosidl_adapter/cmake)
-- Found rosidl_generator_cpp: 3.1.6 (/opt/ros/humble/share/rosidl_generator_cpp/cmake)
-- Using all available rosidl_typesupport_c: rosidl_typesupport_fastrtps_c;rosidl_typesupport_introspection_c
-- Using all available rosidl_typesupport_cpp: rosidl_typesupport_fastrtps_cpp;rosidl_typesupport_introspection_cpp
-- Found rosidl_default_generators: 1.2.0 (/opt/ros/humble/share/rosidl_default_generators/cmake)
-- Found rosidl_generator_dds_idl: 0.8.1 (/opt/ros/humble/share/rosidl_generator_dds_idl/cmake)
[31mCMake Error at /opt/ros/humble/share/rosidl_adapter/cmake/rosidl_adapt_interfaces.cmake:59 (message):
  execute_process(/home/unitree/miniconda3/bin/python3 -m rosidl_adapter
  --package-name unitree_go --arguments-file
  /home/unitree/imes-g1/build/unitree_go/rosidl_adapter__arguments__unitree_go.json
  --output-dir
  /home/unitree/imes-g1/build/unitree_go/rosidl_adapter/unitree_go
  --output-file
  /home/unitree/imes-g1/build/unitree_go/rosidl_adapter/unitree_go.idls)
  returned error code 1:

  Traceback (most recent call last):

    File "<frozen runpy>", line 198, in _run_module_as_main
    File "<frozen runpy>", line 88, in _run_code
    File "/opt/ros/humble/local/lib/python3.10/dist-packages/rosidl_adapter/__main__.py", line 19, in <module>
      sys.exit(main())
               ~~~~^^
    File "/opt/ros/humble/local/lib/python3.10/dist-packages/rosidl_adapter/main.py", line 53, in main
      abs_idl_file = convert_to_idl(
          pathlib.Path(basepath), args.package_name,
          pathlib.Path(relative_path), output_dir)
    File "/opt/ros/humble/local/lib/python3.10/dist-packages/rosidl_adapter/__init__.py", line 18, in convert_to_idl
      from rosidl_adapter.msg import convert_msg_to_idl
    File "/opt/ros/humble/local/lib/python3.10/dist-packages/rosidl_adapter/msg/__init__.py", line 16, in <module>
      from rosidl_adapter.resource import expand_template
    File "/opt/ros/humble/local/lib/python3.10/dist-packages/rosidl_adapter/resource/__init__.py", line 19, in <module>
      import em

  ModuleNotFoundError: No module named 'em'

Call Stack (most recent call first):
  /opt/ros/humble/share/rosidl_cmake/cmake/rosidl_generate_interfaces.cmake:130 (rosidl_adapt_interfaces)
  CMakeLists.txt:28 (rosidl_generate_interfaces)

[0m
-- Configuring incomplete, errors occurred!
See also "/home/unitree/imes-g1/build/unitree_go/CMakeFiles/CMakeOutput.log".
make: *** [Makefile:5701: cmake_check_build_system] Error 1
