[0.062s] Invoking command in '/home/unitree/imes-g1/build/unitree_api': CMAKE_PREFIX_PATH=${CMAKE_PREFIX_PATH}:/opt/ros/humble CONDA_PROMPT_MODIFIER=(base) PS1=(base) \[\e]0;\u@\h: \w\a\]${debian_chroot:+($debian_chroot)}\[\033[01;32m\]\u@\h\[\033[00m\]:\[\033[01;34m\]\w\[\033[00m\]\$ /usr/bin/cmake --build /home/unitree/imes-g1/build/unitree_api -- -j8 -l8
[0.131s] -- Found ament_cmake: 1.3.11 (/opt/ros/humble/share/ament_cmake/cmake)
[0.138s] make: Warning: File 'Makefile' has modification time 1770221858 s in the future
[1.004s] -- Found Python3: /home/unitree/miniconda3/bin/python3 (found version "3.13.5") found components: Interpreter 
[1.196s] -- Override CMake install command with custom implementation using symlinks instead of copying resources
[1.292s] -- Found geometry_msgs: 4.2.4 (/opt/ros/humble/share/geometry_msgs/cmake)
[1.397s] -- Found rosidl_generator_c: 3.1.6 (/opt/ros/humble/share/rosidl_generator_c/cmake)
[1.414s] -- Found rosidl_adapter: 3.1.6 (/opt/ros/humble/share/rosidl_adapter/cmake)
[1.452s] -- Found rosidl_generator_cpp: 3.1.6 (/opt/ros/humble/share/rosidl_generator_cpp/cmake)
[1.485s] -- Using all available rosidl_typesupport_c: rosidl_typesupport_fastrtps_c;rosidl_typesupport_introspection_c
[1.525s] -- Using all available rosidl_typesupport_cpp: rosidl_typesupport_fastrtps_cpp;rosidl_typesupport_introspection_cpp
[1.610s] -- Found rosidl_default_generators: 1.2.0 (/opt/ros/humble/share/rosidl_default_generators/cmake)
[1.634s] -- Found rosidl_generator_dds_idl: 0.8.1 (/opt/ros/humble/share/rosidl_generator_dds_idl/cmake)
[1.778s] [31mCMake Error at /opt/ros/humble/share/rosidl_adapter/cmake/rosidl_adapt_interfaces.cmake:59 (message):
[1.778s]   execute_process(/home/unitree/miniconda3/bin/python3 -m rosidl_adapter
[1.778s]   --package-name unitree_api --arguments-file
[1.778s]   /home/unitree/imes-g1/build/unitree_api/rosidl_adapter__arguments__unitree_api.json
[1.778s]   --output-dir
[1.778s]   /home/unitree/imes-g1/build/unitree_api/rosidl_adapter/unitree_api
[1.778s]   --output-file
[1.779s]   /home/unitree/imes-g1/build/unitree_api/rosidl_adapter/unitree_api.idls)
[1.779s]   returned error code 1:
[1.779s] 
[1.779s]   Traceback (most recent call last):
[1.779s] 
[1.779s]     File "<frozen runpy>", line 198, in _run_module_as_main
[1.779s]     File "<frozen runpy>", line 88, in _run_code
[1.779s]     File "/opt/ros/humble/local/lib/python3.10/dist-packages/rosidl_adapter/__main__.py", line 19, in <module>
[1.779s]       sys.exit(main())
[1.779s]                ~~~~^^
[1.779s]     File "/opt/ros/humble/local/lib/python3.10/dist-packages/rosidl_adapter/main.py", line 53, in main
[1.779s]       abs_idl_file = convert_to_idl(
[1.780s]           pathlib.Path(basepath), args.package_name,
[1.780s]           pathlib.Path(relative_path), output_dir)
[1.780s]     File "/opt/ros/humble/local/lib/python3.10/dist-packages/rosidl_adapter/__init__.py", line 18, in convert_to_idl
[1.780s]       from rosidl_adapter.msg import convert_msg_to_idl
[1.780s]     File "/opt/ros/humble/local/lib/python3.10/dist-packages/rosidl_adapter/msg/__init__.py", line 16, in <module>
[1.780s]       from rosidl_adapter.resource import expand_template
[1.780s]     File "/opt/ros/humble/local/lib/python3.10/dist-packages/rosidl_adapter/resource/__init__.py", line 19, in <module>
[1.780s]       import em
[1.780s] 
[1.780s]   ModuleNotFoundError: No module named 'em'
[1.780s] 
[1.781s] Call Stack (most recent call first):
[1.781s]   /opt/ros/humble/share/rosidl_cmake/cmake/rosidl_generate_interfaces.cmake:130 (rosidl_adapt_interfaces)
[1.781s]   CMakeLists.txt:28 (rosidl_generate_interfaces)
[1.781s] 
[1.781s] [0m
[1.781s] -- Configuring incomplete, errors occurred!
[1.781s] See also "/home/unitree/imes-g1/build/unitree_api/CMakeFiles/CMakeOutput.log".
[1.789s] make: *** [Makefile:2245: cmake_check_build_system] Error 1
