[0.118s] Invoking command in '/home/unitree/imes-g1/build/unitree_api': CMAKE_PREFIX_PATH=${CMAKE_PREFIX_PATH}:/opt/ros/foxy /home/unitree/.local/bin/cmake /home/unitree/imes-g1/src/third_party/unitree/12Aug2025_unitree_ros2/cyclonedds_ws/src/unitree/unitree_api -DCMAKE_INSTALL_PREFIX=/home/unitree/imes-g1/install/unitree_api
[0.220s] -- Found ament_cmake: 0.9.12 (/opt/ros/foxy/share/ament_cmake/cmake)
[0.273s] -- Found PythonInterp: /usr/bin/python3 (found suitable version "3.8.10", minimum required is "3") 
[0.274s] -- Using PYTHON_EXECUTABLE: /usr/bin/python3
[0.724s] -- Override CMake install command with custom implementation using symlinks instead of copying resources
[0.749s] -- Found geometry_msgs: 2.0.5 (/opt/ros/foxy/share/geometry_msgs/cmake)
[0.796s] -- Using all available rosidl_typesupport_c: rosidl_typesupport_fastrtps_c;rosidl_typesupport_introspection_c
[0.803s] -- Found rosidl_adapter: 1.3.1 (/opt/ros/foxy/share/rosidl_adapter/cmake)
[1.065s] -- Using all available rosidl_typesupport_cpp: rosidl_typesupport_fastrtps_cpp;rosidl_typesupport_introspection_cpp
[1.200s] -- Found rosidl_default_generators: 1.0.1 (/opt/ros/foxy/share/rosidl_default_generators/cmake)
[1.219s] -- Found rosidl_generator_dds_idl: 0.7.1 (/opt/ros/foxy/share/rosidl_generator_dds_idl/cmake)
[1.272s] -- Found PythonInterp: /usr/bin/python3 (found version "3.8.10") 
[1.653s] -- Found ament_cmake_ros: 0.9.2 (/opt/ros/foxy/share/ament_cmake_ros/cmake)
[2.131s] -- Using all available rosidl_typesupport_c: rosidl_typesupport_fastrtps_c;rosidl_typesupport_introspection_c
[2.304s] -- Using all available rosidl_typesupport_cpp: rosidl_typesupport_fastrtps_cpp;rosidl_typesupport_introspection_cpp
[2.357s] -- Found PythonInterp: /usr/bin/python3 (found suitable version "3.8.10", minimum required is "3.5") 
[2.357s] -- Found python_cmake_module: 0.8.1 (/opt/ros/foxy/share/python_cmake_module/cmake)
[2.409s] -- Using PYTHON_EXECUTABLE: /usr/bin/python3
[2.409s] -- Using PYTHON_INCLUDE_DIRS: /usr/include/python3.8
[2.409s] -- Using PYTHON_LIBRARIES: /usr/lib/aarch64-linux-gnu/libpython3.8.so
[2.575s] -- Found ament_lint_auto: 0.9.8 (/opt/ros/foxy/share/ament_lint_auto/cmake)
[2.599s] -- Added test 'copyright' to check source files copyright and LICENSE
[2.622s] -- Added test 'lint_cmake' to check CMake code style
[2.643s] -- Added test 'xmllint' to check XML markup files
[2.645s] -- Configuring done
[2.741s] -- Generating done
[2.768s] -- Build files have been written to: /home/unitree/imes-g1/build/unitree_api
[2.818s] Invoked command in '/home/unitree/imes-g1/build/unitree_api' returned '0': CMAKE_PREFIX_PATH=${CMAKE_PREFIX_PATH}:/opt/ros/foxy /home/unitree/.local/bin/cmake /home/unitree/imes-g1/src/third_party/unitree/12Aug2025_unitree_ros2/cyclonedds_ws/src/unitree/unitree_api -DCMAKE_INSTALL_PREFIX=/home/unitree/imes-g1/install/unitree_api
[2.820s] Invoking command in '/home/unitree/imes-g1/build/unitree_api': CMAKE_PREFIX_PATH=${CMAKE_PREFIX_PATH}:/opt/ros/foxy /home/unitree/.local/bin/cmake --build /home/unitree/imes-g1/build/unitree_api -- -j8 -l8
[2.937s] [35m[1mConsolidate compiler generated dependencies of target unitree_api__rosidl_generator_c[0m
[2.961s] [  1%] Built target unitree_api__cpp
[2.965s] [ 12%] Built target unitree_api__rosidl_generator_c
[2.972s] [ 13%] Built target unitree_api__dds_connext_idl
[2.990s] [35m[1mConsolidate compiler generated dependencies of target unitree_api__rosidl_typesupport_cpp[0m
[2.992s] [35m[1mConsolidate compiler generated dependencies of target unitree_api__rosidl_typesupport_fastrtps_cpp[0m
[3.000s] [35m[1mConsolidate compiler generated dependencies of target unitree_api__rosidl_typesupport_introspection_cpp[0m
[3.019s] [35m[1mConsolidate compiler generated dependencies of target unitree_api__rosidl_typesupport_c[0m
[3.028s] [ 25%] Built target unitree_api__rosidl_typesupport_cpp
[3.029s] [35m[1mConsolidate compiler generated dependencies of target unitree_api__rosidl_typesupport_introspection_c[0m
[3.052s] [ 36%] Built target unitree_api__rosidl_typesupport_introspection_cpp
[3.057s] [ 47%] Built target unitree_api__rosidl_typesupport_c
[3.058s] [ 59%] Built target unitree_api__rosidl_typesupport_introspection_c
[3.062s] [ 70%] Built target unitree_api__rosidl_typesupport_fastrtps_cpp
[3.088s] [35m[1mConsolidate compiler generated dependencies of target unitree_api__rosidl_typesupport_fastrtps_c[0m
[3.132s] [ 81%] Built target unitree_api__rosidl_typesupport_fastrtps_c
[3.178s] [ 81%] Built target unitree_api
[3.197s] [ 82%] Built target unitree_api__py
[3.209s] [35m[1mConsolidate compiler generated dependencies of target unitree_api__python[0m
[3.230s] [ 93%] Built target unitree_api__python
[3.249s] [35m[1mConsolidate compiler generated dependencies of target unitree_api__rosidl_typesupport_fastrtps_c__pyext[0m
[3.252s] [35m[1mConsolidate compiler generated dependencies of target unitree_api__rosidl_typesupport_introspection_c__pyext[0m
[3.261s] [35m[1mConsolidate compiler generated dependencies of target unitree_api__rosidl_typesupport_c__pyext[0m
[3.279s] [ 95%] Built target unitree_api__rosidl_typesupport_introspection_c__pyext
[3.281s] [ 97%] Built target unitree_api__rosidl_typesupport_fastrtps_c__pyext
[3.283s] [100%] Built target unitree_api__rosidl_typesupport_c__pyext
[3.321s] Invoked command in '/home/unitree/imes-g1/build/unitree_api' returned '0': CMAKE_PREFIX_PATH=${CMAKE_PREFIX_PATH}:/opt/ros/foxy /home/unitree/.local/bin/cmake --build /home/unitree/imes-g1/build/unitree_api -- -j8 -l8
[3.323s] Invoking command in '/home/unitree/imes-g1/build/unitree_api': CMAKE_PREFIX_PATH=${CMAKE_PREFIX_PATH}:/opt/ros/foxy /home/unitree/.local/bin/cmake --install /home/unitree/imes-g1/build/unitree_api
[3.415s] -- Install configuration: ""
[3.415s] -- Execute custom install script
[3.415s] -- Up-to-date symlink: /home/unitree/imes-g1/install/unitree_api/share/ament_index/resource_index/rosidl_interfaces/unitree_api
[3.415s] -- Up-to-date symlink: /home/unitree/imes-g1/install/unitree_api/include/unitree_api/msg/detail/request__functions.h
[3.416s] -- Up-to-date symlink: /home/unitree/imes-g1/install/unitree_api/include/unitree_api/msg/detail/request__struct.h
[3.416s] -- Up-to-date symlink: /home/unitree/imes-g1/install/unitree_api/include/unitree_api/msg/detail/request__type_support.h
[3.417s] -- Up-to-date symlink: /home/unitree/imes-g1/install/unitree_api/include/unitree_api/msg/detail/request_header__functions.h
[3.417s] -- Up-to-date symlink: /home/unitree/imes-g1/install/unitree_api/include/unitree_api/msg/detail/request_header__struct.h
[3.417s] -- Up-to-date symlink: /home/unitree/imes-g1/install/unitree_api/include/unitree_api/msg/detail/request_header__type_support.h
[3.417s] -- Up-to-date symlink: /home/unitree/imes-g1/install/unitree_api/include/unitree_api/msg/detail/request_identity__functions.h
[3.417s] -- Up-to-date symlink: /home/unitree/imes-g1/install/unitree_api/include/unitree_api/msg/detail/request_identity__struct.h
[3.417s] -- Up-to-date symlink: /home/unitree/imes-g1/install/unitree_api/include/unitree_api/msg/detail/request_identity__type_support.h
[3.417s] -- Up-to-date symlink: /home/unitree/imes-g1/install/unitree_api/include/unitree_api/msg/detail/request_lease__functions.h
[3.417s] -- Up-to-date symlink: /home/unitree/imes-g1/install/unitree_api/include/unitree_api/msg/detail/request_lease__struct.h
[3.417s] -- Up-to-date symlink: /home/unitree/imes-g1/install/unitree_api/include/unitree_api/msg/detail/request_lease__type_support.h
[3.417s] -- Up-to-date symlink: /home/unitree/imes-g1/install/unitree_api/include/unitree_api/msg/detail/request_policy__functions.h
[3.418s] -- Up-to-date symlink: /home/unitree/imes-g1/install/unitree_api/include/unitree_api/msg/detail/request_policy__struct.h
[3.418s] -- Up-to-date symlink: /home/unitree/imes-g1/install/unitree_api/include/unitree_api/msg/detail/request_policy__type_support.h
[3.418s] -- Up-to-date symlink: /home/unitree/imes-g1/install/unitree_api/include/unitree_api/msg/detail/response__functions.h
[3.418s] -- Up-to-date symlink: /home/unitree/imes-g1/install/unitree_api/include/unitree_api/msg/detail/response__struct.h
[3.418s] -- Up-to-date symlink: /home/unitree/imes-g1/install/unitree_api/include/unitree_api/msg/detail/response__type_support.h
[3.418s] -- Up-to-date symlink: /home/unitree/imes-g1/install/unitree_api/include/unitree_api/msg/detail/response_header__functions.h
[3.418s] -- Up-to-date symlink: /home/unitree/imes-g1/install/unitree_api/include/unitree_api/msg/detail/response_header__struct.h
[3.418s] -- Up-to-date symlink: /home/unitree/imes-g1/install/unitree_api/include/unitree_api/msg/detail/response_header__type_support.h
[3.419s] -- Up-to-date symlink: /home/unitree/imes-g1/install/unitree_api/include/unitree_api/msg/detail/response_status__functions.h
[3.419s] -- Up-to-date symlink: /home/unitree/imes-g1/install/unitree_api/include/unitree_api/msg/detail/response_status__struct.h
[3.419s] -- Up-to-date symlink: /home/unitree/imes-g1/install/unitree_api/include/unitree_api/msg/detail/response_status__type_support.h
[3.421s] -- Up-to-date symlink: /home/unitree/imes-g1/install/unitree_api/include/unitree_api/msg/request.h
[3.421s] -- Up-to-date symlink: /home/unitree/imes-g1/install/unitree_api/include/unitree_api/msg/request_header.h
[3.421s] -- Up-to-date symlink: /home/unitree/imes-g1/install/unitree_api/include/unitree_api/msg/request_identity.h
[3.421s] -- Up-to-date symlink: /home/unitree/imes-g1/install/unitree_api/include/unitree_api/msg/request_lease.h
[3.422s] -- Up-to-date symlink: /home/unitree/imes-g1/install/unitree_api/include/unitree_api/msg/request_policy.h
[3.422s] -- Up-to-date symlink: /home/unitree/imes-g1/install/unitree_api/include/unitree_api/msg/response.h
[3.422s] -- Up-to-date symlink: /home/unitree/imes-g1/install/unitree_api/include/unitree_api/msg/response_header.h
[3.422s] -- Up-to-date symlink: /home/unitree/imes-g1/install/unitree_api/include/unitree_api/msg/response_status.h
[3.422s] -- Up-to-date symlink: /home/unitree/imes-g1/install/unitree_api/include/unitree_api/msg/rosidl_generator_c__visibility_control.h
[3.422s] -- Up-to-date symlink: /home/unitree/imes-g1/install/unitree_api/share/unitree_api/environment/library_path.sh
[3.423s] -- Up-to-date symlink: /home/unitree/imes-g1/install/unitree_api/share/unitree_api/environment/library_path.dsv
[3.424s] -- Up-to-date symlink: /home/unitree/imes-g1/install/unitree_api/include/unitree_api/msg/detail/request__rosidl_typesupport_fastrtps_c.h
[3.424s] -- Up-to-date symlink: /home/unitree/imes-g1/install/unitree_api/include/unitree_api/msg/detail/request_header__rosidl_typesupport_fastrtps_c.h
[3.425s] -- Up-to-date symlink: /home/unitree/imes-g1/install/unitree_api/include/unitree_api/msg/detail/request_identity__rosidl_typesupport_fastrtps_c.h
[3.425s] -- Up-to-date symlink: /home/unitree/imes-g1/install/unitree_api/include/unitree_api/msg/detail/request_lease__rosidl_typesupport_fastrtps_c.h
[3.425s] -- Up-to-date symlink: /home/unitree/imes-g1/install/unitree_api/include/unitree_api/msg/detail/request_policy__rosidl_typesupport_fastrtps_c.h
[3.427s] -- Up-to-date symlink: /home/unitree/imes-g1/install/unitree_api/include/unitree_api/msg/detail/response__rosidl_typesupport_fastrtps_c.h
[3.427s] -- Up-to-date symlink: /home/unitree/imes-g1/install/unitree_api/include/unitree_api/msg/detail/response_header__rosidl_typesupport_fastrtps_c.h
[3.427s] -- Up-to-date symlink: /home/unitree/imes-g1/install/unitree_api/include/unitree_api/msg/detail/response_status__rosidl_typesupport_fastrtps_c.h
[3.427s] -- Up-to-date symlink: /home/unitree/imes-g1/install/unitree_api/include/unitree_api/msg/rosidl_typesupport_fastrtps_c__visibility_control.h
[3.428s] -- Up-to-date symlink: /home/unitree/imes-g1/install/unitree_api/lib/libunitree_api__rosidl_typesupport_fastrtps_c.so
[3.432s] -- Up-to-date symlink: /home/unitree/imes-g1/install/unitree_api/include/unitree_api/msg/detail/request__rosidl_typesupport_fastrtps_cpp.hpp
[3.433s] -- Up-to-date symlink: /home/unitree/imes-g1/install/unitree_api/include/unitree_api/msg/detail/request_header__rosidl_typesupport_fastrtps_cpp.hpp
[3.433s] -- Up-to-date symlink: /home/unitree/imes-g1/install/unitree_api/include/unitree_api/msg/detail/request_identity__rosidl_typesupport_fastrtps_cpp.hpp
[3.433s] -- Up-to-date symlink: /home/unitree/imes-g1/install/unitree_api/include/unitree_api/msg/detail/request_lease__rosidl_typesupport_fastrtps_cpp.hpp
[3.433s] -- Up-to-date symlink: /home/unitree/imes-g1/install/unitree_api/include/unitree_api/msg/detail/request_policy__rosidl_typesupport_fastrtps_cpp.hpp
[3.434s] -- Up-to-date symlink: /home/unitree/imes-g1/install/unitree_api/include/unitree_api/msg/detail/response__rosidl_typesupport_fastrtps_cpp.hpp
[3.434s] -- Up-to-date symlink: /home/unitree/imes-g1/install/unitree_api/include/unitree_api/msg/detail/response_header__rosidl_typesupport_fastrtps_cpp.hpp
[3.434s] -- Up-to-date symlink: /home/unitree/imes-g1/install/unitree_api/include/unitree_api/msg/detail/response_status__rosidl_typesupport_fastrtps_cpp.hpp
[3.434s] -- Up-to-date symlink: /home/unitree/imes-g1/install/unitree_api/include/unitree_api/msg/rosidl_typesupport_fastrtps_cpp__visibility_control.h
[3.434s] -- Up-to-date symlink: /home/unitree/imes-g1/install/unitree_api/lib/libunitree_api__rosidl_typesupport_fastrtps_cpp.so
[3.434s] -- Up-to-date symlink: /home/unitree/imes-g1/install/unitree_api/include/unitree_api/msg/detail/request__rosidl_typesupport_introspection_c.h
[3.434s] -- Up-to-date symlink: /home/unitree/imes-g1/install/unitree_api/include/unitree_api/msg/detail/request_header__rosidl_typesupport_introspection_c.h
[3.434s] -- Up-to-date symlink: /home/unitree/imes-g1/install/unitree_api/include/unitree_api/msg/detail/request_identity__rosidl_typesupport_introspection_c.h
[3.435s] -- Up-to-date symlink: /home/unitree/imes-g1/install/unitree_api/include/unitree_api/msg/detail/request_lease__rosidl_typesupport_introspection_c.h
[3.435s] -- Up-to-date symlink: /home/unitree/imes-g1/install/unitree_api/include/unitree_api/msg/detail/request_policy__rosidl_typesupport_introspection_c.h
[3.435s] -- Up-to-date symlink: /home/unitree/imes-g1/install/unitree_api/include/unitree_api/msg/detail/response__rosidl_typesupport_introspection_c.h
[3.435s] -- Up-to-date symlink: /home/unitree/imes-g1/install/unitree_api/include/unitree_api/msg/detail/response_header__rosidl_typesupport_introspection_c.h
[3.435s] -- Up-to-date symlink: /home/unitree/imes-g1/install/unitree_api/include/unitree_api/msg/detail/response_status__rosidl_typesupport_introspection_c.h
[3.435s] -- Up-to-date symlink: /home/unitree/imes-g1/install/unitree_api/include/unitree_api/msg/rosidl_typesupport_introspection_c__visibility_control.h
[3.436s] -- Up-to-date symlink: /home/unitree/imes-g1/install/unitree_api/include/unitree_api/msg/detail/request__builder.hpp
[3.436s] -- Up-to-date symlink: /home/unitree/imes-g1/install/unitree_api/include/unitree_api/msg/detail/request__struct.hpp
[3.437s] -- Up-to-date symlink: /home/unitree/imes-g1/install/unitree_api/include/unitree_api/msg/detail/request__traits.hpp
[3.437s] -- Up-to-date symlink: /home/unitree/imes-g1/install/unitree_api/include/unitree_api/msg/detail/request__type_support.hpp
[3.437s] -- Up-to-date symlink: /home/unitree/imes-g1/install/unitree_api/include/unitree_api/msg/detail/request_header__builder.hpp
[3.438s] -- Up-to-date symlink: /home/unitree/imes-g1/install/unitree_api/include/unitree_api/msg/detail/request_header__struct.hpp
[3.438s] -- Up-to-date symlink: /home/unitree/imes-g1/install/unitree_api/include/unitree_api/msg/detail/request_header__traits.hpp
[3.438s] -- Up-to-date symlink: /home/unitree/imes-g1/install/unitree_api/include/unitree_api/msg/detail/request_header__type_support.hpp
[3.438s] -- Up-to-date symlink: /home/unitree/imes-g1/install/unitree_api/include/unitree_api/msg/detail/request_identity__builder.hpp
[3.439s] -- Up-to-date symlink: /home/unitree/imes-g1/install/unitree_api/include/unitree_api/msg/detail/request_identity__struct.hpp
[3.439s] -- Up-to-date symlink: /home/unitree/imes-g1/install/unitree_api/include/unitree_api/msg/detail/request_identity__traits.hpp
[3.439s] -- Up-to-date symlink: /home/unitree/imes-g1/install/unitree_api/include/unitree_api/msg/detail/request_identity__type_support.hpp
[3.439s] -- Up-to-date symlink: /home/unitree/imes-g1/install/unitree_api/include/unitree_api/msg/detail/request_lease__builder.hpp
[3.440s] -- Up-to-date symlink: /home/unitree/imes-g1/install/unitree_api/include/unitree_api/msg/detail/request_lease__struct.hpp
[3.440s] -- Up-to-date symlink: /home/unitree/imes-g1/install/unitree_api/include/unitree_api/msg/detail/request_lease__traits.hpp
[3.440s] -- Up-to-date symlink: /home/unitree/imes-g1/install/unitree_api/include/unitree_api/msg/detail/request_lease__type_support.hpp
[3.441s] -- Up-to-date symlink: /home/unitree/imes-g1/install/unitree_api/include/unitree_api/msg/detail/request_policy__builder.hpp
[3.441s] -- Up-to-date symlink: /home/unitree/imes-g1/install/unitree_api/include/unitree_api/msg/detail/request_policy__struct.hpp
[3.441s] -- Up-to-date symlink: /home/unitree/imes-g1/install/unitree_api/include/unitree_api/msg/detail/request_policy__traits.hpp
[3.441s] -- Up-to-date symlink: /home/unitree/imes-g1/install/unitree_api/include/unitree_api/msg/detail/request_policy__type_support.hpp
[3.442s] -- Up-to-date symlink: /home/unitree/imes-g1/install/unitree_api/include/unitree_api/msg/detail/response__builder.hpp
[3.442s] -- Up-to-date symlink: /home/unitree/imes-g1/install/unitree_api/include/unitree_api/msg/detail/response__struct.hpp
[3.442s] -- Up-to-date symlink: /home/unitree/imes-g1/install/unitree_api/include/unitree_api/msg/detail/response__traits.hpp
[3.442s] -- Up-to-date symlink: /home/unitree/imes-g1/install/unitree_api/include/unitree_api/msg/detail/response__type_support.hpp
[3.443s] -- Up-to-date symlink: /home/unitree/imes-g1/install/unitree_api/include/unitree_api/msg/detail/response_header__builder.hpp
[3.443s] -- Up-to-date symlink: /home/unitree/imes-g1/install/unitree_api/include/unitree_api/msg/detail/response_header__struct.hpp
[3.443s] -- Up-to-date symlink: /home/unitree/imes-g1/install/unitree_api/include/unitree_api/msg/detail/response_header__traits.hpp
[3.444s] -- Up-to-date symlink: /home/unitree/imes-g1/install/unitree_api/include/unitree_api/msg/detail/response_header__type_support.hpp
[3.444s] -- Up-to-date symlink: /home/unitree/imes-g1/install/unitree_api/include/unitree_api/msg/detail/response_status__builder.hpp
[3.444s] -- Up-to-date symlink: /home/unitree/imes-g1/install/unitree_api/include/unitree_api/msg/detail/response_status__struct.hpp
[3.444s] -- Up-to-date symlink: /home/unitree/imes-g1/install/unitree_api/include/unitree_api/msg/detail/response_status__traits.hpp
[3.445s] -- Up-to-date symlink: /home/unitree/imes-g1/install/unitree_api/include/unitree_api/msg/detail/response_status__type_support.hpp
[3.445s] -- Up-to-date symlink: /home/unitree/imes-g1/install/unitree_api/include/unitree_api/msg/request.hpp
[3.446s] -- Up-to-date symlink: /home/unitree/imes-g1/install/unitree_api/include/unitree_api/msg/request_header.hpp
[3.446s] -- Up-to-date symlink: /home/unitree/imes-g1/install/unitree_api/include/unitree_api/msg/request_identity.hpp
[3.447s] -- Up-to-date symlink: /home/unitree/imes-g1/install/unitree_api/include/unitree_api/msg/request_lease.hpp
[3.447s] -- Up-to-date symlink: /home/unitree/imes-g1/install/unitree_api/include/unitree_api/msg/request_policy.hpp
[3.448s] -- Up-to-date symlink: /home/unitree/imes-g1/install/unitree_api/include/unitree_api/msg/response.hpp
[3.448s] -- Up-to-date symlink: /home/unitree/imes-g1/install/unitree_api/include/unitree_api/msg/response_header.hpp
[3.449s] -- Up-to-date symlink: /home/unitree/imes-g1/install/unitree_api/include/unitree_api/msg/response_status.hpp
[3.449s] -- Up-to-date symlink: /home/unitree/imes-g1/install/unitree_api/include/unitree_api/msg/rosidl_generator_cpp__visibility_control.hpp
[3.454s] -- Up-to-date symlink: /home/unitree/imes-g1/install/unitree_api/include/unitree_api/msg/detail/request__rosidl_typesupport_introspection_cpp.hpp
[3.454s] -- Up-to-date symlink: /home/unitree/imes-g1/install/unitree_api/include/unitree_api/msg/detail/request_header__rosidl_typesupport_introspection_cpp.hpp
[3.454s] -- Up-to-date symlink: /home/unitree/imes-g1/install/unitree_api/include/unitree_api/msg/detail/request_identity__rosidl_typesupport_introspection_cpp.hpp
[3.455s] -- Up-to-date symlink: /home/unitree/imes-g1/install/unitree_api/include/unitree_api/msg/detail/request_lease__rosidl_typesupport_introspection_cpp.hpp
[3.455s] -- Up-to-date symlink: /home/unitree/imes-g1/install/unitree_api/include/unitree_api/msg/detail/request_policy__rosidl_typesupport_introspection_cpp.hpp
[3.455s] -- Up-to-date symlink: /home/unitree/imes-g1/install/unitree_api/include/unitree_api/msg/detail/response__rosidl_typesupport_introspection_cpp.hpp
[3.455s] -- Up-to-date symlink: /home/unitree/imes-g1/install/unitree_api/include/unitree_api/msg/detail/response_header__rosidl_typesupport_introspection_cpp.hpp
[3.455s] -- Up-to-date symlink: /home/unitree/imes-g1/install/unitree_api/include/unitree_api/msg/detail/response_status__rosidl_typesupport_introspection_cpp.hpp
[3.455s] -- Up-to-date symlink: /home/unitree/imes-g1/install/unitree_api/share/unitree_api/environment/pythonpath.sh
[3.457s] -- Up-to-date symlink: /home/unitree/imes-g1/install/unitree_api/share/unitree_api/environment/pythonpath.dsv
[3.457s] -- Up-to-date symlink: /home/unitree/imes-g1/install/unitree_api/lib/python3.8/site-packages/unitree_api/__init__.py
[3.457s] -- Up-to-date symlink: /home/unitree/imes-g1/install/unitree_api/lib/python3.8/site-packages/unitree_api/msg/__init__.py
[3.457s] -- Up-to-date symlink: /home/unitree/imes-g1/install/unitree_api/lib/python3.8/site-packages/unitree_api/msg/_request.py
[3.458s] -- Up-to-date symlink: /home/unitree/imes-g1/install/unitree_api/lib/python3.8/site-packages/unitree_api/msg/_request_header.py
[3.465s] -- Up-to-date symlink: /home/unitree/imes-g1/install/unitree_api/lib/python3.8/site-packages/unitree_api/msg/_request_identity.py
[3.466s] -- Up-to-date symlink: /home/unitree/imes-g1/install/unitree_api/lib/python3.8/site-packages/unitree_api/msg/_request_lease.py
[3.467s] -- Up-to-date symlink: /home/unitree/imes-g1/install/unitree_api/lib/python3.8/site-packages/unitree_api/msg/_request_policy.py
[3.467s] -- Up-to-date symlink: /home/unitree/imes-g1/install/unitree_api/lib/python3.8/site-packages/unitree_api/msg/_response.py
[3.467s] -- Up-to-date symlink: /home/unitree/imes-g1/install/unitree_api/lib/python3.8/site-packages/unitree_api/msg/_response_header.py
[3.467s] -- Up-to-date symlink: /home/unitree/imes-g1/install/unitree_api/lib/python3.8/site-packages/unitree_api/msg/_response_status.py
[3.467s] -- Up-to-date symlink: /home/unitree/imes-g1/install/unitree_api/lib/python3.8/site-packages/unitree_api/unitree_api_s__rosidl_typesupport_fastrtps_c.cpython-38-aarch64-linux-gnu.so
[3.468s] -- Up-to-date symlink: /home/unitree/imes-g1/install/unitree_api/lib/python3.8/site-packages/unitree_api/unitree_api_s__rosidl_typesupport_introspection_c.cpython-38-aarch64-linux-gnu.so
[3.468s] -- Up-to-date symlink: /home/unitree/imes-g1/install/unitree_api/lib/python3.8/site-packages/unitree_api/unitree_api_s__rosidl_typesupport_c.cpython-38-aarch64-linux-gnu.so
[3.468s] -- Up-to-date symlink: /home/unitree/imes-g1/install/unitree_api/lib/libunitree_api__python.so
[3.468s] -- Up-to-date symlink: /home/unitree/imes-g1/install/unitree_api/share/unitree_api/msg/Request.idl
[3.468s] -- Up-to-date symlink: /home/unitree/imes-g1/install/unitree_api/share/unitree_api/msg/RequestHeader.idl
[3.468s] -- Up-to-date symlink: /home/unitree/imes-g1/install/unitree_api/share/unitree_api/msg/RequestIdentity.idl
[3.468s] -- Up-to-date symlink: /home/unitree/imes-g1/install/unitree_api/share/unitree_api/msg/RequestLease.idl
[3.468s] -- Up-to-date symlink: /home/unitree/imes-g1/install/unitree_api/share/unitree_api/msg/RequestPolicy.idl
[3.469s] -- Up-to-date symlink: /home/unitree/imes-g1/install/unitree_api/share/unitree_api/msg/Response.idl
[3.469s] -- Up-to-date symlink: /home/unitree/imes-g1/install/unitree_api/share/unitree_api/msg/ResponseHeader.idl
[3.469s] -- Up-to-date symlink: /home/unitree/imes-g1/install/unitree_api/share/unitree_api/msg/ResponseStatus.idl
[3.469s] -- Up-to-date symlink: /home/unitree/imes-g1/install/unitree_api/share/unitree_api/msg/Request.msg
[3.469s] -- Up-to-date symlink: /home/unitree/imes-g1/install/unitree_api/share/unitree_api/msg/RequestHeader.msg
[3.469s] -- Up-to-date symlink: /home/unitree/imes-g1/install/unitree_api/share/unitree_api/msg/RequestIdentity.msg
[3.469s] -- Up-to-date symlink: /home/unitree/imes-g1/install/unitree_api/share/unitree_api/msg/RequestLease.msg
[3.470s] -- Up-to-date symlink: /home/unitree/imes-g1/install/unitree_api/share/unitree_api/msg/RequestPolicy.msg
[3.470s] -- Up-to-date symlink: /home/unitree/imes-g1/install/unitree_api/share/unitree_api/msg/Response.msg
[3.470s] -- Up-to-date symlink: /home/unitree/imes-g1/install/unitree_api/share/unitree_api/msg/ResponseHeader.msg
[3.470s] -- Up-to-date symlink: /home/unitree/imes-g1/install/unitree_api/share/unitree_api/msg/ResponseStatus.msg
[3.471s] -- Up-to-date symlink: /home/unitree/imes-g1/install/unitree_api/share/unitree_api/msg/dds_connext/RequestHeader_.idl
[3.471s] -- Up-to-date symlink: /home/unitree/imes-g1/install/unitree_api/share/unitree_api/msg/dds_connext/RequestIdentity_.idl
[3.472s] -- Up-to-date symlink: /home/unitree/imes-g1/install/unitree_api/share/unitree_api/msg/dds_connext/RequestLease_.idl
[3.473s] -- Up-to-date symlink: /home/unitree/imes-g1/install/unitree_api/share/unitree_api/msg/dds_connext/RequestPolicy_.idl
[3.473s] -- Up-to-date symlink: /home/unitree/imes-g1/install/unitree_api/share/unitree_api/msg/dds_connext/Request_.idl
[3.473s] -- Up-to-date symlink: /home/unitree/imes-g1/install/unitree_api/share/unitree_api/msg/dds_connext/ResponseHeader_.idl
[3.473s] -- Up-to-date symlink: /home/unitree/imes-g1/install/unitree_api/share/unitree_api/msg/dds_connext/ResponseStatus_.idl
[3.474s] -- Up-to-date symlink: /home/unitree/imes-g1/install/unitree_api/share/unitree_api/msg/dds_connext/Response_.idl
[3.474s] -- Up-to-date symlink: /home/unitree/imes-g1/install/unitree_api/share/ament_index/resource_index/package_run_dependencies/unitree_api
[3.477s] -- Up-to-date symlink: /home/unitree/imes-g1/install/unitree_api/share/ament_index/resource_index/parent_prefix_path/unitree_api
[3.477s] -- Up-to-date symlink: /home/unitree/imes-g1/install/unitree_api/share/unitree_api/environment/ament_prefix_path.sh
[3.477s] -- Up-to-date symlink: /home/unitree/imes-g1/install/unitree_api/share/unitree_api/environment/ament_prefix_path.dsv
[3.479s] -- Up-to-date symlink: /home/unitree/imes-g1/install/unitree_api/share/unitree_api/environment/path.sh
[3.479s] -- Up-to-date symlink: /home/unitree/imes-g1/install/unitree_api/share/unitree_api/environment/path.dsv
[3.480s] -- Up-to-date symlink: /home/unitree/imes-g1/install/unitree_api/share/unitree_api/local_setup.bash
[3.480s] -- Up-to-date symlink: /home/unitree/imes-g1/install/unitree_api/share/unitree_api/local_setup.sh
[3.482s] -- Up-to-date symlink: /home/unitree/imes-g1/install/unitree_api/share/unitree_api/local_setup.zsh
[3.482s] -- Up-to-date symlink: /home/unitree/imes-g1/install/unitree_api/share/unitree_api/local_setup.dsv
[3.482s] -- Symlinking: /home/unitree/imes-g1/install/unitree_api/share/unitree_api/package.dsv
[3.494s] -- Up-to-date symlink: /home/unitree/imes-g1/install/unitree_api/share/ament_index/resource_index/packages/unitree_api
[3.495s] -- Up-to-date symlink: /home/unitree/imes-g1/install/unitree_api/share/unitree_api/cmake/rosidl_cmake-extras.cmake
[3.496s] -- Up-to-date symlink: /home/unitree/imes-g1/install/unitree_api/share/unitree_api/cmake/ament_cmake_export_dependencies-extras.cmake
[3.496s] -- Up-to-date symlink: /home/unitree/imes-g1/install/unitree_api/share/unitree_api/cmake/ament_cmake_export_libraries-extras.cmake
[3.497s] -- Up-to-date symlink: /home/unitree/imes-g1/install/unitree_api/share/unitree_api/cmake/ament_cmake_export_targets-extras.cmake
[3.498s] -- Up-to-date symlink: /home/unitree/imes-g1/install/unitree_api/share/unitree_api/cmake/ament_cmake_export_include_directories-extras.cmake
[3.498s] -- Up-to-date symlink: /home/unitree/imes-g1/install/unitree_api/share/unitree_api/cmake/rosidl_cmake_export_typesupport_libraries-extras.cmake
[3.499s] -- Up-to-date symlink: /home/unitree/imes-g1/install/unitree_api/share/unitree_api/cmake/rosidl_cmake_export_typesupport_targets-extras.cmake
[3.500s] -- Up-to-date symlink: /home/unitree/imes-g1/install/unitree_api/share/unitree_api/cmake/unitree_apiConfig.cmake
[3.500s] -- Up-to-date symlink: /home/unitree/imes-g1/install/unitree_api/share/unitree_api/cmake/unitree_apiConfig-version.cmake
[3.501s] -- Up-to-date symlink: /home/unitree/imes-g1/install/unitree_api/share/unitree_api/package.xml
[3.503s] -- Up-to-date: /home/unitree/imes-g1/install/unitree_api/lib/libunitree_api__rosidl_generator_c.so
[3.504s] -- Up-to-date: /home/unitree/imes-g1/install/unitree_api/lib/libunitree_api__rosidl_typesupport_introspection_c.so
[3.505s] -- Up-to-date: /home/unitree/imes-g1/install/unitree_api/lib/libunitree_api__rosidl_typesupport_c.so
[3.506s] -- Up-to-date: /home/unitree/imes-g1/install/unitree_api/lib/libunitree_api__rosidl_typesupport_introspection_cpp.so
[3.515s] -- Up-to-date: /home/unitree/imes-g1/install/unitree_api/lib/libunitree_api__rosidl_typesupport_cpp.so
[3.591s] Compiling '/home/unitree/imes-g1/install/unitree_api/lib/python3.8/site-packages/unitree_api/__init__.py'...
[3.599s] -- Up-to-date: /home/unitree/imes-g1/install/unitree_api/share/unitree_api/cmake/unitree_api__rosidl_generator_cExport.cmake
[3.600s] -- Up-to-date: /home/unitree/imes-g1/install/unitree_api/share/unitree_api/cmake/unitree_api__rosidl_generator_cExport-noconfig.cmake
[3.600s] -- Up-to-date: /home/unitree/imes-g1/install/unitree_api/share/unitree_api/cmake/unitree_api__rosidl_typesupport_introspection_cExport.cmake
[3.600s] -- Up-to-date: /home/unitree/imes-g1/install/unitree_api/share/unitree_api/cmake/unitree_api__rosidl_typesupport_introspection_cExport-noconfig.cmake
[3.601s] -- Up-to-date: /home/unitree/imes-g1/install/unitree_api/share/unitree_api/cmake/unitree_api__rosidl_typesupport_cExport.cmake
[3.601s] -- Up-to-date: /home/unitree/imes-g1/install/unitree_api/share/unitree_api/cmake/unitree_api__rosidl_typesupport_cExport-noconfig.cmake
[3.601s] -- Up-to-date: /home/unitree/imes-g1/install/unitree_api/share/unitree_api/cmake/unitree_api__rosidl_generator_cppExport.cmake
[3.601s] -- Up-to-date: /home/unitree/imes-g1/install/unitree_api/share/unitree_api/cmake/unitree_api__rosidl_typesupport_introspection_cppExport.cmake
[3.601s] -- Up-to-date: /home/unitree/imes-g1/install/unitree_api/share/unitree_api/cmake/unitree_api__rosidl_typesupport_introspection_cppExport-noconfig.cmake
[3.604s] -- Up-to-date: /home/unitree/imes-g1/install/unitree_api/share/unitree_api/cmake/unitree_api__rosidl_typesupport_cppExport.cmake
[3.604s] -- Up-to-date: /home/unitree/imes-g1/install/unitree_api/share/unitree_api/cmake/unitree_api__rosidl_typesupport_cppExport-noconfig.cmake
[3.622s] Invoked command in '/home/unitree/imes-g1/build/unitree_api' returned '0': CMAKE_PREFIX_PATH=${CMAKE_PREFIX_PATH}:/opt/ros/foxy /home/unitree/.local/bin/cmake --install /home/unitree/imes-g1/build/unitree_api
