[0.127s] Invoking command in '/home/unitree/imes-g1/build/g1_navigation': CMAKE_PREFIX_PATH=${CMAKE_PREFIX_PATH}:/opt/ros/foxy /home/unitree/.local/bin/cmake /home/unitree/imes-g1/src/ros/g1_navigation -DAMENT_CMAKE_SYMLINK_INSTALL=1 -DCMAKE_INSTALL_PREFIX=/home/unitree/imes-g1/install/g1_navigation
[1.435s] -- The C compiler identification is GNU 9.4.0
[1.435s] -- The CXX compiler identification is GNU 9.4.0
[1.435s] -- Detecting C compiler ABI info
[1.704s] -- Detecting C compiler ABI info - done
[1.725s] -- Check for working C compiler: /usr/bin/cc - skipped
[1.726s] -- Detecting C compile features
[1.726s] -- Detecting C compile features - done
[1.752s] -- Detecting CXX compiler ABI info
[2.218s] -- Detecting CXX compiler ABI info - done
[2.256s] -- Check for working CXX compiler: /usr/bin/c++ - skipped
[2.257s] -- Detecting CXX compile features
[2.258s] -- Detecting CXX compile features - done
[2.278s] -- Found ament_cmake: 0.9.12 (/opt/ros/foxy/share/ament_cmake/cmake)
[2.491s] -- Found PythonInterp: /usr/bin/python3 (found suitable version "3.8.10", minimum required is "3") 
[2.491s] -- Using PYTHON_EXECUTABLE: /usr/bin/python3
[4.023s] -- Override CMake install command with custom implementation using symlinks instead of copying resources
[4.703s] -- Configuring done
[4.733s] -- Generating done
[4.736s] -- Build files have been written to: /home/unitree/imes-g1/build/g1_navigation
[4.800s] Invoked command in '/home/unitree/imes-g1/build/g1_navigation' returned '0': CMAKE_PREFIX_PATH=${CMAKE_PREFIX_PATH}:/opt/ros/foxy /home/unitree/.local/bin/cmake /home/unitree/imes-g1/src/ros/g1_navigation -DAMENT_CMAKE_SYMLINK_INSTALL=1 -DCMAKE_INSTALL_PREFIX=/home/unitree/imes-g1/install/g1_navigation
[4.801s] Invoking command in '/home/unitree/imes-g1/build/g1_navigation': CMAKE_PREFIX_PATH=${CMAKE_PREFIX_PATH}:/opt/ros/foxy /home/unitree/.local/bin/cmake --build /home/unitree/imes-g1/build/g1_navigation -- -j8 -l8
[6.480s] Invoked command in '/home/unitree/imes-g1/build/g1_navigation' returned '0': CMAKE_PREFIX_PATH=${CMAKE_PREFIX_PATH}:/opt/ros/foxy /home/unitree/.local/bin/cmake --build /home/unitree/imes-g1/build/g1_navigation -- -j8 -l8
[6.481s] Invoking command in '/home/unitree/imes-g1/build/g1_navigation': CMAKE_PREFIX_PATH=${CMAKE_PREFIX_PATH}:/opt/ros/foxy /home/unitree/.local/bin/cmake --install /home/unitree/imes-g1/build/g1_navigation
[8.928s] -- Install configuration: ""
[8.929s] -- Execute custom install script
[8.929s] -- Symlinking: /home/unitree/imes-g1/install/g1_navigation/share/g1_navigation/launch/include/localization.launch.py
[8.930s] -- Symlinking: /home/unitree/imes-g1/install/g1_navigation/share/g1_navigation/launch/include/navigation.launch.py
[8.930s] -- Symlinking: /home/unitree/imes-g1/install/g1_navigation/share/g1_navigation/launch/map_navi.launch.py
[8.931s] -- Symlinking: /home/unitree/imes-g1/install/g1_navigation/share/g1_navigation/launch/odom_navi.launch.py
[8.931s] -- Symlinking: /home/unitree/imes-g1/install/g1_navigation/share/g1_navigation/launch/slam.launch.py
[8.931s] -- Symlinking: /home/unitree/imes-g1/install/g1_navigation/share/g1_navigation/maps/custom_map.pgm
[8.932s] -- Symlinking: /home/unitree/imes-g1/install/g1_navigation/share/g1_navigation/maps/custom_map.pgm~
[8.932s] -- Symlinking: /home/unitree/imes-g1/install/g1_navigation/share/g1_navigation/maps/custom_map.yaml
[8.932s] -- Symlinking: /home/unitree/imes-g1/install/g1_navigation/share/g1_navigation/param/nav2_localization.yaml
[8.933s] -- Symlinking: /home/unitree/imes-g1/install/g1_navigation/share/g1_navigation/param/nav2_map.yaml
[8.933s] -- Symlinking: /home/unitree/imes-g1/install/g1_navigation/share/g1_navigation/param/nav2_odom.yaml
[8.933s] -- Symlinking: /home/unitree/imes-g1/install/g1_navigation/share/g1_navigation/param/nav2_slam.yaml
[8.933s] -- Symlinking: /home/unitree/imes-g1/install/g1_navigation/share/g1_navigation/behavior_trees/navigate_w_replanning_and_recovery.xml
[8.933s] -- Symlinking: /home/unitree/imes-g1/install/g1_navigation/share/ament_index/resource_index/package_run_dependencies/g1_navigation
[8.933s] -- Symlinking: /home/unitree/imes-g1/install/g1_navigation/share/ament_index/resource_index/parent_prefix_path/g1_navigation
[8.933s] -- Symlinking: /home/unitree/imes-g1/install/g1_navigation/share/g1_navigation/environment/ament_prefix_path.sh
[8.933s] -- Symlinking: /home/unitree/imes-g1/install/g1_navigation/share/g1_navigation/environment/ament_prefix_path.dsv
[8.933s] -- Symlinking: /home/unitree/imes-g1/install/g1_navigation/share/g1_navigation/environment/path.sh
[8.934s] -- Symlinking: /home/unitree/imes-g1/install/g1_navigation/share/g1_navigation/environment/path.dsv
[8.934s] -- Symlinking: /home/unitree/imes-g1/install/g1_navigation/share/g1_navigation/local_setup.bash
[8.934s] -- Symlinking: /home/unitree/imes-g1/install/g1_navigation/share/g1_navigation/local_setup.sh
[8.934s] -- Symlinking: /home/unitree/imes-g1/install/g1_navigation/share/g1_navigation/local_setup.zsh
[8.934s] -- Symlinking: /home/unitree/imes-g1/install/g1_navigation/share/g1_navigation/local_setup.dsv
[8.934s] -- Symlinking: /home/unitree/imes-g1/install/g1_navigation/share/g1_navigation/package.dsv
[8.934s] -- Symlinking: /home/unitree/imes-g1/install/g1_navigation/share/ament_index/resource_index/packages/g1_navigation
[8.934s] -- Symlinking: /home/unitree/imes-g1/install/g1_navigation/share/g1_navigation/cmake/g1_navigationConfig.cmake
[8.934s] -- Symlinking: /home/unitree/imes-g1/install/g1_navigation/share/g1_navigation/cmake/g1_navigationConfig-version.cmake
[8.934s] -- Symlinking: /home/unitree/imes-g1/install/g1_navigation/share/g1_navigation/package.xml
[9.010s] Invoked command in '/home/unitree/imes-g1/build/g1_navigation' returned '0': CMAKE_PREFIX_PATH=${CMAKE_PREFIX_PATH}:/opt/ros/foxy /home/unitree/.local/bin/cmake --install /home/unitree/imes-g1/build/g1_navigation
