[0.119s] Invoking command in '/home/unitree/imes-g1/build/g1_interface': CMAKE_PREFIX_PATH=${CMAKE_PREFIX_PATH}:/opt/ros/foxy /home/unitree/.local/bin/cmake --build /home/unitree/imes-g1/build/g1_interface -- -j8 -l8
[0.233s] [  2%] Built target g1_interface__cpp
[0.238s] [ 12%] Built target g1_interface__rosidl_generator_c
[0.304s] [ 23%] Built target g1_interface__rosidl_typesupport_cpp
[0.311s] [ 34%] Built target g1_interface__rosidl_typesupport_introspection_c
[0.313s] [ 44%] Built target g1_interface__rosidl_typesupport_fastrtps_cpp
[0.322s] [ 55%] Built target g1_interface__rosidl_typesupport_introspection_cpp
[0.327s] [ 65%] Built target g1_interface__rosidl_typesupport_c
[0.370s] [ 76%] Built target g1_interface__rosidl_typesupport_fastrtps_c
[0.396s] [ 76%] Built target g1_interface
[0.414s] [ 78%] Built target g1_interface__py
[0.444s] [ 87%] Built target g1_interface__python
[0.462s] [ 91%] Built target g1_interface__rosidl_typesupport_introspection_c__pyext
[0.466s] [ 95%] Built target g1_interface__rosidl_typesupport_fastrtps_c__pyext
[0.473s] [100%] Built target g1_interface__rosidl_typesupport_c__pyext
[0.506s] Invoked command in '/home/unitree/imes-g1/build/g1_interface' returned '0': CMAKE_PREFIX_PATH=${CMAKE_PREFIX_PATH}:/opt/ros/foxy /home/unitree/.local/bin/cmake --build /home/unitree/imes-g1/build/g1_interface -- -j8 -l8
[0.513s] Invoking command in '/home/unitree/imes-g1/build/g1_interface': CMAKE_PREFIX_PATH=${CMAKE_PREFIX_PATH}:/opt/ros/foxy /home/unitree/.local/bin/cmake --install /home/unitree/imes-g1/build/g1_interface
[0.588s] -- Install configuration: ""
[0.589s] -- Execute custom install script
[0.592s] -- Up-to-date symlink: /home/unitree/imes-g1/install/g1_interface/share/ament_index/resource_index/rosidl_interfaces/g1_interface
[0.592s] -- Up-to-date symlink: /home/unitree/imes-g1/install/g1_interface/include/g1_interface/msg/rosidl_generator_c__visibility_control.h
[0.593s] -- Up-to-date symlink: /home/unitree/imes-g1/install/g1_interface/include/g1_interface/srv/detail/g1_light__functions.h
[0.594s] -- Up-to-date symlink: /home/unitree/imes-g1/install/g1_interface/include/g1_interface/srv/detail/g1_light__struct.h
[0.594s] -- Up-to-date symlink: /home/unitree/imes-g1/install/g1_interface/include/g1_interface/srv/detail/g1_light__type_support.h
[0.594s] -- Up-to-date symlink: /home/unitree/imes-g1/install/g1_interface/include/g1_interface/srv/detail/g1_modes__functions.h
[0.594s] -- Up-to-date symlink: /home/unitree/imes-g1/install/g1_interface/include/g1_interface/srv/detail/g1_modes__struct.h
[0.595s] -- Up-to-date symlink: /home/unitree/imes-g1/install/g1_interface/include/g1_interface/srv/detail/g1_modes__type_support.h
[0.595s] -- Up-to-date symlink: /home/unitree/imes-g1/install/g1_interface/include/g1_interface/srv/detail/g1_volume__functions.h
[0.595s] -- Up-to-date symlink: /home/unitree/imes-g1/install/g1_interface/include/g1_interface/srv/detail/g1_volume__struct.h
[0.595s] -- Up-to-date symlink: /home/unitree/imes-g1/install/g1_interface/include/g1_interface/srv/detail/g1_volume__type_support.h
[0.595s] -- Up-to-date symlink: /home/unitree/imes-g1/install/g1_interface/include/g1_interface/srv/g1_light.h
[0.596s] -- Up-to-date symlink: /home/unitree/imes-g1/install/g1_interface/include/g1_interface/srv/g1_modes.h
[0.596s] -- Up-to-date symlink: /home/unitree/imes-g1/install/g1_interface/include/g1_interface/srv/g1_volume.h
[0.596s] -- Up-to-date symlink: /home/unitree/imes-g1/install/g1_interface/share/g1_interface/environment/library_path.sh
[0.596s] -- Up-to-date symlink: /home/unitree/imes-g1/install/g1_interface/share/g1_interface/environment/library_path.dsv
[0.596s] -- Up-to-date symlink: /home/unitree/imes-g1/install/g1_interface/include/g1_interface/msg/rosidl_typesupport_fastrtps_c__visibility_control.h
[0.596s] -- Up-to-date symlink: /home/unitree/imes-g1/install/g1_interface/include/g1_interface/srv/detail/g1_light__rosidl_typesupport_fastrtps_c.h
[0.596s] -- Up-to-date symlink: /home/unitree/imes-g1/install/g1_interface/include/g1_interface/srv/detail/g1_modes__rosidl_typesupport_fastrtps_c.h
[0.596s] -- Up-to-date symlink: /home/unitree/imes-g1/install/g1_interface/include/g1_interface/srv/detail/g1_volume__rosidl_typesupport_fastrtps_c.h
[0.596s] -- Up-to-date symlink: /home/unitree/imes-g1/install/g1_interface/lib/libg1_interface__rosidl_typesupport_fastrtps_c.so
[0.597s] -- Up-to-date symlink: /home/unitree/imes-g1/install/g1_interface/include/g1_interface/msg/rosidl_typesupport_fastrtps_cpp__visibility_control.h
[0.597s] -- Up-to-date symlink: /home/unitree/imes-g1/install/g1_interface/include/g1_interface/srv/detail/g1_light__rosidl_typesupport_fastrtps_cpp.hpp
[0.597s] -- Up-to-date symlink: /home/unitree/imes-g1/install/g1_interface/include/g1_interface/srv/detail/g1_modes__rosidl_typesupport_fastrtps_cpp.hpp
[0.597s] -- Up-to-date symlink: /home/unitree/imes-g1/install/g1_interface/include/g1_interface/srv/detail/g1_volume__rosidl_typesupport_fastrtps_cpp.hpp
[0.597s] -- Up-to-date symlink: /home/unitree/imes-g1/install/g1_interface/lib/libg1_interface__rosidl_typesupport_fastrtps_cpp.so
[0.597s] -- Up-to-date symlink: /home/unitree/imes-g1/install/g1_interface/include/g1_interface/msg/rosidl_typesupport_introspection_c__visibility_control.h
[0.597s] -- Up-to-date symlink: /home/unitree/imes-g1/install/g1_interface/include/g1_interface/srv/detail/g1_light__rosidl_typesupport_introspection_c.h
[0.598s] -- Up-to-date symlink: /home/unitree/imes-g1/install/g1_interface/include/g1_interface/srv/detail/g1_modes__rosidl_typesupport_introspection_c.h
[0.598s] -- Up-to-date symlink: /home/unitree/imes-g1/install/g1_interface/include/g1_interface/srv/detail/g1_volume__rosidl_typesupport_introspection_c.h
[0.598s] -- Up-to-date symlink: /home/unitree/imes-g1/install/g1_interface/include/g1_interface/msg/rosidl_generator_cpp__visibility_control.hpp
[0.598s] -- Up-to-date symlink: /home/unitree/imes-g1/install/g1_interface/include/g1_interface/srv/detail/g1_light__builder.hpp
[0.599s] -- Up-to-date symlink: /home/unitree/imes-g1/install/g1_interface/include/g1_interface/srv/detail/g1_light__struct.hpp
[0.599s] -- Up-to-date symlink: /home/unitree/imes-g1/install/g1_interface/include/g1_interface/srv/detail/g1_light__traits.hpp
[0.599s] -- Up-to-date symlink: /home/unitree/imes-g1/install/g1_interface/include/g1_interface/srv/detail/g1_light__type_support.hpp
[0.600s] -- Up-to-date symlink: /home/unitree/imes-g1/install/g1_interface/include/g1_interface/srv/detail/g1_modes__builder.hpp
[0.600s] -- Up-to-date symlink: /home/unitree/imes-g1/install/g1_interface/include/g1_interface/srv/detail/g1_modes__struct.hpp
[0.600s] -- Up-to-date symlink: /home/unitree/imes-g1/install/g1_interface/include/g1_interface/srv/detail/g1_modes__traits.hpp
[0.600s] -- Up-to-date symlink: /home/unitree/imes-g1/install/g1_interface/include/g1_interface/srv/detail/g1_modes__type_support.hpp
[0.600s] -- Up-to-date symlink: /home/unitree/imes-g1/install/g1_interface/include/g1_interface/srv/detail/g1_volume__builder.hpp
[0.601s] -- Up-to-date symlink: /home/unitree/imes-g1/install/g1_interface/include/g1_interface/srv/detail/g1_volume__struct.hpp
[0.601s] -- Up-to-date symlink: /home/unitree/imes-g1/install/g1_interface/include/g1_interface/srv/detail/g1_volume__traits.hpp
[0.601s] -- Up-to-date symlink: /home/unitree/imes-g1/install/g1_interface/include/g1_interface/srv/detail/g1_volume__type_support.hpp
[0.601s] -- Up-to-date symlink: /home/unitree/imes-g1/install/g1_interface/include/g1_interface/srv/g1_light.hpp
[0.601s] -- Up-to-date symlink: /home/unitree/imes-g1/install/g1_interface/include/g1_interface/srv/g1_modes.hpp
[0.601s] -- Up-to-date symlink: /home/unitree/imes-g1/install/g1_interface/include/g1_interface/srv/g1_volume.hpp
[0.602s] -- Up-to-date symlink: /home/unitree/imes-g1/install/g1_interface/include/g1_interface/srv/detail/g1_light__rosidl_typesupport_introspection_cpp.hpp
[0.602s] -- Up-to-date symlink: /home/unitree/imes-g1/install/g1_interface/include/g1_interface/srv/detail/g1_modes__rosidl_typesupport_introspection_cpp.hpp
[0.602s] -- Up-to-date symlink: /home/unitree/imes-g1/install/g1_interface/include/g1_interface/srv/detail/g1_volume__rosidl_typesupport_introspection_cpp.hpp
[0.602s] -- Up-to-date symlink: /home/unitree/imes-g1/install/g1_interface/share/g1_interface/environment/pythonpath.sh
[0.602s] -- Up-to-date symlink: /home/unitree/imes-g1/install/g1_interface/share/g1_interface/environment/pythonpath.dsv
[0.603s] -- Up-to-date symlink: /home/unitree/imes-g1/install/g1_interface/lib/python3.8/site-packages/g1_interface/__init__.py
[0.603s] -- Up-to-date symlink: /home/unitree/imes-g1/install/g1_interface/lib/python3.8/site-packages/g1_interface/srv/__init__.py
[0.603s] -- Up-to-date symlink: /home/unitree/imes-g1/install/g1_interface/lib/python3.8/site-packages/g1_interface/srv/_g1_light.py
[0.604s] -- Up-to-date symlink: /home/unitree/imes-g1/install/g1_interface/lib/python3.8/site-packages/g1_interface/srv/_g1_modes.py
[0.604s] -- Up-to-date symlink: /home/unitree/imes-g1/install/g1_interface/lib/python3.8/site-packages/g1_interface/srv/_g1_volume.py
[0.605s] -- Up-to-date symlink: /home/unitree/imes-g1/install/g1_interface/lib/python3.8/site-packages/g1_interface/g1_interface_s__rosidl_typesupport_fastrtps_c.cpython-38-aarch64-linux-gnu.so
[0.605s] -- Up-to-date symlink: /home/unitree/imes-g1/install/g1_interface/lib/python3.8/site-packages/g1_interface/g1_interface_s__rosidl_typesupport_introspection_c.cpython-38-aarch64-linux-gnu.so
[0.605s] -- Up-to-date symlink: /home/unitree/imes-g1/install/g1_interface/lib/python3.8/site-packages/g1_interface/g1_interface_s__rosidl_typesupport_c.cpython-38-aarch64-linux-gnu.so
[0.606s] -- Up-to-date symlink: /home/unitree/imes-g1/install/g1_interface/lib/libg1_interface__python.so
[0.606s] -- Up-to-date symlink: /home/unitree/imes-g1/install/g1_interface/share/g1_interface/srv/G1Modes.idl
[0.606s] -- Up-to-date symlink: /home/unitree/imes-g1/install/g1_interface/share/g1_interface/srv/G1Light.idl
[0.607s] -- Up-to-date symlink: /home/unitree/imes-g1/install/g1_interface/share/g1_interface/srv/G1Volume.idl
[0.607s] -- Up-to-date symlink: /home/unitree/imes-g1/install/g1_interface/share/g1_interface/srv/G1Modes.srv
[0.607s] -- Up-to-date symlink: /home/unitree/imes-g1/install/g1_interface/share/g1_interface/srv/G1Modes_Request.msg
[0.608s] -- Up-to-date symlink: /home/unitree/imes-g1/install/g1_interface/share/g1_interface/srv/G1Modes_Response.msg
[0.608s] -- Up-to-date symlink: /home/unitree/imes-g1/install/g1_interface/share/g1_interface/srv/G1Light.srv
[0.608s] -- Up-to-date symlink: /home/unitree/imes-g1/install/g1_interface/share/g1_interface/srv/G1Light_Request.msg
[0.609s] -- Up-to-date symlink: /home/unitree/imes-g1/install/g1_interface/share/g1_interface/srv/G1Light_Response.msg
[0.609s] -- Up-to-date symlink: /home/unitree/imes-g1/install/g1_interface/share/g1_interface/srv/G1Volume.srv
[0.610s] -- Up-to-date symlink: /home/unitree/imes-g1/install/g1_interface/share/g1_interface/srv/G1Volume_Request.msg
[0.611s] -- Up-to-date symlink: /home/unitree/imes-g1/install/g1_interface/share/g1_interface/srv/G1Volume_Response.msg
[0.612s] -- Up-to-date symlink: /home/unitree/imes-g1/install/g1_interface/share/ament_index/resource_index/package_run_dependencies/g1_interface
[0.613s] -- Up-to-date symlink: /home/unitree/imes-g1/install/g1_interface/share/ament_index/resource_index/parent_prefix_path/g1_interface
[0.614s] -- Up-to-date symlink: /home/unitree/imes-g1/install/g1_interface/share/g1_interface/environment/ament_prefix_path.sh
[0.615s] -- Up-to-date symlink: /home/unitree/imes-g1/install/g1_interface/share/g1_interface/environment/ament_prefix_path.dsv
[0.615s] -- Up-to-date symlink: /home/unitree/imes-g1/install/g1_interface/share/g1_interface/environment/path.sh
[0.615s] -- Up-to-date symlink: /home/unitree/imes-g1/install/g1_interface/share/g1_interface/environment/path.dsv
[0.616s] -- Up-to-date symlink: /home/unitree/imes-g1/install/g1_interface/share/g1_interface/local_setup.bash
[0.616s] -- Up-to-date symlink: /home/unitree/imes-g1/install/g1_interface/share/g1_interface/local_setup.sh
[0.616s] -- Up-to-date symlink: /home/unitree/imes-g1/install/g1_interface/share/g1_interface/local_setup.zsh
[0.617s] -- Up-to-date symlink: /home/unitree/imes-g1/install/g1_interface/share/g1_interface/local_setup.dsv
[0.617s] -- Symlinking: /home/unitree/imes-g1/install/g1_interface/share/g1_interface/package.dsv
[0.628s] -- Up-to-date symlink: /home/unitree/imes-g1/install/g1_interface/share/ament_index/resource_index/packages/g1_interface
[0.628s] -- Up-to-date symlink: /home/unitree/imes-g1/install/g1_interface/share/g1_interface/cmake/rosidl_cmake-extras.cmake
[0.628s] -- Up-to-date symlink: /home/unitree/imes-g1/install/g1_interface/share/g1_interface/cmake/ament_cmake_export_dependencies-extras.cmake
[0.628s] -- Up-to-date symlink: /home/unitree/imes-g1/install/g1_interface/share/g1_interface/cmake/ament_cmake_export_libraries-extras.cmake
[0.628s] -- Up-to-date symlink: /home/unitree/imes-g1/install/g1_interface/share/g1_interface/cmake/ament_cmake_export_targets-extras.cmake
[0.628s] -- Up-to-date symlink: /home/unitree/imes-g1/install/g1_interface/share/g1_interface/cmake/ament_cmake_export_include_directories-extras.cmake
[0.629s] -- Up-to-date symlink: /home/unitree/imes-g1/install/g1_interface/share/g1_interface/cmake/rosidl_cmake_export_typesupport_libraries-extras.cmake
[0.629s] -- Up-to-date symlink: /home/unitree/imes-g1/install/g1_interface/share/g1_interface/cmake/rosidl_cmake_export_typesupport_targets-extras.cmake
[0.629s] -- Up-to-date symlink: /home/unitree/imes-g1/install/g1_interface/share/g1_interface/cmake/g1_interfaceConfig.cmake
[0.630s] -- Up-to-date symlink: /home/unitree/imes-g1/install/g1_interface/share/g1_interface/cmake/g1_interfaceConfig-version.cmake
[0.632s] -- Up-to-date symlink: /home/unitree/imes-g1/install/g1_interface/share/g1_interface/package.xml
[0.634s] -- Up-to-date: /home/unitree/imes-g1/install/g1_interface/lib/libg1_interface__rosidl_generator_c.so
[0.635s] -- Up-to-date: /home/unitree/imes-g1/install/g1_interface/lib/libg1_interface__rosidl_typesupport_introspection_c.so
[0.640s] -- Up-to-date: /home/unitree/imes-g1/install/g1_interface/lib/libg1_interface__rosidl_typesupport_c.so
[0.640s] -- Up-to-date: /home/unitree/imes-g1/install/g1_interface/lib/libg1_interface__rosidl_typesupport_introspection_cpp.so
[0.641s] -- Up-to-date: /home/unitree/imes-g1/install/g1_interface/lib/libg1_interface__rosidl_typesupport_cpp.so
[0.702s] -- Up-to-date: /home/unitree/imes-g1/install/g1_interface/share/g1_interface/cmake/g1_interface__rosidl_generator_cExport.cmake
[0.702s] -- Up-to-date: /home/unitree/imes-g1/install/g1_interface/share/g1_interface/cmake/g1_interface__rosidl_generator_cExport-noconfig.cmake
[0.703s] -- Up-to-date: /home/unitree/imes-g1/install/g1_interface/share/g1_interface/cmake/g1_interface__rosidl_typesupport_introspection_cExport.cmake
[0.704s] -- Up-to-date: /home/unitree/imes-g1/install/g1_interface/share/g1_interface/cmake/g1_interface__rosidl_typesupport_introspection_cExport-noconfig.cmake
[0.704s] -- Up-to-date: /home/unitree/imes-g1/install/g1_interface/share/g1_interface/cmake/g1_interface__rosidl_typesupport_cExport.cmake
[0.704s] -- Up-to-date: /home/unitree/imes-g1/install/g1_interface/share/g1_interface/cmake/g1_interface__rosidl_typesupport_cExport-noconfig.cmake
[0.704s] -- Up-to-date: /home/unitree/imes-g1/install/g1_interface/share/g1_interface/cmake/g1_interface__rosidl_generator_cppExport.cmake
[0.705s] -- Up-to-date: /home/unitree/imes-g1/install/g1_interface/share/g1_interface/cmake/g1_interface__rosidl_typesupport_introspection_cppExport.cmake
[0.705s] -- Up-to-date: /home/unitree/imes-g1/install/g1_interface/share/g1_interface/cmake/g1_interface__rosidl_typesupport_introspection_cppExport-noconfig.cmake
[0.705s] -- Up-to-date: /home/unitree/imes-g1/install/g1_interface/share/g1_interface/cmake/g1_interface__rosidl_typesupport_cppExport.cmake
[0.705s] -- Up-to-date: /home/unitree/imes-g1/install/g1_interface/share/g1_interface/cmake/g1_interface__rosidl_typesupport_cppExport-noconfig.cmake
[0.796s] Invoked command in '/home/unitree/imes-g1/build/g1_interface' returned '0': CMAKE_PREFIX_PATH=${CMAKE_PREFIX_PATH}:/opt/ros/foxy /home/unitree/.local/bin/cmake --install /home/unitree/imes-g1/build/g1_interface
