[0.052s] Invoking command in '/home/unitree/imes-g1/build/g1_lidar': CMAKE_PREFIX_PATH=${CMAKE_PREFIX_PATH}:/opt/ros/foxy /home/unitree/.local/bin/cmake /home/unitree/imes-g1/src/ros/g1_lidar -DCMAKE_INSTALL_PREFIX=/home/unitree/imes-g1/install/g1_lidar
[0.783s] -- Found ament_cmake: 0.9.12 (/opt/ros/foxy/share/ament_cmake/cmake)
[0.784s] -- Using PYTHON_EXECUTABLE: /usr/bin/python3
[0.784s] -- Override CMake install command with custom implementation using symlinks instead of copying resources
[0.784s] -- Found ament_lint_auto: 0.9.8 (/opt/ros/foxy/share/ament_lint_auto/cmake)
[0.784s] -- Added test 'copyright' to check source files copyright and LICENSE
[0.784s] -- Added test 'flake8' to check Python code syntax and style conventions
[0.784s] -- Added test 'lint_cmake' to check CMake code style
[0.784s] -- Added test 'pep257' to check Python code against some of the style conventions in PEP 257
[0.784s] -- Added test 'xmllint' to check XML markup files
[0.784s] -- Configuring done
[0.784s] -- Generating done
[0.793s] -- Build files have been written to: /home/unitree/imes-g1/build/g1_lidar
[0.805s] Invoked command in '/home/unitree/imes-g1/build/g1_lidar' returned '0': CMAKE_PREFIX_PATH=${CMAKE_PREFIX_PATH}:/opt/ros/foxy /home/unitree/.local/bin/cmake /home/unitree/imes-g1/src/ros/g1_lidar -DCMAKE_INSTALL_PREFIX=/home/unitree/imes-g1/install/g1_lidar
[0.811s] Invoking command in '/home/unitree/imes-g1/build/g1_lidar': CMAKE_PREFIX_PATH=${CMAKE_PREFIX_PATH}:/opt/ros/foxy /home/unitree/.local/bin/cmake --build /home/unitree/imes-g1/build/g1_lidar -- -j8 -l8
[1.071s] Invoked command in '/home/unitree/imes-g1/build/g1_lidar' returned '0': CMAKE_PREFIX_PATH=${CMAKE_PREFIX_PATH}:/opt/ros/foxy /home/unitree/.local/bin/cmake --build /home/unitree/imes-g1/build/g1_lidar -- -j8 -l8
[1.078s] Invoking command in '/home/unitree/imes-g1/build/g1_lidar': CMAKE_PREFIX_PATH=${CMAKE_PREFIX_PATH}:/opt/ros/foxy /home/unitree/.local/bin/cmake --install /home/unitree/imes-g1/build/g1_lidar
[1.296s] -- Install configuration: ""
[1.296s] -- Execute custom install script
[1.297s] -- Up-to-date symlink: /home/unitree/imes-g1/install/g1_lidar/share/ament_index/resource_index/package_run_dependencies/g1_lidar
[1.297s] -- Up-to-date symlink: /home/unitree/imes-g1/install/g1_lidar/share/ament_index/resource_index/parent_prefix_path/g1_lidar
[1.297s] -- Up-to-date symlink: /home/unitree/imes-g1/install/g1_lidar/share/g1_lidar/environment/ament_prefix_path.sh
[1.297s] -- Up-to-date symlink: /home/unitree/imes-g1/install/g1_lidar/share/g1_lidar/environment/ament_prefix_path.dsv
[1.297s] -- Up-to-date symlink: /home/unitree/imes-g1/install/g1_lidar/share/g1_lidar/environment/path.sh
[1.298s] -- Up-to-date symlink: /home/unitree/imes-g1/install/g1_lidar/share/g1_lidar/environment/path.dsv
[1.298s] -- Up-to-date symlink: /home/unitree/imes-g1/install/g1_lidar/share/g1_lidar/local_setup.bash
[1.298s] -- Up-to-date symlink: /home/unitree/imes-g1/install/g1_lidar/share/g1_lidar/local_setup.sh
[1.298s] -- Up-to-date symlink: /home/unitree/imes-g1/install/g1_lidar/share/g1_lidar/local_setup.zsh
[1.298s] -- Up-to-date symlink: /home/unitree/imes-g1/install/g1_lidar/share/g1_lidar/local_setup.dsv
[1.299s] -- Symlinking: /home/unitree/imes-g1/install/g1_lidar/share/g1_lidar/package.dsv
[1.300s] -- Up-to-date symlink: /home/unitree/imes-g1/install/g1_lidar/share/ament_index/resource_index/packages/g1_lidar
[1.300s] -- Up-to-date symlink: /home/unitree/imes-g1/install/g1_lidar/share/g1_lidar/cmake/g1_lidarConfig.cmake
[1.300s] -- Up-to-date symlink: /home/unitree/imes-g1/install/g1_lidar/share/g1_lidar/cmake/g1_lidarConfig-version.cmake
[1.300s] -- Up-to-date symlink: /home/unitree/imes-g1/install/g1_lidar/share/g1_lidar/package.xml
[1.300s] -- Up-to-date symlink: /home/unitree/imes-g1/install/g1_lidar/share/g1_lidar/config/fast_lio.yaml
[1.301s] -- Up-to-date symlink: /home/unitree/imes-g1/install/g1_lidar/share/g1_lidar/config/kiss_icp.yaml
[1.301s] -- Up-to-date symlink: /home/unitree/imes-g1/install/g1_lidar/share/g1_lidar/config/livox_mid360.json
[1.301s] -- Up-to-date symlink: /home/unitree/imes-g1/install/g1_lidar/share/g1_lidar/launch/2d_scanner.launch.py
[1.301s] -- Up-to-date symlink: /home/unitree/imes-g1/install/g1_lidar/share/g1_lidar/launch/fast_lio_odom.launch.py
[1.302s] -- Up-to-date symlink: /home/unitree/imes-g1/install/g1_lidar/share/g1_lidar/launch/kiss_lio.launch.py
[1.302s] -- Up-to-date symlink: /home/unitree/imes-g1/install/g1_lidar/share/g1_lidar/launch/livox_mid360.launch.py
[1.359s] Invoked command in '/home/unitree/imes-g1/build/g1_lidar' returned '0': CMAKE_PREFIX_PATH=${CMAKE_PREFIX_PATH}:/opt/ros/foxy /home/unitree/.local/bin/cmake --install /home/unitree/imes-g1/build/g1_lidar
