[0.098s] Invoking command in '/home/unitree/imes-g1/build/g1_bringup': CONDA_PROMPT_MODIFIER=(base) /home/unitree/.local/bin/cmake --build /home/unitree/imes-g1/build/g1_bringup -- -j8 -l8
[0.168s] make: Warning: File 'Makefile' has modification time 1770115983 s in the future
[0.228s] [31mCMake Error at CMakeLists.txt:19 (find_package):
[0.228s]   By not providing "Findament_cmake.cmake" in CMAKE_MODULE_PATH this project
[0.228s]   has asked CMake to find a package configuration file provided by
[0.229s]   "ament_cmake", but CMake did not find one.
[0.229s] 
[0.229s]   Could not find a package configuration file provided by "ament_cmake" with
[0.229s]   any of the following names:
[0.229s] 
[0.229s]     ament_cmakeConfig.cmake
[0.229s]     ament_cmake-config.cmake
[0.229s] 
[0.229s]   Add the installation prefix of "ament_cmake" to CMAKE_PREFIX_PATH or set
[0.229s]   "ament_cmake_DIR" to a directory containing one of the above files.  If
[0.229s]   "ament_cmake" provides a separate development package or SDK, be sure it
[0.229s]   has been installed.
[0.230s] 
[0.230s] [0m
[0.230s] -- Configuring incomplete, errors occurred!
[0.230s] See also "/home/unitree/imes-g1/build/g1_bringup/CMakeFiles/CMakeOutput.log".
[0.230s] make: *** [Makefile:226: cmake_check_build_system] Error 1
