[0.110s] Invoking command in '/home/unitree/imes-g1/build/unitree_hg': CMAKE_PREFIX_PATH=${CMAKE_PREFIX_PATH}:/opt/ros/foxy /home/unitree/.local/bin/cmake --build /home/unitree/imes-g1/build/unitree_hg -- -j8 -l8
[0.229s] [  1%] Built target unitree_hg__dds_connext_idl
[0.240s] [ 13%] Built target unitree_hg__rosidl_generator_c
[0.247s] [ 13%] Built target unitree_hg__cpp
[0.304s] [ 24%] Built target unitree_hg__rosidl_typesupport_c
[0.310s] [ 35%] Built target unitree_hg__rosidl_typesupport_introspection_c
[0.313s] [ 47%] Built target unitree_hg__rosidl_typesupport_fastrtps_cpp
[0.317s] [ 71%] Built target unitree_hg__rosidl_typesupport_introspection_cpp
[0.318s] [ 71%] Built target unitree_hg__rosidl_typesupport_cpp
[0.354s] [ 82%] Built target unitree_hg__rosidl_typesupport_fastrtps_c
[0.378s] [ 82%] Built target unitree_hg
[0.393s] [ 83%] Built target unitree_hg__py
[0.415s] [ 94%] Built target unitree_hg__python
[0.454s] [ 96%] Built target unitree_hg__rosidl_typesupport_introspection_c__pyext
[0.460s] [ 98%] Built target unitree_hg__rosidl_typesupport_fastrtps_c__pyext
[0.463s] [100%] Built target unitree_hg__rosidl_typesupport_c__pyext
[0.491s] Invoked command in '/home/unitree/imes-g1/build/unitree_hg' returned '0': CMAKE_PREFIX_PATH=${CMAKE_PREFIX_PATH}:/opt/ros/foxy /home/unitree/.local/bin/cmake --build /home/unitree/imes-g1/build/unitree_hg -- -j8 -l8
[0.493s] Invoking command in '/home/unitree/imes-g1/build/unitree_hg': CMAKE_PREFIX_PATH=${CMAKE_PREFIX_PATH}:/opt/ros/foxy /home/unitree/.local/bin/cmake --install /home/unitree/imes-g1/build/unitree_hg
[0.573s] -- Install configuration: ""
[0.575s] -- Execute custom install script
[0.575s] -- Up-to-date symlink: /home/unitree/imes-g1/install/unitree_hg/share/ament_index/resource_index/rosidl_interfaces/unitree_hg
[0.577s] -- Up-to-date symlink: /home/unitree/imes-g1/install/unitree_hg/include/unitree_hg/msg/bms_cmd.h
[0.578s] -- Up-to-date symlink: /home/unitree/imes-g1/install/unitree_hg/include/unitree_hg/msg/bms_state.h
[0.578s] -- Up-to-date symlink: /home/unitree/imes-g1/install/unitree_hg/include/unitree_hg/msg/detail/bms_cmd__functions.h
[0.579s] -- Up-to-date symlink: /home/unitree/imes-g1/install/unitree_hg/include/unitree_hg/msg/detail/bms_cmd__struct.h
[0.579s] -- Up-to-date symlink: /home/unitree/imes-g1/install/unitree_hg/include/unitree_hg/msg/detail/bms_cmd__type_support.h
[0.581s] -- Up-to-date symlink: /home/unitree/imes-g1/install/unitree_hg/include/unitree_hg/msg/detail/bms_state__functions.h
[0.581s] -- Up-to-date symlink: /home/unitree/imes-g1/install/unitree_hg/include/unitree_hg/msg/detail/bms_state__struct.h
[0.582s] -- Up-to-date symlink: /home/unitree/imes-g1/install/unitree_hg/include/unitree_hg/msg/detail/bms_state__type_support.h
[0.582s] -- Up-to-date symlink: /home/unitree/imes-g1/install/unitree_hg/include/unitree_hg/msg/detail/hand_cmd__functions.h
[0.583s] -- Up-to-date symlink: /home/unitree/imes-g1/install/unitree_hg/include/unitree_hg/msg/detail/hand_cmd__struct.h
[0.583s] -- Up-to-date symlink: /home/unitree/imes-g1/install/unitree_hg/include/unitree_hg/msg/detail/hand_cmd__type_support.h
[0.583s] -- Up-to-date symlink: /home/unitree/imes-g1/install/unitree_hg/include/unitree_hg/msg/detail/hand_state__functions.h
[0.583s] -- Up-to-date symlink: /home/unitree/imes-g1/install/unitree_hg/include/unitree_hg/msg/detail/hand_state__struct.h
[0.584s] -- Up-to-date symlink: /home/unitree/imes-g1/install/unitree_hg/include/unitree_hg/msg/detail/hand_state__type_support.h
[0.584s] -- Up-to-date symlink: /home/unitree/imes-g1/install/unitree_hg/include/unitree_hg/msg/detail/imu_state__functions.h
[0.584s] -- Up-to-date symlink: /home/unitree/imes-g1/install/unitree_hg/include/unitree_hg/msg/detail/imu_state__struct.h
[0.585s] -- Up-to-date symlink: /home/unitree/imes-g1/install/unitree_hg/include/unitree_hg/msg/detail/imu_state__type_support.h
[0.585s] -- Up-to-date symlink: /home/unitree/imes-g1/install/unitree_hg/include/unitree_hg/msg/detail/low_cmd__functions.h
[0.586s] -- Up-to-date symlink: /home/unitree/imes-g1/install/unitree_hg/include/unitree_hg/msg/detail/low_cmd__struct.h
[0.586s] -- Up-to-date symlink: /home/unitree/imes-g1/install/unitree_hg/include/unitree_hg/msg/detail/low_cmd__type_support.h
[0.586s] -- Up-to-date symlink: /home/unitree/imes-g1/install/unitree_hg/include/unitree_hg/msg/detail/low_state__functions.h
[0.586s] -- Up-to-date symlink: /home/unitree/imes-g1/install/unitree_hg/include/unitree_hg/msg/detail/low_state__struct.h
[0.587s] -- Up-to-date symlink: /home/unitree/imes-g1/install/unitree_hg/include/unitree_hg/msg/detail/low_state__type_support.h
[0.587s] -- Up-to-date symlink: /home/unitree/imes-g1/install/unitree_hg/include/unitree_hg/msg/detail/main_board_state__functions.h
[0.587s] -- Up-to-date symlink: /home/unitree/imes-g1/install/unitree_hg/include/unitree_hg/msg/detail/main_board_state__struct.h
[0.587s] -- Up-to-date symlink: /home/unitree/imes-g1/install/unitree_hg/include/unitree_hg/msg/detail/main_board_state__type_support.h
[0.587s] -- Up-to-date symlink: /home/unitree/imes-g1/install/unitree_hg/include/unitree_hg/msg/detail/motor_cmd__functions.h
[0.588s] -- Up-to-date symlink: /home/unitree/imes-g1/install/unitree_hg/include/unitree_hg/msg/detail/motor_cmd__struct.h
[0.588s] -- Up-to-date symlink: /home/unitree/imes-g1/install/unitree_hg/include/unitree_hg/msg/detail/motor_cmd__type_support.h
[0.589s] -- Up-to-date symlink: /home/unitree/imes-g1/install/unitree_hg/include/unitree_hg/msg/detail/motor_state__functions.h
[0.589s] -- Up-to-date symlink: /home/unitree/imes-g1/install/unitree_hg/include/unitree_hg/msg/detail/motor_state__struct.h
[0.589s] -- Up-to-date symlink: /home/unitree/imes-g1/install/unitree_hg/include/unitree_hg/msg/detail/motor_state__type_support.h
[0.589s] -- Up-to-date symlink: /home/unitree/imes-g1/install/unitree_hg/include/unitree_hg/msg/detail/press_sensor_state__functions.h
[0.590s] -- Up-to-date symlink: /home/unitree/imes-g1/install/unitree_hg/include/unitree_hg/msg/detail/press_sensor_state__struct.h
[0.595s] -- Up-to-date symlink: /home/unitree/imes-g1/install/unitree_hg/include/unitree_hg/msg/detail/press_sensor_state__type_support.h
[0.595s] -- Up-to-date symlink: /home/unitree/imes-g1/install/unitree_hg/include/unitree_hg/msg/hand_cmd.h
[0.595s] -- Up-to-date symlink: /home/unitree/imes-g1/install/unitree_hg/include/unitree_hg/msg/hand_state.h
[0.595s] -- Up-to-date symlink: /home/unitree/imes-g1/install/unitree_hg/include/unitree_hg/msg/imu_state.h
[0.595s] -- Up-to-date symlink: /home/unitree/imes-g1/install/unitree_hg/include/unitree_hg/msg/low_cmd.h
[0.595s] -- Up-to-date symlink: /home/unitree/imes-g1/install/unitree_hg/include/unitree_hg/msg/low_state.h
[0.595s] -- Up-to-date symlink: /home/unitree/imes-g1/install/unitree_hg/include/unitree_hg/msg/main_board_state.h
[0.596s] -- Up-to-date symlink: /home/unitree/imes-g1/install/unitree_hg/include/unitree_hg/msg/motor_cmd.h
[0.596s] -- Up-to-date symlink: /home/unitree/imes-g1/install/unitree_hg/include/unitree_hg/msg/motor_state.h
[0.596s] -- Up-to-date symlink: /home/unitree/imes-g1/install/unitree_hg/include/unitree_hg/msg/press_sensor_state.h
[0.596s] -- Up-to-date symlink: /home/unitree/imes-g1/install/unitree_hg/include/unitree_hg/msg/rosidl_generator_c__visibility_control.h
[0.596s] -- Up-to-date symlink: /home/unitree/imes-g1/install/unitree_hg/share/unitree_hg/environment/library_path.sh
[0.596s] -- Up-to-date symlink: /home/unitree/imes-g1/install/unitree_hg/share/unitree_hg/environment/library_path.dsv
[0.597s] -- Up-to-date symlink: /home/unitree/imes-g1/install/unitree_hg/include/unitree_hg/msg/detail/bms_cmd__rosidl_typesupport_fastrtps_c.h
[0.597s] -- Up-to-date symlink: /home/unitree/imes-g1/install/unitree_hg/include/unitree_hg/msg/detail/bms_state__rosidl_typesupport_fastrtps_c.h
[0.598s] -- Up-to-date symlink: /home/unitree/imes-g1/install/unitree_hg/include/unitree_hg/msg/detail/hand_cmd__rosidl_typesupport_fastrtps_c.h
[0.599s] -- Up-to-date symlink: /home/unitree/imes-g1/install/unitree_hg/include/unitree_hg/msg/detail/hand_state__rosidl_typesupport_fastrtps_c.h
[0.601s] -- Up-to-date symlink: /home/unitree/imes-g1/install/unitree_hg/include/unitree_hg/msg/detail/imu_state__rosidl_typesupport_fastrtps_c.h
[0.602s] -- Up-to-date symlink: /home/unitree/imes-g1/install/unitree_hg/include/unitree_hg/msg/detail/low_cmd__rosidl_typesupport_fastrtps_c.h
[0.602s] -- Up-to-date symlink: /home/unitree/imes-g1/install/unitree_hg/include/unitree_hg/msg/detail/low_state__rosidl_typesupport_fastrtps_c.h
[0.603s] -- Up-to-date symlink: /home/unitree/imes-g1/install/unitree_hg/include/unitree_hg/msg/detail/main_board_state__rosidl_typesupport_fastrtps_c.h
[0.603s] -- Up-to-date symlink: /home/unitree/imes-g1/install/unitree_hg/include/unitree_hg/msg/detail/motor_cmd__rosidl_typesupport_fastrtps_c.h
[0.604s] -- Up-to-date symlink: /home/unitree/imes-g1/install/unitree_hg/include/unitree_hg/msg/detail/motor_state__rosidl_typesupport_fastrtps_c.h
[0.607s] -- Up-to-date symlink: /home/unitree/imes-g1/install/unitree_hg/include/unitree_hg/msg/detail/press_sensor_state__rosidl_typesupport_fastrtps_c.h
[0.608s] -- Up-to-date symlink: /home/unitree/imes-g1/install/unitree_hg/include/unitree_hg/msg/rosidl_typesupport_fastrtps_c__visibility_control.h
[0.609s] -- Up-to-date symlink: /home/unitree/imes-g1/install/unitree_hg/lib/libunitree_hg__rosidl_typesupport_fastrtps_c.so
[0.609s] -- Up-to-date symlink: /home/unitree/imes-g1/install/unitree_hg/include/unitree_hg/msg/detail/bms_cmd__rosidl_typesupport_fastrtps_cpp.hpp
[0.609s] -- Up-to-date symlink: /home/unitree/imes-g1/install/unitree_hg/include/unitree_hg/msg/detail/bms_state__rosidl_typesupport_fastrtps_cpp.hpp
[0.609s] -- Up-to-date symlink: /home/unitree/imes-g1/install/unitree_hg/include/unitree_hg/msg/detail/hand_cmd__rosidl_typesupport_fastrtps_cpp.hpp
[0.609s] -- Up-to-date symlink: /home/unitree/imes-g1/install/unitree_hg/include/unitree_hg/msg/detail/hand_state__rosidl_typesupport_fastrtps_cpp.hpp
[0.609s] -- Up-to-date symlink: /home/unitree/imes-g1/install/unitree_hg/include/unitree_hg/msg/detail/imu_state__rosidl_typesupport_fastrtps_cpp.hpp
[0.610s] -- Up-to-date symlink: /home/unitree/imes-g1/install/unitree_hg/include/unitree_hg/msg/detail/low_cmd__rosidl_typesupport_fastrtps_cpp.hpp
[0.612s] -- Up-to-date symlink: /home/unitree/imes-g1/install/unitree_hg/include/unitree_hg/msg/detail/low_state__rosidl_typesupport_fastrtps_cpp.hpp
[0.613s] -- Up-to-date symlink: /home/unitree/imes-g1/install/unitree_hg/include/unitree_hg/msg/detail/main_board_state__rosidl_typesupport_fastrtps_cpp.hpp
[0.613s] -- Up-to-date symlink: /home/unitree/imes-g1/install/unitree_hg/include/unitree_hg/msg/detail/motor_cmd__rosidl_typesupport_fastrtps_cpp.hpp
[0.613s] -- Up-to-date symlink: /home/unitree/imes-g1/install/unitree_hg/include/unitree_hg/msg/detail/motor_state__rosidl_typesupport_fastrtps_cpp.hpp
[0.613s] -- Up-to-date symlink: /home/unitree/imes-g1/install/unitree_hg/include/unitree_hg/msg/detail/press_sensor_state__rosidl_typesupport_fastrtps_cpp.hpp
[0.614s] -- Up-to-date symlink: /home/unitree/imes-g1/install/unitree_hg/include/unitree_hg/msg/rosidl_typesupport_fastrtps_cpp__visibility_control.h
[0.614s] -- Up-to-date symlink: /home/unitree/imes-g1/install/unitree_hg/lib/libunitree_hg__rosidl_typesupport_fastrtps_cpp.so
[0.614s] -- Up-to-date symlink: /home/unitree/imes-g1/install/unitree_hg/include/unitree_hg/msg/detail/bms_cmd__rosidl_typesupport_introspection_c.h
[0.614s] -- Up-to-date symlink: /home/unitree/imes-g1/install/unitree_hg/include/unitree_hg/msg/detail/bms_state__rosidl_typesupport_introspection_c.h
[0.615s] -- Up-to-date symlink: /home/unitree/imes-g1/install/unitree_hg/include/unitree_hg/msg/detail/hand_cmd__rosidl_typesupport_introspection_c.h
[0.615s] -- Up-to-date symlink: /home/unitree/imes-g1/install/unitree_hg/include/unitree_hg/msg/detail/hand_state__rosidl_typesupport_introspection_c.h
[0.615s] -- Up-to-date symlink: /home/unitree/imes-g1/install/unitree_hg/include/unitree_hg/msg/detail/imu_state__rosidl_typesupport_introspection_c.h
[0.616s] -- Up-to-date symlink: /home/unitree/imes-g1/install/unitree_hg/include/unitree_hg/msg/detail/low_cmd__rosidl_typesupport_introspection_c.h
[0.616s] -- Up-to-date symlink: /home/unitree/imes-g1/install/unitree_hg/include/unitree_hg/msg/detail/low_state__rosidl_typesupport_introspection_c.h
[0.616s] -- Up-to-date symlink: /home/unitree/imes-g1/install/unitree_hg/include/unitree_hg/msg/detail/main_board_state__rosidl_typesupport_introspection_c.h
[0.616s] -- Up-to-date symlink: /home/unitree/imes-g1/install/unitree_hg/include/unitree_hg/msg/detail/motor_cmd__rosidl_typesupport_introspection_c.h
[0.617s] -- Up-to-date symlink: /home/unitree/imes-g1/install/unitree_hg/include/unitree_hg/msg/detail/motor_state__rosidl_typesupport_introspection_c.h
[0.617s] -- Up-to-date symlink: /home/unitree/imes-g1/install/unitree_hg/include/unitree_hg/msg/detail/press_sensor_state__rosidl_typesupport_introspection_c.h
[0.618s] -- Up-to-date symlink: /home/unitree/imes-g1/install/unitree_hg/include/unitree_hg/msg/rosidl_typesupport_introspection_c__visibility_control.h
[0.618s] -- Up-to-date symlink: /home/unitree/imes-g1/install/unitree_hg/include/unitree_hg/msg/bms_cmd.hpp
[0.619s] -- Up-to-date symlink: /home/unitree/imes-g1/install/unitree_hg/include/unitree_hg/msg/bms_state.hpp
[0.619s] -- Up-to-date symlink: /home/unitree/imes-g1/install/unitree_hg/include/unitree_hg/msg/detail/bms_cmd__builder.hpp
[0.620s] -- Up-to-date symlink: /home/unitree/imes-g1/install/unitree_hg/include/unitree_hg/msg/detail/bms_cmd__struct.hpp
[0.620s] -- Up-to-date symlink: /home/unitree/imes-g1/install/unitree_hg/include/unitree_hg/msg/detail/bms_cmd__traits.hpp
[0.621s] -- Up-to-date symlink: /home/unitree/imes-g1/install/unitree_hg/include/unitree_hg/msg/detail/bms_cmd__type_support.hpp
[0.621s] -- Up-to-date symlink: /home/unitree/imes-g1/install/unitree_hg/include/unitree_hg/msg/detail/bms_state__builder.hpp
[0.621s] -- Up-to-date symlink: /home/unitree/imes-g1/install/unitree_hg/include/unitree_hg/msg/detail/bms_state__struct.hpp
[0.622s] -- Up-to-date symlink: /home/unitree/imes-g1/install/unitree_hg/include/unitree_hg/msg/detail/bms_state__traits.hpp
[0.622s] -- Up-to-date symlink: /home/unitree/imes-g1/install/unitree_hg/include/unitree_hg/msg/detail/bms_state__type_support.hpp
[0.622s] -- Up-to-date symlink: /home/unitree/imes-g1/install/unitree_hg/include/unitree_hg/msg/detail/hand_cmd__builder.hpp
[0.623s] -- Up-to-date symlink: /home/unitree/imes-g1/install/unitree_hg/include/unitree_hg/msg/detail/hand_cmd__struct.hpp
[0.623s] -- Up-to-date symlink: /home/unitree/imes-g1/install/unitree_hg/include/unitree_hg/msg/detail/hand_cmd__traits.hpp
[0.624s] -- Up-to-date symlink: /home/unitree/imes-g1/install/unitree_hg/include/unitree_hg/msg/detail/hand_cmd__type_support.hpp
[0.624s] -- Up-to-date symlink: /home/unitree/imes-g1/install/unitree_hg/include/unitree_hg/msg/detail/hand_state__builder.hpp
[0.626s] -- Up-to-date symlink: /home/unitree/imes-g1/install/unitree_hg/include/unitree_hg/msg/detail/hand_state__struct.hpp
[0.626s] -- Up-to-date symlink: /home/unitree/imes-g1/install/unitree_hg/include/unitree_hg/msg/detail/hand_state__traits.hpp
[0.627s] -- Up-to-date symlink: /home/unitree/imes-g1/install/unitree_hg/include/unitree_hg/msg/detail/hand_state__type_support.hpp
[0.627s] -- Up-to-date symlink: /home/unitree/imes-g1/install/unitree_hg/include/unitree_hg/msg/detail/imu_state__builder.hpp
[0.627s] -- Up-to-date symlink: /home/unitree/imes-g1/install/unitree_hg/include/unitree_hg/msg/detail/imu_state__struct.hpp
[0.628s] -- Up-to-date symlink: /home/unitree/imes-g1/install/unitree_hg/include/unitree_hg/msg/detail/imu_state__traits.hpp
[0.628s] -- Up-to-date symlink: /home/unitree/imes-g1/install/unitree_hg/include/unitree_hg/msg/detail/imu_state__type_support.hpp
[0.628s] -- Up-to-date symlink: /home/unitree/imes-g1/install/unitree_hg/include/unitree_hg/msg/detail/low_cmd__builder.hpp
[0.628s] -- Up-to-date symlink: /home/unitree/imes-g1/install/unitree_hg/include/unitree_hg/msg/detail/low_cmd__struct.hpp
[0.629s] -- Up-to-date symlink: /home/unitree/imes-g1/install/unitree_hg/include/unitree_hg/msg/detail/low_cmd__traits.hpp
[0.630s] -- Up-to-date symlink: /home/unitree/imes-g1/install/unitree_hg/include/unitree_hg/msg/detail/low_cmd__type_support.hpp
[0.630s] -- Up-to-date symlink: /home/unitree/imes-g1/install/unitree_hg/include/unitree_hg/msg/detail/low_state__builder.hpp
[0.630s] -- Up-to-date symlink: /home/unitree/imes-g1/install/unitree_hg/include/unitree_hg/msg/detail/low_state__struct.hpp
[0.631s] -- Up-to-date symlink: /home/unitree/imes-g1/install/unitree_hg/include/unitree_hg/msg/detail/low_state__traits.hpp
[0.631s] -- Up-to-date symlink: /home/unitree/imes-g1/install/unitree_hg/include/unitree_hg/msg/detail/low_state__type_support.hpp
[0.631s] -- Up-to-date symlink: /home/unitree/imes-g1/install/unitree_hg/include/unitree_hg/msg/detail/main_board_state__builder.hpp
[0.632s] -- Up-to-date symlink: /home/unitree/imes-g1/install/unitree_hg/include/unitree_hg/msg/detail/main_board_state__struct.hpp
[0.632s] -- Up-to-date symlink: /home/unitree/imes-g1/install/unitree_hg/include/unitree_hg/msg/detail/main_board_state__traits.hpp
[0.632s] -- Up-to-date symlink: /home/unitree/imes-g1/install/unitree_hg/include/unitree_hg/msg/detail/main_board_state__type_support.hpp
[0.633s] -- Up-to-date symlink: /home/unitree/imes-g1/install/unitree_hg/include/unitree_hg/msg/detail/motor_cmd__builder.hpp
[0.633s] -- Up-to-date symlink: /home/unitree/imes-g1/install/unitree_hg/include/unitree_hg/msg/detail/motor_cmd__struct.hpp
[0.634s] -- Up-to-date symlink: /home/unitree/imes-g1/install/unitree_hg/include/unitree_hg/msg/detail/motor_cmd__traits.hpp
[0.635s] -- Up-to-date symlink: /home/unitree/imes-g1/install/unitree_hg/include/unitree_hg/msg/detail/motor_cmd__type_support.hpp
[0.636s] -- Up-to-date symlink: /home/unitree/imes-g1/install/unitree_hg/include/unitree_hg/msg/detail/motor_state__builder.hpp
[0.637s] -- Up-to-date symlink: /home/unitree/imes-g1/install/unitree_hg/include/unitree_hg/msg/detail/motor_state__struct.hpp
[0.637s] -- Up-to-date symlink: /home/unitree/imes-g1/install/unitree_hg/include/unitree_hg/msg/detail/motor_state__traits.hpp
[0.637s] -- Up-to-date symlink: /home/unitree/imes-g1/install/unitree_hg/include/unitree_hg/msg/detail/motor_state__type_support.hpp
[0.637s] -- Up-to-date symlink: /home/unitree/imes-g1/install/unitree_hg/include/unitree_hg/msg/detail/press_sensor_state__builder.hpp
[0.637s] -- Up-to-date symlink: /home/unitree/imes-g1/install/unitree_hg/include/unitree_hg/msg/detail/press_sensor_state__struct.hpp
[0.638s] -- Up-to-date symlink: /home/unitree/imes-g1/install/unitree_hg/include/unitree_hg/msg/detail/press_sensor_state__traits.hpp
[0.638s] -- Up-to-date symlink: /home/unitree/imes-g1/install/unitree_hg/include/unitree_hg/msg/detail/press_sensor_state__type_support.hpp
[0.638s] -- Up-to-date symlink: /home/unitree/imes-g1/install/unitree_hg/include/unitree_hg/msg/hand_cmd.hpp
[0.638s] -- Up-to-date symlink: /home/unitree/imes-g1/install/unitree_hg/include/unitree_hg/msg/hand_state.hpp
[0.638s] -- Up-to-date symlink: /home/unitree/imes-g1/install/unitree_hg/include/unitree_hg/msg/imu_state.hpp
[0.639s] -- Up-to-date symlink: /home/unitree/imes-g1/install/unitree_hg/include/unitree_hg/msg/low_cmd.hpp
[0.639s] -- Up-to-date symlink: /home/unitree/imes-g1/install/unitree_hg/include/unitree_hg/msg/low_state.hpp
[0.639s] -- Up-to-date symlink: /home/unitree/imes-g1/install/unitree_hg/include/unitree_hg/msg/main_board_state.hpp
[0.639s] -- Up-to-date symlink: /home/unitree/imes-g1/install/unitree_hg/include/unitree_hg/msg/motor_cmd.hpp
[0.639s] -- Up-to-date symlink: /home/unitree/imes-g1/install/unitree_hg/include/unitree_hg/msg/motor_state.hpp
[0.639s] -- Up-to-date symlink: /home/unitree/imes-g1/install/unitree_hg/include/unitree_hg/msg/press_sensor_state.hpp
[0.640s] -- Up-to-date symlink: /home/unitree/imes-g1/install/unitree_hg/include/unitree_hg/msg/rosidl_generator_cpp__visibility_control.hpp
[0.641s] -- Up-to-date symlink: /home/unitree/imes-g1/install/unitree_hg/include/unitree_hg/msg/detail/bms_cmd__rosidl_typesupport_introspection_cpp.hpp
[0.641s] -- Up-to-date symlink: /home/unitree/imes-g1/install/unitree_hg/include/unitree_hg/msg/detail/bms_state__rosidl_typesupport_introspection_cpp.hpp
[0.641s] -- Up-to-date symlink: /home/unitree/imes-g1/install/unitree_hg/include/unitree_hg/msg/detail/hand_cmd__rosidl_typesupport_introspection_cpp.hpp
[0.641s] -- Up-to-date symlink: /home/unitree/imes-g1/install/unitree_hg/include/unitree_hg/msg/detail/hand_state__rosidl_typesupport_introspection_cpp.hpp
[0.642s] -- Up-to-date symlink: /home/unitree/imes-g1/install/unitree_hg/include/unitree_hg/msg/detail/imu_state__rosidl_typesupport_introspection_cpp.hpp
[0.642s] -- Up-to-date symlink: /home/unitree/imes-g1/install/unitree_hg/include/unitree_hg/msg/detail/low_cmd__rosidl_typesupport_introspection_cpp.hpp
[0.642s] -- Up-to-date symlink: /home/unitree/imes-g1/install/unitree_hg/include/unitree_hg/msg/detail/low_state__rosidl_typesupport_introspection_cpp.hpp
[0.642s] -- Up-to-date symlink: /home/unitree/imes-g1/install/unitree_hg/include/unitree_hg/msg/detail/main_board_state__rosidl_typesupport_introspection_cpp.hpp
[0.643s] -- Up-to-date symlink: /home/unitree/imes-g1/install/unitree_hg/include/unitree_hg/msg/detail/motor_cmd__rosidl_typesupport_introspection_cpp.hpp
[0.643s] -- Up-to-date symlink: /home/unitree/imes-g1/install/unitree_hg/include/unitree_hg/msg/detail/motor_state__rosidl_typesupport_introspection_cpp.hpp
[0.643s] -- Up-to-date symlink: /home/unitree/imes-g1/install/unitree_hg/include/unitree_hg/msg/detail/press_sensor_state__rosidl_typesupport_introspection_cpp.hpp
[0.643s] -- Up-to-date symlink: /home/unitree/imes-g1/install/unitree_hg/share/unitree_hg/environment/pythonpath.sh
[0.644s] -- Up-to-date symlink: /home/unitree/imes-g1/install/unitree_hg/share/unitree_hg/environment/pythonpath.dsv
[0.645s] -- Up-to-date symlink: /home/unitree/imes-g1/install/unitree_hg/lib/python3.8/site-packages/unitree_hg/__init__.py
[0.646s] -- Up-to-date symlink: /home/unitree/imes-g1/install/unitree_hg/lib/python3.8/site-packages/unitree_hg/msg/__init__.py
[0.646s] -- Up-to-date symlink: /home/unitree/imes-g1/install/unitree_hg/lib/python3.8/site-packages/unitree_hg/msg/_bms_cmd.py
[0.647s] -- Up-to-date symlink: /home/unitree/imes-g1/install/unitree_hg/lib/python3.8/site-packages/unitree_hg/msg/_bms_state.py
[0.647s] -- Up-to-date symlink: /home/unitree/imes-g1/install/unitree_hg/lib/python3.8/site-packages/unitree_hg/msg/_hand_cmd.py
[0.647s] -- Up-to-date symlink: /home/unitree/imes-g1/install/unitree_hg/lib/python3.8/site-packages/unitree_hg/msg/_hand_state.py
[0.647s] -- Up-to-date symlink: /home/unitree/imes-g1/install/unitree_hg/lib/python3.8/site-packages/unitree_hg/msg/_imu_state.py
[0.648s] -- Up-to-date symlink: /home/unitree/imes-g1/install/unitree_hg/lib/python3.8/site-packages/unitree_hg/msg/_low_cmd.py
[0.648s] -- Up-to-date symlink: /home/unitree/imes-g1/install/unitree_hg/lib/python3.8/site-packages/unitree_hg/msg/_low_state.py
[0.648s] -- Up-to-date symlink: /home/unitree/imes-g1/install/unitree_hg/lib/python3.8/site-packages/unitree_hg/msg/_main_board_state.py
[0.649s] -- Up-to-date symlink: /home/unitree/imes-g1/install/unitree_hg/lib/python3.8/site-packages/unitree_hg/msg/_motor_cmd.py
[0.649s] -- Up-to-date symlink: /home/unitree/imes-g1/install/unitree_hg/lib/python3.8/site-packages/unitree_hg/msg/_motor_state.py
[0.649s] -- Up-to-date symlink: /home/unitree/imes-g1/install/unitree_hg/lib/python3.8/site-packages/unitree_hg/msg/_press_sensor_state.py
[0.650s] -- Up-to-date symlink: /home/unitree/imes-g1/install/unitree_hg/lib/python3.8/site-packages/unitree_hg/unitree_hg_s__rosidl_typesupport_fastrtps_c.cpython-38-aarch64-linux-gnu.so
[0.650s] -- Up-to-date symlink: /home/unitree/imes-g1/install/unitree_hg/lib/python3.8/site-packages/unitree_hg/unitree_hg_s__rosidl_typesupport_introspection_c.cpython-38-aarch64-linux-gnu.so
[0.650s] -- Up-to-date symlink: /home/unitree/imes-g1/install/unitree_hg/lib/python3.8/site-packages/unitree_hg/unitree_hg_s__rosidl_typesupport_c.cpython-38-aarch64-linux-gnu.so
[0.651s] -- Up-to-date symlink: /home/unitree/imes-g1/install/unitree_hg/lib/libunitree_hg__python.so
[0.651s] -- Up-to-date symlink: /home/unitree/imes-g1/install/unitree_hg/share/unitree_hg/msg/BmsCmd.idl
[0.651s] -- Up-to-date symlink: /home/unitree/imes-g1/install/unitree_hg/share/unitree_hg/msg/BmsState.idl
[0.652s] -- Up-to-date symlink: /home/unitree/imes-g1/install/unitree_hg/share/unitree_hg/msg/HandCmd.idl
[0.652s] -- Up-to-date symlink: /home/unitree/imes-g1/install/unitree_hg/share/unitree_hg/msg/HandState.idl
[0.652s] -- Up-to-date symlink: /home/unitree/imes-g1/install/unitree_hg/share/unitree_hg/msg/IMUState.idl
[0.653s] -- Up-to-date symlink: /home/unitree/imes-g1/install/unitree_hg/share/unitree_hg/msg/LowCmd.idl
[0.653s] -- Up-to-date symlink: /home/unitree/imes-g1/install/unitree_hg/share/unitree_hg/msg/LowState.idl
[0.654s] -- Up-to-date symlink: /home/unitree/imes-g1/install/unitree_hg/share/unitree_hg/msg/MainBoardState.idl
[0.654s] -- Up-to-date symlink: /home/unitree/imes-g1/install/unitree_hg/share/unitree_hg/msg/MotorCmd.idl
[0.654s] -- Up-to-date symlink: /home/unitree/imes-g1/install/unitree_hg/share/unitree_hg/msg/MotorState.idl
[0.655s] -- Up-to-date symlink: /home/unitree/imes-g1/install/unitree_hg/share/unitree_hg/msg/PressSensorState.idl
[0.655s] -- Up-to-date symlink: /home/unitree/imes-g1/install/unitree_hg/share/unitree_hg/msg/BmsCmd.msg
[0.655s] -- Up-to-date symlink: /home/unitree/imes-g1/install/unitree_hg/share/unitree_hg/msg/BmsState.msg
[0.655s] -- Up-to-date symlink: /home/unitree/imes-g1/install/unitree_hg/share/unitree_hg/msg/HandCmd.msg
[0.655s] -- Up-to-date symlink: /home/unitree/imes-g1/install/unitree_hg/share/unitree_hg/msg/HandState.msg
[0.655s] -- Up-to-date symlink: /home/unitree/imes-g1/install/unitree_hg/share/unitree_hg/msg/IMUState.msg
[0.656s] -- Up-to-date symlink: /home/unitree/imes-g1/install/unitree_hg/share/unitree_hg/msg/LowCmd.msg
[0.656s] -- Up-to-date symlink: /home/unitree/imes-g1/install/unitree_hg/share/unitree_hg/msg/LowState.msg
[0.656s] -- Up-to-date symlink: /home/unitree/imes-g1/install/unitree_hg/share/unitree_hg/msg/MainBoardState.msg
[0.656s] -- Up-to-date symlink: /home/unitree/imes-g1/install/unitree_hg/share/unitree_hg/msg/MotorCmd.msg
[0.656s] -- Up-to-date symlink: /home/unitree/imes-g1/install/unitree_hg/share/unitree_hg/msg/MotorState.msg
[0.657s] -- Up-to-date symlink: /home/unitree/imes-g1/install/unitree_hg/share/unitree_hg/msg/PressSensorState.msg
[0.657s] -- Up-to-date symlink: /home/unitree/imes-g1/install/unitree_hg/share/unitree_hg/msg/dds_connext/BmsCmd_.idl
[0.657s] -- Up-to-date symlink: /home/unitree/imes-g1/install/unitree_hg/share/unitree_hg/msg/dds_connext/BmsState_.idl
[0.657s] -- Up-to-date symlink: /home/unitree/imes-g1/install/unitree_hg/share/unitree_hg/msg/dds_connext/HandCmd_.idl
[0.657s] -- Up-to-date symlink: /home/unitree/imes-g1/install/unitree_hg/share/unitree_hg/msg/dds_connext/HandState_.idl
[0.658s] -- Up-to-date symlink: /home/unitree/imes-g1/install/unitree_hg/share/unitree_hg/msg/dds_connext/IMUState_.idl
[0.659s] -- Up-to-date symlink: /home/unitree/imes-g1/install/unitree_hg/share/unitree_hg/msg/dds_connext/LowCmd_.idl
[0.659s] -- Up-to-date symlink: /home/unitree/imes-g1/install/unitree_hg/share/unitree_hg/msg/dds_connext/LowState_.idl
[0.659s] -- Up-to-date symlink: /home/unitree/imes-g1/install/unitree_hg/share/unitree_hg/msg/dds_connext/MainBoardState_.idl
[0.659s] -- Up-to-date symlink: /home/unitree/imes-g1/install/unitree_hg/share/unitree_hg/msg/dds_connext/MotorCmd_.idl
[0.660s] -- Up-to-date symlink: /home/unitree/imes-g1/install/unitree_hg/share/unitree_hg/msg/dds_connext/MotorState_.idl
[0.660s] -- Up-to-date symlink: /home/unitree/imes-g1/install/unitree_hg/share/unitree_hg/msg/dds_connext/PressSensorState_.idl
[0.660s] -- Up-to-date symlink: /home/unitree/imes-g1/install/unitree_hg/share/ament_index/resource_index/package_run_dependencies/unitree_hg
[0.660s] -- Up-to-date symlink: /home/unitree/imes-g1/install/unitree_hg/share/ament_index/resource_index/parent_prefix_path/unitree_hg
[0.661s] -- Up-to-date symlink: /home/unitree/imes-g1/install/unitree_hg/share/unitree_hg/environment/ament_prefix_path.sh
[0.661s] -- Up-to-date symlink: /home/unitree/imes-g1/install/unitree_hg/share/unitree_hg/environment/ament_prefix_path.dsv
[0.661s] -- Up-to-date symlink: /home/unitree/imes-g1/install/unitree_hg/share/unitree_hg/environment/path.sh
[0.662s] -- Up-to-date symlink: /home/unitree/imes-g1/install/unitree_hg/share/unitree_hg/environment/path.dsv
[0.662s] -- Up-to-date symlink: /home/unitree/imes-g1/install/unitree_hg/share/unitree_hg/local_setup.bash
[0.663s] -- Up-to-date symlink: /home/unitree/imes-g1/install/unitree_hg/share/unitree_hg/local_setup.sh
[0.664s] -- Up-to-date symlink: /home/unitree/imes-g1/install/unitree_hg/share/unitree_hg/local_setup.zsh
[0.664s] -- Up-to-date symlink: /home/unitree/imes-g1/install/unitree_hg/share/unitree_hg/local_setup.dsv
[0.664s] -- Symlinking: /home/unitree/imes-g1/install/unitree_hg/share/unitree_hg/package.dsv
[0.665s] -- Up-to-date symlink: /home/unitree/imes-g1/install/unitree_hg/share/ament_index/resource_index/packages/unitree_hg
[0.665s] -- Up-to-date symlink: /home/unitree/imes-g1/install/unitree_hg/share/unitree_hg/cmake/rosidl_cmake-extras.cmake
[0.665s] -- Up-to-date symlink: /home/unitree/imes-g1/install/unitree_hg/share/unitree_hg/cmake/ament_cmake_export_dependencies-extras.cmake
[0.666s] -- Up-to-date symlink: /home/unitree/imes-g1/install/unitree_hg/share/unitree_hg/cmake/ament_cmake_export_libraries-extras.cmake
[0.666s] -- Up-to-date symlink: /home/unitree/imes-g1/install/unitree_hg/share/unitree_hg/cmake/ament_cmake_export_targets-extras.cmake
[0.666s] -- Up-to-date symlink: /home/unitree/imes-g1/install/unitree_hg/share/unitree_hg/cmake/ament_cmake_export_include_directories-extras.cmake
[0.666s] -- Up-to-date symlink: /home/unitree/imes-g1/install/unitree_hg/share/unitree_hg/cmake/rosidl_cmake_export_typesupport_libraries-extras.cmake
[0.667s] -- Up-to-date symlink: /home/unitree/imes-g1/install/unitree_hg/share/unitree_hg/cmake/rosidl_cmake_export_typesupport_targets-extras.cmake
[0.667s] -- Up-to-date symlink: /home/unitree/imes-g1/install/unitree_hg/share/unitree_hg/cmake/unitree_hgConfig.cmake
[0.667s] -- Up-to-date symlink: /home/unitree/imes-g1/install/unitree_hg/share/unitree_hg/cmake/unitree_hgConfig-version.cmake
[0.667s] -- Up-to-date symlink: /home/unitree/imes-g1/install/unitree_hg/share/unitree_hg/package.xml
[0.667s] -- Up-to-date: /home/unitree/imes-g1/install/unitree_hg/lib/libunitree_hg__rosidl_generator_c.so
[0.668s] -- Up-to-date: /home/unitree/imes-g1/install/unitree_hg/lib/libunitree_hg__rosidl_typesupport_introspection_c.so
[0.668s] -- Up-to-date: /home/unitree/imes-g1/install/unitree_hg/lib/libunitree_hg__rosidl_typesupport_c.so
[0.668s] -- Up-to-date: /home/unitree/imes-g1/install/unitree_hg/lib/libunitree_hg__rosidl_typesupport_introspection_cpp.so
[0.669s] -- Up-to-date: /home/unitree/imes-g1/install/unitree_hg/lib/libunitree_hg__rosidl_typesupport_cpp.so
[0.715s] -- Up-to-date: /home/unitree/imes-g1/install/unitree_hg/share/unitree_hg/cmake/unitree_hg__rosidl_generator_cExport.cmake
[0.716s] -- Up-to-date: /home/unitree/imes-g1/install/unitree_hg/share/unitree_hg/cmake/unitree_hg__rosidl_generator_cExport-noconfig.cmake
[0.716s] -- Up-to-date: /home/unitree/imes-g1/install/unitree_hg/share/unitree_hg/cmake/unitree_hg__rosidl_typesupport_introspection_cExport.cmake
[0.716s] -- Up-to-date: /home/unitree/imes-g1/install/unitree_hg/share/unitree_hg/cmake/unitree_hg__rosidl_typesupport_introspection_cExport-noconfig.cmake
[0.716s] -- Up-to-date: /home/unitree/imes-g1/install/unitree_hg/share/unitree_hg/cmake/unitree_hg__rosidl_typesupport_cExport.cmake
[0.716s] -- Up-to-date: /home/unitree/imes-g1/install/unitree_hg/share/unitree_hg/cmake/unitree_hg__rosidl_typesupport_cExport-noconfig.cmake
[0.717s] -- Up-to-date: /home/unitree/imes-g1/install/unitree_hg/share/unitree_hg/cmake/unitree_hg__rosidl_generator_cppExport.cmake
[0.718s] -- Up-to-date: /home/unitree/imes-g1/install/unitree_hg/share/unitree_hg/cmake/unitree_hg__rosidl_typesupport_introspection_cppExport.cmake
[0.718s] -- Up-to-date: /home/unitree/imes-g1/install/unitree_hg/share/unitree_hg/cmake/unitree_hg__rosidl_typesupport_introspection_cppExport-noconfig.cmake
[0.719s] -- Up-to-date: /home/unitree/imes-g1/install/unitree_hg/share/unitree_hg/cmake/unitree_hg__rosidl_typesupport_cppExport.cmake
[0.719s] -- Up-to-date: /home/unitree/imes-g1/install/unitree_hg/share/unitree_hg/cmake/unitree_hg__rosidl_typesupport_cppExport-noconfig.cmake
[0.914s] Invoked command in '/home/unitree/imes-g1/build/unitree_hg' returned '0': CMAKE_PREFIX_PATH=${CMAKE_PREFIX_PATH}:/opt/ros/foxy /home/unitree/.local/bin/cmake --install /home/unitree/imes-g1/build/unitree_hg
