[0.100s] Invoking command in '/home/unitree/imes-g1/build/unitree_hg': CONDA_PROMPT_MODIFIER=(base) /home/unitree/.local/bin/cmake --build /home/unitree/imes-g1/build/unitree_hg -- -j8 -l8
[0.185s] make: Warning: File 'Makefile' has modification time 1770115985 s in the future
[0.254s] -- Configuring incomplete, errors occurred!
[0.254s] See also "/home/unitree/imes-g1/build/unitree_hg/CMakeFiles/CMakeOutput.log".
[0.256s] [31mCMake Error at CMakeLists.txt:19 (find_package):
[0.256s]   By not providing "Findament_cmake.cmake" in CMAKE_MODULE_PATH this project
[0.256s]   has asked CMake to find a package configuration file provided by
[0.256s]   "ament_cmake", but CMake did not find one.
[0.256s] 
[0.257s]   Could not find a package configuration file provided by "ament_cmake" with
[0.257s]   any of the following names:
[0.257s] 
[0.257s]     ament_cmakeConfig.cmake
[0.257s]     ament_cmake-config.cmake
[0.257s] 
[0.257s]   Add the installation prefix of "ament_cmake" to CMAKE_PREFIX_PATH or set
[0.257s]   "ament_cmake_DIR" to a directory containing one of the above files.  If
[0.257s]   "ament_cmake" provides a separate development package or SDK, be sure it
[0.257s]   has been installed.
[0.257s] 
[0.261s] [0m
[0.264s] make: *** [Makefile:2893: cmake_check_build_system] Error 1
