-- The C compiler identification is GNU 9.4.0
-- The CXX compiler identification is GNU 9.4.0
-- Detecting C compiler ABI info
-- Detecting C compiler ABI info - done
-- Check for working C compiler: /usr/bin/cc - skipped
-- Detecting C compile features
-- Detecting C compile features - done
-- Detecting CXX compiler ABI info
-- Detecting CXX compiler ABI info - done
-- Check for working CXX compiler: /usr/bin/c++ - skipped
-- Detecting CXX compile features
-- Detecting CXX compile features - done
-- Found ament_cmake: 0.9.12 (/opt/ros/foxy/share/ament_cmake/cmake)
-- Found PythonInterp: /usr/bin/python3 (found suitable version "3.8.10", minimum required is "3") 
-- Using PYTHON_EXECUTABLE: /usr/bin/python3
-- Override CMake install command with custom implementation using symlinks instead of copying resources
-- Found rclcpp: 2.4.3 (/opt/ros/foxy/share/rclcpp/cmake)
-- Using all available rosidl_typesupport_c: rosidl_typesupport_fastrtps_c;rosidl_typesupport_introspection_c
-- Found rosidl_adapter: 1.3.1 (/opt/ros/foxy/share/rosidl_adapter/cmake)
-- Found OpenSSL: /usr/lib/aarch64-linux-gnu/libcrypto.so (found version "1.1.1f")  
-- Found FastRTPS: /opt/ros/foxy/include  
-- Using all available rosidl_typesupport_cpp: rosidl_typesupport_fastrtps_cpp;rosidl_typesupport_introspection_cpp
-- Found rmw_implementation_cmake: 1.0.4 (/opt/ros/foxy/share/rmw_implementation_cmake/cmake)
-- Using RMW implementation 'rmw_cyclonedds_cpp' as default
-- Performing Test CMAKE_HAVE_LIBC_PTHREAD
-- Performing Test CMAKE_HAVE_LIBC_PTHREAD - Failed
-- Looking for pthread_create in pthreads
-- Looking for pthread_create in pthreads - not found
-- Looking for pthread_create in pthread
-- Looking for pthread_create in pthread - found
-- Found Threads: TRUE  
-- Found rclpy: 1.0.13 (/opt/ros/foxy/share/rclpy/cmake)
-- Found rclcpp_action: 2.4.3 (/opt/ros/foxy/share/rclcpp_action/cmake)
-- Found control_msgs: 2.5.1 (/opt/ros/foxy/share/control_msgs/cmake)
-- Found sensor_msgs: 2.0.5 (/opt/ros/foxy/share/sensor_msgs/cmake)
-- Found std_srvs: 2.0.5 (/opt/ros/foxy/share/std_srvs/cmake)
-- Found tf2: 0.13.14 (/opt/ros/foxy/share/tf2/cmake)
-- Found tf2_ros: 0.13.14 (/opt/ros/foxy/share/tf2_ros/cmake)
-- Found tf2_sensor_msgs: 0.13.14 (/opt/ros/foxy/share/tf2_sensor_msgs/cmake)
-- Found nav_msgs: 2.0.5 (/opt/ros/foxy/share/nav_msgs/cmake)
-- Found OpenCV: /usr (found version "4.2.0") 
-- Found unitree_hg: 0.0.0 (/home/unitree/imes-g1/install/unitree_hg/share/unitree_hg/cmake)
-- Found unitree_api: 0.0.0 (/home/unitree/imes-g1/install/unitree_api/share/unitree_api/cmake)
-- Found g1_interface: 0.1.0 (/home/unitree/imes-g1/install/g1_interface/share/g1_interface/cmake)
-- Found rosbag2_cpp: 0.3.11 (/opt/ros/foxy/share/rosbag2_cpp/cmake)
-- Setting yaml-cpp_DIR to: '/opt/ros/foxy/share/yaml_cpp_vendor/cmake/../../../opt/yaml_cpp_vendor/lib/cmake/yaml-cpp'
-- Found hardware_interface: 0.11.0 (/opt/ros/foxy/share/hardware_interface/cmake)
-- Found PkgConfig: /usr/bin/pkg-config (found version "0.29.1") 
-- Checking for modules 'gstreamer-1.0;gstreamer-video-1.0;gstreamer-app-1.0'
--   Found gstreamer-1.0, version 1.16.3
--   Found gstreamer-video-1.0, version 1.16.3
--   Found gstreamer-app-1.0, version 1.16.3
-- Configuring done
-- Generating done
-- Build files have been written to: /home/unitree/imes-g1/build/g1_platform
[  7%] [32mBuilding CXX object CMakeFiles/g1_arm7_ros2_control.dir/src/g1_arm7_ros2_control.cpp.o[0m
[ 15%] [32m[1mLinking CXX executable g1_arm7_ros2_control[0m
[ 15%] Built target g1_arm7_ros2_control
[ 30%] [32mBuilding CXX object CMakeFiles/g1_video_publisher.dir/src/g1_video_stream.cpp.o[0m
[ 30%] [32mBuilding CXX object CMakeFiles/g1_platform.dir/src/arm_hardware/g1_arm7_hw.cpp.o[0m
[ 38%] [32mBuilding CXX object CMakeFiles/g1_platform.dir/src/arm_hardware/g1_arm7_unitree.cpp.o[0m
[ 46%] [32m[1mLinking CXX executable g1_video_publisher[0m
[ 46%] Built target g1_video_publisher
[ 53%] [32m[1mLinking CXX shared library libg1_platform.so[0m
[ 53%] Built target g1_platform
[ 61%] [32mBuilding CXX object CMakeFiles/g1_led_service.dir/src/g1_led_service.cpp.o[0m
[ 69%] [32m[1mLinking CXX executable g1_led_service[0m
[ 69%] Built target g1_led_service
[ 84%] [32mBuilding CXX object CMakeFiles/g1_highroscontrol.dir/src/g1_highroscontrol.cpp.o[0m
[ 84%] [32mBuilding CXX object CMakeFiles/g1_audio_service.dir/src/g1_audio_service.cpp.o[0m
[ 92%] [32m[1mLinking CXX executable g1_audio_service[0m
[ 92%] Built target g1_audio_service
[100%] [32m[1mLinking CXX executable g1_highroscontrol[0m
[100%] Built target g1_highroscontrol
-- Install configuration: ""
-- Execute custom install script
-- Symlinking: /home/unitree/imes-g1/install/g1_platform/lib/libg1_platform.so
-- Symlinking: /home/unitree/imes-g1/install/g1_platform/include/dds/config.h
-- Symlinking: /home/unitree/imes-g1/install/g1_platform/include/dds/dds.h
-- Symlinking: /home/unitree/imes-g1/install/g1_platform/include/dds/ddsc/dds_basic_types.h
-- Symlinking: /home/unitree/imes-g1/install/g1_platform/include/dds/ddsc/dds_data_allocator.h
-- Symlinking: /home/unitree/imes-g1/install/g1_platform/include/dds/ddsc/dds_internal_api.h
-- Symlinking: /home/unitree/imes-g1/install/g1_platform/include/dds/ddsc/dds_loan_api.h
-- Symlinking: /home/unitree/imes-g1/install/g1_platform/include/dds/ddsc/dds_opcodes.h
-- Symlinking: /home/unitree/imes-g1/install/g1_platform/include/dds/ddsc/dds_public_alloc.h
-- Symlinking: /home/unitree/imes-g1/install/g1_platform/include/dds/ddsc/dds_public_error.h
-- Symlinking: /home/unitree/imes-g1/install/g1_platform/include/dds/ddsc/dds_public_impl.h
-- Symlinking: /home/unitree/imes-g1/install/g1_platform/include/dds/ddsc/dds_public_listener.h
-- Symlinking: /home/unitree/imes-g1/install/g1_platform/include/dds/ddsc/dds_public_qos.h
-- Symlinking: /home/unitree/imes-g1/install/g1_platform/include/dds/ddsc/dds_public_qosdefs.h
-- Symlinking: /home/unitree/imes-g1/install/g1_platform/include/dds/ddsc/dds_public_status.h
-- Symlinking: /home/unitree/imes-g1/install/g1_platform/include/dds/ddsc/dds_rhc.h
-- Symlinking: /home/unitree/imes-g1/install/g1_platform/include/dds/ddsc/dds_statistics.h
-- Symlinking: /home/unitree/imes-g1/install/g1_platform/include/dds/ddsi/ddsi_acknack.h
-- Symlinking: /home/unitree/imes-g1/install/g1_platform/include/dds/ddsi/ddsi_builtin_topic_if.h
-- Symlinking: /home/unitree/imes-g1/install/g1_platform/include/dds/ddsi/ddsi_cdrstream.h
-- Symlinking: /home/unitree/imes-g1/install/g1_platform/include/dds/ddsi/ddsi_cfgelems.h
-- Symlinking: /home/unitree/imes-g1/install/g1_platform/include/dds/ddsi/ddsi_cfgunits.h
-- Symlinking: /home/unitree/imes-g1/install/g1_platform/include/dds/ddsi/ddsi_config.h
-- Symlinking: /home/unitree/imes-g1/install/g1_platform/include/dds/ddsi/ddsi_config_impl.h
-- Symlinking: /home/unitree/imes-g1/install/g1_platform/include/dds/ddsi/ddsi_deadline.h
-- Symlinking: /home/unitree/imes-g1/install/g1_platform/include/dds/ddsi/ddsi_deliver_locally.h
-- Symlinking: /home/unitree/imes-g1/install/g1_platform/include/dds/ddsi/ddsi_domaingv.h
-- Symlinking: /home/unitree/imes-g1/install/g1_platform/include/dds/ddsi/ddsi_endpoint.h
-- Symlinking: /home/unitree/imes-g1/install/g1_platform/include/dds/ddsi/ddsi_entity.h
-- Symlinking: /home/unitree/imes-g1/install/g1_platform/include/dds/ddsi/ddsi_entity_index.h
-- Symlinking: /home/unitree/imes-g1/install/g1_platform/include/dds/ddsi/ddsi_entity_match.h
-- Symlinking: /home/unitree/imes-g1/install/g1_platform/include/dds/ddsi/ddsi_guid.h
-- Symlinking: /home/unitree/imes-g1/install/g1_platform/include/dds/ddsi/ddsi_handshake.h
-- Symlinking: /home/unitree/imes-g1/install/g1_platform/include/dds/ddsi/ddsi_iid.h
-- Symlinking: /home/unitree/imes-g1/install/g1_platform/include/dds/ddsi/ddsi_ipaddr.h
-- Symlinking: /home/unitree/imes-g1/install/g1_platform/include/dds/ddsi/ddsi_keyhash.h
-- Symlinking: /home/unitree/imes-g1/install/g1_platform/include/dds/ddsi/ddsi_lifespan.h
-- Symlinking: /home/unitree/imes-g1/install/g1_platform/include/dds/ddsi/ddsi_list_genptr.h
-- Symlinking: /home/unitree/imes-g1/install/g1_platform/include/dds/ddsi/ddsi_list_tmpl.h
-- Symlinking: /home/unitree/imes-g1/install/g1_platform/include/dds/ddsi/ddsi_locator.h
-- Symlinking: /home/unitree/imes-g1/install/g1_platform/include/dds/ddsi/ddsi_mcgroup.h
-- Symlinking: /home/unitree/imes-g1/install/g1_platform/include/dds/ddsi/ddsi_ownip.h
-- Symlinking: /home/unitree/imes-g1/install/g1_platform/include/dds/ddsi/ddsi_participant.h
-- Symlinking: /home/unitree/imes-g1/install/g1_platform/include/dds/ddsi/ddsi_plist.h
-- Symlinking: /home/unitree/imes-g1/install/g1_platform/include/dds/ddsi/ddsi_plist_generic.h
-- Symlinking: /home/unitree/imes-g1/install/g1_platform/include/dds/ddsi/ddsi_pmd.h
-- Symlinking: /home/unitree/imes-g1/install/g1_platform/include/dds/ddsi/ddsi_portmapping.h
-- Symlinking: /home/unitree/imes-g1/install/g1_platform/include/dds/ddsi/ddsi_proxy_endpoint.h
-- Symlinking: /home/unitree/imes-g1/install/g1_platform/include/dds/ddsi/ddsi_proxy_participant.h
-- Symlinking: /home/unitree/imes-g1/install/g1_platform/include/dds/ddsi/ddsi_raweth.h
-- Symlinking: /home/unitree/imes-g1/install/g1_platform/include/dds/ddsi/ddsi_rhc.h
-- Symlinking: /home/unitree/imes-g1/install/g1_platform/include/dds/ddsi/ddsi_security_exchange.h
-- Symlinking: /home/unitree/imes-g1/install/g1_platform/include/dds/ddsi/ddsi_security_msg.h
-- Symlinking: /home/unitree/imes-g1/install/g1_platform/include/dds/ddsi/ddsi_security_omg.h
-- Symlinking: /home/unitree/imes-g1/install/g1_platform/include/dds/ddsi/ddsi_security_util.h
-- Symlinking: /home/unitree/imes-g1/install/g1_platform/include/dds/ddsi/ddsi_serdata.h
-- Symlinking: /home/unitree/imes-g1/install/g1_platform/include/dds/ddsi/ddsi_serdata_default.h
-- Symlinking: /home/unitree/imes-g1/install/g1_platform/include/dds/ddsi/ddsi_serdata_plist.h
-- Symlinking: /home/unitree/imes-g1/install/g1_platform/include/dds/ddsi/ddsi_serdata_pserop.h
-- Symlinking: /home/unitree/imes-g1/install/g1_platform/include/dds/ddsi/ddsi_sertopic.h
-- Symlinking: /home/unitree/imes-g1/install/g1_platform/include/dds/ddsi/ddsi_sertype.h
-- Symlinking: /home/unitree/imes-g1/install/g1_platform/include/dds/ddsi/ddsi_shm_transport.h
-- Symlinking: /home/unitree/imes-g1/install/g1_platform/include/dds/ddsi/ddsi_ssl.h
-- Symlinking: /home/unitree/imes-g1/install/g1_platform/include/dds/ddsi/ddsi_statistics.h
-- Symlinking: /home/unitree/imes-g1/install/g1_platform/include/dds/ddsi/ddsi_tcp.h
-- Symlinking: /home/unitree/imes-g1/install/g1_platform/include/dds/ddsi/ddsi_threadmon.h
-- Symlinking: /home/unitree/imes-g1/install/g1_platform/include/dds/ddsi/ddsi_time.h
-- Symlinking: /home/unitree/imes-g1/install/g1_platform/include/dds/ddsi/ddsi_tkmap.h
-- Symlinking: /home/unitree/imes-g1/install/g1_platform/include/dds/ddsi/ddsi_topic.h
-- Symlinking: /home/unitree/imes-g1/install/g1_platform/include/dds/ddsi/ddsi_tran.h
-- Symlinking: /home/unitree/imes-g1/install/g1_platform/include/dds/ddsi/ddsi_typebuilder.h
-- Symlinking: /home/unitree/imes-g1/install/g1_platform/include/dds/ddsi/ddsi_typelib.h
-- Symlinking: /home/unitree/imes-g1/install/g1_platform/include/dds/ddsi/ddsi_typelookup.h
-- Symlinking: /home/unitree/imes-g1/install/g1_platform/include/dds/ddsi/ddsi_typewrap.h
-- Symlinking: /home/unitree/imes-g1/install/g1_platform/include/dds/ddsi/ddsi_udp.h
-- Symlinking: /home/unitree/imes-g1/install/g1_platform/include/dds/ddsi/ddsi_vendor.h
-- Symlinking: /home/unitree/imes-g1/install/g1_platform/include/dds/ddsi/ddsi_vnet.h
-- Symlinking: /home/unitree/imes-g1/install/g1_platform/include/dds/ddsi/ddsi_wraddrset.h
-- Symlinking: /home/unitree/imes-g1/install/g1_platform/include/dds/ddsi/ddsi_xqos.h
-- Symlinking: /home/unitree/imes-g1/install/g1_platform/include/dds/ddsi/ddsi_xt_impl.h
-- Symlinking: /home/unitree/imes-g1/install/g1_platform/include/dds/ddsi/ddsi_xt_typeinfo.h
-- Symlinking: /home/unitree/imes-g1/install/g1_platform/include/dds/ddsi/ddsi_xt_typeinfo.idl
-- Symlinking: /home/unitree/imes-g1/install/g1_platform/include/dds/ddsi/ddsi_xt_typelookup.h
-- Symlinking: /home/unitree/imes-g1/install/g1_platform/include/dds/ddsi/ddsi_xt_typelookup.idl
-- Symlinking: /home/unitree/imes-g1/install/g1_platform/include/dds/ddsi/ddsi_xt_typemap.h
-- Symlinking: /home/unitree/imes-g1/install/g1_platform/include/dds/ddsi/ddsi_xt_typemap.idl
-- Symlinking: /home/unitree/imes-g1/install/g1_platform/include/dds/ddsi/q_addrset.h
-- Symlinking: /home/unitree/imes-g1/install/g1_platform/include/dds/ddsi/q_bitset.h
-- Symlinking: /home/unitree/imes-g1/install/g1_platform/include/dds/ddsi/q_bswap.h
-- Symlinking: /home/unitree/imes-g1/install/g1_platform/include/dds/ddsi/q_ddsi_discovery.h
-- Symlinking: /home/unitree/imes-g1/install/g1_platform/include/dds/ddsi/q_debmon.h
-- Symlinking: /home/unitree/imes-g1/install/g1_platform/include/dds/ddsi/q_feature_check.h
-- Symlinking: /home/unitree/imes-g1/install/g1_platform/include/dds/ddsi/q_freelist.h
-- Symlinking: /home/unitree/imes-g1/install/g1_platform/include/dds/ddsi/q_gc.h
-- Symlinking: /home/unitree/imes-g1/install/g1_platform/include/dds/ddsi/q_hbcontrol.h
-- Symlinking: /home/unitree/imes-g1/install/g1_platform/include/dds/ddsi/q_init.h
-- Symlinking: /home/unitree/imes-g1/install/g1_platform/include/dds/ddsi/q_inverse_uint32_set.h
-- Symlinking: /home/unitree/imes-g1/install/g1_platform/include/dds/ddsi/q_lat_estim.h
-- Symlinking: /home/unitree/imes-g1/install/g1_platform/include/dds/ddsi/q_lease.h
-- Symlinking: /home/unitree/imes-g1/install/g1_platform/include/dds/ddsi/q_log.h
-- Symlinking: /home/unitree/imes-g1/install/g1_platform/include/dds/ddsi/q_misc.h
-- Symlinking: /home/unitree/imes-g1/install/g1_platform/include/dds/ddsi/q_pcap.h
-- Symlinking: /home/unitree/imes-g1/install/g1_platform/include/dds/ddsi/q_protocol.h
-- Symlinking: /home/unitree/imes-g1/install/g1_platform/include/dds/ddsi/q_qosmatch.h
-- Symlinking: /home/unitree/imes-g1/install/g1_platform/include/dds/ddsi/q_radmin.h
-- Symlinking: /home/unitree/imes-g1/install/g1_platform/include/dds/ddsi/q_receive.h
-- Symlinking: /home/unitree/imes-g1/install/g1_platform/include/dds/ddsi/q_rtps.h
-- Symlinking: /home/unitree/imes-g1/install/g1_platform/include/dds/ddsi/q_sockwaitset.h
-- Symlinking: /home/unitree/imes-g1/install/g1_platform/include/dds/ddsi/q_thread.h
-- Symlinking: /home/unitree/imes-g1/install/g1_platform/include/dds/ddsi/q_transmit.h
-- Symlinking: /home/unitree/imes-g1/install/g1_platform/include/dds/ddsi/q_unused.h
-- Symlinking: /home/unitree/imes-g1/install/g1_platform/include/dds/ddsi/q_whc.h
-- Symlinking: /home/unitree/imes-g1/install/g1_platform/include/dds/ddsi/q_xevent.h
-- Symlinking: /home/unitree/imes-g1/install/g1_platform/include/dds/ddsi/q_xmsg.h
-- Symlinking: /home/unitree/imes-g1/install/g1_platform/include/dds/ddsi/sysdeps.h
-- Symlinking: /home/unitree/imes-g1/install/g1_platform/include/dds/ddsrt/align.h
-- Symlinking: /home/unitree/imes-g1/install/g1_platform/include/dds/ddsrt/arch.h
-- Symlinking: /home/unitree/imes-g1/install/g1_platform/include/dds/ddsrt/atomics.h
-- Symlinking: /home/unitree/imes-g1/install/g1_platform/include/dds/ddsrt/atomics/arm.h
-- Symlinking: /home/unitree/imes-g1/install/g1_platform/include/dds/ddsrt/atomics/gcc.h
-- Symlinking: /home/unitree/imes-g1/install/g1_platform/include/dds/ddsrt/atomics/msvc.h
-- Symlinking: /home/unitree/imes-g1/install/g1_platform/include/dds/ddsrt/atomics/sun.h
-- Symlinking: /home/unitree/imes-g1/install/g1_platform/include/dds/ddsrt/attributes.h
-- Symlinking: /home/unitree/imes-g1/install/g1_platform/include/dds/ddsrt/avl.h
-- Symlinking: /home/unitree/imes-g1/install/g1_platform/include/dds/ddsrt/bswap.h
-- Symlinking: /home/unitree/imes-g1/install/g1_platform/include/dds/ddsrt/cdtors.h
-- Symlinking: /home/unitree/imes-g1/install/g1_platform/include/dds/ddsrt/circlist.h
-- Symlinking: /home/unitree/imes-g1/install/g1_platform/include/dds/ddsrt/countargs.h
-- Symlinking: /home/unitree/imes-g1/install/g1_platform/include/dds/ddsrt/dynlib.h
-- Symlinking: /home/unitree/imes-g1/install/g1_platform/include/dds/ddsrt/endian.h
-- Symlinking: /home/unitree/imes-g1/install/g1_platform/include/dds/ddsrt/environ.h
-- Symlinking: /home/unitree/imes-g1/install/g1_platform/include/dds/ddsrt/expand_vars.h
-- Symlinking: /home/unitree/imes-g1/install/g1_platform/include/dds/ddsrt/fibheap.h
-- Symlinking: /home/unitree/imes-g1/install/g1_platform/include/dds/ddsrt/filesystem.h
-- Symlinking: /home/unitree/imes-g1/install/g1_platform/include/dds/ddsrt/filesystem/posix.h
-- Symlinking: /home/unitree/imes-g1/install/g1_platform/include/dds/ddsrt/filesystem/windows.h
-- Symlinking: /home/unitree/imes-g1/install/g1_platform/include/dds/ddsrt/heap.h
-- Symlinking: /home/unitree/imes-g1/install/g1_platform/include/dds/ddsrt/hopscotch.h
-- Symlinking: /home/unitree/imes-g1/install/g1_platform/include/dds/ddsrt/ifaddrs.h
-- Symlinking: /home/unitree/imes-g1/install/g1_platform/include/dds/ddsrt/io.h
-- Symlinking: /home/unitree/imes-g1/install/g1_platform/include/dds/ddsrt/iovec.h
-- Symlinking: /home/unitree/imes-g1/install/g1_platform/include/dds/ddsrt/log.h
-- Symlinking: /home/unitree/imes-g1/install/g1_platform/include/dds/ddsrt/md5.h
-- Symlinking: /home/unitree/imes-g1/install/g1_platform/include/dds/ddsrt/mh3.h
-- Symlinking: /home/unitree/imes-g1/install/g1_platform/include/dds/ddsrt/misc.h
-- Symlinking: /home/unitree/imes-g1/install/g1_platform/include/dds/ddsrt/netstat.h
-- Symlinking: /home/unitree/imes-g1/install/g1_platform/include/dds/ddsrt/process.h
-- Symlinking: /home/unitree/imes-g1/install/g1_platform/include/dds/ddsrt/random.h
-- Symlinking: /home/unitree/imes-g1/install/g1_platform/include/dds/ddsrt/retcode.h
-- Symlinking: /home/unitree/imes-g1/install/g1_platform/include/dds/ddsrt/rusage.h
-- Symlinking: /home/unitree/imes-g1/install/g1_platform/include/dds/ddsrt/sched.h
-- Symlinking: /home/unitree/imes-g1/install/g1_platform/include/dds/ddsrt/sockets.h
-- Symlinking: /home/unitree/imes-g1/install/g1_platform/include/dds/ddsrt/sockets/posix.h
-- Symlinking: /home/unitree/imes-g1/install/g1_platform/include/dds/ddsrt/sockets/windows.h
-- Symlinking: /home/unitree/imes-g1/install/g1_platform/include/dds/ddsrt/static_assert.h
-- Symlinking: /home/unitree/imes-g1/install/g1_platform/include/dds/ddsrt/string.h
-- Symlinking: /home/unitree/imes-g1/install/g1_platform/include/dds/ddsrt/strtod.h
-- Symlinking: /home/unitree/imes-g1/install/g1_platform/include/dds/ddsrt/strtol.h
-- Symlinking: /home/unitree/imes-g1/install/g1_platform/include/dds/ddsrt/sync.h
-- Symlinking: /home/unitree/imes-g1/install/g1_platform/include/dds/ddsrt/sync/freertos.h
-- Symlinking: /home/unitree/imes-g1/install/g1_platform/include/dds/ddsrt/sync/posix.h
-- Symlinking: /home/unitree/imes-g1/install/g1_platform/include/dds/ddsrt/sync/windows.h
-- Symlinking: /home/unitree/imes-g1/install/g1_platform/include/dds/ddsrt/threads.h
-- Symlinking: /home/unitree/imes-g1/install/g1_platform/include/dds/ddsrt/threads/freertos.h
-- Symlinking: /home/unitree/imes-g1/install/g1_platform/include/dds/ddsrt/threads/posix.h
-- Symlinking: /home/unitree/imes-g1/install/g1_platform/include/dds/ddsrt/threads/windows.h
-- Symlinking: /home/unitree/imes-g1/install/g1_platform/include/dds/ddsrt/time.h
-- Symlinking: /home/unitree/imes-g1/install/g1_platform/include/dds/ddsrt/time/freertos.h
-- Symlinking: /home/unitree/imes-g1/install/g1_platform/include/dds/ddsrt/types.h
-- Symlinking: /home/unitree/imes-g1/install/g1_platform/include/dds/ddsrt/types/posix.h
-- Symlinking: /home/unitree/imes-g1/install/g1_platform/include/dds/ddsrt/types/vxworks.h
-- Symlinking: /home/unitree/imes-g1/install/g1_platform/include/dds/ddsrt/types/windows.h
-- Symlinking: /home/unitree/imes-g1/install/g1_platform/include/dds/ddsrt/xmlparser.h
-- Symlinking: /home/unitree/imes-g1/install/g1_platform/include/dds/export.h
-- Symlinking: /home/unitree/imes-g1/install/g1_platform/include/dds/features.h
-- Symlinking: /home/unitree/imes-g1/install/g1_platform/include/dds/version.h
-- Symlinking: /home/unitree/imes-g1/install/g1_platform/include/ddsc/dds.h
-- Symlinking: /home/unitree/imes-g1/install/g1_platform/include/ddscxx/dds/LICENSE
-- Symlinking: /home/unitree/imes-g1/install/g1_platform/include/ddscxx/dds/core/BuiltinTopicTypes.hpp
-- Symlinking: /home/unitree/imes-g1/install/g1_platform/include/ddscxx/dds/core/Duration.hpp
-- Symlinking: /home/unitree/imes-g1/install/g1_platform/include/ddscxx/dds/core/Entity.hpp
-- Symlinking: /home/unitree/imes-g1/install/g1_platform/include/ddscxx/dds/core/Exception.hpp
-- Symlinking: /home/unitree/imes-g1/install/g1_platform/include/ddscxx/dds/core/External.hpp
-- Symlinking: /home/unitree/imes-g1/install/g1_platform/include/ddscxx/dds/core/InstanceHandle.hpp
-- Symlinking: /home/unitree/imes-g1/install/g1_platform/include/ddscxx/dds/core/LengthUnlimited.hpp
-- Symlinking: /home/unitree/imes-g1/install/g1_platform/include/ddscxx/dds/core/Optional.hpp
-- Symlinking: /home/unitree/imes-g1/install/g1_platform/include/ddscxx/dds/core/QosProvider.hpp
-- Symlinking: /home/unitree/imes-g1/install/g1_platform/include/ddscxx/dds/core/Reference.hpp
-- Symlinking: /home/unitree/imes-g1/install/g1_platform/include/ddscxx/dds/core/SafeEnumeration.hpp
-- Symlinking: /home/unitree/imes-g1/install/g1_platform/include/ddscxx/dds/core/TBuiltinTopicTypes.hpp
-- Symlinking: /home/unitree/imes-g1/install/g1_platform/include/ddscxx/dds/core/TEntity.hpp
-- Symlinking: /home/unitree/imes-g1/install/g1_platform/include/ddscxx/dds/core/TEntityQos.hpp
-- Symlinking: /home/unitree/imes-g1/install/g1_platform/include/ddscxx/dds/core/TInstanceHandle.hpp
-- Symlinking: /home/unitree/imes-g1/install/g1_platform/include/ddscxx/dds/core/TQosProvider.hpp
-- Symlinking: /home/unitree/imes-g1/install/g1_platform/include/ddscxx/dds/core/Time.hpp
-- Symlinking: /home/unitree/imes-g1/install/g1_platform/include/ddscxx/dds/core/Value.hpp
-- Symlinking: /home/unitree/imes-g1/install/g1_platform/include/ddscxx/dds/core/WeakReference.hpp
-- Symlinking: /home/unitree/imes-g1/install/g1_platform/include/ddscxx/dds/core/array.hpp
-- Symlinking: /home/unitree/imes-g1/install/g1_platform/include/ddscxx/dds/core/cond/Condition.hpp
-- Symlinking: /home/unitree/imes-g1/install/g1_platform/include/ddscxx/dds/core/cond/GuardCondition.hpp
-- Symlinking: /home/unitree/imes-g1/install/g1_platform/include/ddscxx/dds/core/cond/StatusCondition.hpp
-- Symlinking: /home/unitree/imes-g1/install/g1_platform/include/ddscxx/dds/core/cond/TCondition.hpp
-- Symlinking: /home/unitree/imes-g1/install/g1_platform/include/ddscxx/dds/core/cond/TGuardCondition.hpp
-- Symlinking: /home/unitree/imes-g1/install/g1_platform/include/ddscxx/dds/core/cond/TStatusCondition.hpp
-- Symlinking: /home/unitree/imes-g1/install/g1_platform/include/ddscxx/dds/core/cond/TWaitSet.hpp
-- Symlinking: /home/unitree/imes-g1/install/g1_platform/include/ddscxx/dds/core/cond/WaitSet.hpp
-- Symlinking: /home/unitree/imes-g1/install/g1_platform/include/ddscxx/dds/core/cond/detail/Condition.hpp
-- Symlinking: /home/unitree/imes-g1/install/g1_platform/include/ddscxx/dds/core/cond/detail/GuardCondition.hpp
-- Symlinking: /home/unitree/imes-g1/install/g1_platform/include/ddscxx/dds/core/cond/detail/StatusCondition.hpp
-- Symlinking: /home/unitree/imes-g1/install/g1_platform/include/ddscxx/dds/core/cond/detail/TConditionImpl.hpp
-- Symlinking: /home/unitree/imes-g1/install/g1_platform/include/ddscxx/dds/core/cond/detail/TGuardConditionImpl.hpp
-- Symlinking: /home/unitree/imes-g1/install/g1_platform/include/ddscxx/dds/core/cond/detail/TStatusConditionImpl.hpp
-- Symlinking: /home/unitree/imes-g1/install/g1_platform/include/ddscxx/dds/core/cond/detail/TWaitSetImpl.hpp
-- Symlinking: /home/unitree/imes-g1/install/g1_platform/include/ddscxx/dds/core/cond/detail/WaitSet.hpp
-- Symlinking: /home/unitree/imes-g1/install/g1_platform/include/ddscxx/dds/core/conformance.hpp
-- Symlinking: /home/unitree/imes-g1/install/g1_platform/include/ddscxx/dds/core/ddscore.hpp
-- Symlinking: /home/unitree/imes-g1/install/g1_platform/include/ddscxx/dds/core/detail/BuiltinTopicTypes.hpp
-- Symlinking: /home/unitree/imes-g1/install/g1_platform/include/ddscxx/dds/core/detail/Entity.hpp
-- Symlinking: /home/unitree/imes-g1/install/g1_platform/include/ddscxx/dds/core/detail/InstanceHandle.hpp
-- Symlinking: /home/unitree/imes-g1/install/g1_platform/include/ddscxx/dds/core/detail/QosProvider.hpp
-- Symlinking: /home/unitree/imes-g1/install/g1_platform/include/ddscxx/dds/core/detail/ReferenceImpl.hpp
-- Symlinking: /home/unitree/imes-g1/install/g1_platform/include/ddscxx/dds/core/detail/TEntityImpl.hpp
-- Symlinking: /home/unitree/imes-g1/install/g1_platform/include/ddscxx/dds/core/detail/TEntityQosImpl.hpp
-- Symlinking: /home/unitree/imes-g1/install/g1_platform/include/ddscxx/dds/core/detail/TInstanceHandleImpl.hpp
-- Symlinking: /home/unitree/imes-g1/install/g1_platform/include/ddscxx/dds/core/detail/TQosProviderImpl.hpp
-- Symlinking: /home/unitree/imes-g1/install/g1_platform/include/ddscxx/dds/core/detail/Value.hpp
-- Symlinking: /home/unitree/imes-g1/install/g1_platform/include/ddscxx/dds/core/detail/WeakReferenceImpl.hpp
-- Symlinking: /home/unitree/imes-g1/install/g1_platform/include/ddscxx/dds/core/detail/array.hpp
-- Symlinking: /home/unitree/imes-g1/install/g1_platform/include/ddscxx/dds/core/detail/conformance.hpp
-- Symlinking: /home/unitree/imes-g1/install/g1_platform/include/ddscxx/dds/core/detail/ddscore.hpp
-- Symlinking: /home/unitree/imes-g1/install/g1_platform/include/ddscxx/dds/core/detail/export.hpp
-- Symlinking: /home/unitree/imes-g1/install/g1_platform/include/ddscxx/dds/core/detail/inttypes.hpp
-- Symlinking: /home/unitree/imes-g1/install/g1_platform/include/ddscxx/dds/core/detail/macros.hpp
-- Symlinking: /home/unitree/imes-g1/install/g1_platform/include/ddscxx/dds/core/detail/module_docs.hpp
-- Symlinking: /home/unitree/imes-g1/install/g1_platform/include/ddscxx/dds/core/detail/old_win_stdint.h
-- Symlinking: /home/unitree/imes-g1/install/g1_platform/include/ddscxx/dds/core/detail/ref_traits.hpp
-- Symlinking: /home/unitree/imes-g1/install/g1_platform/include/ddscxx/dds/core/macros.hpp
-- Symlinking: /home/unitree/imes-g1/install/g1_platform/include/ddscxx/dds/core/policy/CorePolicy.hpp
-- Symlinking: /home/unitree/imes-g1/install/g1_platform/include/ddscxx/dds/core/policy/PolicyKind.hpp
-- Symlinking: /home/unitree/imes-g1/install/g1_platform/include/ddscxx/dds/core/policy/QosPolicyCount.hpp
-- Symlinking: /home/unitree/imes-g1/install/g1_platform/include/ddscxx/dds/core/policy/TCorePolicy.hpp
-- Symlinking: /home/unitree/imes-g1/install/g1_platform/include/ddscxx/dds/core/policy/TQosPolicyCount.hpp
-- Symlinking: /home/unitree/imes-g1/install/g1_platform/include/ddscxx/dds/core/policy/detail/CorePolicy.hpp
-- Symlinking: /home/unitree/imes-g1/install/g1_platform/include/ddscxx/dds/core/policy/detail/QosPolicyCount.hpp
-- Symlinking: /home/unitree/imes-g1/install/g1_platform/include/ddscxx/dds/core/policy/detail/TCorePolicyImpl.hpp
-- Symlinking: /home/unitree/imes-g1/install/g1_platform/include/ddscxx/dds/core/policy/detail/TQosPolicyCountImpl.hpp
-- Symlinking: /home/unitree/imes-g1/install/g1_platform/include/ddscxx/dds/core/ref_traits.hpp
-- Symlinking: /home/unitree/imes-g1/install/g1_platform/include/ddscxx/dds/core/refmacros.hpp
-- Symlinking: /home/unitree/imes-g1/install/g1_platform/include/ddscxx/dds/core/status/State.hpp
-- Symlinking: /home/unitree/imes-g1/install/g1_platform/include/ddscxx/dds/core/status/Status.hpp
-- Symlinking: /home/unitree/imes-g1/install/g1_platform/include/ddscxx/dds/core/status/TStatus.hpp
-- Symlinking: /home/unitree/imes-g1/install/g1_platform/include/ddscxx/dds/core/status/detail/Status.hpp
-- Symlinking: /home/unitree/imes-g1/install/g1_platform/include/ddscxx/dds/core/status/detail/TStatusImpl.hpp
-- Symlinking: /home/unitree/imes-g1/install/g1_platform/include/ddscxx/dds/core/types.hpp
-- Symlinking: /home/unitree/imes-g1/install/g1_platform/include/ddscxx/dds/core/xtypes/Annotations.hpp
-- Symlinking: /home/unitree/imes-g1/install/g1_platform/include/ddscxx/dds/core/xtypes/CollectionTypes.hpp
-- Symlinking: /home/unitree/imes-g1/install/g1_platform/include/ddscxx/dds/core/xtypes/DynamicData.hpp
-- Symlinking: /home/unitree/imes-g1/install/g1_platform/include/ddscxx/dds/core/xtypes/DynamicType.hpp
-- Symlinking: /home/unitree/imes-g1/install/g1_platform/include/ddscxx/dds/core/xtypes/MemberType.hpp
-- Symlinking: /home/unitree/imes-g1/install/g1_platform/include/ddscxx/dds/core/xtypes/PrimitiveTypes.hpp
-- Symlinking: /home/unitree/imes-g1/install/g1_platform/include/ddscxx/dds/core/xtypes/StructType.hpp
-- Symlinking: /home/unitree/imes-g1/install/g1_platform/include/ddscxx/dds/core/xtypes/TAnnotation.hpp
-- Symlinking: /home/unitree/imes-g1/install/g1_platform/include/ddscxx/dds/core/xtypes/TCollectionTypes.hpp
-- Symlinking: /home/unitree/imes-g1/install/g1_platform/include/ddscxx/dds/core/xtypes/TDynamicData.hpp
-- Symlinking: /home/unitree/imes-g1/install/g1_platform/include/ddscxx/dds/core/xtypes/TDynamicType.hpp
-- Symlinking: /home/unitree/imes-g1/install/g1_platform/include/ddscxx/dds/core/xtypes/TMemberType.hpp
-- Symlinking: /home/unitree/imes-g1/install/g1_platform/include/ddscxx/dds/core/xtypes/TStructType.hpp
-- Symlinking: /home/unitree/imes-g1/install/g1_platform/include/ddscxx/dds/core/xtypes/TTypeProvider.hpp
-- Symlinking: /home/unitree/imes-g1/install/g1_platform/include/ddscxx/dds/core/xtypes/TypeKind.hpp
-- Symlinking: /home/unitree/imes-g1/install/g1_platform/include/ddscxx/dds/core/xtypes/TypeProvider.hpp
-- Symlinking: /home/unitree/imes-g1/install/g1_platform/include/ddscxx/dds/core/xtypes/UnionCase.hpp
-- Symlinking: /home/unitree/imes-g1/install/g1_platform/include/ddscxx/dds/core/xtypes/UnionType.hpp
-- Symlinking: /home/unitree/imes-g1/install/g1_platform/include/ddscxx/dds/core/xtypes/detail/Annotation.hpp
-- Symlinking: /home/unitree/imes-g1/install/g1_platform/include/ddscxx/dds/core/xtypes/detail/CollectionTypes.hpp
-- Symlinking: /home/unitree/imes-g1/install/g1_platform/include/ddscxx/dds/core/xtypes/detail/DynamicData.hpp
-- Symlinking: /home/unitree/imes-g1/install/g1_platform/include/ddscxx/dds/core/xtypes/detail/DynamicType.hpp
-- Symlinking: /home/unitree/imes-g1/install/g1_platform/include/ddscxx/dds/core/xtypes/detail/MemberType.hpp
-- Symlinking: /home/unitree/imes-g1/install/g1_platform/include/ddscxx/dds/core/xtypes/detail/PrimitiveTypes.hpp
-- Symlinking: /home/unitree/imes-g1/install/g1_platform/include/ddscxx/dds/core/xtypes/detail/StructType.hpp
-- Symlinking: /home/unitree/imes-g1/install/g1_platform/include/ddscxx/dds/core/xtypes/detail/TypeProvider.hpp
-- Symlinking: /home/unitree/imes-g1/install/g1_platform/include/ddscxx/dds/core/xtypes/detail/UnionCase.hpp
-- Symlinking: /home/unitree/imes-g1/install/g1_platform/include/ddscxx/dds/core/xtypes/detail/UnionType.hpp
-- Symlinking: /home/unitree/imes-g1/install/g1_platform/include/ddscxx/dds/dds.hpp
-- Symlinking: /home/unitree/imes-g1/install/g1_platform/include/ddscxx/dds/domain/DomainParticipant.hpp
-- Symlinking: /home/unitree/imes-g1/install/g1_platform/include/ddscxx/dds/domain/DomainParticipantListener.hpp
-- Symlinking: /home/unitree/imes-g1/install/g1_platform/include/ddscxx/dds/domain/TDomainParticipant.hpp
-- Symlinking: /home/unitree/imes-g1/install/g1_platform/include/ddscxx/dds/domain/ddsdomain.hpp
-- Symlinking: /home/unitree/imes-g1/install/g1_platform/include/ddscxx/dds/domain/detail/DomainParticipant.hpp
-- Symlinking: /home/unitree/imes-g1/install/g1_platform/include/ddscxx/dds/domain/detail/TDomainParticipantImpl.hpp
-- Symlinking: /home/unitree/imes-g1/install/g1_platform/include/ddscxx/dds/domain/detail/ddsdomain.hpp
-- Symlinking: /home/unitree/imes-g1/install/g1_platform/include/ddscxx/dds/domain/discovery.hpp
-- Symlinking: /home/unitree/imes-g1/install/g1_platform/include/ddscxx/dds/domain/find.hpp
-- Symlinking: /home/unitree/imes-g1/install/g1_platform/include/ddscxx/dds/domain/qos/DomainParticipantQos.hpp
-- Symlinking: /home/unitree/imes-g1/install/g1_platform/include/ddscxx/dds/domain/qos/detail/DomainParticipantQos.hpp
-- Symlinking: /home/unitree/imes-g1/install/g1_platform/include/ddscxx/dds/features.hpp
-- Symlinking: /home/unitree/imes-g1/install/g1_platform/include/ddscxx/dds/pub/AnyDataWriter.hpp
-- Symlinking: /home/unitree/imes-g1/install/g1_platform/include/ddscxx/dds/pub/AnyDataWriterListener.hpp
-- Symlinking: /home/unitree/imes-g1/install/g1_platform/include/ddscxx/dds/pub/CoherentSet.hpp
-- Symlinking: /home/unitree/imes-g1/install/g1_platform/include/ddscxx/dds/pub/DataWriter.hpp
-- Symlinking: /home/unitree/imes-g1/install/g1_platform/include/ddscxx/dds/pub/DataWriterListener.hpp
-- Symlinking: /home/unitree/imes-g1/install/g1_platform/include/ddscxx/dds/pub/Publisher.hpp
-- Symlinking: /home/unitree/imes-g1/install/g1_platform/include/ddscxx/dds/pub/PublisherListener.hpp
-- Symlinking: /home/unitree/imes-g1/install/g1_platform/include/ddscxx/dds/pub/SuspendedPublication.hpp
-- Symlinking: /home/unitree/imes-g1/install/g1_platform/include/ddscxx/dds/pub/TAnyDataWriter.hpp
-- Symlinking: /home/unitree/imes-g1/install/g1_platform/include/ddscxx/dds/pub/TCoherentSet.hpp
-- Symlinking: /home/unitree/imes-g1/install/g1_platform/include/ddscxx/dds/pub/TPublisher.hpp
-- Symlinking: /home/unitree/imes-g1/install/g1_platform/include/ddscxx/dds/pub/TSuspendedPublication.hpp
-- Symlinking: /home/unitree/imes-g1/install/g1_platform/include/ddscxx/dds/pub/ddspub.hpp
-- Symlinking: /home/unitree/imes-g1/install/g1_platform/include/ddscxx/dds/pub/detail/AnyDataWriter.hpp
-- Symlinking: /home/unitree/imes-g1/install/g1_platform/include/ddscxx/dds/pub/detail/CoherentSet.hpp
-- Symlinking: /home/unitree/imes-g1/install/g1_platform/include/ddscxx/dds/pub/detail/DataWriter.hpp
-- Symlinking: /home/unitree/imes-g1/install/g1_platform/include/ddscxx/dds/pub/detail/DataWriterImpl.hpp
-- Symlinking: /home/unitree/imes-g1/install/g1_platform/include/ddscxx/dds/pub/detail/Publisher.hpp
-- Symlinking: /home/unitree/imes-g1/install/g1_platform/include/ddscxx/dds/pub/detail/SuspendedPublication.hpp
-- Symlinking: /home/unitree/imes-g1/install/g1_platform/include/ddscxx/dds/pub/detail/TAnyDataWriterImpl.hpp
-- Symlinking: /home/unitree/imes-g1/install/g1_platform/include/ddscxx/dds/pub/detail/TCoherentSetImpl.hpp
-- Symlinking: /home/unitree/imes-g1/install/g1_platform/include/ddscxx/dds/pub/detail/TPublisherImpl.hpp
-- Symlinking: /home/unitree/imes-g1/install/g1_platform/include/ddscxx/dds/pub/detail/TSuspendedPublicationImpl.hpp
-- Symlinking: /home/unitree/imes-g1/install/g1_platform/include/ddscxx/dds/pub/detail/ddspub.hpp
-- Symlinking: /home/unitree/imes-g1/install/g1_platform/include/ddscxx/dds/pub/detail/discovery.hpp
-- Symlinking: /home/unitree/imes-g1/install/g1_platform/include/ddscxx/dds/pub/detail/find.hpp
-- Symlinking: /home/unitree/imes-g1/install/g1_platform/include/ddscxx/dds/pub/discovery.hpp
-- Symlinking: /home/unitree/imes-g1/install/g1_platform/include/ddscxx/dds/pub/find.hpp
-- Symlinking: /home/unitree/imes-g1/install/g1_platform/include/ddscxx/dds/pub/qos/DataWriterQos.hpp
-- Symlinking: /home/unitree/imes-g1/install/g1_platform/include/ddscxx/dds/pub/qos/PublisherQos.hpp
-- Symlinking: /home/unitree/imes-g1/install/g1_platform/include/ddscxx/dds/pub/qos/detail/DataWriterQos.hpp
-- Symlinking: /home/unitree/imes-g1/install/g1_platform/include/ddscxx/dds/pub/qos/detail/PublisherQos.hpp
-- Symlinking: /home/unitree/imes-g1/install/g1_platform/include/ddscxx/dds/sub/AnyDataReader.hpp
-- Symlinking: /home/unitree/imes-g1/install/g1_platform/include/ddscxx/dds/sub/AnyDataReaderListener.hpp
-- Symlinking: /home/unitree/imes-g1/install/g1_platform/include/ddscxx/dds/sub/CoherentAccess.hpp
-- Symlinking: /home/unitree/imes-g1/install/g1_platform/include/ddscxx/dds/sub/DataReader.hpp
-- Symlinking: /home/unitree/imes-g1/install/g1_platform/include/ddscxx/dds/sub/DataReaderListener.hpp
-- Symlinking: /home/unitree/imes-g1/install/g1_platform/include/ddscxx/dds/sub/GenerationCount.hpp
-- Symlinking: /home/unitree/imes-g1/install/g1_platform/include/ddscxx/dds/sub/LoanedSamples.hpp
-- Symlinking: /home/unitree/imes-g1/install/g1_platform/include/ddscxx/dds/sub/Query.hpp
-- Symlinking: /home/unitree/imes-g1/install/g1_platform/include/ddscxx/dds/sub/Rank.hpp
-- Symlinking: /home/unitree/imes-g1/install/g1_platform/include/ddscxx/dds/sub/Sample.hpp
-- Symlinking: /home/unitree/imes-g1/install/g1_platform/include/ddscxx/dds/sub/SampleInfo.hpp
-- Symlinking: /home/unitree/imes-g1/install/g1_platform/include/ddscxx/dds/sub/SampleRef.hpp
-- Symlinking: /home/unitree/imes-g1/install/g1_platform/include/ddscxx/dds/sub/SharedSamples.hpp
-- Symlinking: /home/unitree/imes-g1/install/g1_platform/include/ddscxx/dds/sub/Subscriber.hpp
-- Symlinking: /home/unitree/imes-g1/install/g1_platform/include/ddscxx/dds/sub/SubscriberListener.hpp
-- Symlinking: /home/unitree/imes-g1/install/g1_platform/include/ddscxx/dds/sub/TAnyDataReader.hpp
-- Symlinking: /home/unitree/imes-g1/install/g1_platform/include/ddscxx/dds/sub/TCoherentAccess.hpp
-- Symlinking: /home/unitree/imes-g1/install/g1_platform/include/ddscxx/dds/sub/TDataReader.hpp
-- Symlinking: /home/unitree/imes-g1/install/g1_platform/include/ddscxx/dds/sub/TGenerationCount.hpp
-- Symlinking: /home/unitree/imes-g1/install/g1_platform/include/ddscxx/dds/sub/TQuery.hpp
-- Symlinking: /home/unitree/imes-g1/install/g1_platform/include/ddscxx/dds/sub/TRank.hpp
-- Symlinking: /home/unitree/imes-g1/install/g1_platform/include/ddscxx/dds/sub/TSample.hpp
-- Symlinking: /home/unitree/imes-g1/install/g1_platform/include/ddscxx/dds/sub/TSampleInfo.hpp
-- Symlinking: /home/unitree/imes-g1/install/g1_platform/include/ddscxx/dds/sub/TSampleRef.hpp
-- Symlinking: /home/unitree/imes-g1/install/g1_platform/include/ddscxx/dds/sub/TSubscriber.hpp
-- Symlinking: /home/unitree/imes-g1/install/g1_platform/include/ddscxx/dds/sub/cond/QueryCondition.hpp
-- Symlinking: /home/unitree/imes-g1/install/g1_platform/include/ddscxx/dds/sub/cond/ReadCondition.hpp
-- Symlinking: /home/unitree/imes-g1/install/g1_platform/include/ddscxx/dds/sub/cond/TQueryCondition.hpp
-- Symlinking: /home/unitree/imes-g1/install/g1_platform/include/ddscxx/dds/sub/cond/TReadCondition.hpp
-- Symlinking: /home/unitree/imes-g1/install/g1_platform/include/ddscxx/dds/sub/cond/detail/QueryCondition.hpp
-- Symlinking: /home/unitree/imes-g1/install/g1_platform/include/ddscxx/dds/sub/cond/detail/ReadCondition.hpp
-- Symlinking: /home/unitree/imes-g1/install/g1_platform/include/ddscxx/dds/sub/cond/detail/TQueryConditionImpl.hpp
-- Symlinking: /home/unitree/imes-g1/install/g1_platform/include/ddscxx/dds/sub/cond/detail/TReadConditionImpl.hpp
-- Symlinking: /home/unitree/imes-g1/install/g1_platform/include/ddscxx/dds/sub/ddssub.hpp
-- Symlinking: /home/unitree/imes-g1/install/g1_platform/include/ddscxx/dds/sub/detail/AnyDataReader.hpp
-- Symlinking: /home/unitree/imes-g1/install/g1_platform/include/ddscxx/dds/sub/detail/CoherentAccess.hpp
-- Symlinking: /home/unitree/imes-g1/install/g1_platform/include/ddscxx/dds/sub/detail/DataReader.hpp
-- Symlinking: /home/unitree/imes-g1/install/g1_platform/include/ddscxx/dds/sub/detail/GenerationCount.hpp
-- Symlinking: /home/unitree/imes-g1/install/g1_platform/include/ddscxx/dds/sub/detail/LoanedSamples.hpp
-- Symlinking: /home/unitree/imes-g1/install/g1_platform/include/ddscxx/dds/sub/detail/LoanedSamplesImpl.hpp
-- Symlinking: /home/unitree/imes-g1/install/g1_platform/include/ddscxx/dds/sub/detail/Manipulators.hpp
-- Symlinking: /home/unitree/imes-g1/install/g1_platform/include/ddscxx/dds/sub/detail/Query.hpp
-- Symlinking: /home/unitree/imes-g1/install/g1_platform/include/ddscxx/dds/sub/detail/Rank.hpp
-- Symlinking: /home/unitree/imes-g1/install/g1_platform/include/ddscxx/dds/sub/detail/Sample.hpp
-- Symlinking: /home/unitree/imes-g1/install/g1_platform/include/ddscxx/dds/sub/detail/SampleInfo.hpp
-- Symlinking: /home/unitree/imes-g1/install/g1_platform/include/ddscxx/dds/sub/detail/SampleRef.hpp
-- Symlinking: /home/unitree/imes-g1/install/g1_platform/include/ddscxx/dds/sub/detail/SamplesHolder.hpp
-- Symlinking: /home/unitree/imes-g1/install/g1_platform/include/ddscxx/dds/sub/detail/SharedSamples.hpp
-- Symlinking: /home/unitree/imes-g1/install/g1_platform/include/ddscxx/dds/sub/detail/SharedSamplesImpl.hpp
-- Symlinking: /home/unitree/imes-g1/install/g1_platform/include/ddscxx/dds/sub/detail/Subscriber.hpp
-- Symlinking: /home/unitree/imes-g1/install/g1_platform/include/ddscxx/dds/sub/detail/TAnyDataReaderImpl.hpp
-- Symlinking: /home/unitree/imes-g1/install/g1_platform/include/ddscxx/dds/sub/detail/TCoherentAccessImpl.hpp
-- Symlinking: /home/unitree/imes-g1/install/g1_platform/include/ddscxx/dds/sub/detail/TDataReaderImpl.hpp
-- Symlinking: /home/unitree/imes-g1/install/g1_platform/include/ddscxx/dds/sub/detail/TGenerationCountImpl.hpp
-- Symlinking: /home/unitree/imes-g1/install/g1_platform/include/ddscxx/dds/sub/detail/TQueryImpl.hpp
-- Symlinking: /home/unitree/imes-g1/install/g1_platform/include/ddscxx/dds/sub/detail/TRankImpl.hpp
-- Symlinking: /home/unitree/imes-g1/install/g1_platform/include/ddscxx/dds/sub/detail/TSampleImpl.hpp
-- Symlinking: /home/unitree/imes-g1/install/g1_platform/include/ddscxx/dds/sub/detail/TSampleInfoImpl.hpp
-- Symlinking: /home/unitree/imes-g1/install/g1_platform/include/ddscxx/dds/sub/detail/TSampleRefImpl.hpp
-- Symlinking: /home/unitree/imes-g1/install/g1_platform/include/ddscxx/dds/sub/detail/TSubscriberImpl.hpp
-- Symlinking: /home/unitree/imes-g1/install/g1_platform/include/ddscxx/dds/sub/detail/ddssub.hpp
-- Symlinking: /home/unitree/imes-g1/install/g1_platform/include/ddscxx/dds/sub/detail/discovery.hpp
-- Symlinking: /home/unitree/imes-g1/install/g1_platform/include/ddscxx/dds/sub/detail/find.hpp
-- Symlinking: /home/unitree/imes-g1/install/g1_platform/include/ddscxx/dds/sub/discovery.hpp
-- Symlinking: /home/unitree/imes-g1/install/g1_platform/include/ddscxx/dds/sub/find.hpp
-- Symlinking: /home/unitree/imes-g1/install/g1_platform/include/ddscxx/dds/sub/qos/DataReaderQos.hpp
-- Symlinking: /home/unitree/imes-g1/install/g1_platform/include/ddscxx/dds/sub/qos/SubscriberQos.hpp
-- Symlinking: /home/unitree/imes-g1/install/g1_platform/include/ddscxx/dds/sub/qos/detail/DataReaderQos.hpp
-- Symlinking: /home/unitree/imes-g1/install/g1_platform/include/ddscxx/dds/sub/qos/detail/SubscriberQos.hpp
-- Symlinking: /home/unitree/imes-g1/install/g1_platform/include/ddscxx/dds/sub/status/DataState.hpp
-- Symlinking: /home/unitree/imes-g1/install/g1_platform/include/ddscxx/dds/sub/status/detail/DataStateImpl.hpp
-- Symlinking: /home/unitree/imes-g1/install/g1_platform/include/ddscxx/dds/topic/AnyTopic.hpp
-- Symlinking: /home/unitree/imes-g1/install/g1_platform/include/ddscxx/dds/topic/AnyTopicListener.hpp
-- Symlinking: /home/unitree/imes-g1/install/g1_platform/include/ddscxx/dds/topic/BuiltinTopic.hpp
-- Symlinking: /home/unitree/imes-g1/install/g1_platform/include/ddscxx/dds/topic/BuiltinTopicKey.hpp
-- Symlinking: /home/unitree/imes-g1/install/g1_platform/include/ddscxx/dds/topic/ContentFilteredTopic.hpp
-- Symlinking: /home/unitree/imes-g1/install/g1_platform/include/ddscxx/dds/topic/Filter.hpp
-- Symlinking: /home/unitree/imes-g1/install/g1_platform/include/ddscxx/dds/topic/MultiTopic.hpp
-- Symlinking: /home/unitree/imes-g1/install/g1_platform/include/ddscxx/dds/topic/TAnyTopic.hpp
-- Symlinking: /home/unitree/imes-g1/install/g1_platform/include/ddscxx/dds/topic/TBuiltinTopic.hpp
-- Symlinking: /home/unitree/imes-g1/install/g1_platform/include/ddscxx/dds/topic/TBuiltinTopicKey.hpp
-- Symlinking: /home/unitree/imes-g1/install/g1_platform/include/ddscxx/dds/topic/TContentFilteredTopic.hpp
-- Symlinking: /home/unitree/imes-g1/install/g1_platform/include/ddscxx/dds/topic/TFilter.hpp
-- Symlinking: /home/unitree/imes-g1/install/g1_platform/include/ddscxx/dds/topic/TMultiTopic.hpp
-- Symlinking: /home/unitree/imes-g1/install/g1_platform/include/ddscxx/dds/topic/TTopic.hpp
-- Symlinking: /home/unitree/imes-g1/install/g1_platform/include/ddscxx/dds/topic/TTopicDescription.hpp
-- Symlinking: /home/unitree/imes-g1/install/g1_platform/include/ddscxx/dds/topic/Topic.hpp
-- Symlinking: /home/unitree/imes-g1/install/g1_platform/include/ddscxx/dds/topic/TopicDescription.hpp
-- Symlinking: /home/unitree/imes-g1/install/g1_platform/include/ddscxx/dds/topic/TopicInstance.hpp
-- Symlinking: /home/unitree/imes-g1/install/g1_platform/include/ddscxx/dds/topic/TopicListener.hpp
-- Symlinking: /home/unitree/imes-g1/install/g1_platform/include/ddscxx/dds/topic/TopicTraits.hpp
-- Symlinking: /home/unitree/imes-g1/install/g1_platform/include/ddscxx/dds/topic/ddstopic.hpp
-- Symlinking: /home/unitree/imes-g1/install/g1_platform/include/ddscxx/dds/topic/detail/AnyTopic.hpp
-- Symlinking: /home/unitree/imes-g1/install/g1_platform/include/ddscxx/dds/topic/detail/BuiltinTopic.hpp
-- Symlinking: /home/unitree/imes-g1/install/g1_platform/include/ddscxx/dds/topic/detail/BuiltinTopicKey.hpp
-- Symlinking: /home/unitree/imes-g1/install/g1_platform/include/ddscxx/dds/topic/detail/ContentFilteredTopic.hpp
-- Symlinking: /home/unitree/imes-g1/install/g1_platform/include/ddscxx/dds/topic/detail/Filter.hpp
-- Symlinking: /home/unitree/imes-g1/install/g1_platform/include/ddscxx/dds/topic/detail/MultiTopic.hpp
-- Symlinking: /home/unitree/imes-g1/install/g1_platform/include/ddscxx/dds/topic/detail/TAnyTopicImpl.hpp
-- Symlinking: /home/unitree/imes-g1/install/g1_platform/include/ddscxx/dds/topic/detail/TBuiltinTopicImpl.hpp
-- Symlinking: /home/unitree/imes-g1/install/g1_platform/include/ddscxx/dds/topic/detail/TBuiltinTopicKeyImpl.hpp
-- Symlinking: /home/unitree/imes-g1/install/g1_platform/include/ddscxx/dds/topic/detail/TContentFilteredTopicImpl.hpp
-- Symlinking: /home/unitree/imes-g1/install/g1_platform/include/ddscxx/dds/topic/detail/TFilterImpl.hpp
-- Symlinking: /home/unitree/imes-g1/install/g1_platform/include/ddscxx/dds/topic/detail/TTopicDescriptionImpl.hpp
-- Symlinking: /home/unitree/imes-g1/install/g1_platform/include/ddscxx/dds/topic/detail/TTopicImpl.hpp
-- Symlinking: /home/unitree/imes-g1/install/g1_platform/include/ddscxx/dds/topic/detail/Topic.hpp
-- Symlinking: /home/unitree/imes-g1/install/g1_platform/include/ddscxx/dds/topic/detail/TopicDescription.hpp
-- Symlinking: /home/unitree/imes-g1/install/g1_platform/include/ddscxx/dds/topic/detail/TopicInstanceImpl.hpp
-- Symlinking: /home/unitree/imes-g1/install/g1_platform/include/ddscxx/dds/topic/detail/ddstopic.hpp
-- Symlinking: /home/unitree/imes-g1/install/g1_platform/include/ddscxx/dds/topic/detail/discovery.hpp
-- Symlinking: /home/unitree/imes-g1/install/g1_platform/include/ddscxx/dds/topic/detail/find.hpp
-- Symlinking: /home/unitree/imes-g1/install/g1_platform/include/ddscxx/dds/topic/discovery.hpp
-- Symlinking: /home/unitree/imes-g1/install/g1_platform/include/ddscxx/dds/topic/find.hpp
-- Symlinking: /home/unitree/imes-g1/install/g1_platform/include/ddscxx/dds/topic/qos/TopicQos.hpp
-- Symlinking: /home/unitree/imes-g1/install/g1_platform/include/ddscxx/dds/topic/qos/detail/TopicQos.hpp
-- Symlinking: /home/unitree/imes-g1/install/g1_platform/include/ddscxx/org/eclipse/cyclonedds/ForwardDeclarations.hpp
-- Symlinking: /home/unitree/imes-g1/install/g1_platform/include/ddscxx/org/eclipse/cyclonedds/core/DDScObjectDelegate.hpp
-- Symlinking: /home/unitree/imes-g1/install/g1_platform/include/ddscxx/org/eclipse/cyclonedds/core/EntityDelegate.hpp
-- Symlinking: /home/unitree/imes-g1/install/g1_platform/include/ddscxx/org/eclipse/cyclonedds/core/EntityRegistry.hpp
-- Symlinking: /home/unitree/imes-g1/install/g1_platform/include/ddscxx/org/eclipse/cyclonedds/core/EntitySet.hpp
-- Symlinking: /home/unitree/imes-g1/install/g1_platform/include/ddscxx/org/eclipse/cyclonedds/core/InstanceHandleDelegate.hpp
-- Symlinking: /home/unitree/imes-g1/install/g1_platform/include/ddscxx/org/eclipse/cyclonedds/core/ListenerDispatcher.hpp
-- Symlinking: /home/unitree/imes-g1/install/g1_platform/include/ddscxx/org/eclipse/cyclonedds/core/MiscUtils.hpp
-- Symlinking: /home/unitree/imes-g1/install/g1_platform/include/ddscxx/org/eclipse/cyclonedds/core/Missing.hpp
-- Symlinking: /home/unitree/imes-g1/install/g1_platform/include/ddscxx/org/eclipse/cyclonedds/core/Mutex.hpp
-- Symlinking: /home/unitree/imes-g1/install/g1_platform/include/ddscxx/org/eclipse/cyclonedds/core/ObjectDelegate.hpp
-- Symlinking: /home/unitree/imes-g1/install/g1_platform/include/ddscxx/org/eclipse/cyclonedds/core/ObjectSet.hpp
-- Symlinking: /home/unitree/imes-g1/install/g1_platform/include/ddscxx/org/eclipse/cyclonedds/core/QosProviderDelegate.hpp
-- Symlinking: /home/unitree/imes-g1/install/g1_platform/include/ddscxx/org/eclipse/cyclonedds/core/ReportUtils.hpp
-- Symlinking: /home/unitree/imes-g1/install/g1_platform/include/ddscxx/org/eclipse/cyclonedds/core/ScopedLock.hpp
-- Symlinking: /home/unitree/imes-g1/install/g1_platform/include/ddscxx/org/eclipse/cyclonedds/core/TimeHelper.hpp
-- Symlinking: /home/unitree/imes-g1/install/g1_platform/include/ddscxx/org/eclipse/cyclonedds/core/WeakReferenceSet.hpp
-- Symlinking: /home/unitree/imes-g1/install/g1_platform/include/ddscxx/org/eclipse/cyclonedds/core/cdr/basic_cdr_ser.hpp
-- Symlinking: /home/unitree/imes-g1/install/g1_platform/include/ddscxx/org/eclipse/cyclonedds/core/cdr/cdr_enums.hpp
-- Symlinking: /home/unitree/imes-g1/install/g1_platform/include/ddscxx/org/eclipse/cyclonedds/core/cdr/cdr_stream.hpp
-- Symlinking: /home/unitree/imes-g1/install/g1_platform/include/ddscxx/org/eclipse/cyclonedds/core/cdr/entity_properties.hpp
-- Symlinking: /home/unitree/imes-g1/install/g1_platform/include/ddscxx/org/eclipse/cyclonedds/core/cdr/extended_cdr_v1_ser.hpp
-- Symlinking: /home/unitree/imes-g1/install/g1_platform/include/ddscxx/org/eclipse/cyclonedds/core/cdr/extended_cdr_v2_ser.hpp
-- Symlinking: /home/unitree/imes-g1/install/g1_platform/include/ddscxx/org/eclipse/cyclonedds/core/cdr/fragchain.hpp
-- Symlinking: /home/unitree/imes-g1/install/g1_platform/include/ddscxx/org/eclipse/cyclonedds/core/cond/ConditionDelegate.hpp
-- Symlinking: /home/unitree/imes-g1/install/g1_platform/include/ddscxx/org/eclipse/cyclonedds/core/cond/FunctorHolder.hpp
-- Symlinking: /home/unitree/imes-g1/install/g1_platform/include/ddscxx/org/eclipse/cyclonedds/core/cond/GuardConditionDelegate.hpp
-- Symlinking: /home/unitree/imes-g1/install/g1_platform/include/ddscxx/org/eclipse/cyclonedds/core/cond/ShadowParticipant.hpp
-- Symlinking: /home/unitree/imes-g1/install/g1_platform/include/ddscxx/org/eclipse/cyclonedds/core/cond/StatusConditionDelegate.hpp
-- Symlinking: /home/unitree/imes-g1/install/g1_platform/include/ddscxx/org/eclipse/cyclonedds/core/cond/WaitSetDelegate.hpp
-- Symlinking: /home/unitree/imes-g1/install/g1_platform/include/ddscxx/org/eclipse/cyclonedds/core/config.hpp
-- Symlinking: /home/unitree/imes-g1/install/g1_platform/include/ddscxx/org/eclipse/cyclonedds/core/policy/Policy.hpp
-- Symlinking: /home/unitree/imes-g1/install/g1_platform/include/ddscxx/org/eclipse/cyclonedds/core/policy/PolicyDelegate.hpp
-- Symlinking: /home/unitree/imes-g1/install/g1_platform/include/ddscxx/org/eclipse/cyclonedds/core/policy/ProprietaryPolicyKind.hpp
-- Symlinking: /home/unitree/imes-g1/install/g1_platform/include/ddscxx/org/eclipse/cyclonedds/core/policy/QosPolicyCountDelegate.hpp
-- Symlinking: /home/unitree/imes-g1/install/g1_platform/include/ddscxx/org/eclipse/cyclonedds/core/policy/TPolicy.hpp
-- Symlinking: /home/unitree/imes-g1/install/g1_platform/include/ddscxx/org/eclipse/cyclonedds/core/status/StatusDelegate.hpp
-- Symlinking: /home/unitree/imes-g1/install/g1_platform/include/ddscxx/org/eclipse/cyclonedds/core/type_helpers.hpp
-- Symlinking: /home/unitree/imes-g1/install/g1_platform/include/ddscxx/org/eclipse/cyclonedds/domain/Domain.hpp
-- Symlinking: /home/unitree/imes-g1/install/g1_platform/include/ddscxx/org/eclipse/cyclonedds/domain/DomainParticipantDelegate.hpp
-- Symlinking: /home/unitree/imes-g1/install/g1_platform/include/ddscxx/org/eclipse/cyclonedds/domain/DomainParticipantListener.hpp
-- Symlinking: /home/unitree/imes-g1/install/g1_platform/include/ddscxx/org/eclipse/cyclonedds/domain/DomainParticipantRegistry.hpp
-- Symlinking: /home/unitree/imes-g1/install/g1_platform/include/ddscxx/org/eclipse/cyclonedds/domain/DomainWrap.hpp
-- Symlinking: /home/unitree/imes-g1/install/g1_platform/include/ddscxx/org/eclipse/cyclonedds/domain/qos/DomainParticipantQosDelegate.hpp
-- Symlinking: /home/unitree/imes-g1/install/g1_platform/include/ddscxx/org/eclipse/cyclonedds/pub/AnyDataWriterDelegate.hpp
-- Symlinking: /home/unitree/imes-g1/install/g1_platform/include/ddscxx/org/eclipse/cyclonedds/pub/CoherentSetDelegate.hpp
-- Symlinking: /home/unitree/imes-g1/install/g1_platform/include/ddscxx/org/eclipse/cyclonedds/pub/PublisherDelegate.hpp
-- Symlinking: /home/unitree/imes-g1/install/g1_platform/include/ddscxx/org/eclipse/cyclonedds/pub/SuspendedPublicationDelegate.hpp
-- Symlinking: /home/unitree/imes-g1/install/g1_platform/include/ddscxx/org/eclipse/cyclonedds/pub/qos/DataWriterQosDelegate.hpp
-- Symlinking: /home/unitree/imes-g1/install/g1_platform/include/ddscxx/org/eclipse/cyclonedds/pub/qos/PublisherQosDelegate.hpp
-- Symlinking: /home/unitree/imes-g1/install/g1_platform/include/ddscxx/org/eclipse/cyclonedds/sub/AnyDataReaderDelegate.hpp
-- Symlinking: /home/unitree/imes-g1/install/g1_platform/include/ddscxx/org/eclipse/cyclonedds/sub/BuiltinSubscriberDelegate.hpp
-- Symlinking: /home/unitree/imes-g1/install/g1_platform/include/ddscxx/org/eclipse/cyclonedds/sub/CoherentAccessDelegate.hpp
-- Symlinking: /home/unitree/imes-g1/install/g1_platform/include/ddscxx/org/eclipse/cyclonedds/sub/GenerationCountImpl.hpp
-- Symlinking: /home/unitree/imes-g1/install/g1_platform/include/ddscxx/org/eclipse/cyclonedds/sub/QueryDelegate.hpp
-- Symlinking: /home/unitree/imes-g1/install/g1_platform/include/ddscxx/org/eclipse/cyclonedds/sub/RankImpl.hpp
-- Symlinking: /home/unitree/imes-g1/install/g1_platform/include/ddscxx/org/eclipse/cyclonedds/sub/SampleInfoImpl.hpp
-- Symlinking: /home/unitree/imes-g1/install/g1_platform/include/ddscxx/org/eclipse/cyclonedds/sub/SubscriberDelegate.hpp
-- Symlinking: /home/unitree/imes-g1/install/g1_platform/include/ddscxx/org/eclipse/cyclonedds/sub/cond/QueryConditionDelegate.hpp
-- Symlinking: /home/unitree/imes-g1/install/g1_platform/include/ddscxx/org/eclipse/cyclonedds/sub/cond/ReadConditionDelegate.hpp
-- Symlinking: /home/unitree/imes-g1/install/g1_platform/include/ddscxx/org/eclipse/cyclonedds/sub/qos/DataReaderQosDelegate.hpp
-- Symlinking: /home/unitree/imes-g1/install/g1_platform/include/ddscxx/org/eclipse/cyclonedds/sub/qos/SubscriberQosDelegate.hpp
-- Symlinking: /home/unitree/imes-g1/install/g1_platform/include/ddscxx/org/eclipse/cyclonedds/topic/AnyTopicDelegate.hpp
-- Symlinking: /home/unitree/imes-g1/install/g1_platform/include/ddscxx/org/eclipse/cyclonedds/topic/AnyTopicListener.hpp
-- Symlinking: /home/unitree/imes-g1/install/g1_platform/include/ddscxx/org/eclipse/cyclonedds/topic/BuiltinTopic.hpp
-- Symlinking: /home/unitree/imes-g1/install/g1_platform/include/ddscxx/org/eclipse/cyclonedds/topic/BuiltinTopicCopy.hpp
-- Symlinking: /home/unitree/imes-g1/install/g1_platform/include/ddscxx/org/eclipse/cyclonedds/topic/BuiltinTopicDelegate.hpp
-- Symlinking: /home/unitree/imes-g1/install/g1_platform/include/ddscxx/org/eclipse/cyclonedds/topic/BuiltinTopicKeyDelegate.hpp
-- Symlinking: /home/unitree/imes-g1/install/g1_platform/include/ddscxx/org/eclipse/cyclonedds/topic/BuiltinTopicTraits.hpp
-- Symlinking: /home/unitree/imes-g1/install/g1_platform/include/ddscxx/org/eclipse/cyclonedds/topic/CDRBlob.hpp
-- Symlinking: /home/unitree/imes-g1/install/g1_platform/include/ddscxx/org/eclipse/cyclonedds/topic/FilterDelegate.hpp
-- Symlinking: /home/unitree/imes-g1/install/g1_platform/include/ddscxx/org/eclipse/cyclonedds/topic/TBuiltinTopic.hpp
-- Symlinking: /home/unitree/imes-g1/install/g1_platform/include/ddscxx/org/eclipse/cyclonedds/topic/TopicDescriptionDelegate.hpp
-- Symlinking: /home/unitree/imes-g1/install/g1_platform/include/ddscxx/org/eclipse/cyclonedds/topic/TopicListener.hpp
-- Symlinking: /home/unitree/imes-g1/install/g1_platform/include/ddscxx/org/eclipse/cyclonedds/topic/TopicTraits.hpp
-- Symlinking: /home/unitree/imes-g1/install/g1_platform/include/ddscxx/org/eclipse/cyclonedds/topic/datatopic.hpp
-- Symlinking: /home/unitree/imes-g1/install/g1_platform/include/ddscxx/org/eclipse/cyclonedds/topic/discovery.hpp
-- Symlinking: /home/unitree/imes-g1/install/g1_platform/include/ddscxx/org/eclipse/cyclonedds/topic/find.hpp
-- Symlinking: /home/unitree/imes-g1/install/g1_platform/include/ddscxx/org/eclipse/cyclonedds/topic/hash.hpp
-- Symlinking: /home/unitree/imes-g1/install/g1_platform/include/ddscxx/org/eclipse/cyclonedds/topic/qos/TopicQosDelegate.hpp
-- Symlinking: /home/unitree/imes-g1/install/g1_platform/include/g1_arm_control_hardware/g1_arm7_unitree.h
-- Symlinking: /home/unitree/imes-g1/install/g1_platform/include/g1_arm_control_hardware/g1_arm_hw.hpp
-- Symlinking: /home/unitree/imes-g1/install/g1_platform/include/g1_arm_control_hardware/visibility_control.h
-- Symlinking: /home/unitree/imes-g1/install/g1_platform/include/qre/g1_platform.h
-- Symlinking: /home/unitree/imes-g1/install/g1_platform/include/unitree/common/any.hpp
-- Symlinking: /home/unitree/imes-g1/install/g1_platform/include/unitree/common/assert.hpp
-- Symlinking: /home/unitree/imes-g1/install/g1_platform/include/unitree/common/block_queue.hpp
-- Symlinking: /home/unitree/imes-g1/install/g1_platform/include/unitree/common/dds/dds_callback.hpp
-- Symlinking: /home/unitree/imes-g1/install/g1_platform/include/unitree/common/dds/dds_easy_model.hpp
-- Symlinking: /home/unitree/imes-g1/install/g1_platform/include/unitree/common/dds/dds_entity.hpp
-- Symlinking: /home/unitree/imes-g1/install/g1_platform/include/unitree/common/dds/dds_error.hpp
-- Symlinking: /home/unitree/imes-g1/install/g1_platform/include/unitree/common/dds/dds_exception.hpp
-- Symlinking: /home/unitree/imes-g1/install/g1_platform/include/unitree/common/dds/dds_factory_model.hpp
-- Symlinking: /home/unitree/imes-g1/install/g1_platform/include/unitree/common/dds/dds_native.hpp
-- Symlinking: /home/unitree/imes-g1/install/g1_platform/include/unitree/common/dds/dds_parameter.hpp
-- Symlinking: /home/unitree/imes-g1/install/g1_platform/include/unitree/common/dds/dds_qos.hpp
-- Symlinking: /home/unitree/imes-g1/install/g1_platform/include/unitree/common/dds/dds_qos_parameter.hpp
-- Symlinking: /home/unitree/imes-g1/install/g1_platform/include/unitree/common/dds/dds_qos_policy.hpp
-- Symlinking: /home/unitree/imes-g1/install/g1_platform/include/unitree/common/dds/dds_qos_policy_parameter.hpp
-- Symlinking: /home/unitree/imes-g1/install/g1_platform/include/unitree/common/dds/dds_qos_realize.hpp
-- Symlinking: /home/unitree/imes-g1/install/g1_platform/include/unitree/common/dds/dds_topic_channel.hpp
-- Symlinking: /home/unitree/imes-g1/install/g1_platform/include/unitree/common/dds/dds_traits.hpp
-- Symlinking: /home/unitree/imes-g1/install/g1_platform/include/unitree/common/decl.hpp
-- Symlinking: /home/unitree/imes-g1/install/g1_platform/include/unitree/common/error.hpp
-- Symlinking: /home/unitree/imes-g1/install/g1_platform/include/unitree/common/exception.hpp
-- Symlinking: /home/unitree/imes-g1/install/g1_platform/include/unitree/common/filesystem/directory.hpp
-- Symlinking: /home/unitree/imes-g1/install/g1_platform/include/unitree/common/filesystem/file.hpp
-- Symlinking: /home/unitree/imes-g1/install/g1_platform/include/unitree/common/filesystem/filesystem.hpp
-- Symlinking: /home/unitree/imes-g1/install/g1_platform/include/unitree/common/json/json.hpp
-- Symlinking: /home/unitree/imes-g1/install/g1_platform/include/unitree/common/json/json_config.hpp
-- Symlinking: /home/unitree/imes-g1/install/g1_platform/include/unitree/common/json/jsonize.hpp
-- Symlinking: /home/unitree/imes-g1/install/g1_platform/include/unitree/common/lock/lock.hpp
-- Symlinking: /home/unitree/imes-g1/install/g1_platform/include/unitree/common/os.hpp
-- Symlinking: /home/unitree/imes-g1/install/g1_platform/include/unitree/common/service/base/service_application.hpp
-- Symlinking: /home/unitree/imes-g1/install/g1_platform/include/unitree/common/service/base/service_base.hpp
-- Symlinking: /home/unitree/imes-g1/install/g1_platform/include/unitree/common/service/base/service_config.hpp
-- Symlinking: /home/unitree/imes-g1/install/g1_platform/include/unitree/common/service/base/service_decl.hpp
-- Symlinking: /home/unitree/imes-g1/install/g1_platform/include/unitree/common/service/dds_service.hpp
-- Symlinking: /home/unitree/imes-g1/install/g1_platform/include/unitree/common/string_tool.hpp
-- Symlinking: /home/unitree/imes-g1/install/g1_platform/include/unitree/common/thread/future.hpp
-- Symlinking: /home/unitree/imes-g1/install/g1_platform/include/unitree/common/thread/recurrent_thread.hpp
-- Symlinking: /home/unitree/imes-g1/install/g1_platform/include/unitree/common/thread/thread.hpp
-- Symlinking: /home/unitree/imes-g1/install/g1_platform/include/unitree/common/thread/thread_decl.hpp
-- Symlinking: /home/unitree/imes-g1/install/g1_platform/include/unitree/common/thread/thread_pool.hpp
-- Symlinking: /home/unitree/imes-g1/install/g1_platform/include/unitree/common/thread/thread_task.hpp
-- Symlinking: /home/unitree/imes-g1/install/g1_platform/include/unitree/common/time/sleep.hpp
-- Symlinking: /home/unitree/imes-g1/install/g1_platform/include/unitree/common/time/time_tool.hpp
-- Symlinking: /home/unitree/imes-g1/install/g1_platform/include/unitree/idl/go2/AudioData_.hpp
-- Symlinking: /home/unitree/imes-g1/install/g1_platform/include/unitree/idl/go2/BmsCmd_.hpp
-- Symlinking: /home/unitree/imes-g1/install/g1_platform/include/unitree/idl/go2/BmsState_.hpp
-- Symlinking: /home/unitree/imes-g1/install/g1_platform/include/unitree/idl/go2/ConfigChangeStatus_.hpp
-- Symlinking: /home/unitree/imes-g1/install/g1_platform/include/unitree/idl/go2/Error_.hpp
-- Symlinking: /home/unitree/imes-g1/install/g1_platform/include/unitree/idl/go2/Go2FrontVideoData_.hpp
-- Symlinking: /home/unitree/imes-g1/install/g1_platform/include/unitree/idl/go2/HeightMap_.hpp
-- Symlinking: /home/unitree/imes-g1/install/g1_platform/include/unitree/idl/go2/IMUState_.hpp
-- Symlinking: /home/unitree/imes-g1/install/g1_platform/include/unitree/idl/go2/InterfaceConfig_.hpp
-- Symlinking: /home/unitree/imes-g1/install/g1_platform/include/unitree/idl/go2/LidarState_.hpp
-- Symlinking: /home/unitree/imes-g1/install/g1_platform/include/unitree/idl/go2/LowCmd_.hpp
-- Symlinking: /home/unitree/imes-g1/install/g1_platform/include/unitree/idl/go2/LowState_.hpp
-- Symlinking: /home/unitree/imes-g1/install/g1_platform/include/unitree/idl/go2/MotorCmd_.hpp
-- Symlinking: /home/unitree/imes-g1/install/g1_platform/include/unitree/idl/go2/MotorCmds_.hpp
-- Symlinking: /home/unitree/imes-g1/install/g1_platform/include/unitree/idl/go2/MotorState_.hpp
-- Symlinking: /home/unitree/imes-g1/install/g1_platform/include/unitree/idl/go2/MotorStates_.hpp
-- Symlinking: /home/unitree/imes-g1/install/g1_platform/include/unitree/idl/go2/PathPoint_.hpp
-- Symlinking: /home/unitree/imes-g1/install/g1_platform/include/unitree/idl/go2/Req_.hpp
-- Symlinking: /home/unitree/imes-g1/install/g1_platform/include/unitree/idl/go2/Res_.hpp
-- Symlinking: /home/unitree/imes-g1/install/g1_platform/include/unitree/idl/go2/SportModeCmd_.hpp
-- Symlinking: /home/unitree/imes-g1/install/g1_platform/include/unitree/idl/go2/SportModeState_.hpp
-- Symlinking: /home/unitree/imes-g1/install/g1_platform/include/unitree/idl/go2/TimeSpec_.hpp
-- Symlinking: /home/unitree/imes-g1/install/g1_platform/include/unitree/idl/go2/UwbState_.hpp
-- Symlinking: /home/unitree/imes-g1/install/g1_platform/include/unitree/idl/go2/UwbSwitch_.hpp
-- Symlinking: /home/unitree/imes-g1/install/g1_platform/include/unitree/idl/go2/VoxelMapCompressed_.hpp
-- Symlinking: /home/unitree/imes-g1/install/g1_platform/include/unitree/idl/go2/WirelessController_.hpp
-- Symlinking: /home/unitree/imes-g1/install/g1_platform/include/unitree/idl/hg/BmsCmd_.hpp
-- Symlinking: /home/unitree/imes-g1/install/g1_platform/include/unitree/idl/hg/BmsState_.hpp
-- Symlinking: /home/unitree/imes-g1/install/g1_platform/include/unitree/idl/hg/HandCmd_.hpp
-- Symlinking: /home/unitree/imes-g1/install/g1_platform/include/unitree/idl/hg/HandState_.hpp
-- Symlinking: /home/unitree/imes-g1/install/g1_platform/include/unitree/idl/hg/IMUState_.hpp
-- Symlinking: /home/unitree/imes-g1/install/g1_platform/include/unitree/idl/hg/LowCmd_.hpp
-- Symlinking: /home/unitree/imes-g1/install/g1_platform/include/unitree/idl/hg/LowState_.hpp
-- Symlinking: /home/unitree/imes-g1/install/g1_platform/include/unitree/idl/hg/MainBoardState_.hpp
-- Symlinking: /home/unitree/imes-g1/install/g1_platform/include/unitree/idl/hg/MotorCmd_.hpp
-- Symlinking: /home/unitree/imes-g1/install/g1_platform/include/unitree/idl/hg/MotorState_.hpp
-- Symlinking: /home/unitree/imes-g1/install/g1_platform/include/unitree/idl/hg/PressSensorState_.hpp
-- Symlinking: /home/unitree/imes-g1/install/g1_platform/include/unitree/idl/hg_doubleimu/doubleIMUState_.hpp
-- Symlinking: /home/unitree/imes-g1/install/g1_platform/include/unitree/idl/ros2/Header_.hpp
-- Symlinking: /home/unitree/imes-g1/install/g1_platform/include/unitree/idl/ros2/Imu_.hpp
-- Symlinking: /home/unitree/imes-g1/install/g1_platform/include/unitree/idl/ros2/MapMetaData_.hpp
-- Symlinking: /home/unitree/imes-g1/install/g1_platform/include/unitree/idl/ros2/OccupancyGrid_.hpp
-- Symlinking: /home/unitree/imes-g1/install/g1_platform/include/unitree/idl/ros2/Odometry_.hpp
-- Symlinking: /home/unitree/imes-g1/install/g1_platform/include/unitree/idl/ros2/Point32_.hpp
-- Symlinking: /home/unitree/imes-g1/install/g1_platform/include/unitree/idl/ros2/PointCloud2_.hpp
-- Symlinking: /home/unitree/imes-g1/install/g1_platform/include/unitree/idl/ros2/PointField_.hpp
-- Symlinking: /home/unitree/imes-g1/install/g1_platform/include/unitree/idl/ros2/PointStamped_.hpp
-- Symlinking: /home/unitree/imes-g1/install/g1_platform/include/unitree/idl/ros2/Point_.hpp
-- Symlinking: /home/unitree/imes-g1/install/g1_platform/include/unitree/idl/ros2/Pose2D_.hpp
-- Symlinking: /home/unitree/imes-g1/install/g1_platform/include/unitree/idl/ros2/PoseStamped_.hpp
-- Symlinking: /home/unitree/imes-g1/install/g1_platform/include/unitree/idl/ros2/PoseWithCovarianceStamped_.hpp
-- Symlinking: /home/unitree/imes-g1/install/g1_platform/include/unitree/idl/ros2/PoseWithCovariance_.hpp
-- Symlinking: /home/unitree/imes-g1/install/g1_platform/include/unitree/idl/ros2/Pose_.hpp
-- Symlinking: /home/unitree/imes-g1/install/g1_platform/include/unitree/idl/ros2/QuaternionStamped_.hpp
-- Symlinking: /home/unitree/imes-g1/install/g1_platform/include/unitree/idl/ros2/Quaternion_.hpp
-- Symlinking: /home/unitree/imes-g1/install/g1_platform/include/unitree/idl/ros2/String_.hpp
-- Symlinking: /home/unitree/imes-g1/install/g1_platform/include/unitree/idl/ros2/Time_.hpp
-- Symlinking: /home/unitree/imes-g1/install/g1_platform/include/unitree/idl/ros2/TwistStamped_.hpp
-- Symlinking: /home/unitree/imes-g1/install/g1_platform/include/unitree/idl/ros2/TwistWithCovarianceStamped_.hpp
-- Symlinking: /home/unitree/imes-g1/install/g1_platform/include/unitree/idl/ros2/TwistWithCovariance_.hpp
-- Symlinking: /home/unitree/imes-g1/install/g1_platform/include/unitree/idl/ros2/Twist_.hpp
-- Symlinking: /home/unitree/imes-g1/install/g1_platform/include/unitree/idl/ros2/Vector3_.hpp
-- Symlinking: /home/unitree/imes-g1/install/g1_platform/include/unitree/robot/b2/back_video/back_video_api.hpp
-- Symlinking: /home/unitree/imes-g1/install/g1_platform/include/unitree/robot/b2/back_video/back_video_client.hpp
-- Symlinking: /home/unitree/imes-g1/install/g1_platform/include/unitree/robot/b2/back_video/back_video_error.hpp
-- Symlinking: /home/unitree/imes-g1/install/g1_platform/include/unitree/robot/b2/config/config_api.hpp
-- Symlinking: /home/unitree/imes-g1/install/g1_platform/include/unitree/robot/b2/config/config_client.hpp
-- Symlinking: /home/unitree/imes-g1/install/g1_platform/include/unitree/robot/b2/config/config_error.hpp
-- Symlinking: /home/unitree/imes-g1/install/g1_platform/include/unitree/robot/b2/front_video/front_video_api.hpp
-- Symlinking: /home/unitree/imes-g1/install/g1_platform/include/unitree/robot/b2/front_video/front_video_client.hpp
-- Symlinking: /home/unitree/imes-g1/install/g1_platform/include/unitree/robot/b2/front_video/front_video_error.hpp
-- Symlinking: /home/unitree/imes-g1/install/g1_platform/include/unitree/robot/b2/motion_switcher/motion_switcher_api.hpp
-- Symlinking: /home/unitree/imes-g1/install/g1_platform/include/unitree/robot/b2/motion_switcher/motion_switcher_client.hpp
-- Symlinking: /home/unitree/imes-g1/install/g1_platform/include/unitree/robot/b2/motion_switcher/motion_switcher_error.hpp
-- Symlinking: /home/unitree/imes-g1/install/g1_platform/include/unitree/robot/b2/robot_state/robot_state_api.hpp
-- Symlinking: /home/unitree/imes-g1/install/g1_platform/include/unitree/robot/b2/robot_state/robot_state_client.hpp
-- Symlinking: /home/unitree/imes-g1/install/g1_platform/include/unitree/robot/b2/robot_state/robot_state_error.hpp
-- Symlinking: /home/unitree/imes-g1/install/g1_platform/include/unitree/robot/b2/sport/sport_api.hpp
-- Symlinking: /home/unitree/imes-g1/install/g1_platform/include/unitree/robot/b2/sport/sport_client.hpp
-- Symlinking: /home/unitree/imes-g1/install/g1_platform/include/unitree/robot/b2/sport/sport_error.hpp
-- Symlinking: /home/unitree/imes-g1/install/g1_platform/include/unitree/robot/channel/channel_factory.hpp
-- Symlinking: /home/unitree/imes-g1/install/g1_platform/include/unitree/robot/channel/channel_labor.hpp
-- Symlinking: /home/unitree/imes-g1/install/g1_platform/include/unitree/robot/channel/channel_namer.hpp
-- Symlinking: /home/unitree/imes-g1/install/g1_platform/include/unitree/robot/channel/channel_publisher.hpp
-- Symlinking: /home/unitree/imes-g1/install/g1_platform/include/unitree/robot/channel/channel_subscriber.hpp
-- Symlinking: /home/unitree/imes-g1/install/g1_platform/include/unitree/robot/client/client.hpp
-- Symlinking: /home/unitree/imes-g1/install/g1_platform/include/unitree/robot/client/client_base.hpp
-- Symlinking: /home/unitree/imes-g1/install/g1_platform/include/unitree/robot/client/client_stub.hpp
-- Symlinking: /home/unitree/imes-g1/install/g1_platform/include/unitree/robot/client/lease_client.hpp
-- Symlinking: /home/unitree/imes-g1/install/g1_platform/include/unitree/robot/future/request_future.hpp
-- Symlinking: /home/unitree/imes-g1/install/g1_platform/include/unitree/robot/g1/arm/g1_arm_action_api.hpp
-- Symlinking: /home/unitree/imes-g1/install/g1_platform/include/unitree/robot/g1/arm/g1_arm_action_client.hpp
-- Symlinking: /home/unitree/imes-g1/install/g1_platform/include/unitree/robot/g1/arm/g1_arm_action_error.hpp
-- Symlinking: /home/unitree/imes-g1/install/g1_platform/include/unitree/robot/g1/audio/g1_audio_api.hpp
-- Symlinking: /home/unitree/imes-g1/install/g1_platform/include/unitree/robot/g1/audio/g1_audio_client.hpp
-- Symlinking: /home/unitree/imes-g1/install/g1_platform/include/unitree/robot/g1/audio/g1_audio_error.hpp
-- Symlinking: /home/unitree/imes-g1/install/g1_platform/include/unitree/robot/g1/loco/g1_loco_api.hpp
-- Symlinking: /home/unitree/imes-g1/install/g1_platform/include/unitree/robot/g1/loco/g1_loco_client.hpp
-- Symlinking: /home/unitree/imes-g1/install/g1_platform/include/unitree/robot/g1/loco/g1_loco_error.hpp
-- Symlinking: /home/unitree/imes-g1/install/g1_platform/include/unitree/robot/go2/config/config_api.hpp
-- Symlinking: /home/unitree/imes-g1/install/g1_platform/include/unitree/robot/go2/config/config_client.hpp
-- Symlinking: /home/unitree/imes-g1/install/g1_platform/include/unitree/robot/go2/config/config_error.hpp
-- Symlinking: /home/unitree/imes-g1/install/g1_platform/include/unitree/robot/go2/obstacles_avoid/obstacles_avoid_api.hpp
-- Symlinking: /home/unitree/imes-g1/install/g1_platform/include/unitree/robot/go2/obstacles_avoid/obstacles_avoid_client.hpp
-- Symlinking: /home/unitree/imes-g1/install/g1_platform/include/unitree/robot/go2/public/jsonize_type.hpp
-- Symlinking: /home/unitree/imes-g1/install/g1_platform/include/unitree/robot/go2/robot_state/robot_state_api.hpp
-- Symlinking: /home/unitree/imes-g1/install/g1_platform/include/unitree/robot/go2/robot_state/robot_state_client.hpp
-- Symlinking: /home/unitree/imes-g1/install/g1_platform/include/unitree/robot/go2/robot_state/robot_state_error.hpp
-- Symlinking: /home/unitree/imes-g1/install/g1_platform/include/unitree/robot/go2/sport/sport_api.hpp
-- Symlinking: /home/unitree/imes-g1/install/g1_platform/include/unitree/robot/go2/sport/sport_client.hpp
-- Symlinking: /home/unitree/imes-g1/install/g1_platform/include/unitree/robot/go2/sport/sport_error.hpp
-- Symlinking: /home/unitree/imes-g1/install/g1_platform/include/unitree/robot/go2/utrack/utrack_api.hpp
-- Symlinking: /home/unitree/imes-g1/install/g1_platform/include/unitree/robot/go2/utrack/utrack_client.hpp
-- Symlinking: /home/unitree/imes-g1/install/g1_platform/include/unitree/robot/go2/video/video_api.hpp
-- Symlinking: /home/unitree/imes-g1/install/g1_platform/include/unitree/robot/go2/video/video_client.hpp
-- Symlinking: /home/unitree/imes-g1/install/g1_platform/include/unitree/robot/go2/video/video_error.hpp
-- Symlinking: /home/unitree/imes-g1/install/g1_platform/include/unitree/robot/go2/vui/vui_api.hpp
-- Symlinking: /home/unitree/imes-g1/install/g1_platform/include/unitree/robot/go2/vui/vui_client.hpp
-- Symlinking: /home/unitree/imes-g1/install/g1_platform/include/unitree/robot/go2/vui/vui_error.hpp
-- Symlinking: /home/unitree/imes-g1/install/g1_platform/include/unitree/robot/h1/loco/h1_loco_api.hpp
-- Symlinking: /home/unitree/imes-g1/install/g1_platform/include/unitree/robot/h1/loco/h1_loco_client.hpp
-- Symlinking: /home/unitree/imes-g1/install/g1_platform/include/unitree/robot/h1/loco/h1_loco_error.hpp
-- Symlinking: /home/unitree/imes-g1/install/g1_platform/include/unitree/robot/internal/internal.hpp
-- Symlinking: /home/unitree/imes-g1/install/g1_platform/include/unitree/robot/internal/internal_api.hpp
-- Symlinking: /home/unitree/imes-g1/install/g1_platform/include/unitree/robot/internal/internal_error.hpp
-- Symlinking: /home/unitree/imes-g1/install/g1_platform/include/unitree/robot/internal/internal_idl_decl/RequestHeader_.hpp
-- Symlinking: /home/unitree/imes-g1/install/g1_platform/include/unitree/robot/internal/internal_idl_decl/RequestIdentity_.hpp
-- Symlinking: /home/unitree/imes-g1/install/g1_platform/include/unitree/robot/internal/internal_idl_decl/RequestLease_.hpp
-- Symlinking: /home/unitree/imes-g1/install/g1_platform/include/unitree/robot/internal/internal_idl_decl/RequestPolicy_.hpp
-- Symlinking: /home/unitree/imes-g1/install/g1_platform/include/unitree/robot/internal/internal_idl_decl/Request_.hpp
-- Symlinking: /home/unitree/imes-g1/install/g1_platform/include/unitree/robot/internal/internal_idl_decl/ResponseHeader_.hpp
-- Symlinking: /home/unitree/imes-g1/install/g1_platform/include/unitree/robot/internal/internal_idl_decl/ResponseStatus_.hpp
-- Symlinking: /home/unitree/imes-g1/install/g1_platform/include/unitree/robot/internal/internal_idl_decl/Response_.hpp
-- Symlinking: /home/unitree/imes-g1/install/g1_platform/include/unitree/robot/internal/internal_request_response.hpp
-- Symlinking: /home/unitree/imes-g1/install/g1_platform/include/unitree/robot/serialize/serialize.hpp
-- Symlinking: /home/unitree/imes-g1/install/g1_platform/include/unitree/robot/server/lease_server.hpp
-- Symlinking: /home/unitree/imes-g1/install/g1_platform/include/unitree/robot/server/server.hpp
-- Symlinking: /home/unitree/imes-g1/install/g1_platform/include/unitree/robot/server/server_base.hpp
-- Symlinking: /home/unitree/imes-g1/install/g1_platform/include/unitree/robot/server/server_stub.hpp
-- Symlinking: /home/unitree/imes-g1/install/g1_platform/include/utils/colors.h
-- Symlinking: /home/unitree/imes-g1/install/g1_platform/share/g1_platform/environment/library_path.sh
-- Symlinking: /home/unitree/imes-g1/install/g1_platform/share/g1_platform/environment/library_path.dsv
-- Symlinking: /home/unitree/imes-g1/install/g1_platform/share/g1_platform//g1_platform.xml
-- Symlinking: /home/unitree/imes-g1/install/g1_platform/lib/g1_platform/g1_arm7_ros2_control
-- Symlinking: /home/unitree/imes-g1/install/g1_platform/lib/g1_platform/g1_highroscontrol
-- Symlinking: /home/unitree/imes-g1/install/g1_platform/lib/g1_platform/g1_audio_service
-- Symlinking: /home/unitree/imes-g1/install/g1_platform/lib/g1_platform/g1_led_service
-- Symlinking: /home/unitree/imes-g1/install/g1_platform/lib/g1_platform/g1_video_publisher
-- Symlinking: /home/unitree/imes-g1/install/g1_platform/lib/g1_platform/g1_statepublisher
-- Symlinking: /home/unitree/imes-g1/install/g1_platform/share/g1_platform/launch/arm_7dof.launch.py
-- Symlinking: /home/unitree/imes-g1/install/g1_platform/share/g1_platform/launch/arm_7dof_ros2controller.launch.py
-- Symlinking: /home/unitree/imes-g1/install/g1_platform/share/g1_platform/launch/audio.launch.py
-- Symlinking: /home/unitree/imes-g1/install/g1_platform/share/g1_platform/launch/domain_bridge.launch.py
-- Symlinking: /home/unitree/imes-g1/install/g1_platform/share/g1_platform/launch/highlevel_ros.launch.py
-- Symlinking: /home/unitree/imes-g1/install/g1_platform/share/g1_platform/launch/led.launch.py
-- Symlinking: /home/unitree/imes-g1/install/g1_platform/share/g1_platform/launch/state_publisher.launch.py
-- Symlinking: /home/unitree/imes-g1/install/g1_platform/share/g1_platform/launch/videostream.launch.py
-- Symlinking: /home/unitree/imes-g1/install/g1_platform/share/g1_platform/config/g1_7dof_arm.yaml
-- Symlinking: /home/unitree/imes-g1/install/g1_platform/share/g1_platform/config/g1_controller.yaml
-- Symlinking: /home/unitree/imes-g1/install/g1_platform/share/g1_platform/config/g1_domain_bridge.yaml
-- Symlinking: /home/unitree/imes-g1/install/g1_platform/share/g1_platform/config/g1_platform.yaml
-- Symlinking: /home/unitree/imes-g1/install/g1_platform/share/g1_platform/environment/pythonpath.sh
-- Symlinking: /home/unitree/imes-g1/install/g1_platform/share/g1_platform/environment/pythonpath.dsv
-- Symlinking: /home/unitree/imes-g1/install/g1_platform/lib/python3.8/site-packages/g1_platform/__init__.py
-- Symlinking: /home/unitree/imes-g1/install/g1_platform/lib/python3.8/site-packages/g1_platform/g1_statepublisher
-- Symlinking: /home/unitree/imes-g1/install/g1_platform/lib/python3.8/site-packages/g1_platform/utils/point_cloud2.py
-- Symlinking: /home/unitree/imes-g1/install/g1_platform/lib/python3.8/site-packages/g1_platform/utils/tf_cloud.py
-- Symlinking: /home/unitree/imes-g1/install/g1_platform/lib/python3.8/site-packages/g1_platform/utils/transforms.py
-- Symlinking: /home/unitree/imes-g1/install/g1_platform/share/ament_index/resource_index/package_run_dependencies/g1_platform
-- Symlinking: /home/unitree/imes-g1/install/g1_platform/share/ament_index/resource_index/parent_prefix_path/g1_platform
-- Symlinking: /home/unitree/imes-g1/install/g1_platform/share/g1_platform/environment/ament_prefix_path.sh
-- Symlinking: /home/unitree/imes-g1/install/g1_platform/share/g1_platform/environment/ament_prefix_path.dsv
-- Symlinking: /home/unitree/imes-g1/install/g1_platform/share/g1_platform/environment/path.sh
-- Symlinking: /home/unitree/imes-g1/install/g1_platform/share/g1_platform/environment/path.dsv
-- Symlinking: /home/unitree/imes-g1/install/g1_platform/share/g1_platform/local_setup.bash
-- Symlinking: /home/unitree/imes-g1/install/g1_platform/share/g1_platform/local_setup.sh
-- Symlinking: /home/unitree/imes-g1/install/g1_platform/share/g1_platform/local_setup.zsh
-- Symlinking: /home/unitree/imes-g1/install/g1_platform/share/g1_platform/local_setup.dsv
-- Symlinking: /home/unitree/imes-g1/install/g1_platform/share/g1_platform/package.dsv
-- Symlinking: /home/unitree/imes-g1/install/g1_platform/share/ament_index/resource_index/packages/g1_platform
-- Symlinking: /home/unitree/imes-g1/install/g1_platform/share/ament_index/resource_index/hardware_interface__pluginlib__plugin/g1_platform
-- Symlinking: /home/unitree/imes-g1/install/g1_platform/share/g1_platform/cmake/ament_cmake_export_include_directories-extras.cmake
-- Symlinking: /home/unitree/imes-g1/install/g1_platform/share/g1_platform/cmake/ament_cmake_export_libraries-extras.cmake
-- Symlinking: /home/unitree/imes-g1/install/g1_platform/share/g1_platform/cmake/ament_cmake_export_dependencies-extras.cmake
-- Symlinking: /home/unitree/imes-g1/install/g1_platform/share/g1_platform/cmake/g1_platformConfig.cmake
-- Symlinking: /home/unitree/imes-g1/install/g1_platform/share/g1_platform/cmake/g1_platformConfig-version.cmake
-- Symlinking: /home/unitree/imes-g1/install/g1_platform/share/g1_platform/package.xml
Listing '/home/unitree/imes-g1/install/g1_platform/lib/python3.8/site-packages/g1_platform'...
Compiling '/home/unitree/imes-g1/install/g1_platform/lib/python3.8/site-packages/g1_platform/__init__.py'...
Listing '/home/unitree/imes-g1/install/g1_platform/lib/python3.8/site-packages/g1_platform/utils'...
Compiling '/home/unitree/imes-g1/install/g1_platform/lib/python3.8/site-packages/g1_platform/utils/point_cloud2.py'...
Compiling '/home/unitree/imes-g1/install/g1_platform/lib/python3.8/site-packages/g1_platform/utils/tf_cloud.py'...
Compiling '/home/unitree/imes-g1/install/g1_platform/lib/python3.8/site-packages/g1_platform/utils/transforms.py'...
