-- The C compiler identification is GNU 9.4.0
-- The CXX compiler identification is GNU 9.4.0
-- Detecting C compiler ABI info
-- Detecting C compiler ABI info - done
-- Check for working C compiler: /usr/bin/cc - skipped
-- Detecting C compile features
-- Detecting C compile features - done
-- Detecting CXX compiler ABI info
-- Detecting CXX compiler ABI info - done
-- Check for working CXX compiler: /usr/bin/c++ - skipped
-- Detecting CXX compile features
-- Detecting CXX compile features - done
-- Found ament_cmake: 0.9.12 (/opt/ros/foxy/share/ament_cmake/cmake)
-- Found PythonInterp: /usr/bin/python3 (found suitable version "3.8.10", minimum required is "3") 
-- Using PYTHON_EXECUTABLE: /usr/bin/python3
-- Override CMake install command with custom implementation using symlinks instead of copying resources
-- Found rclcpp: 2.4.3 (/opt/ros/foxy/share/rclcpp/cmake)
-- Using all available rosidl_typesupport_c: rosidl_typesupport_fastrtps_c;rosidl_typesupport_introspection_c
-- Found rosidl_adapter: 1.3.1 (/opt/ros/foxy/share/rosidl_adapter/cmake)
-- Found OpenSSL: /usr/lib/aarch64-linux-gnu/libcrypto.so (found version "1.1.1f")  
-- Found FastRTPS: /opt/ros/foxy/include  
-- Using all available rosidl_typesupport_cpp: rosidl_typesupport_fastrtps_cpp;rosidl_typesupport_introspection_cpp
-- Found rmw_implementation_cmake: 1.0.4 (/opt/ros/foxy/share/rmw_implementation_cmake/cmake)
-- Using RMW implementation 'rmw_cyclonedds_cpp' as default
-- Performing Test CMAKE_HAVE_LIBC_PTHREAD
-- Performing Test CMAKE_HAVE_LIBC_PTHREAD - Failed
-- Looking for pthread_create in pthreads
-- Looking for pthread_create in pthreads - not found
-- Looking for pthread_create in pthread
-- Looking for pthread_create in pthread - found
-- Found Threads: TRUE  
-- Found rclpy: 1.0.13 (/opt/ros/foxy/share/rclpy/cmake)
-- Found geometry_msgs: 2.0.5 (/opt/ros/foxy/share/geometry_msgs/cmake)
-- Found sensor_msgs: 2.0.5 (/opt/ros/foxy/share/sensor_msgs/cmake)
-- Found visualization_msgs: 2.0.5 (/opt/ros/foxy/share/visualization_msgs/cmake)
-- Found g1_interface: 0.1.0 (/home/unitree/imes-g1/install/g1_interface/share/g1_interface/cmake)
-- Configuring done
-- Generating done
-- Build files have been written to: /home/unitree/imes-g1/build/g1_obstacle_avoidance
[ 50%] [32mBuilding CXX object CMakeFiles/simple_obstacle_avoidance.dir/src/obstacle_avoidance.cpp.o[0m
[100%] [32m[1mLinking CXX executable simple_obstacle_avoidance[0m
[100%] Built target simple_obstacle_avoidance
-- Install configuration: ""
-- Execute custom install script
-- Symlinking: /home/unitree/imes-g1/install/g1_obstacle_avoidance/lib/g1_obstacle_avoidance/simple_obstacle_avoidance
-- Symlinking: /home/unitree/imes-g1/install/g1_obstacle_avoidance/share/g1_obstacle_avoidance/launch/obstacle_avoidance.launch.py
-- Symlinking: /home/unitree/imes-g1/install/g1_obstacle_avoidance/share/ament_index/resource_index/package_run_dependencies/g1_obstacle_avoidance
-- Symlinking: /home/unitree/imes-g1/install/g1_obstacle_avoidance/share/ament_index/resource_index/parent_prefix_path/g1_obstacle_avoidance
-- Symlinking: /home/unitree/imes-g1/install/g1_obstacle_avoidance/share/g1_obstacle_avoidance/environment/ament_prefix_path.sh
-- Symlinking: /home/unitree/imes-g1/install/g1_obstacle_avoidance/share/g1_obstacle_avoidance/environment/ament_prefix_path.dsv
-- Symlinking: /home/unitree/imes-g1/install/g1_obstacle_avoidance/share/g1_obstacle_avoidance/environment/path.sh
-- Symlinking: /home/unitree/imes-g1/install/g1_obstacle_avoidance/share/g1_obstacle_avoidance/environment/path.dsv
-- Symlinking: /home/unitree/imes-g1/install/g1_obstacle_avoidance/share/g1_obstacle_avoidance/local_setup.bash
-- Symlinking: /home/unitree/imes-g1/install/g1_obstacle_avoidance/share/g1_obstacle_avoidance/local_setup.sh
-- Symlinking: /home/unitree/imes-g1/install/g1_obstacle_avoidance/share/g1_obstacle_avoidance/local_setup.zsh
-- Symlinking: /home/unitree/imes-g1/install/g1_obstacle_avoidance/share/g1_obstacle_avoidance/local_setup.dsv
-- Symlinking: /home/unitree/imes-g1/install/g1_obstacle_avoidance/share/g1_obstacle_avoidance/package.dsv
-- Symlinking: /home/unitree/imes-g1/install/g1_obstacle_avoidance/share/ament_index/resource_index/packages/g1_obstacle_avoidance
-- Symlinking: /home/unitree/imes-g1/install/g1_obstacle_avoidance/share/g1_obstacle_avoidance/cmake/g1_obstacle_avoidanceConfig.cmake
-- Symlinking: /home/unitree/imes-g1/install/g1_obstacle_avoidance/share/g1_obstacle_avoidance/cmake/g1_obstacle_avoidanceConfig-version.cmake
-- Symlinking: /home/unitree/imes-g1/install/g1_obstacle_avoidance/share/g1_obstacle_avoidance/package.xml
