[0.111s] Invoking command in '/home/unitree/imes-g1/build/g1_description': CMAKE_PREFIX_PATH=${CMAKE_PREFIX_PATH}:/opt/ros/foxy /home/unitree/.local/bin/cmake /home/unitree/imes-g1/src/ros/g1_description -DCMAKE_INSTALL_PREFIX=/home/unitree/imes-g1/install/g1_description
[0.189s] -- Found ament_cmake: 0.9.12 (/opt/ros/foxy/share/ament_cmake/cmake)
[0.238s] -- Using PYTHON_EXECUTABLE: /usr/bin/python3
[0.660s] -- Override CMake install command with custom implementation using symlinks instead of copying resources
[0.675s] -- Found urdf: 2.4.0 (/opt/ros/foxy/share/urdf/cmake)
[0.714s] -- Found xacro: 2.0.7 (/opt/ros/foxy/share/xacro/cmake)
[0.840s] -- Configuring done
[0.846s] -- Generating done
[0.850s] -- Build files have been written to: /home/unitree/imes-g1/build/g1_description
[0.873s] Invoked command in '/home/unitree/imes-g1/build/g1_description' returned '0': CMAKE_PREFIX_PATH=${CMAKE_PREFIX_PATH}:/opt/ros/foxy /home/unitree/.local/bin/cmake /home/unitree/imes-g1/src/ros/g1_description -DCMAKE_INSTALL_PREFIX=/home/unitree/imes-g1/install/g1_description
[0.875s] Invoking command in '/home/unitree/imes-g1/build/g1_description': CMAKE_PREFIX_PATH=${CMAKE_PREFIX_PATH}:/opt/ros/foxy /home/unitree/.local/bin/cmake --build /home/unitree/imes-g1/build/g1_description -- -j8 -l8
[1.142s] Invoked command in '/home/unitree/imes-g1/build/g1_description' returned '0': CMAKE_PREFIX_PATH=${CMAKE_PREFIX_PATH}:/opt/ros/foxy /home/unitree/.local/bin/cmake --build /home/unitree/imes-g1/build/g1_description -- -j8 -l8
[1.147s] Invoking command in '/home/unitree/imes-g1/build/g1_description': CMAKE_PREFIX_PATH=${CMAKE_PREFIX_PATH}:/opt/ros/foxy /home/unitree/.local/bin/cmake --install /home/unitree/imes-g1/build/g1_description
[1.345s] -- Install configuration: ""
[1.346s] -- Execute custom install script
[1.346s] -- Up-to-date symlink: /home/unitree/imes-g1/install/g1_description/share/g1_description/launch/g1_23_description.launch.py
[1.346s] -- Up-to-date symlink: /home/unitree/imes-g1/install/g1_description/share/g1_description/launch/g1_29_description.launch.py
[1.346s] -- Up-to-date symlink: /home/unitree/imes-g1/install/g1_description/share/g1_description/launch/view_robot.launch.py
[1.346s] -- Up-to-date symlink: /home/unitree/imes-g1/install/g1_description/share/g1_description/meshes/dex_3/left_hand_index_0_link.STL
[1.347s] -- Up-to-date symlink: /home/unitree/imes-g1/install/g1_description/share/g1_description/meshes/dex_3/left_hand_index_1_link.STL
[1.347s] -- Up-to-date symlink: /home/unitree/imes-g1/install/g1_description/share/g1_description/meshes/dex_3/left_hand_middle_0_link.STL
[1.347s] -- Up-to-date symlink: /home/unitree/imes-g1/install/g1_description/share/g1_description/meshes/dex_3/left_hand_middle_1_link.STL
[1.347s] -- Up-to-date symlink: /home/unitree/imes-g1/install/g1_description/share/g1_description/meshes/dex_3/left_hand_palm_link.STL
[1.347s] -- Up-to-date symlink: /home/unitree/imes-g1/install/g1_description/share/g1_description/meshes/dex_3/left_hand_thumb_0_link.STL
[1.347s] -- Up-to-date symlink: /home/unitree/imes-g1/install/g1_description/share/g1_description/meshes/dex_3/left_hand_thumb_1_link.STL
[1.348s] -- Up-to-date symlink: /home/unitree/imes-g1/install/g1_description/share/g1_description/meshes/dex_3/left_hand_thumb_2_link.STL
[1.348s] -- Up-to-date symlink: /home/unitree/imes-g1/install/g1_description/share/g1_description/meshes/dex_3/right_hand_index_0_link.STL
[1.348s] -- Up-to-date symlink: /home/unitree/imes-g1/install/g1_description/share/g1_description/meshes/dex_3/right_hand_index_1_link.STL
[1.348s] -- Up-to-date symlink: /home/unitree/imes-g1/install/g1_description/share/g1_description/meshes/dex_3/right_hand_middle_0_link.STL
[1.348s] -- Up-to-date symlink: /home/unitree/imes-g1/install/g1_description/share/g1_description/meshes/dex_3/right_hand_middle_1_link.STL
[1.349s] -- Up-to-date symlink: /home/unitree/imes-g1/install/g1_description/share/g1_description/meshes/dex_3/right_hand_palm_link.STL
[1.349s] -- Up-to-date symlink: /home/unitree/imes-g1/install/g1_description/share/g1_description/meshes/dex_3/right_hand_thumb_0_link.STL
[1.349s] -- Up-to-date symlink: /home/unitree/imes-g1/install/g1_description/share/g1_description/meshes/dex_3/right_hand_thumb_1_link.STL
[1.349s] -- Up-to-date symlink: /home/unitree/imes-g1/install/g1_description/share/g1_description/meshes/dex_3/right_hand_thumb_2_link.STL
[1.349s] -- Up-to-date symlink: /home/unitree/imes-g1/install/g1_description/share/g1_description/meshes/g1/head_link.STL
[1.349s] -- Up-to-date symlink: /home/unitree/imes-g1/install/g1_description/share/g1_description/meshes/g1/left_ankle_pitch_link.STL
[1.350s] -- Up-to-date symlink: /home/unitree/imes-g1/install/g1_description/share/g1_description/meshes/g1/left_ankle_roll_link.STL
[1.350s] -- Up-to-date symlink: /home/unitree/imes-g1/install/g1_description/share/g1_description/meshes/g1/left_elbow_link.STL
[1.350s] -- Up-to-date symlink: /home/unitree/imes-g1/install/g1_description/share/g1_description/meshes/g1/left_hand_index_0_link.STL
[1.350s] -- Up-to-date symlink: /home/unitree/imes-g1/install/g1_description/share/g1_description/meshes/g1/left_hand_index_1_link.STL
[1.351s] -- Up-to-date symlink: /home/unitree/imes-g1/install/g1_description/share/g1_description/meshes/g1/left_hand_middle_0_link.STL
[1.351s] -- Up-to-date symlink: /home/unitree/imes-g1/install/g1_description/share/g1_description/meshes/g1/left_hand_middle_1_link.STL
[1.352s] -- Up-to-date symlink: /home/unitree/imes-g1/install/g1_description/share/g1_description/meshes/g1/left_hand_palm_link.STL
[1.352s] -- Up-to-date symlink: /home/unitree/imes-g1/install/g1_description/share/g1_description/meshes/g1/left_hand_thumb_0_link.STL
[1.353s] -- Up-to-date symlink: /home/unitree/imes-g1/install/g1_description/share/g1_description/meshes/g1/left_hand_thumb_1_link.STL
[1.353s] -- Up-to-date symlink: /home/unitree/imes-g1/install/g1_description/share/g1_description/meshes/g1/left_hand_thumb_2_link.STL
[1.353s] -- Up-to-date symlink: /home/unitree/imes-g1/install/g1_description/share/g1_description/meshes/g1/left_hip_pitch_link.STL
[1.354s] -- Up-to-date symlink: /home/unitree/imes-g1/install/g1_description/share/g1_description/meshes/g1/left_hip_roll_link.STL
[1.354s] -- Up-to-date symlink: /home/unitree/imes-g1/install/g1_description/share/g1_description/meshes/g1/left_hip_yaw_link.STL
[1.354s] -- Up-to-date symlink: /home/unitree/imes-g1/install/g1_description/share/g1_description/meshes/g1/left_knee_link.STL
[1.354s] -- Up-to-date symlink: /home/unitree/imes-g1/install/g1_description/share/g1_description/meshes/g1/left_rubber_hand.STL
[1.355s] -- Up-to-date symlink: /home/unitree/imes-g1/install/g1_description/share/g1_description/meshes/g1/left_shoulder_pitch_link.STL
[1.355s] -- Up-to-date symlink: /home/unitree/imes-g1/install/g1_description/share/g1_description/meshes/g1/left_shoulder_roll_link.STL
[1.355s] -- Up-to-date symlink: /home/unitree/imes-g1/install/g1_description/share/g1_description/meshes/g1/left_shoulder_yaw_link.STL
[1.355s] -- Up-to-date symlink: /home/unitree/imes-g1/install/g1_description/share/g1_description/meshes/g1/left_wrist_pitch_link.STL
[1.356s] -- Up-to-date symlink: /home/unitree/imes-g1/install/g1_description/share/g1_description/meshes/g1/left_wrist_roll_link.STL
[1.356s] -- Up-to-date symlink: /home/unitree/imes-g1/install/g1_description/share/g1_description/meshes/g1/left_wrist_roll_rubber_hand.STL
[1.356s] -- Up-to-date symlink: /home/unitree/imes-g1/install/g1_description/share/g1_description/meshes/g1/left_wrist_yaw_link.STL
[1.357s] -- Up-to-date symlink: /home/unitree/imes-g1/install/g1_description/share/g1_description/meshes/g1/logo_link.STL
[1.358s] -- Up-to-date symlink: /home/unitree/imes-g1/install/g1_description/share/g1_description/meshes/g1/pelvis.STL
[1.358s] -- Up-to-date symlink: /home/unitree/imes-g1/install/g1_description/share/g1_description/meshes/g1/pelvis_contour_link.STL
[1.358s] -- Up-to-date symlink: /home/unitree/imes-g1/install/g1_description/share/g1_description/meshes/g1/right_ankle_pitch_link.STL
[1.358s] -- Up-to-date symlink: /home/unitree/imes-g1/install/g1_description/share/g1_description/meshes/g1/right_ankle_roll_link.STL
[1.358s] -- Up-to-date symlink: /home/unitree/imes-g1/install/g1_description/share/g1_description/meshes/g1/right_elbow_link.STL
[1.359s] -- Up-to-date symlink: /home/unitree/imes-g1/install/g1_description/share/g1_description/meshes/g1/right_hand_index_0_link.STL
[1.359s] -- Up-to-date symlink: /home/unitree/imes-g1/install/g1_description/share/g1_description/meshes/g1/right_hand_index_1_link.STL
[1.359s] -- Up-to-date symlink: /home/unitree/imes-g1/install/g1_description/share/g1_description/meshes/g1/right_hand_middle_0_link.STL
[1.359s] -- Up-to-date symlink: /home/unitree/imes-g1/install/g1_description/share/g1_description/meshes/g1/right_hand_middle_1_link.STL
[1.360s] -- Up-to-date symlink: /home/unitree/imes-g1/install/g1_description/share/g1_description/meshes/g1/right_hand_palm_link.STL
[1.360s] -- Up-to-date symlink: /home/unitree/imes-g1/install/g1_description/share/g1_description/meshes/g1/right_hand_thumb_0_link.STL
[1.360s] -- Up-to-date symlink: /home/unitree/imes-g1/install/g1_description/share/g1_description/meshes/g1/right_hand_thumb_1_link.STL
[1.361s] -- Up-to-date symlink: /home/unitree/imes-g1/install/g1_description/share/g1_description/meshes/g1/right_hand_thumb_2_link.STL
[1.361s] -- Up-to-date symlink: /home/unitree/imes-g1/install/g1_description/share/g1_description/meshes/g1/right_hip_pitch_link.STL
[1.362s] -- Up-to-date symlink: /home/unitree/imes-g1/install/g1_description/share/g1_description/meshes/g1/right_hip_roll_link.STL
[1.362s] -- Up-to-date symlink: /home/unitree/imes-g1/install/g1_description/share/g1_description/meshes/g1/right_hip_yaw_link.STL
[1.362s] -- Up-to-date symlink: /home/unitree/imes-g1/install/g1_description/share/g1_description/meshes/g1/right_knee_link.STL
[1.363s] -- Up-to-date symlink: /home/unitree/imes-g1/install/g1_description/share/g1_description/meshes/g1/right_rubber_hand.STL
[1.363s] -- Up-to-date symlink: /home/unitree/imes-g1/install/g1_description/share/g1_description/meshes/g1/right_shoulder_pitch_link.STL
[1.363s] -- Up-to-date symlink: /home/unitree/imes-g1/install/g1_description/share/g1_description/meshes/g1/right_shoulder_roll_link.STL
[1.364s] -- Up-to-date symlink: /home/unitree/imes-g1/install/g1_description/share/g1_description/meshes/g1/right_shoulder_yaw_link.STL
[1.364s] -- Up-to-date symlink: /home/unitree/imes-g1/install/g1_description/share/g1_description/meshes/g1/right_wrist_pitch_link.STL
[1.364s] -- Up-to-date symlink: /home/unitree/imes-g1/install/g1_description/share/g1_description/meshes/g1/right_wrist_roll_link.STL
[1.365s] -- Up-to-date symlink: /home/unitree/imes-g1/install/g1_description/share/g1_description/meshes/g1/right_wrist_roll_rubber_hand.STL
[1.365s] -- Up-to-date symlink: /home/unitree/imes-g1/install/g1_description/share/g1_description/meshes/g1/right_wrist_yaw_link.STL
[1.366s] -- Up-to-date symlink: /home/unitree/imes-g1/install/g1_description/share/g1_description/meshes/g1/torso_constraint_L_link.STL
[1.366s] -- Up-to-date symlink: /home/unitree/imes-g1/install/g1_description/share/g1_description/meshes/g1/torso_constraint_L_rod_link.STL
[1.367s] -- Up-to-date symlink: /home/unitree/imes-g1/install/g1_description/share/g1_description/meshes/g1/torso_constraint_R_link.STL
[1.367s] -- Up-to-date symlink: /home/unitree/imes-g1/install/g1_description/share/g1_description/meshes/g1/torso_constraint_R_rod_link.STL
[1.368s] -- Up-to-date symlink: /home/unitree/imes-g1/install/g1_description/share/g1_description/meshes/g1/torso_link.STL
[1.368s] -- Up-to-date symlink: /home/unitree/imes-g1/install/g1_description/share/g1_description/meshes/g1/torso_link_23dof_rev_1_0.STL
[1.368s] -- Up-to-date symlink: /home/unitree/imes-g1/install/g1_description/share/g1_description/meshes/g1/torso_link_rev_1_0.STL
[1.369s] -- Up-to-date symlink: /home/unitree/imes-g1/install/g1_description/share/g1_description/meshes/g1/waist_constraint_L.STL
[1.369s] -- Up-to-date symlink: /home/unitree/imes-g1/install/g1_description/share/g1_description/meshes/g1/waist_constraint_R.STL
[1.369s] -- Up-to-date symlink: /home/unitree/imes-g1/install/g1_description/share/g1_description/meshes/g1/waist_roll_link.STL
[1.370s] -- Up-to-date symlink: /home/unitree/imes-g1/install/g1_description/share/g1_description/meshes/g1/waist_roll_link_rev_1_0.STL
[1.370s] -- Up-to-date symlink: /home/unitree/imes-g1/install/g1_description/share/g1_description/meshes/g1/waist_support_link.STL
[1.370s] -- Up-to-date symlink: /home/unitree/imes-g1/install/g1_description/share/g1_description/meshes/g1/waist_yaw_link.STL
[1.370s] -- Up-to-date symlink: /home/unitree/imes-g1/install/g1_description/share/g1_description/meshes/g1/waist_yaw_link_rev_1_0.STL
[1.371s] -- Up-to-date symlink: /home/unitree/imes-g1/install/g1_description/share/g1_description/xacro/accessories.xacro
[1.371s] -- Up-to-date symlink: /home/unitree/imes-g1/install/g1_description/share/g1_description/xacro/g1/dex3_1_l.urdf
[1.371s] -- Up-to-date symlink: /home/unitree/imes-g1/install/g1_description/share/g1_description/xacro/g1/dex3_1_r.urdf
[1.372s] -- Up-to-date symlink: /home/unitree/imes-g1/install/g1_description/share/g1_description/xacro/g1/g1_23dof.urdf
[1.372s] -- Up-to-date symlink: /home/unitree/imes-g1/install/g1_description/share/g1_description/xacro/g1/g1_23dof_rev_1_0.urdf
[1.372s] -- Up-to-date symlink: /home/unitree/imes-g1/install/g1_description/share/g1_description/xacro/g1/g1_29dof.urdf
[1.372s] -- Up-to-date symlink: /home/unitree/imes-g1/install/g1_description/share/g1_description/xacro/g1/g1_29dof_lock_waist.urdf
[1.373s] -- Up-to-date symlink: /home/unitree/imes-g1/install/g1_description/share/g1_description/xacro/g1/g1_29dof_lock_waist_rev_1_0.urdf
[1.373s] -- Up-to-date symlink: /home/unitree/imes-g1/install/g1_description/share/g1_description/xacro/g1/g1_29dof_rev_1_0.urdf
[1.373s] -- Up-to-date symlink: /home/unitree/imes-g1/install/g1_description/share/g1_description/xacro/g1/g1_29dof_with_hand.urdf
[1.373s] -- Up-to-date symlink: /home/unitree/imes-g1/install/g1_description/share/g1_description/xacro/g1/g1_29dof_with_hand_rev_1_0.urdf
[1.374s] -- Up-to-date symlink: /home/unitree/imes-g1/install/g1_description/share/g1_description/xacro/g1/g1_arm.ros2_control.xacro
[1.375s] -- Up-to-date symlink: /home/unitree/imes-g1/install/g1_description/share/g1_description/xacro/g1/g1_dual_arm.urdf
[1.375s] -- Up-to-date symlink: /home/unitree/imes-g1/install/g1_description/share/g1_description/xacro/g1_23.xacro
[1.376s] -- Up-to-date symlink: /home/unitree/imes-g1/install/g1_description/share/g1_description/xacro/g1_29.xacro
[1.376s] -- Up-to-date symlink: /home/unitree/imes-g1/install/g1_description/share/ament_index/resource_index/package_run_dependencies/g1_description
[1.376s] -- Up-to-date symlink: /home/unitree/imes-g1/install/g1_description/share/ament_index/resource_index/parent_prefix_path/g1_description
[1.376s] -- Up-to-date symlink: /home/unitree/imes-g1/install/g1_description/share/g1_description/environment/ament_prefix_path.sh
[1.376s] -- Up-to-date symlink: /home/unitree/imes-g1/install/g1_description/share/g1_description/environment/ament_prefix_path.dsv
[1.376s] -- Up-to-date symlink: /home/unitree/imes-g1/install/g1_description/share/g1_description/environment/path.sh
[1.377s] -- Up-to-date symlink: /home/unitree/imes-g1/install/g1_description/share/g1_description/environment/path.dsv
[1.377s] -- Up-to-date symlink: /home/unitree/imes-g1/install/g1_description/share/g1_description/local_setup.bash
[1.377s] -- Up-to-date symlink: /home/unitree/imes-g1/install/g1_description/share/g1_description/local_setup.sh
[1.377s] -- Up-to-date symlink: /home/unitree/imes-g1/install/g1_description/share/g1_description/local_setup.zsh
[1.377s] -- Up-to-date symlink: /home/unitree/imes-g1/install/g1_description/share/g1_description/local_setup.dsv
[1.377s] -- Symlinking: /home/unitree/imes-g1/install/g1_description/share/g1_description/package.dsv
[1.378s] -- Up-to-date symlink: /home/unitree/imes-g1/install/g1_description/share/ament_index/resource_index/packages/g1_description
[1.378s] -- Up-to-date symlink: /home/unitree/imes-g1/install/g1_description/share/g1_description/cmake/ament_cmake_export_dependencies-extras.cmake
[1.378s] -- Up-to-date symlink: /home/unitree/imes-g1/install/g1_description/share/g1_description/cmake/g1_descriptionConfig.cmake
[1.378s] -- Up-to-date symlink: /home/unitree/imes-g1/install/g1_description/share/g1_description/cmake/g1_descriptionConfig-version.cmake
[1.378s] -- Up-to-date symlink: /home/unitree/imes-g1/install/g1_description/share/g1_description/package.xml
[1.415s] Invoked command in '/home/unitree/imes-g1/build/g1_description' returned '0': CMAKE_PREFIX_PATH=${CMAKE_PREFIX_PATH}:/opt/ros/foxy /home/unitree/.local/bin/cmake --install /home/unitree/imes-g1/build/g1_description
