[0.053s] Invoking command in '/home/unitree/imes-g1/build/g1_host': CMAKE_PREFIX_PATH=${CMAKE_PREFIX_PATH}:/opt/ros/foxy /home/unitree/.local/bin/cmake /home/unitree/imes-g1/src/ros/g1_host -DCMAKE_INSTALL_PREFIX=/home/unitree/imes-g1/install/g1_host
[0.713s] -- Found ament_cmake: 0.9.12 (/opt/ros/foxy/share/ament_cmake/cmake)
[0.714s] -- Using PYTHON_EXECUTABLE: /usr/bin/python3
[0.714s] -- Override CMake install command with custom implementation using symlinks instead of copying resources
[0.714s] -- Found rclcpp: 2.4.3 (/opt/ros/foxy/share/rclcpp/cmake)
[0.714s] -- Using all available rosidl_typesupport_c: rosidl_typesupport_fastrtps_c;rosidl_typesupport_introspection_c
[0.714s] -- Found rosidl_adapter: 1.3.1 (/opt/ros/foxy/share/rosidl_adapter/cmake)
[0.939s] -- Using all available rosidl_typesupport_cpp: rosidl_typesupport_fastrtps_cpp;rosidl_typesupport_introspection_cpp
[1.013s] -- Found rmw_implementation_cmake: 1.0.4 (/opt/ros/foxy/share/rmw_implementation_cmake/cmake)
[1.017s] -- Using RMW implementation 'rmw_cyclonedds_cpp' as default
[1.239s] -- Found rclpy: 1.0.13 (/opt/ros/foxy/share/rclpy/cmake)
[1.365s] -- Configuring done
[1.374s] -- Generating done
[1.377s] -- Build files have been written to: /home/unitree/imes-g1/build/g1_host
[1.433s] Invoked command in '/home/unitree/imes-g1/build/g1_host' returned '0': CMAKE_PREFIX_PATH=${CMAKE_PREFIX_PATH}:/opt/ros/foxy /home/unitree/.local/bin/cmake /home/unitree/imes-g1/src/ros/g1_host -DCMAKE_INSTALL_PREFIX=/home/unitree/imes-g1/install/g1_host
[1.437s] Invoking command in '/home/unitree/imes-g1/build/g1_host': CMAKE_PREFIX_PATH=${CMAKE_PREFIX_PATH}:/opt/ros/foxy /home/unitree/.local/bin/cmake --build /home/unitree/imes-g1/build/g1_host -- -j8 -l8
[1.558s] Invoked command in '/home/unitree/imes-g1/build/g1_host' returned '0': CMAKE_PREFIX_PATH=${CMAKE_PREFIX_PATH}:/opt/ros/foxy /home/unitree/.local/bin/cmake --build /home/unitree/imes-g1/build/g1_host -- -j8 -l8
[1.564s] Invoking command in '/home/unitree/imes-g1/build/g1_host': CMAKE_PREFIX_PATH=${CMAKE_PREFIX_PATH}:/opt/ros/foxy /home/unitree/.local/bin/cmake --install /home/unitree/imes-g1/build/g1_host
[1.984s] -- Install configuration: ""
[1.984s] -- Execute custom install script
[1.984s] -- Up-to-date symlink: /home/unitree/imes-g1/install/g1_host/share/g1_host/environment/pythonpath.sh
[1.984s] -- Up-to-date symlink: /home/unitree/imes-g1/install/g1_host/share/g1_host/environment/pythonpath.dsv
[1.984s] -- Up-to-date symlink: /home/unitree/imes-g1/install/g1_host/lib/python3.8/site-packages/g1_host/__init__.py
[1.984s] -- Up-to-date symlink: /home/unitree/imes-g1/install/g1_host/lib/python3.8/site-packages/g1_host/libjoypy.py
[1.985s] -- Up-to-date symlink: /home/unitree/imes-g1/install/g1_host/lib/g1_host/logitech_f710
[1.985s] -- Up-to-date symlink: /home/unitree/imes-g1/install/g1_host/share/g1_host/config/host_control.yaml
[1.985s] -- Up-to-date symlink: /home/unitree/imes-g1/install/g1_host/share/g1_host/config/teleop_control.yaml
[1.985s] -- Up-to-date symlink: /home/unitree/imes-g1/install/g1_host/share/g1_host/launch/joy_teleop.launch.py
[1.985s] -- Up-to-date symlink: /home/unitree/imes-g1/install/g1_host/share/ament_index/resource_index/package_run_dependencies/g1_host
[1.985s] -- Up-to-date symlink: /home/unitree/imes-g1/install/g1_host/share/ament_index/resource_index/parent_prefix_path/g1_host
[1.985s] -- Up-to-date symlink: /home/unitree/imes-g1/install/g1_host/share/g1_host/environment/ament_prefix_path.sh
[1.985s] -- Up-to-date symlink: /home/unitree/imes-g1/install/g1_host/share/g1_host/environment/ament_prefix_path.dsv
[1.985s] -- Up-to-date symlink: /home/unitree/imes-g1/install/g1_host/share/g1_host/environment/path.sh
[1.985s] -- Up-to-date symlink: /home/unitree/imes-g1/install/g1_host/share/g1_host/environment/path.dsv
[1.986s] -- Up-to-date symlink: /home/unitree/imes-g1/install/g1_host/share/g1_host/local_setup.bash
[1.986s] -- Up-to-date symlink: /home/unitree/imes-g1/install/g1_host/share/g1_host/local_setup.sh
[1.986s] -- Up-to-date symlink: /home/unitree/imes-g1/install/g1_host/share/g1_host/local_setup.zsh
[1.986s] -- Up-to-date symlink: /home/unitree/imes-g1/install/g1_host/share/g1_host/local_setup.dsv
[1.986s] -- Symlinking: /home/unitree/imes-g1/install/g1_host/share/g1_host/package.dsv
[1.986s] -- Up-to-date symlink: /home/unitree/imes-g1/install/g1_host/share/ament_index/resource_index/packages/g1_host
[1.986s] -- Up-to-date symlink: /home/unitree/imes-g1/install/g1_host/share/g1_host/cmake/g1_hostConfig.cmake
[1.986s] -- Up-to-date symlink: /home/unitree/imes-g1/install/g1_host/share/g1_host/cmake/g1_hostConfig-version.cmake
[1.986s] -- Up-to-date symlink: /home/unitree/imes-g1/install/g1_host/share/g1_host/package.xml
[1.987s] Listing '/home/unitree/imes-g1/install/g1_host/lib/python3.8/site-packages/g1_host'...
[2.021s] Invoked command in '/home/unitree/imes-g1/build/g1_host' returned '0': CMAKE_PREFIX_PATH=${CMAKE_PREFIX_PATH}:/opt/ros/foxy /home/unitree/.local/bin/cmake --install /home/unitree/imes-g1/build/g1_host
